[0.062s] DEBUG:colcon:Command line arguments: ['/usr/bin/colcon', 'build', '--symlink-install']
[0.062s] DEBUG:colcon:Parsed command line arguments: Namespace(log_base=None, log_level=None, verb_name='build', build_base='build', install_base='install', merge_install=False, symlink_install=True, test_result_base=None, continue_on_error=False, executor='parallel', parallel_workers=16, event_handlers=None, ignore_user_meta=False, metas=['./colcon.meta'], base_paths=['.'], packages_ignore=None, packages_ignore_regex=None, paths=None, packages_up_to=None, packages_up_to_regex=None, packages_above=None, packages_above_and_dependencies=None, packages_above_depth=None, packages_select_by_dep=None, packages_skip_by_dep=None, packages_skip_up_to=None, packages_select_build_failed=False, packages_skip_build_finished=False, packages_select_test_failures=False, packages_skip_test_passed=False, packages_select=None, packages_skip=None, packages_select_regex=None, packages_skip_regex=None, packages_start=None, packages_end=None, allow_overriding=[], cmake_args=None, cmake_target=None, cmake_target_skip_unavailable=False, cmake_clean_cache=False, cmake_clean_first=False, cmake_force_configure=False, ament_cmake_args=None, catkin_cmake_args=None, catkin_skip_building_tests=False, mixin_files=None, mixin=None, verb_parser=<colcon_mixin.mixin.mixin_argument.MixinArgumentDecorator object at 0x7c0e6acf7760>, verb_extension=<colcon_core.verb.build.BuildVerb object at 0x7c0e6ae3fee0>, main=<bound method BuildVerb.main of <colcon_core.verb.build.BuildVerb object at 0x7c0e6ae3fee0>>, mixin_verb=('build',))
[0.153s] Level 1:colcon.colcon_core.package_discovery:discover_packages(colcon_meta) check parameters
[0.153s] Level 1:colcon.colcon_core.package_discovery:discover_packages(recursive) check parameters
[0.153s] Level 1:colcon.colcon_core.package_discovery:discover_packages(ignore) check parameters
[0.153s] Level 1:colcon.colcon_core.package_discovery:discover_packages(path) check parameters
[0.153s] Level 1:colcon.colcon_core.package_discovery:discover_packages(colcon_meta) discover
[0.153s] Level 1:colcon.colcon_core.package_discovery:discover_packages(recursive) discover
[0.153s] INFO:colcon.colcon_core.package_discovery:Crawling recursively for packages in '/home/ender/Desktop/dev_ws'
[0.154s] Level 1:colcon.colcon_core.package_identification:_identify(.) by extensions ['ignore', 'ignore_ament_install']
[0.154s] Level 1:colcon.colcon_core.package_identification:_identify(.) by extension 'ignore'
[0.154s] Level 1:colcon.colcon_core.package_identification:_identify(.) by extension 'ignore_ament_install'
[0.154s] Level 1:colcon.colcon_core.package_identification:_identify(.) by extensions ['colcon_pkg']
[0.154s] Level 1:colcon.colcon_core.package_identification:_identify(.) by extension 'colcon_pkg'
[0.154s] Level 1:colcon.colcon_core.package_identification:_identify(.) by extensions ['colcon_meta']
[0.154s] Level 1:colcon.colcon_core.package_identification:_identify(.) by extension 'colcon_meta'
[0.154s] Level 1:colcon.colcon_core.package_identification:_identify(.) by extensions ['ros']
[0.154s] Level 1:colcon.colcon_core.package_identification:_identify(.) by extension 'ros'
[0.160s] Level 1:colcon.colcon_core.package_identification:_identify(.) by extensions ['cmake', 'python']
[0.160s] Level 1:colcon.colcon_core.package_identification:_identify(.) by extension 'cmake'
[0.160s] Level 1:colcon.colcon_core.package_identification:_identify(.) by extension 'python'
[0.160s] Level 1:colcon.colcon_core.package_identification:_identify(.) by extensions ['python_setup_py']
[0.160s] Level 1:colcon.colcon_core.package_identification:_identify(.) by extension 'python_setup_py'
[0.161s] Level 1:colcon.colcon_core.package_identification:_identify(build) by extensions ['ignore', 'ignore_ament_install']
[0.161s] Level 1:colcon.colcon_core.package_identification:_identify(build) by extension 'ignore'
[0.161s] Level 1:colcon.colcon_core.package_identification:_identify(build) ignored
[0.161s] Level 1:colcon.colcon_core.package_identification:_identify(install) by extensions ['ignore', 'ignore_ament_install']
[0.161s] Level 1:colcon.colcon_core.package_identification:_identify(install) by extension 'ignore'
[0.161s] Level 1:colcon.colcon_core.package_identification:_identify(install) ignored
[0.161s] Level 1:colcon.colcon_core.package_identification:_identify(log) by extensions ['ignore', 'ignore_ament_install']
[0.161s] Level 1:colcon.colcon_core.package_identification:_identify(log) by extension 'ignore'
[0.161s] Level 1:colcon.colcon_core.package_identification:_identify(log) ignored
[0.161s] Level 1:colcon.colcon_core.package_identification:_identify(src) by extensions ['ignore', 'ignore_ament_install']
[0.161s] Level 1:colcon.colcon_core.package_identification:_identify(src) by extension 'ignore'
[0.161s] Level 1:colcon.colcon_core.package_identification:_identify(src) by extension 'ignore_ament_install'
[0.161s] Level 1:colcon.colcon_core.package_identification:_identify(src) by extensions ['colcon_pkg']
[0.162s] Level 1:colcon.colcon_core.package_identification:_identify(src) by extension 'colcon_pkg'
[0.162s] Level 1:colcon.colcon_core.package_identification:_identify(src) by extensions ['colcon_meta']
[0.162s] Level 1:colcon.colcon_core.package_identification:_identify(src) by extension 'colcon_meta'
[0.162s] Level 1:colcon.colcon_core.package_identification:_identify(src) by extensions ['ros']
[0.162s] Level 1:colcon.colcon_core.package_identification:_identify(src) by extension 'ros'
[0.162s] Level 1:colcon.colcon_core.package_identification:_identify(src) by extensions ['cmake', 'python']
[0.162s] Level 1:colcon.colcon_core.package_identification:_identify(src) by extension 'cmake'
[0.162s] Level 1:colcon.colcon_core.package_identification:_identify(src) by extension 'python'
[0.162s] Level 1:colcon.colcon_core.package_identification:_identify(src) by extensions ['python_setup_py']
[0.162s] Level 1:colcon.colcon_core.package_identification:_identify(src) by extension 'python_setup_py'
[0.162s] Level 1:colcon.colcon_core.package_identification:_identify(src/environment_detection) by extensions ['ignore', 'ignore_ament_install']
[0.162s] Level 1:colcon.colcon_core.package_identification:_identify(src/environment_detection) by extension 'ignore'
[0.162s] Level 1:colcon.colcon_core.package_identification:_identify(src/environment_detection) by extension 'ignore_ament_install'
[0.162s] Level 1:colcon.colcon_core.package_identification:_identify(src/environment_detection) by extensions ['colcon_pkg']
[0.162s] Level 1:colcon.colcon_core.package_identification:_identify(src/environment_detection) by extension 'colcon_pkg'
[0.162s] Level 1:colcon.colcon_core.package_identification:_identify(src/environment_detection) by extensions ['colcon_meta']
[0.162s] Level 1:colcon.colcon_core.package_identification:_identify(src/environment_detection) by extension 'colcon_meta'
[0.162s] Level 1:colcon.colcon_core.package_identification:_identify(src/environment_detection) by extensions ['ros']
[0.162s] Level 1:colcon.colcon_core.package_identification:_identify(src/environment_detection) by extension 'ros'
[0.164s] DEBUG:colcon.colcon_core.package_identification:Package 'src/environment_detection' with type 'ros.ament_cmake' and name 'environment_detection'
[0.164s] Level 1:colcon.colcon_core.package_identification:_identify(src/my_bot) by extensions ['ignore', 'ignore_ament_install']
[0.164s] Level 1:colcon.colcon_core.package_identification:_identify(src/my_bot) by extension 'ignore'
[0.164s] Level 1:colcon.colcon_core.package_identification:_identify(src/my_bot) by extension 'ignore_ament_install'
[0.164s] Level 1:colcon.colcon_core.package_identification:_identify(src/my_bot) by extensions ['colcon_pkg']
[0.164s] Level 1:colcon.colcon_core.package_identification:_identify(src/my_bot) by extension 'colcon_pkg'
[0.164s] Level 1:colcon.colcon_core.package_identification:_identify(src/my_bot) by extensions ['colcon_meta']
[0.164s] Level 1:colcon.colcon_core.package_identification:_identify(src/my_bot) by extension 'colcon_meta'
[0.164s] Level 1:colcon.colcon_core.package_identification:_identify(src/my_bot) by extensions ['ros']
[0.164s] Level 1:colcon.colcon_core.package_identification:_identify(src/my_bot) by extension 'ros'
[0.165s] DEBUG:colcon.colcon_core.package_identification:Package 'src/my_bot' with type 'ros.ament_cmake' and name 'my_bot'
[0.165s] Level 1:colcon.colcon_core.package_discovery:discover_packages(recursive) using defaults
[0.165s] Level 1:colcon.colcon_core.package_discovery:discover_packages(ignore) discover
[0.165s] Level 1:colcon.colcon_core.package_discovery:discover_packages(ignore) using defaults
[0.165s] Level 1:colcon.colcon_core.package_discovery:discover_packages(path) discover
[0.165s] Level 1:colcon.colcon_core.package_discovery:discover_packages(path) using defaults
[0.183s] Level 1:colcon.colcon_core.package_discovery:discover_packages(prefix_path) check parameters
[0.183s] Level 1:colcon.colcon_core.package_discovery:discover_packages(prefix_path) discover
[0.184s] DEBUG:colcon.colcon_installed_package_information.package_discovery:Found 3 installed packages in /home/ender/Desktop/dev_ws/install
[0.185s] DEBUG:colcon.colcon_installed_package_information.package_discovery:Found 387 installed packages in /opt/ros/humble
[0.186s] Level 1:colcon.colcon_core.package_discovery:discover_packages(prefix_path) using defaults
[0.209s] Level 5:colcon.colcon_core.verb:set package 'environment_detection' build argument 'cmake_args' from command line to 'None'
[0.209s] Level 5:colcon.colcon_core.verb:set package 'environment_detection' build argument 'cmake_target' from command line to 'None'
[0.209s] Level 5:colcon.colcon_core.verb:set package 'environment_detection' build argument 'cmake_target_skip_unavailable' from command line to 'False'
[0.209s] Level 5:colcon.colcon_core.verb:set package 'environment_detection' build argument 'cmake_clean_cache' from command line to 'False'
[0.209s] Level 5:colcon.colcon_core.verb:set package 'environment_detection' build argument 'cmake_clean_first' from command line to 'False'
[0.209s] Level 5:colcon.colcon_core.verb:set package 'environment_detection' build argument 'cmake_force_configure' from command line to 'False'
[0.209s] Level 5:colcon.colcon_core.verb:set package 'environment_detection' build argument 'ament_cmake_args' from command line to 'None'
[0.209s] Level 5:colcon.colcon_core.verb:set package 'environment_detection' build argument 'catkin_cmake_args' from command line to 'None'
[0.209s] Level 5:colcon.colcon_core.verb:set package 'environment_detection' build argument 'catkin_skip_building_tests' from command line to 'False'
[0.209s] DEBUG:colcon.colcon_core.verb:Building package 'environment_detection' with the following arguments: {'ament_cmake_args': None, 'build_base': '/home/ender/Desktop/dev_ws/build/environment_detection', 'catkin_cmake_args': None, 'catkin_skip_building_tests': False, 'cmake_args': None, 'cmake_clean_cache': False, 'cmake_clean_first': False, 'cmake_force_configure': False, 'cmake_target': None, 'cmake_target_skip_unavailable': False, 'install_base': '/home/ender/Desktop/dev_ws/install/environment_detection', 'merge_install': False, 'path': '/home/ender/Desktop/dev_ws/src/environment_detection', 'symlink_install': True, 'test_result_base': None}
[0.210s] Level 5:colcon.colcon_core.verb:set package 'my_bot' build argument 'cmake_args' from command line to 'None'
[0.210s] Level 5:colcon.colcon_core.verb:set package 'my_bot' build argument 'cmake_target' from command line to 'None'
[0.210s] Level 5:colcon.colcon_core.verb:set package 'my_bot' build argument 'cmake_target_skip_unavailable' from command line to 'False'
[0.210s] Level 5:colcon.colcon_core.verb:set package 'my_bot' build argument 'cmake_clean_cache' from command line to 'False'
[0.210s] Level 5:colcon.colcon_core.verb:set package 'my_bot' build argument 'cmake_clean_first' from command line to 'False'
[0.210s] Level 5:colcon.colcon_core.verb:set package 'my_bot' build argument 'cmake_force_configure' from command line to 'False'
[0.210s] Level 5:colcon.colcon_core.verb:set package 'my_bot' build argument 'ament_cmake_args' from command line to 'None'
[0.210s] Level 5:colcon.colcon_core.verb:set package 'my_bot' build argument 'catkin_cmake_args' from command line to 'None'
[0.210s] Level 5:colcon.colcon_core.verb:set package 'my_bot' build argument 'catkin_skip_building_tests' from command line to 'False'
[0.210s] DEBUG:colcon.colcon_core.verb:Building package 'my_bot' with the following arguments: {'ament_cmake_args': None, 'build_base': '/home/ender/Desktop/dev_ws/build/my_bot', 'catkin_cmake_args': None, 'catkin_skip_building_tests': False, 'cmake_args': None, 'cmake_clean_cache': False, 'cmake_clean_first': False, 'cmake_force_configure': False, 'cmake_target': None, 'cmake_target_skip_unavailable': False, 'install_base': '/home/ender/Desktop/dev_ws/install/my_bot', 'merge_install': False, 'path': '/home/ender/Desktop/dev_ws/src/my_bot', 'symlink_install': True, 'test_result_base': None}
[0.210s] INFO:colcon.colcon_core.executor:Executing jobs using 'parallel' executor
[0.211s] DEBUG:colcon.colcon_parallel_executor.executor.parallel:run_until_complete
[0.211s] INFO:colcon.colcon_ros.task.ament_cmake.build:Building ROS package in '/home/ender/Desktop/dev_ws/src/environment_detection' with build type 'ament_cmake'
[0.211s] INFO:colcon.colcon_cmake.task.cmake.build:Building CMake package in '/home/ender/Desktop/dev_ws/src/environment_detection'
[0.212s] INFO:colcon.colcon_core.plugin_system:Skipping extension 'colcon_core.shell.bat': Not used on non-Windows systems
[0.212s] INFO:colcon.colcon_core.shell:Skip shell extension 'powershell' for command environment: Not usable outside of PowerShell
[0.212s] DEBUG:colcon.colcon_core.shell:Skip shell extension 'dsv' for command environment
[0.214s] INFO:colcon.colcon_ros.task.ament_cmake.build:Building ROS package in '/home/ender/Desktop/dev_ws/src/my_bot' with build type 'ament_cmake'
[0.214s] INFO:colcon.colcon_cmake.task.cmake.build:Building CMake package in '/home/ender/Desktop/dev_ws/src/my_bot'
[0.214s] INFO:colcon.colcon_core.shell:Skip shell extension 'powershell' for command environment: Not usable outside of PowerShell
[0.214s] DEBUG:colcon.colcon_core.shell:Skip shell extension 'dsv' for command environment
[0.221s] DEBUG:colcon.colcon_core.event_handler.log_command:Invoking command in '/home/ender/Desktop/dev_ws/build/environment_detection': CMAKE_PREFIX_PATH=${CMAKE_PREFIX_PATH}:/home/ender/Desktop/dev_ws/install/nav_controller:/opt/ros/humble /usr/bin/cmake --build /home/ender/Desktop/dev_ws/build/environment_detection -- -j16 -l16
[0.223s] DEBUG:colcon.colcon_core.event_handler.log_command:Invoking command in '/home/ender/Desktop/dev_ws/build/my_bot': CMAKE_PREFIX_PATH=${CMAKE_PREFIX_PATH}:/home/ender/Desktop/dev_ws/install/nav_controller:/opt/ros/humble /usr/bin/cmake --build /home/ender/Desktop/dev_ws/build/my_bot -- -j16 -l16
[0.249s] DEBUG:colcon.colcon_core.event_handler.log_command:Invoked command in '/home/ender/Desktop/dev_ws/build/my_bot' returned '0': CMAKE_PREFIX_PATH=${CMAKE_PREFIX_PATH}:/home/ender/Desktop/dev_ws/install/nav_controller:/opt/ros/humble /usr/bin/cmake --build /home/ender/Desktop/dev_ws/build/my_bot -- -j16 -l16
[0.271s] DEBUG:colcon.colcon_core.event_handler.log_command:Invoking command in '/home/ender/Desktop/dev_ws/build/my_bot': CMAKE_PREFIX_PATH=${CMAKE_PREFIX_PATH}:/home/ender/Desktop/dev_ws/install/nav_controller:/opt/ros/humble /usr/bin/cmake --install /home/ender/Desktop/dev_ws/build/my_bot
[0.287s] Level 1:colcon.colcon_core.environment:create_environment_scripts_only(my_bot)
[0.288s] DEBUG:colcon.colcon_core.event_handler.log_command:Invoked command in '/home/ender/Desktop/dev_ws/build/my_bot' returned '0': CMAKE_PREFIX_PATH=${CMAKE_PREFIX_PATH}:/home/ender/Desktop/dev_ws/install/nav_controller:/opt/ros/humble /usr/bin/cmake --install /home/ender/Desktop/dev_ws/build/my_bot
[0.290s] Level 1:colcon.colcon_core.environment:checking '/home/ender/Desktop/dev_ws/install/my_bot' for CMake module files
[0.290s] Level 1:colcon.colcon_core.environment:checking '/home/ender/Desktop/dev_ws/install/my_bot' for CMake config files
[0.290s] Level 1:colcon.colcon_core.shell:create_environment_hook('my_bot', 'cmake_prefix_path')
[0.290s] INFO:colcon.colcon_core.shell:Creating environment hook '/home/ender/Desktop/dev_ws/install/my_bot/share/my_bot/hook/cmake_prefix_path.ps1'
[0.291s] INFO:colcon.colcon_core.shell:Creating environment descriptor '/home/ender/Desktop/dev_ws/install/my_bot/share/my_bot/hook/cmake_prefix_path.dsv'
[0.291s] INFO:colcon.colcon_core.shell:Creating environment hook '/home/ender/Desktop/dev_ws/install/my_bot/share/my_bot/hook/cmake_prefix_path.sh'
[0.292s] Level 1:colcon.colcon_core.environment:checking '/home/ender/Desktop/dev_ws/install/my_bot/bin'
[0.292s] Level 1:colcon.colcon_core.environment:checking '/home/ender/Desktop/dev_ws/install/my_bot/lib/pkgconfig/my_bot.pc'
[0.292s] Level 1:colcon.colcon_core.environment:checking '/home/ender/Desktop/dev_ws/install/my_bot/lib/python3.10/site-packages'
[0.292s] Level 1:colcon.colcon_core.environment:checking '/home/ender/Desktop/dev_ws/install/my_bot/bin'
[0.292s] INFO:colcon.colcon_core.shell:Creating package script '/home/ender/Desktop/dev_ws/install/my_bot/share/my_bot/package.ps1'
[0.293s] INFO:colcon.colcon_core.shell:Creating package descriptor '/home/ender/Desktop/dev_ws/install/my_bot/share/my_bot/package.dsv'
[0.293s] INFO:colcon.colcon_core.shell:Creating package script '/home/ender/Desktop/dev_ws/install/my_bot/share/my_bot/package.sh'
[0.294s] INFO:colcon.colcon_core.shell:Creating package script '/home/ender/Desktop/dev_ws/install/my_bot/share/my_bot/package.bash'
[0.294s] INFO:colcon.colcon_core.shell:Creating package script '/home/ender/Desktop/dev_ws/install/my_bot/share/my_bot/package.zsh'
[0.295s] Level 1:colcon.colcon_core.environment:create_file_with_runtime_dependencies(/home/ender/Desktop/dev_ws/install/my_bot/share/colcon-core/packages/my_bot)
[0.309s] Level 1:colcon.colcon_core.environment:create_environment_scripts_only(my_bot)
[0.310s] Level 1:colcon.colcon_core.environment:checking '/home/ender/Desktop/dev_ws/install/my_bot' for CMake module files
[0.310s] Level 1:colcon.colcon_core.environment:checking '/home/ender/Desktop/dev_ws/install/my_bot' for CMake config files
[0.311s] Level 1:colcon.colcon_core.shell:create_environment_hook('my_bot', 'cmake_prefix_path')
[0.311s] INFO:colcon.colcon_core.shell:Creating environment hook '/home/ender/Desktop/dev_ws/install/my_bot/share/my_bot/hook/cmake_prefix_path.ps1'
[0.312s] INFO:colcon.colcon_core.shell:Creating environment descriptor '/home/ender/Desktop/dev_ws/install/my_bot/share/my_bot/hook/cmake_prefix_path.dsv'
[0.312s] INFO:colcon.colcon_core.shell:Creating environment hook '/home/ender/Desktop/dev_ws/install/my_bot/share/my_bot/hook/cmake_prefix_path.sh'
[0.313s] Level 1:colcon.colcon_core.environment:checking '/home/ender/Desktop/dev_ws/install/my_bot/bin'
[0.313s] Level 1:colcon.colcon_core.environment:checking '/home/ender/Desktop/dev_ws/install/my_bot/lib/pkgconfig/my_bot.pc'
[0.313s] Level 1:colcon.colcon_core.environment:checking '/home/ender/Desktop/dev_ws/install/my_bot/lib/python3.10/site-packages'
[0.313s] Level 1:colcon.colcon_core.environment:checking '/home/ender/Desktop/dev_ws/install/my_bot/bin'
[0.313s] INFO:colcon.colcon_core.shell:Creating package script '/home/ender/Desktop/dev_ws/install/my_bot/share/my_bot/package.ps1'
[0.314s] INFO:colcon.colcon_core.shell:Creating package descriptor '/home/ender/Desktop/dev_ws/install/my_bot/share/my_bot/package.dsv'
[0.314s] INFO:colcon.colcon_core.shell:Creating package script '/home/ender/Desktop/dev_ws/install/my_bot/share/my_bot/package.sh'
[0.315s] INFO:colcon.colcon_core.shell:Creating package script '/home/ender/Desktop/dev_ws/install/my_bot/share/my_bot/package.bash'
[0.315s] INFO:colcon.colcon_core.shell:Creating package script '/home/ender/Desktop/dev_ws/install/my_bot/share/my_bot/package.zsh'
[0.315s] Level 1:colcon.colcon_core.environment:create_file_with_runtime_dependencies(/home/ender/Desktop/dev_ws/install/my_bot/share/colcon-core/packages/my_bot)
[6.592s] DEBUG:colcon.colcon_core.event_handler.log_command:Invoked command in '/home/ender/Desktop/dev_ws/build/environment_detection' returned '2': CMAKE_PREFIX_PATH=${CMAKE_PREFIX_PATH}:/home/ender/Desktop/dev_ws/install/nav_controller:/opt/ros/humble /usr/bin/cmake --build /home/ender/Desktop/dev_ws/build/environment_detection -- -j16 -l16
[6.611s] Level 1:colcon.colcon_core.environment:create_environment_scripts_only(environment_detection)
[6.612s] Level 1:colcon.colcon_core.environment:checking '/home/ender/Desktop/dev_ws/install/environment_detection' for CMake module files
[6.612s] Level 1:colcon.colcon_core.environment:checking '/home/ender/Desktop/dev_ws/install/environment_detection' for CMake config files
[6.612s] Level 1:colcon.colcon_core.shell:create_environment_hook('environment_detection', 'cmake_prefix_path')
[6.612s] INFO:colcon.colcon_core.shell:Creating environment hook '/home/ender/Desktop/dev_ws/install/environment_detection/share/environment_detection/hook/cmake_prefix_path.ps1'
[6.612s] INFO:colcon.colcon_core.shell:Creating environment descriptor '/home/ender/Desktop/dev_ws/install/environment_detection/share/environment_detection/hook/cmake_prefix_path.dsv'
[6.612s] INFO:colcon.colcon_core.shell:Creating environment hook '/home/ender/Desktop/dev_ws/install/environment_detection/share/environment_detection/hook/cmake_prefix_path.sh'
[6.613s] Level 1:colcon.colcon_core.environment:checking '/home/ender/Desktop/dev_ws/install/environment_detection/lib'
[6.613s] Level 1:colcon.colcon_core.environment:checking '/home/ender/Desktop/dev_ws/install/environment_detection/bin'
[6.613s] Level 1:colcon.colcon_core.environment:checking '/home/ender/Desktop/dev_ws/install/environment_detection/lib/pkgconfig/environment_detection.pc'
[6.613s] Level 1:colcon.colcon_core.environment:checking '/home/ender/Desktop/dev_ws/install/environment_detection/lib/python3.10/site-packages'
[6.613s] Level 1:colcon.colcon_core.environment:checking '/home/ender/Desktop/dev_ws/install/environment_detection/bin'
[6.613s] INFO:colcon.colcon_core.shell:Creating package script '/home/ender/Desktop/dev_ws/install/environment_detection/share/environment_detection/package.ps1'
[6.614s] INFO:colcon.colcon_core.shell:Creating package descriptor '/home/ender/Desktop/dev_ws/install/environment_detection/share/environment_detection/package.dsv'
[6.614s] INFO:colcon.colcon_core.shell:Creating package script '/home/ender/Desktop/dev_ws/install/environment_detection/share/environment_detection/package.sh'
[6.614s] INFO:colcon.colcon_core.shell:Creating package script '/home/ender/Desktop/dev_ws/install/environment_detection/share/environment_detection/package.bash'
[6.615s] INFO:colcon.colcon_core.shell:Creating package script '/home/ender/Desktop/dev_ws/install/environment_detection/share/environment_detection/package.zsh'
[6.615s] Level 1:colcon.colcon_core.environment:create_file_with_runtime_dependencies(/home/ender/Desktop/dev_ws/install/environment_detection/share/colcon-core/packages/environment_detection)
[6.625s] DEBUG:colcon.colcon_parallel_executor.executor.parallel:closing loop
[6.625s] DEBUG:colcon.colcon_parallel_executor.executor.parallel:loop closed
[6.625s] DEBUG:colcon.colcon_parallel_executor.executor.parallel:run_until_complete finished with '2'
[6.625s] DEBUG:colcon.colcon_core.event_reactor:joining thread
[6.628s] INFO:colcon.colcon_core.plugin_system:Skipping extension 'colcon_notification.desktop_notification.terminal_notifier': Not used on non-Darwin systems
[6.628s] INFO:colcon.colcon_core.plugin_system:Skipping extension 'colcon_notification.desktop_notification.win32': Not used on non-Windows systems
[6.628s] INFO:colcon.colcon_notification.desktop_notification:Sending desktop notification using 'notify2'
[6.635s] DEBUG:colcon.colcon_core.event_reactor:joined thread
[6.636s] INFO:colcon.colcon_core.shell:Creating prefix script '/home/ender/Desktop/dev_ws/install/local_setup.ps1'
[6.636s] INFO:colcon.colcon_core.shell:Creating prefix util module '/home/ender/Desktop/dev_ws/install/_local_setup_util_ps1.py'
[6.637s] INFO:colcon.colcon_core.shell:Creating prefix chain script '/home/ender/Desktop/dev_ws/install/setup.ps1'
[6.637s] INFO:colcon.colcon_core.shell:Creating prefix script '/home/ender/Desktop/dev_ws/install/local_setup.sh'
[6.638s] INFO:colcon.colcon_core.shell:Creating prefix util module '/home/ender/Desktop/dev_ws/install/_local_setup_util_sh.py'
[6.638s] INFO:colcon.colcon_core.shell:Creating prefix chain script '/home/ender/Desktop/dev_ws/install/setup.sh'
[6.638s] INFO:colcon.colcon_core.shell:Creating prefix script '/home/ender/Desktop/dev_ws/install/local_setup.bash'
[6.639s] INFO:colcon.colcon_core.shell:Creating prefix chain script '/home/ender/Desktop/dev_ws/install/setup.bash'
[6.639s] INFO:colcon.colcon_core.shell:Creating prefix script '/home/ender/Desktop/dev_ws/install/local_setup.zsh'
[6.639s] INFO:colcon.colcon_core.shell:Creating prefix chain script '/home/ender/Desktop/dev_ws/install/setup.zsh'
