running egg_info
writing ../../build/nav_controller/nav_controller.egg-info/PKG-INFO
writing dependency_links to ../../build/nav_controller/nav_controller.egg-info/dependency_links.txt
writing entry points to ../../build/nav_controller/nav_controller.egg-info/entry_points.txt
writing requirements to ../../build/nav_controller/nav_controller.egg-info/requires.txt
writing top-level names to ../../build/nav_controller/nav_controller.egg-info/top_level.txt
reading manifest file '../../build/nav_controller/nav_controller.egg-info/SOURCES.txt'
writing manifest file '../../build/nav_controller/nav_controller.egg-info/SOURCES.txt'
running build
running build_py
running install
running install_lib
running install_data
running install_egg_info
removing '/home/ender/Desktop/dev_ws/install/nav_controller/lib/python3.10/site-packages/nav_controller-0.0.0-py3.10.egg-info' (and everything under it)
Copying ../../build/nav_controller/nav_controller.egg-info to /home/ender/Desktop/dev_ws/install/nav_controller/lib/python3.10/site-packages/nav_controller-0.0.0-py3.10.egg-info
running install_scripts
Installing control script to /home/ender/Desktop/dev_ws/install/nav_controller/lib/nav_controller
Installing display_map script to /home/ender/Desktop/dev_ws/install/nav_controller/lib/nav_controller
writing list of installed files to '/home/ender/Desktop/dev_ws/build/nav_controller/install.log'
