[0.379s] Invoking command in '/home/ender/Desktop/dev_ws/build/nav_controller': PYTHONPATH=/home/ender/Desktop/dev_ws/build/nav_controller/prefix_override:/usr/lib/python3/dist-packages/colcon_core/task/python/colcon_distutils_commands:/home/ender/Desktop/dev_ws/install/nav_controller/lib/python3.10/site-packages:${PYTHONPATH} /usr/bin/python3 -W ignore:setup.py install is deprecated setup.py develop --uninstall --editable --build-directory /home/ender/Desktop/dev_ws/build/nav_controller/build
[0.521s] running develop
[0.521s] /usr/lib/python3/dist-packages/setuptools/command/easy_install.py:158: EasyInstallDeprecationWarning: easy_install command is deprecated. Use build and pip and other standards-based tools.
[0.521s]   warnings.warn(
[0.606s] Removing /home/ender/Desktop/dev_ws/install/nav_controller/lib/python3.10/site-packages/nav-controller.egg-link (link to .)
[0.621s] Invoked command in '/home/ender/Desktop/dev_ws/build/nav_controller' returned '0': PYTHONPATH=/home/ender/Desktop/dev_ws/build/nav_controller/prefix_override:/usr/lib/python3/dist-packages/colcon_core/task/python/colcon_distutils_commands:/home/ender/Desktop/dev_ws/install/nav_controller/lib/python3.10/site-packages:${PYTHONPATH} /usr/bin/python3 -W ignore:setup.py install is deprecated setup.py develop --uninstall --editable --build-directory /home/ender/Desktop/dev_ws/build/nav_controller/build
[0.622s] Invoking command in '/home/ender/Desktop/dev_ws/src/nav_controller': PYTHONPATH=/home/ender/Desktop/dev_ws/build/nav_controller/prefix_override:/usr/lib/python3/dist-packages/colcon_core/task/python/colcon_distutils_commands:/home/ender/Desktop/dev_ws/install/nav_controller/lib/python3.10/site-packages:${PYTHONPATH} /usr/bin/python3 -W ignore:setup.py install is deprecated setup.py egg_info --egg-base ../../build/nav_controller build --build-base /home/ender/Desktop/dev_ws/build/nav_controller/build install --record /home/ender/Desktop/dev_ws/build/nav_controller/install.log --single-version-externally-managed install_data --force
[0.751s] running egg_info
[0.752s] writing ../../build/nav_controller/nav_controller.egg-info/PKG-INFO
[0.752s] writing dependency_links to ../../build/nav_controller/nav_controller.egg-info/dependency_links.txt
[0.752s] writing entry points to ../../build/nav_controller/nav_controller.egg-info/entry_points.txt
[0.752s] writing requirements to ../../build/nav_controller/nav_controller.egg-info/requires.txt
[0.752s] writing top-level names to ../../build/nav_controller/nav_controller.egg-info/top_level.txt
[0.753s] reading manifest file '../../build/nav_controller/nav_controller.egg-info/SOURCES.txt'
[0.753s] writing manifest file '../../build/nav_controller/nav_controller.egg-info/SOURCES.txt'
[0.753s] running build
[0.753s] running build_py
[0.754s] running install
[0.754s] running install_lib
[0.754s] copying /home/ender/Desktop/dev_ws/build/nav_controller/build/lib/nav_controller/__init__.py -> /home/ender/Desktop/dev_ws/install/nav_controller/lib/python3.10/site-packages/nav_controller
[0.754s] copying /home/ender/Desktop/dev_ws/build/nav_controller/build/lib/nav_controller/display_map.py -> /home/ender/Desktop/dev_ws/install/nav_controller/lib/python3.10/site-packages/nav_controller
[0.755s] byte-compiling /home/ender/Desktop/dev_ws/install/nav_controller/lib/python3.10/site-packages/nav_controller/__init__.py to __init__.cpython-310.pyc
[0.755s] byte-compiling /home/ender/Desktop/dev_ws/install/nav_controller/lib/python3.10/site-packages/nav_controller/display_map.py to display_map.cpython-310.pyc
[0.755s] running install_data
[0.755s] copying resource/nav_controller -> /home/ender/Desktop/dev_ws/install/nav_controller/share/ament_index/resource_index/packages
[0.755s] copying package.xml -> /home/ender/Desktop/dev_ws/install/nav_controller/share/nav_controller
[0.756s] running install_egg_info
[0.757s] Copying ../../build/nav_controller/nav_controller.egg-info to /home/ender/Desktop/dev_ws/install/nav_controller/lib/python3.10/site-packages/nav_controller-0.0.0-py3.10.egg-info
[0.757s] running install_scripts
[0.769s] Installing control script to /home/ender/Desktop/dev_ws/install/nav_controller/lib/nav_controller
[0.769s] Installing display_map script to /home/ender/Desktop/dev_ws/install/nav_controller/lib/nav_controller
[0.769s] writing list of installed files to '/home/ender/Desktop/dev_ws/build/nav_controller/install.log'
[0.782s] Invoked command in '/home/ender/Desktop/dev_ws/src/nav_controller' returned '0': PYTHONPATH=/home/ender/Desktop/dev_ws/build/nav_controller/prefix_override:/usr/lib/python3/dist-packages/colcon_core/task/python/colcon_distutils_commands:/home/ender/Desktop/dev_ws/install/nav_controller/lib/python3.10/site-packages:${PYTHONPATH} /usr/bin/python3 -W ignore:setup.py install is deprecated setup.py egg_info --egg-base ../../build/nav_controller build --build-base /home/ender/Desktop/dev_ws/build/nav_controller/build install --record /home/ender/Desktop/dev_ws/build/nav_controller/install.log --single-version-externally-managed install_data --force
