[0.053s] DEBUG:colcon:Command line arguments: ['/usr/bin/colcon', 'build']
[0.053s] DEBUG:colcon:Parsed command line arguments: Namespace(log_base=None, log_level=None, verb_name='build', build_base='build', install_base='install', merge_install=False, symlink_install=False, test_result_base=None, continue_on_error=False, executor='parallel', parallel_workers=16, event_handlers=None, ignore_user_meta=False, metas=['./colcon.meta'], base_paths=['.'], packages_ignore=None, packages_ignore_regex=None, paths=None, packages_up_to=None, packages_up_to_regex=None, packages_above=None, packages_above_and_dependencies=None, packages_above_depth=None, packages_select_by_dep=None, packages_skip_by_dep=None, packages_skip_up_to=None, packages_select_build_failed=False, packages_skip_build_finished=False, packages_select_test_failures=False, packages_skip_test_passed=False, packages_select=None, packages_skip=None, packages_select_regex=None, packages_skip_regex=None, packages_start=None, packages_end=None, allow_overriding=[], cmake_args=None, cmake_target=None, cmake_target_skip_unavailable=False, cmake_clean_cache=False, cmake_clean_first=False, cmake_force_configure=False, ament_cmake_args=None, catkin_cmake_args=None, catkin_skip_building_tests=False, mixin_files=None, mixin=None, verb_parser=<colcon_mixin.mixin.mixin_argument.MixinArgumentDecorator object at 0x773f7202f040>, verb_extension=<colcon_core.verb.build.BuildVerb object at 0x773f72133730>, main=<bound method BuildVerb.main of <colcon_core.verb.build.BuildVerb object at 0x773f72133730>>, mixin_verb=('build',))
[0.135s] Level 1:colcon.colcon_core.package_discovery:discover_packages(colcon_meta) check parameters
[0.135s] Level 1:colcon.colcon_core.package_discovery:discover_packages(recursive) check parameters
[0.135s] Level 1:colcon.colcon_core.package_discovery:discover_packages(ignore) check parameters
[0.135s] Level 1:colcon.colcon_core.package_discovery:discover_packages(path) check parameters
[0.135s] Level 1:colcon.colcon_core.package_discovery:discover_packages(colcon_meta) discover
[0.135s] Level 1:colcon.colcon_core.package_discovery:discover_packages(recursive) discover
[0.135s] INFO:colcon.colcon_core.package_discovery:Crawling recursively for packages in '/home/ender/Desktop/dev_ws'
[0.135s] Level 1:colcon.colcon_core.package_identification:_identify(.) by extensions ['ignore', 'ignore_ament_install']
[0.135s] Level 1:colcon.colcon_core.package_identification:_identify(.) by extension 'ignore'
[0.135s] Level 1:colcon.colcon_core.package_identification:_identify(.) by extension 'ignore_ament_install'
[0.135s] Level 1:colcon.colcon_core.package_identification:_identify(.) by extensions ['colcon_pkg']
[0.135s] Level 1:colcon.colcon_core.package_identification:_identify(.) by extension 'colcon_pkg'
[0.135s] Level 1:colcon.colcon_core.package_identification:_identify(.) by extensions ['colcon_meta']
[0.135s] Level 1:colcon.colcon_core.package_identification:_identify(.) by extension 'colcon_meta'
[0.135s] Level 1:colcon.colcon_core.package_identification:_identify(.) by extensions ['ros']
[0.135s] Level 1:colcon.colcon_core.package_identification:_identify(.) by extension 'ros'
[0.142s] Level 1:colcon.colcon_core.package_identification:_identify(.) by extensions ['cmake', 'python']
[0.142s] Level 1:colcon.colcon_core.package_identification:_identify(.) by extension 'cmake'
[0.142s] Level 1:colcon.colcon_core.package_identification:_identify(.) by extension 'python'
[0.142s] Level 1:colcon.colcon_core.package_identification:_identify(.) by extensions ['python_setup_py']
[0.142s] Level 1:colcon.colcon_core.package_identification:_identify(.) by extension 'python_setup_py'
[0.142s] Level 1:colcon.colcon_core.package_identification:_identify(build) by extensions ['ignore', 'ignore_ament_install']
[0.142s] Level 1:colcon.colcon_core.package_identification:_identify(build) by extension 'ignore'
[0.142s] Level 1:colcon.colcon_core.package_identification:_identify(build) ignored
[0.142s] Level 1:colcon.colcon_core.package_identification:_identify(install) by extensions ['ignore', 'ignore_ament_install']
[0.142s] Level 1:colcon.colcon_core.package_identification:_identify(install) by extension 'ignore'
[0.142s] Level 1:colcon.colcon_core.package_identification:_identify(install) ignored
[0.142s] Level 1:colcon.colcon_core.package_identification:_identify(log) by extensions ['ignore', 'ignore_ament_install']
[0.142s] Level 1:colcon.colcon_core.package_identification:_identify(log) by extension 'ignore'
[0.142s] Level 1:colcon.colcon_core.package_identification:_identify(log) ignored
[0.142s] Level 1:colcon.colcon_core.package_identification:_identify(src) by extensions ['ignore', 'ignore_ament_install']
[0.142s] Level 1:colcon.colcon_core.package_identification:_identify(src) by extension 'ignore'
[0.142s] Level 1:colcon.colcon_core.package_identification:_identify(src) by extension 'ignore_ament_install'
[0.142s] Level 1:colcon.colcon_core.package_identification:_identify(src) by extensions ['colcon_pkg']
[0.142s] Level 1:colcon.colcon_core.package_identification:_identify(src) by extension 'colcon_pkg'
[0.142s] Level 1:colcon.colcon_core.package_identification:_identify(src) by extensions ['colcon_meta']
[0.142s] Level 1:colcon.colcon_core.package_identification:_identify(src) by extension 'colcon_meta'
[0.142s] Level 1:colcon.colcon_core.package_identification:_identify(src) by extensions ['ros']
[0.142s] Level 1:colcon.colcon_core.package_identification:_identify(src) by extension 'ros'
[0.142s] Level 1:colcon.colcon_core.package_identification:_identify(src) by extensions ['cmake', 'python']
[0.142s] Level 1:colcon.colcon_core.package_identification:_identify(src) by extension 'cmake'
[0.142s] Level 1:colcon.colcon_core.package_identification:_identify(src) by extension 'python'
[0.142s] Level 1:colcon.colcon_core.package_identification:_identify(src) by extensions ['python_setup_py']
[0.142s] Level 1:colcon.colcon_core.package_identification:_identify(src) by extension 'python_setup_py'
[0.142s] Level 1:colcon.colcon_core.package_identification:_identify(src/my_bot) by extensions ['ignore', 'ignore_ament_install']
[0.142s] Level 1:colcon.colcon_core.package_identification:_identify(src/my_bot) by extension 'ignore'
[0.142s] Level 1:colcon.colcon_core.package_identification:_identify(src/my_bot) by extension 'ignore_ament_install'
[0.143s] Level 1:colcon.colcon_core.package_identification:_identify(src/my_bot) by extensions ['colcon_pkg']
[0.143s] Level 1:colcon.colcon_core.package_identification:_identify(src/my_bot) by extension 'colcon_pkg'
[0.143s] Level 1:colcon.colcon_core.package_identification:_identify(src/my_bot) by extensions ['colcon_meta']
[0.143s] Level 1:colcon.colcon_core.package_identification:_identify(src/my_bot) by extension 'colcon_meta'
[0.143s] Level 1:colcon.colcon_core.package_identification:_identify(src/my_bot) by extensions ['ros']
[0.143s] Level 1:colcon.colcon_core.package_identification:_identify(src/my_bot) by extension 'ros'
[0.144s] DEBUG:colcon.colcon_core.package_identification:Package 'src/my_bot' with type 'ros.ament_cmake' and name 'my_bot'
[0.144s] Level 1:colcon.colcon_core.package_identification:_identify(src/nav_controller) by extensions ['ignore', 'ignore_ament_install']
[0.144s] Level 1:colcon.colcon_core.package_identification:_identify(src/nav_controller) by extension 'ignore'
[0.144s] Level 1:colcon.colcon_core.package_identification:_identify(src/nav_controller) by extension 'ignore_ament_install'
[0.144s] Level 1:colcon.colcon_core.package_identification:_identify(src/nav_controller) by extensions ['colcon_pkg']
[0.144s] Level 1:colcon.colcon_core.package_identification:_identify(src/nav_controller) by extension 'colcon_pkg'
[0.144s] Level 1:colcon.colcon_core.package_identification:_identify(src/nav_controller) by extensions ['colcon_meta']
[0.144s] Level 1:colcon.colcon_core.package_identification:_identify(src/nav_controller) by extension 'colcon_meta'
[0.144s] Level 1:colcon.colcon_core.package_identification:_identify(src/nav_controller) by extensions ['ros']
[0.144s] Level 1:colcon.colcon_core.package_identification:_identify(src/nav_controller) by extension 'ros'
[0.144s] DEBUG:colcon.colcon_core.package_identification:Package 'src/nav_controller' with type 'ros.ament_python' and name 'nav_controller'
[0.144s] Level 1:colcon.colcon_core.package_discovery:discover_packages(recursive) using defaults
[0.144s] Level 1:colcon.colcon_core.package_discovery:discover_packages(ignore) discover
[0.144s] Level 1:colcon.colcon_core.package_discovery:discover_packages(ignore) using defaults
[0.144s] Level 1:colcon.colcon_core.package_discovery:discover_packages(path) discover
[0.144s] Level 1:colcon.colcon_core.package_discovery:discover_packages(path) using defaults
[0.155s] Level 1:colcon.colcon_core.package_discovery:discover_packages(prefix_path) check parameters
[0.155s] Level 1:colcon.colcon_core.package_discovery:discover_packages(prefix_path) discover
[0.156s] DEBUG:colcon.colcon_installed_package_information.package_discovery:Found 2 installed packages in /home/ender/Desktop/dev_ws/install
[0.157s] DEBUG:colcon.colcon_installed_package_information.package_discovery:Found 387 installed packages in /opt/ros/humble
[0.162s] Level 1:colcon.colcon_core.package_discovery:discover_packages(prefix_path) using defaults
[0.183s] Level 5:colcon.colcon_core.verb:set package 'my_bot' build argument 'cmake_args' from command line to 'None'
[0.183s] Level 5:colcon.colcon_core.verb:set package 'my_bot' build argument 'cmake_target' from command line to 'None'
[0.183s] Level 5:colcon.colcon_core.verb:set package 'my_bot' build argument 'cmake_target_skip_unavailable' from command line to 'False'
[0.183s] Level 5:colcon.colcon_core.verb:set package 'my_bot' build argument 'cmake_clean_cache' from command line to 'False'
[0.183s] Level 5:colcon.colcon_core.verb:set package 'my_bot' build argument 'cmake_clean_first' from command line to 'False'
[0.183s] Level 5:colcon.colcon_core.verb:set package 'my_bot' build argument 'cmake_force_configure' from command line to 'False'
[0.183s] Level 5:colcon.colcon_core.verb:set package 'my_bot' build argument 'ament_cmake_args' from command line to 'None'
[0.183s] Level 5:colcon.colcon_core.verb:set package 'my_bot' build argument 'catkin_cmake_args' from command line to 'None'
[0.183s] Level 5:colcon.colcon_core.verb:set package 'my_bot' build argument 'catkin_skip_building_tests' from command line to 'False'
[0.183s] DEBUG:colcon.colcon_core.verb:Building package 'my_bot' with the following arguments: {'ament_cmake_args': None, 'build_base': '/home/ender/Desktop/dev_ws/build/my_bot', 'catkin_cmake_args': None, 'catkin_skip_building_tests': False, 'cmake_args': None, 'cmake_clean_cache': False, 'cmake_clean_first': False, 'cmake_force_configure': False, 'cmake_target': None, 'cmake_target_skip_unavailable': False, 'install_base': '/home/ender/Desktop/dev_ws/install/my_bot', 'merge_install': False, 'path': '/home/ender/Desktop/dev_ws/src/my_bot', 'symlink_install': False, 'test_result_base': None}
[0.184s] Level 5:colcon.colcon_core.verb:set package 'nav_controller' build argument 'cmake_args' from command line to 'None'
[0.184s] Level 5:colcon.colcon_core.verb:set package 'nav_controller' build argument 'cmake_target' from command line to 'None'
[0.184s] Level 5:colcon.colcon_core.verb:set package 'nav_controller' build argument 'cmake_target_skip_unavailable' from command line to 'False'
[0.184s] Level 5:colcon.colcon_core.verb:set package 'nav_controller' build argument 'cmake_clean_cache' from command line to 'False'
[0.184s] Level 5:colcon.colcon_core.verb:set package 'nav_controller' build argument 'cmake_clean_first' from command line to 'False'
[0.184s] Level 5:colcon.colcon_core.verb:set package 'nav_controller' build argument 'cmake_force_configure' from command line to 'False'
[0.184s] Level 5:colcon.colcon_core.verb:set package 'nav_controller' build argument 'ament_cmake_args' from command line to 'None'
[0.184s] Level 5:colcon.colcon_core.verb:set package 'nav_controller' build argument 'catkin_cmake_args' from command line to 'None'
[0.184s] Level 5:colcon.colcon_core.verb:set package 'nav_controller' build argument 'catkin_skip_building_tests' from command line to 'False'
[0.184s] DEBUG:colcon.colcon_core.verb:Building package 'nav_controller' with the following arguments: {'ament_cmake_args': None, 'build_base': '/home/ender/Desktop/dev_ws/build/nav_controller', 'catkin_cmake_args': None, 'catkin_skip_building_tests': False, 'cmake_args': None, 'cmake_clean_cache': False, 'cmake_clean_first': False, 'cmake_force_configure': False, 'cmake_target': None, 'cmake_target_skip_unavailable': False, 'install_base': '/home/ender/Desktop/dev_ws/install/nav_controller', 'merge_install': False, 'path': '/home/ender/Desktop/dev_ws/src/nav_controller', 'symlink_install': False, 'test_result_base': None}
[0.184s] INFO:colcon.colcon_core.executor:Executing jobs using 'parallel' executor
[0.184s] DEBUG:colcon.colcon_parallel_executor.executor.parallel:run_until_complete
[0.184s] INFO:colcon.colcon_ros.task.ament_cmake.build:Building ROS package in '/home/ender/Desktop/dev_ws/src/my_bot' with build type 'ament_cmake'
[0.185s] INFO:colcon.colcon_cmake.task.cmake.build:Building CMake package in '/home/ender/Desktop/dev_ws/src/my_bot'
[0.186s] INFO:colcon.colcon_core.plugin_system:Skipping extension 'colcon_core.shell.bat': Not used on non-Windows systems
[0.186s] INFO:colcon.colcon_core.shell:Skip shell extension 'powershell' for command environment: Not usable outside of PowerShell
[0.186s] DEBUG:colcon.colcon_core.shell:Skip shell extension 'dsv' for command environment
[0.187s] INFO:colcon.colcon_ros.task.ament_python.build:Building ROS package in '/home/ender/Desktop/dev_ws/src/nav_controller' with build type 'ament_python'
[0.188s] Level 1:colcon.colcon_core.shell:create_environment_hook('nav_controller', 'ament_prefix_path')
[0.188s] INFO:colcon.colcon_core.shell:Creating environment hook '/home/ender/Desktop/dev_ws/install/nav_controller/share/nav_controller/hook/ament_prefix_path.ps1'
[0.188s] INFO:colcon.colcon_core.shell:Creating environment descriptor '/home/ender/Desktop/dev_ws/install/nav_controller/share/nav_controller/hook/ament_prefix_path.dsv'
[0.188s] INFO:colcon.colcon_core.shell:Creating environment hook '/home/ender/Desktop/dev_ws/install/nav_controller/share/nav_controller/hook/ament_prefix_path.sh'
[0.189s] INFO:colcon.colcon_core.shell:Skip shell extension 'powershell' for command environment: Not usable outside of PowerShell
[0.189s] DEBUG:colcon.colcon_core.shell:Skip shell extension 'dsv' for command environment
[0.196s] DEBUG:colcon.colcon_core.event_handler.log_command:Invoking command in '/home/ender/Desktop/dev_ws/build/my_bot': CMAKE_PREFIX_PATH=${CMAKE_PREFIX_PATH}:/home/ender/Desktop/dev_ws/install/nav_controller:/opt/ros/humble /usr/bin/cmake --build /home/ender/Desktop/dev_ws/build/my_bot -- -j16 -l16
[0.332s] INFO:colcon.colcon_core.task.python.build:Building Python package in '/home/ender/Desktop/dev_ws/src/nav_controller'
[0.332s] INFO:colcon.colcon_core.shell:Skip shell extension 'powershell' for command environment: Not usable outside of PowerShell
[0.332s] DEBUG:colcon.colcon_core.shell:Skip shell extension 'dsv' for command environment
[0.335s] DEBUG:colcon.colcon_core.event_handler.log_command:Invoked command in '/home/ender/Desktop/dev_ws/build/my_bot' returned '0': CMAKE_PREFIX_PATH=${CMAKE_PREFIX_PATH}:/home/ender/Desktop/dev_ws/install/nav_controller:/opt/ros/humble /usr/bin/cmake --build /home/ender/Desktop/dev_ws/build/my_bot -- -j16 -l16
[0.354s] DEBUG:colcon.colcon_core.event_handler.log_command:Invoking command in '/home/ender/Desktop/dev_ws/build/my_bot': CMAKE_PREFIX_PATH=${CMAKE_PREFIX_PATH}:/home/ender/Desktop/dev_ws/install/nav_controller:/opt/ros/humble /usr/bin/cmake --install /home/ender/Desktop/dev_ws/build/my_bot
[0.362s] Level 1:colcon.colcon_core.environment:create_environment_scripts_only(my_bot)
[0.363s] DEBUG:colcon.colcon_core.event_handler.log_command:Invoked command in '/home/ender/Desktop/dev_ws/build/my_bot' returned '0': CMAKE_PREFIX_PATH=${CMAKE_PREFIX_PATH}:/home/ender/Desktop/dev_ws/install/nav_controller:/opt/ros/humble /usr/bin/cmake --install /home/ender/Desktop/dev_ws/build/my_bot
[0.364s] Level 1:colcon.colcon_core.environment:checking '/home/ender/Desktop/dev_ws/install/my_bot' for CMake module files
[0.364s] Level 1:colcon.colcon_core.environment:checking '/home/ender/Desktop/dev_ws/install/my_bot' for CMake config files
[0.364s] Level 1:colcon.colcon_core.shell:create_environment_hook('my_bot', 'cmake_prefix_path')
[0.364s] INFO:colcon.colcon_core.shell:Creating environment hook '/home/ender/Desktop/dev_ws/install/my_bot/share/my_bot/hook/cmake_prefix_path.ps1'
[0.364s] INFO:colcon.colcon_core.shell:Creating environment descriptor '/home/ender/Desktop/dev_ws/install/my_bot/share/my_bot/hook/cmake_prefix_path.dsv'
[0.365s] INFO:colcon.colcon_core.shell:Creating environment hook '/home/ender/Desktop/dev_ws/install/my_bot/share/my_bot/hook/cmake_prefix_path.sh'
[0.365s] Level 1:colcon.colcon_core.environment:checking '/home/ender/Desktop/dev_ws/install/my_bot/bin'
[0.365s] Level 1:colcon.colcon_core.environment:checking '/home/ender/Desktop/dev_ws/install/my_bot/lib/pkgconfig/my_bot.pc'
[0.365s] Level 1:colcon.colcon_core.environment:checking '/home/ender/Desktop/dev_ws/install/my_bot/lib/python3.10/site-packages'
[0.365s] Level 1:colcon.colcon_core.environment:checking '/home/ender/Desktop/dev_ws/install/my_bot/bin'
[0.365s] INFO:colcon.colcon_core.shell:Creating package script '/home/ender/Desktop/dev_ws/install/my_bot/share/my_bot/package.ps1'
[0.366s] INFO:colcon.colcon_core.shell:Creating package descriptor '/home/ender/Desktop/dev_ws/install/my_bot/share/my_bot/package.dsv'
[0.366s] INFO:colcon.colcon_core.shell:Creating package script '/home/ender/Desktop/dev_ws/install/my_bot/share/my_bot/package.sh'
[0.366s] INFO:colcon.colcon_core.shell:Creating package script '/home/ender/Desktop/dev_ws/install/my_bot/share/my_bot/package.bash'
[0.367s] INFO:colcon.colcon_core.shell:Creating package script '/home/ender/Desktop/dev_ws/install/my_bot/share/my_bot/package.zsh'
[0.367s] Level 1:colcon.colcon_core.environment:create_file_with_runtime_dependencies(/home/ender/Desktop/dev_ws/install/my_bot/share/colcon-core/packages/my_bot)
[0.383s] Level 1:colcon.colcon_core.environment:create_environment_scripts_only(my_bot)
[0.383s] Level 1:colcon.colcon_core.environment:checking '/home/ender/Desktop/dev_ws/install/my_bot' for CMake module files
[0.383s] Level 1:colcon.colcon_core.environment:checking '/home/ender/Desktop/dev_ws/install/my_bot' for CMake config files
[0.383s] Level 1:colcon.colcon_core.shell:create_environment_hook('my_bot', 'cmake_prefix_path')
[0.383s] INFO:colcon.colcon_core.shell:Creating environment hook '/home/ender/Desktop/dev_ws/install/my_bot/share/my_bot/hook/cmake_prefix_path.ps1'
[0.383s] INFO:colcon.colcon_core.shell:Creating environment descriptor '/home/ender/Desktop/dev_ws/install/my_bot/share/my_bot/hook/cmake_prefix_path.dsv'
[0.384s] INFO:colcon.colcon_core.shell:Creating environment hook '/home/ender/Desktop/dev_ws/install/my_bot/share/my_bot/hook/cmake_prefix_path.sh'
[0.384s] Level 1:colcon.colcon_core.environment:checking '/home/ender/Desktop/dev_ws/install/my_bot/bin'
[0.384s] Level 1:colcon.colcon_core.environment:checking '/home/ender/Desktop/dev_ws/install/my_bot/lib/pkgconfig/my_bot.pc'
[0.384s] Level 1:colcon.colcon_core.environment:checking '/home/ender/Desktop/dev_ws/install/my_bot/lib/python3.10/site-packages'
[0.384s] Level 1:colcon.colcon_core.environment:checking '/home/ender/Desktop/dev_ws/install/my_bot/bin'
[0.384s] INFO:colcon.colcon_core.shell:Creating package script '/home/ender/Desktop/dev_ws/install/my_bot/share/my_bot/package.ps1'
[0.385s] INFO:colcon.colcon_core.shell:Creating package descriptor '/home/ender/Desktop/dev_ws/install/my_bot/share/my_bot/package.dsv'
[0.385s] INFO:colcon.colcon_core.shell:Creating package script '/home/ender/Desktop/dev_ws/install/my_bot/share/my_bot/package.sh'
[0.385s] INFO:colcon.colcon_core.shell:Creating package script '/home/ender/Desktop/dev_ws/install/my_bot/share/my_bot/package.bash'
[0.385s] INFO:colcon.colcon_core.shell:Creating package script '/home/ender/Desktop/dev_ws/install/my_bot/share/my_bot/package.zsh'
[0.385s] Level 1:colcon.colcon_core.environment:create_file_with_runtime_dependencies(/home/ender/Desktop/dev_ws/install/my_bot/share/colcon-core/packages/my_bot)
[0.526s] DEBUG:colcon.colcon_core.event_handler.log_command:Invoking command in '/home/ender/Desktop/dev_ws/src/nav_controller': PYTHONPATH=/home/ender/Desktop/dev_ws/build/nav_controller/prefix_override:/usr/lib/python3/dist-packages/colcon_core/task/python/colcon_distutils_commands:/home/ender/Desktop/dev_ws/install/nav_controller/lib/python3.10/site-packages:${PYTHONPATH} /usr/bin/python3 -W ignore:setup.py install is deprecated setup.py egg_info --egg-base ../../build/nav_controller build --build-base /home/ender/Desktop/dev_ws/build/nav_controller/build install --record /home/ender/Desktop/dev_ws/build/nav_controller/install.log --single-version-externally-managed install_data
[0.678s] Level 1:colcon.colcon_core.environment:checking '/home/ender/Desktop/dev_ws/install/nav_controller' for CMake module files
[0.679s] DEBUG:colcon.colcon_core.event_handler.log_command:Invoked command in '/home/ender/Desktop/dev_ws/src/nav_controller' returned '0': PYTHONPATH=/home/ender/Desktop/dev_ws/build/nav_controller/prefix_override:/usr/lib/python3/dist-packages/colcon_core/task/python/colcon_distutils_commands:/home/ender/Desktop/dev_ws/install/nav_controller/lib/python3.10/site-packages:${PYTHONPATH} /usr/bin/python3 -W ignore:setup.py install is deprecated setup.py egg_info --egg-base ../../build/nav_controller build --build-base /home/ender/Desktop/dev_ws/build/nav_controller/build install --record /home/ender/Desktop/dev_ws/build/nav_controller/install.log --single-version-externally-managed install_data
[0.679s] Level 1:colcon.colcon_core.environment:checking '/home/ender/Desktop/dev_ws/install/nav_controller' for CMake config files
[0.679s] Level 1:colcon.colcon_core.environment:checking '/home/ender/Desktop/dev_ws/install/nav_controller/lib'
[0.679s] Level 1:colcon.colcon_core.environment:checking '/home/ender/Desktop/dev_ws/install/nav_controller/bin'
[0.679s] Level 1:colcon.colcon_core.environment:checking '/home/ender/Desktop/dev_ws/install/nav_controller/lib/pkgconfig/nav_controller.pc'
[0.680s] Level 1:colcon.colcon_core.environment:checking '/home/ender/Desktop/dev_ws/install/nav_controller/lib/python3.10/site-packages'
[0.680s] Level 1:colcon.colcon_core.shell:create_environment_hook('nav_controller', 'pythonpath')
[0.680s] INFO:colcon.colcon_core.shell:Creating environment hook '/home/ender/Desktop/dev_ws/install/nav_controller/share/nav_controller/hook/pythonpath.ps1'
[0.680s] INFO:colcon.colcon_core.shell:Creating environment descriptor '/home/ender/Desktop/dev_ws/install/nav_controller/share/nav_controller/hook/pythonpath.dsv'
[0.680s] INFO:colcon.colcon_core.shell:Creating environment hook '/home/ender/Desktop/dev_ws/install/nav_controller/share/nav_controller/hook/pythonpath.sh'
[0.680s] Level 1:colcon.colcon_core.environment:checking '/home/ender/Desktop/dev_ws/install/nav_controller/bin'
[0.680s] Level 1:colcon.colcon_core.environment:create_environment_scripts_only(nav_controller)
[0.681s] INFO:colcon.colcon_core.shell:Creating package script '/home/ender/Desktop/dev_ws/install/nav_controller/share/nav_controller/package.ps1'
[0.681s] INFO:colcon.colcon_core.shell:Creating package descriptor '/home/ender/Desktop/dev_ws/install/nav_controller/share/nav_controller/package.dsv'
[0.681s] INFO:colcon.colcon_core.shell:Creating package script '/home/ender/Desktop/dev_ws/install/nav_controller/share/nav_controller/package.sh'
[0.681s] INFO:colcon.colcon_core.shell:Creating package script '/home/ender/Desktop/dev_ws/install/nav_controller/share/nav_controller/package.bash'
[0.681s] INFO:colcon.colcon_core.shell:Creating package script '/home/ender/Desktop/dev_ws/install/nav_controller/share/nav_controller/package.zsh'
[0.682s] Level 1:colcon.colcon_core.environment:create_file_with_runtime_dependencies(/home/ender/Desktop/dev_ws/install/nav_controller/share/colcon-core/packages/nav_controller)
[0.682s] DEBUG:colcon.colcon_parallel_executor.executor.parallel:closing loop
[0.682s] DEBUG:colcon.colcon_parallel_executor.executor.parallel:loop closed
[0.682s] DEBUG:colcon.colcon_parallel_executor.executor.parallel:run_until_complete finished with '0'
[0.682s] DEBUG:colcon.colcon_core.event_reactor:joining thread
[0.685s] INFO:colcon.colcon_core.plugin_system:Skipping extension 'colcon_notification.desktop_notification.terminal_notifier': Not used on non-Darwin systems
[0.685s] INFO:colcon.colcon_core.plugin_system:Skipping extension 'colcon_notification.desktop_notification.win32': Not used on non-Windows systems
[0.685s] INFO:colcon.colcon_notification.desktop_notification:Sending desktop notification using 'notify2'
[0.692s] DEBUG:colcon.colcon_core.event_reactor:joined thread
[0.692s] INFO:colcon.colcon_core.shell:Creating prefix script '/home/ender/Desktop/dev_ws/install/local_setup.ps1'
[0.693s] INFO:colcon.colcon_core.shell:Creating prefix util module '/home/ender/Desktop/dev_ws/install/_local_setup_util_ps1.py'
[0.693s] INFO:colcon.colcon_core.shell:Creating prefix chain script '/home/ender/Desktop/dev_ws/install/setup.ps1'
[0.694s] INFO:colcon.colcon_core.shell:Creating prefix script '/home/ender/Desktop/dev_ws/install/local_setup.sh'
[0.694s] INFO:colcon.colcon_core.shell:Creating prefix util module '/home/ender/Desktop/dev_ws/install/_local_setup_util_sh.py'
[0.694s] INFO:colcon.colcon_core.shell:Creating prefix chain script '/home/ender/Desktop/dev_ws/install/setup.sh'
[0.695s] INFO:colcon.colcon_core.shell:Creating prefix script '/home/ender/Desktop/dev_ws/install/local_setup.bash'
[0.695s] INFO:colcon.colcon_core.shell:Creating prefix chain script '/home/ender/Desktop/dev_ws/install/setup.bash'
[0.696s] INFO:colcon.colcon_core.shell:Creating prefix script '/home/ender/Desktop/dev_ws/install/local_setup.zsh'
[0.696s] INFO:colcon.colcon_core.shell:Creating prefix chain script '/home/ender/Desktop/dev_ws/install/setup.zsh'
