[0.426s] Invoking command in '/home/ender/Desktop/dev_ws/src/nav_controller': PYTHONPATH=/home/ender/Desktop/dev_ws/build/nav_controller/prefix_override:/usr/lib/python3/dist-packages/colcon_core/task/python/colcon_distutils_commands:/home/ender/Desktop/dev_ws/install/nav_controller/lib/python3.10/site-packages:${PYTHONPATH} /usr/bin/python3 -W ignore:setup.py install is deprecated setup.py egg_info --egg-base ../../build/nav_controller build --build-base /home/ender/Desktop/dev_ws/build/nav_controller/build install --record /home/ender/Desktop/dev_ws/build/nav_controller/install.log --single-version-externally-managed install_data
[0.597s] running egg_info
[0.597s] writing ../../build/nav_controller/nav_controller.egg-info/PKG-INFO
[0.597s] writing dependency_links to ../../build/nav_controller/nav_controller.egg-info/dependency_links.txt
[0.597s] writing entry points to ../../build/nav_controller/nav_controller.egg-info/entry_points.txt
[0.597s] writing requirements to ../../build/nav_controller/nav_controller.egg-info/requires.txt
[0.597s] writing top-level names to ../../build/nav_controller/nav_controller.egg-info/top_level.txt
[0.599s] reading manifest file '../../build/nav_controller/nav_controller.egg-info/SOURCES.txt'
[0.600s] writing manifest file '../../build/nav_controller/nav_controller.egg-info/SOURCES.txt'
[0.601s] running build
[0.601s] running build_py
[0.601s] copying nav_controller/display_map.py -> /home/ender/Desktop/dev_ws/build/nav_controller/build/lib/nav_controller
[0.601s] running install
[0.601s] running install_lib
[0.602s] copying /home/ender/Desktop/dev_ws/build/nav_controller/build/lib/nav_controller/display_map.py -> /home/ender/Desktop/dev_ws/install/nav_controller/lib/python3.10/site-packages/nav_controller
[0.602s] byte-compiling /home/ender/Desktop/dev_ws/install/nav_controller/lib/python3.10/site-packages/nav_controller/display_map.py to display_map.cpython-310.pyc
[0.604s] running install_data
[0.605s] running install_egg_info
[0.606s] removing '/home/ender/Desktop/dev_ws/install/nav_controller/lib/python3.10/site-packages/nav_controller-0.0.0-py3.10.egg-info' (and everything under it)
[0.606s] Copying ../../build/nav_controller/nav_controller.egg-info to /home/ender/Desktop/dev_ws/install/nav_controller/lib/python3.10/site-packages/nav_controller-0.0.0-py3.10.egg-info
[0.606s] running install_scripts
[0.620s] Installing control script to /home/ender/Desktop/dev_ws/install/nav_controller/lib/nav_controller
[0.621s] Installing display_map script to /home/ender/Desktop/dev_ws/install/nav_controller/lib/nav_controller
[0.621s] writing list of installed files to '/home/ender/Desktop/dev_ws/build/nav_controller/install.log'
[0.637s] Invoked command in '/home/ender/Desktop/dev_ws/src/nav_controller' returned '0': PYTHONPATH=/home/ender/Desktop/dev_ws/build/nav_controller/prefix_override:/usr/lib/python3/dist-packages/colcon_core/task/python/colcon_distutils_commands:/home/ender/Desktop/dev_ws/install/nav_controller/lib/python3.10/site-packages:${PYTHONPATH} /usr/bin/python3 -W ignore:setup.py install is deprecated setup.py egg_info --egg-base ../../build/nav_controller build --build-base /home/ender/Desktop/dev_ws/build/nav_controller/build install --record /home/ender/Desktop/dev_ws/build/nav_controller/install.log --single-version-externally-managed install_data
