[0.011s] Invoking command in '/home/ender/Desktop/dev_ws/build/environment_detection': CMAKE_PREFIX_PATH=${CMAKE_PREFIX_PATH}:/home/ender/Desktop/dev_ws/install/nav_controller:/opt/ros/humble /usr/bin/cmake --build /home/ender/Desktop/dev_ws/build/environment_detection -- -j16 -l16
[0.040s] [35m[1mConsolidate compiler generated dependencies of target environment_detection_node[0m
[0.053s] [ 33%] [32mBuilding CXX object CMakeFiles/environment_detection_node.dir/src/main.cpp.o[0m
[0.054s] [ 66%] [32mBuilding CXX object CMakeFiles/environment_detection_node.dir/src/agv_node.cpp.o[0m
[1.855s] In file included from [01m[K/home/ender/Desktop/dev_ws/src/environment_detection/src/agv_node.cpp:1[m[K:
[1.855s] [01m[K/home/ender/Desktop/dev_ws/src/environment_detection/include/agv_node.hpp:24:34:[m[K [01;31m[Kerror: [m[K‘[01m[Kconstexpr[m[K’ static data member ‘[01m[Kcamera_topic_[m[K’ must have an initializer
[1.855s]    24 |     constexpr static std::string [01;31m[Kcamera_topic_[m[K;
[1.855s]       |                                  [01;31m[K^~~~~~~~~~~~~[m[K
[1.855s] [01m[K/home/ender/Desktop/dev_ws/src/environment_detection/include/agv_node.hpp:25:34:[m[K [01;31m[Kerror: [m[K‘[01m[Kconstexpr[m[K’ static data member ‘[01m[Kodometry_topic_[m[K’ must have an initializer
[1.855s]    25 |     constexpr static std::string [01;31m[Kodometry_topic_[m[K;
[1.855s]       |                                  [01;31m[K^~~~~~~~~~~~~~~[m[K
[1.855s] [01m[K/home/ender/Desktop/dev_ws/src/environment_detection/include/agv_node.hpp:26:26:[m[K [01;31m[Kerror: [m[K‘[01m[Kconstexpr[m[K’ static data member ‘[01m[Kqueue_size_[m[K’ must have an initializer
[1.855s]    26 |     constexpr static int [01;31m[Kqueue_size_[m[K;
[1.855s]       |                          [01;31m[K^~~~~~~~~~~[m[K
[1.856s] [01m[K/home/ender/Desktop/dev_ws/src/environment_detection/src/agv_node.cpp:[m[K In constructor ‘[01m[KAgvNode::AgvNode()[m[K’:
[1.857s] [01m[K/home/ender/Desktop/dev_ws/src/environment_detection/src/agv_node.cpp:20:67:[m[K [01;31m[Kerror: [m[Kno match for ‘[01m[Koperator=[m[K’ (operand types are ‘[01m[Kconst string[m[K’ {aka ‘[01m[Kconst std::__cxx11::basic_string<char>[m[K’} and ‘[01m[Kconst string[m[K’ {aka ‘[01m[Kconst std::__cxx11::basic_string<char>[m[K’})
[1.857s]    20 |     camera_topic_ = this->get_parameter("camera_topic").as_string([01;31m[K)[m[K;
[1.857s]       |                                                                   [01;31m[K^[m[K
[1.857s] In file included from [01m[K/usr/include/c++/11/string:55[m[K,
[1.857s]                  from [01m[K/usr/include/c++/11/stdexcept:39[m[K,
[1.857s]                  from [01m[K/usr/include/c++/11/system_error:41[m[K,
[1.857s]                  from [01m[K/usr/include/c++/11/mutex:42[m[K,
[1.857s]                  from [01m[K/usr/include/c++/11/future:38[m[K,
[1.857s]                  from [01m[K/opt/ros/humble/include/rclcpp/rclcpp/executors.hpp:18[m[K,
[1.857s]                  from [01m[K/opt/ros/humble/include/rclcpp/rclcpp/rclcpp.hpp:155[m[K,
[1.858s]                  from [01m[K/home/ender/Desktop/dev_ws/src/environment_detection/include/agv_node.hpp:3[m[K,
[1.858s]                  from [01m[K/home/ender/Desktop/dev_ws/src/environment_detection/src/agv_node.cpp:1[m[K:
[1.858s] [01m[K/usr/include/c++/11/bits/basic_string.h:799:8:[m[K [01;36m[Knote: [m[Kcandidate: ‘[01m[Ktemplate<class _Tp> std::__cxx11::basic_string<_CharT, _Traits, _Alloc>::_If_sv<_Tp, std::__cxx11::basic_string<_CharT, _Traits, _Alloc>&> std::__cxx11::basic_string<_CharT, _Traits, _Alloc>::operator=(const _Tp&) [with _Tp = _Tp; _CharT = char; _Traits = std::char_traits<char>; _Alloc = std::allocator<char>][m[K’
[1.858s]   799 |        [01;36m[Koperator[m[K=(const _Tp& __svt)
[1.858s]       |        [01;36m[K^~~~~~~~[m[K
[1.858s] [01m[K/usr/include/c++/11/bits/basic_string.h:799:8:[m[K [01;36m[Knote: [m[K  template argument deduction/substitution failed:
[1.858s] In file included from [01m[K/usr/include/c++/11/bits/move.h:57[m[K,
[1.858s]                  from [01m[K/usr/include/c++/11/bits/stl_pair.h:59[m[K,
[1.858s]                  from [01m[K/usr/include/c++/11/bits/stl_algobase.h:64[m[K,
[1.858s]                  from [01m[K/usr/include/c++/11/memory:63[m[K,
[1.858s]                  from [01m[K/opt/ros/humble/include/rclcpp/rclcpp/rclcpp.hpp:153[m[K,
[1.858s]                  from [01m[K/home/ender/Desktop/dev_ws/src/environment_detection/include/agv_node.hpp:3[m[K,
[1.858s]                  from [01m[K/home/ender/Desktop/dev_ws/src/environment_detection/src/agv_node.cpp:1[m[K:
[1.858s] /usr/include/c++/11/type_traits: In substitution of ‘[01m[Ktemplate<bool _Cond, class _Tp> using enable_if_t = typename std::enable_if::type [with bool _Cond = false; _Tp = std::__cxx11::basic_string<char>&][m[K’:
[1.858s] [01m[K/usr/include/c++/11/bits/basic_string.h:125:8:[m[K   required by substitution of ‘[01m[Ktemplate<class _CharT, class _Traits, class _Alloc> template<class _Tp, class _Res> using _If_sv = std::enable_if_t<std::__and_<std::is_convertible<const _Tp&, std::basic_string_view<_CharT, _Traits> >, std::__not_<std::is_convertible<const _Tp*, const std::__cxx11::basic_string<_CharT, _Traits, _Alloc>*> >, std::__not_<std::is_convertible<const _Tp&, const _CharT*> > >::value, _Res> [with _Tp = std::__cxx11::basic_string<char>; _Res = std::__cxx11::basic_string<char>&; _CharT = char; _Traits = std::char_traits<char>; _Alloc = std::allocator<char>][m[K’
[1.858s] [01m[K/usr/include/c++/11/bits/basic_string.h:799:8:[m[K   required by substitution of ‘[01m[Ktemplate<class _Tp> std::__cxx11::basic_string<char>::_If_sv<_Tp, std::__cxx11::basic_string<char>&> std::__cxx11::basic_string<char>::operator=<_Tp>(const _Tp&) [with _Tp = std::__cxx11::basic_string<char>][m[K’
[1.858s] [01m[K/home/ender/Desktop/dev_ws/src/environment_detection/src/agv_node.cpp:20:67:[m[K   required from here
[1.858s] [01m[K/usr/include/c++/11/type_traits:2579:11:[m[K [01;31m[Kerror: [m[Kno type named ‘[01m[Ktype[m[K’ in ‘[01m[Kstruct std::enable_if<false, std::__cxx11::basic_string<char>&>[m[K’
[1.858s]  2579 |     using [01;31m[Kenable_if_t[m[K = typename enable_if<_Cond, _Tp>::type;
[1.858s]       |           [01;31m[K^~~~~~~~~~~[m[K
[1.858s] In file included from [01m[K/usr/include/c++/11/string:55[m[K,
[1.858s]                  from [01m[K/usr/include/c++/11/stdexcept:39[m[K,
[1.858s]                  from [01m[K/usr/include/c++/11/system_error:41[m[K,
[1.858s]                  from [01m[K/usr/include/c++/11/mutex:42[m[K,
[1.858s]                  from [01m[K/usr/include/c++/11/future:38[m[K,
[1.858s]                  from [01m[K/opt/ros/humble/include/rclcpp/rclcpp/executors.hpp:18[m[K,
[1.858s]                  from [01m[K/opt/ros/humble/include/rclcpp/rclcpp/rclcpp.hpp:155[m[K,
[1.858s]                  from [01m[K/home/ender/Desktop/dev_ws/src/environment_detection/include/agv_node.hpp:3[m[K,
[1.858s]                  from [01m[K/home/ender/Desktop/dev_ws/src/environment_detection/src/agv_node.cpp:1[m[K:
[1.858s] [01m[K/usr/include/c++/11/bits/basic_string.h:679:7:[m[K [01;36m[Knote: [m[Kcandidate: ‘[01m[Kstd::__cxx11::basic_string<_CharT, _Traits, _Alloc>& std::__cxx11::basic_string<_CharT, _Traits, _Alloc>::operator=(const std::__cxx11::basic_string<_CharT, _Traits, _Alloc>&) [with _CharT = char; _Traits = std::char_traits<char>; _Alloc = std::allocator<char>][m[K’ (near match)
[1.858s]   679 |       [01;36m[Koperator[m[K=(const basic_string& __str)
[1.858s]       |       [01;36m[K^~~~~~~~[m[K
[1.858s] [01m[K/usr/include/c++/11/bits/basic_string.h:679:7:[m[K [01;36m[Knote: [m[K  passing ‘[01m[Kconst string*[m[K’ {aka ‘[01m[Kconst std::__cxx11::basic_string<char>*[m[K’} as ‘[01m[Kthis[m[K’ argument discards qualifiers
[1.858s] [01m[K/usr/include/c++/11/bits/basic_string.h:689:7:[m[K [01;36m[Knote: [m[Kcandidate: ‘[01m[Kstd::__cxx11::basic_string<_CharT, _Traits, _Alloc>& std::__cxx11::basic_string<_CharT, _Traits, _Alloc>::operator=(const _CharT*) [with _CharT = char; _Traits = std::char_traits<char>; _Alloc = std::allocator<char>][m[K’
[1.858s]   689 |       [01;36m[Koperator[m[K=(const _CharT* __s)
[1.858s]       |       [01;36m[K^~~~~~~~[m[K
[1.858s] [01m[K/usr/include/c++/11/bits/basic_string.h:689:31:[m[K [01;36m[Knote: [m[K  no known conversion for argument 1 from ‘[01m[Kconst string[m[K’ {aka ‘[01m[Kconst std::__cxx11::basic_string<char>[m[K’} to ‘[01m[Kconst char*[m[K’
[1.858s]   689 |       operator=([01;36m[Kconst _CharT* __s[m[K)
[1.858s]       |                 [01;36m[K~~~~~~~~~~~~~~^~~[m[K
[1.858s] [01m[K/usr/include/c++/11/bits/basic_string.h:700:7:[m[K [01;36m[Knote: [m[Kcandidate: ‘[01m[Kstd::__cxx11::basic_string<_CharT, _Traits, _Alloc>& std::__cxx11::basic_string<_CharT, _Traits, _Alloc>::operator=(_CharT) [with _CharT = char; _Traits = std::char_traits<char>; _Alloc = std::allocator<char>][m[K’
[1.858s]   700 |       [01;36m[Koperator[m[K=(_CharT __c)
[1.859s]       |       [01;36m[K^~~~~~~~[m[K
[1.859s] [01m[K/usr/include/c++/11/bits/basic_string.h:700:24:[m[K [01;36m[Knote: [m[K  no known conversion for argument 1 from ‘[01m[Kconst string[m[K’ {aka ‘[01m[Kconst std::__cxx11::basic_string<char>[m[K’} to ‘[01m[Kchar[m[K’
[1.859s]   700 |       operator=([01;36m[K_CharT __c[m[K)
[1.859s]       |                 [01;36m[K~~~~~~~^~~[m[K
[1.859s] [01m[K/usr/include/c++/11/bits/basic_string.h:717:7:[m[K [01;36m[Knote: [m[Kcandidate: ‘[01m[Kstd::__cxx11::basic_string<_CharT, _Traits, _Alloc>& std::__cxx11::basic_string<_CharT, _Traits, _Alloc>::operator=(std::__cxx11::basic_string<_CharT, _Traits, _Alloc>&&) [with _CharT = char; _Traits = std::char_traits<char>; _Alloc = std::allocator<char>][m[K’ (near match)
[1.859s]   717 |       [01;36m[Koperator[m[K=(basic_string&& __str)
[1.859s]       |       [01;36m[K^~~~~~~~[m[K
[1.859s] [01m[K/usr/include/c++/11/bits/basic_string.h:717:7:[m[K [01;36m[Knote: [m[K  conversion of argument 1 would be ill-formed:
[1.859s] [01m[K/home/ender/Desktop/dev_ws/src/environment_detection/src/agv_node.cpp:20:66:[m[K [01;31m[Kerror: [m[Kcannot bind rvalue reference of type ‘[01m[Kstd::__cxx11::basic_string<char>&&[m[K’ to lvalue of type ‘[01m[Kconst string[m[K’ {aka ‘[01m[Kconst std::__cxx11::basic_string<char>[m[K’}
[1.859s]    20 |     camera_topic_ = [01;31m[Kthis->get_parameter("camera_topic").as_string()[m[K;
[1.859s]       |                     [01;31m[K~~~~~~~~~~~~~~~~~~~~~~~~~~~~~~~~~~~~~~~~~~~~~^~[m[K
[1.859s] In file included from [01m[K/usr/include/c++/11/string:55[m[K,
[1.859s]                  from [01m[K/usr/include/c++/11/stdexcept:39[m[K,
[1.859s]                  from [01m[K/usr/include/c++/11/system_error:41[m[K,
[1.859s]                  from [01m[K/usr/include/c++/11/mutex:42[m[K,
[1.859s]                  from [01m[K/usr/include/c++/11/future:38[m[K,
[1.859s]                  from [01m[K/opt/ros/humble/include/rclcpp/rclcpp/executors.hpp:18[m[K,
[1.859s]                  from [01m[K/opt/ros/humble/include/rclcpp/rclcpp/rclcpp.hpp:155[m[K,
[1.859s]                  from [01m[K/home/ender/Desktop/dev_ws/src/environment_detection/include/agv_node.hpp:3[m[K,
[1.859s]                  from [01m[K/home/ender/Desktop/dev_ws/src/environment_detection/src/agv_node.cpp:1[m[K:
[1.859s] [01m[K/usr/include/c++/11/bits/basic_string.h:785:7:[m[K [01;36m[Knote: [m[Kcandidate: ‘[01m[Kstd::__cxx11::basic_string<_CharT, _Traits, _Alloc>& std::__cxx11::basic_string<_CharT, _Traits, _Alloc>::operator=(std::initializer_list<_Tp>) [with _CharT = char; _Traits = std::char_traits<char>; _Alloc = std::allocator<char>][m[K’
[1.859s]   785 |       [01;36m[Koperator[m[K=(initializer_list<_CharT> __l)
[1.859s]       |       [01;36m[K^~~~~~~~[m[K
[1.859s] [01m[K/usr/include/c++/11/bits/basic_string.h:785:42:[m[K [01;36m[Knote: [m[K  no known conversion for argument 1 from ‘[01m[Kconst string[m[K’ {aka ‘[01m[Kconst std::__cxx11::basic_string<char>[m[K’} to ‘[01m[Kstd::initializer_list<char>[m[K’
[1.859s]   785 |       operator=([01;36m[Kinitializer_list<_CharT> __l[m[K)
[1.859s]       |                 [01;36m[K~~~~~~~~~~~~~~~~~~~~~~~~~^~~[m[K
[1.859s] [01m[K/home/ender/Desktop/dev_ws/src/environment_detection/src/agv_node.cpp:21:71:[m[K [01;31m[Kerror: [m[Kno match for ‘[01m[Koperator=[m[K’ (operand types are ‘[01m[Kconst string[m[K’ {aka ‘[01m[Kconst std::__cxx11::basic_string<char>[m[K’} and ‘[01m[Kconst string[m[K’ {aka ‘[01m[Kconst std::__cxx11::basic_string<char>[m[K’})
[1.859s]    21 |     odometry_topic_ = this->get_parameter("odometry_topic").as_string([01;31m[K)[m[K;
[1.859s]       |                                                                       [01;31m[K^[m[K
[1.859s] In file included from [01m[K/usr/include/c++/11/string:55[m[K,
[1.859s]                  from [01m[K/usr/include/c++/11/stdexcept:39[m[K,
[1.859s]                  from [01m[K/usr/include/c++/11/system_error:41[m[K,
[1.859s]                  from [01m[K/usr/include/c++/11/mutex:42[m[K,
[1.859s]                  from [01m[K/usr/include/c++/11/future:38[m[K,
[1.859s]                  from [01m[K/opt/ros/humble/include/rclcpp/rclcpp/executors.hpp:18[m[K,
[1.859s]                  from [01m[K/opt/ros/humble/include/rclcpp/rclcpp/rclcpp.hpp:155[m[K,
[1.859s]                  from [01m[K/home/ender/Desktop/dev_ws/src/environment_detection/include/agv_node.hpp:3[m[K,
[1.859s]                  from [01m[K/home/ender/Desktop/dev_ws/src/environment_detection/src/agv_node.cpp:1[m[K:
[1.859s] [01m[K/usr/include/c++/11/bits/basic_string.h:799:8:[m[K [01;36m[Knote: [m[Kcandidate: ‘[01m[Ktemplate<class _Tp> std::__cxx11::basic_string<_CharT, _Traits, _Alloc>::_If_sv<_Tp, std::__cxx11::basic_string<_CharT, _Traits, _Alloc>&> std::__cxx11::basic_string<_CharT, _Traits, _Alloc>::operator=(const _Tp&) [with _Tp = _Tp; _CharT = char; _Traits = std::char_traits<char>; _Alloc = std::allocator<char>][m[K’
[1.859s]   799 |        [01;36m[Koperator[m[K=(const _Tp& __svt)
[1.859s]       |        [01;36m[K^~~~~~~~[m[K
[1.860s] [01m[K/usr/include/c++/11/bits/basic_string.h:799:8:[m[K [01;36m[Knote: [m[K  template argument deduction/substitution failed:
[1.860s] [01m[K/usr/include/c++/11/bits/basic_string.h:679:7:[m[K [01;36m[Knote: [m[Kcandidate: ‘[01m[Kstd::__cxx11::basic_string<_CharT, _Traits, _Alloc>& std::__cxx11::basic_string<_CharT, _Traits, _Alloc>::operator=(const std::__cxx11::basic_string<_CharT, _Traits, _Alloc>&) [with _CharT = char; _Traits = std::char_traits<char>; _Alloc = std::allocator<char>][m[K’ (near match)
[1.860s]   679 |       [01;36m[Koperator[m[K=(const basic_string& __str)
[1.860s]       |       [01;36m[K^~~~~~~~[m[K
[1.860s] [01m[K/usr/include/c++/11/bits/basic_string.h:679:7:[m[K [01;36m[Knote: [m[K  passing ‘[01m[Kconst string*[m[K’ {aka ‘[01m[Kconst std::__cxx11::basic_string<char>*[m[K’} as ‘[01m[Kthis[m[K’ argument discards qualifiers
[1.860s] [01m[K/usr/include/c++/11/bits/basic_string.h:689:7:[m[K [01;36m[Knote: [m[Kcandidate: ‘[01m[Kstd::__cxx11::basic_string<_CharT, _Traits, _Alloc>& std::__cxx11::basic_string<_CharT, _Traits, _Alloc>::operator=(const _CharT*) [with _CharT = char; _Traits = std::char_traits<char>; _Alloc = std::allocator<char>][m[K’
[1.860s]   689 |       [01;36m[Koperator[m[K=(const _CharT* __s)
[1.860s]       |       [01;36m[K^~~~~~~~[m[K
[1.860s] [01m[K/usr/include/c++/11/bits/basic_string.h:689:31:[m[K [01;36m[Knote: [m[K  no known conversion for argument 1 from ‘[01m[Kconst string[m[K’ {aka ‘[01m[Kconst std::__cxx11::basic_string<char>[m[K’} to ‘[01m[Kconst char*[m[K’
[1.860s]   689 |       operator=([01;36m[Kconst _CharT* __s[m[K)
[1.860s]       |                 [01;36m[K~~~~~~~~~~~~~~^~~[m[K
[1.860s] [01m[K/usr/include/c++/11/bits/basic_string.h:700:7:[m[K [01;36m[Knote: [m[Kcandidate: ‘[01m[Kstd::__cxx11::basic_string<_CharT, _Traits, _Alloc>& std::__cxx11::basic_string<_CharT, _Traits, _Alloc>::operator=(_CharT) [with _CharT = char; _Traits = std::char_traits<char>; _Alloc = std::allocator<char>][m[K’
[1.860s]   700 |       [01;36m[Koperator[m[K=(_CharT __c)
[1.860s]       |       [01;36m[K^~~~~~~~[m[K
[1.860s] [01m[K/usr/include/c++/11/bits/basic_string.h:700:24:[m[K [01;36m[Knote: [m[K  no known conversion for argument 1 from ‘[01m[Kconst string[m[K’ {aka ‘[01m[Kconst std::__cxx11::basic_string<char>[m[K’} to ‘[01m[Kchar[m[K’
[1.860s]   700 |       operator=([01;36m[K_CharT __c[m[K)
[1.860s]       |                 [01;36m[K~~~~~~~^~~[m[K
[1.860s] [01m[K/usr/include/c++/11/bits/basic_string.h:717:7:[m[K [01;36m[Knote: [m[Kcandidate: ‘[01m[Kstd::__cxx11::basic_string<_CharT, _Traits, _Alloc>& std::__cxx11::basic_string<_CharT, _Traits, _Alloc>::operator=(std::__cxx11::basic_string<_CharT, _Traits, _Alloc>&&) [with _CharT = char; _Traits = std::char_traits<char>; _Alloc = std::allocator<char>][m[K’ (near match)
[1.860s]   717 |       [01;36m[Koperator[m[K=(basic_string&& __str)
[1.860s]       |       [01;36m[K^~~~~~~~[m[K
[1.860s] [01m[K/usr/include/c++/11/bits/basic_string.h:717:7:[m[K [01;36m[Knote: [m[K  conversion of argument 1 would be ill-formed:
[1.860s] [01m[K/home/ender/Desktop/dev_ws/src/environment_detection/src/agv_node.cpp:21:70:[m[K [01;31m[Kerror: [m[Kcannot bind rvalue reference of type ‘[01m[Kstd::__cxx11::basic_string<char>&&[m[K’ to lvalue of type ‘[01m[Kconst string[m[K’ {aka ‘[01m[Kconst std::__cxx11::basic_string<char>[m[K’}
[1.860s]    21 |     odometry_topic_ = [01;31m[Kthis->get_parameter("odometry_topic").as_string()[m[K;
[1.860s]       |                       [01;31m[K~~~~~~~~~~~~~~~~~~~~~~~~~~~~~~~~~~~~~~~~~~~~~~~^~[m[K
[1.860s] In file included from [01m[K/usr/include/c++/11/string:55[m[K,
[1.860s]                  from [01m[K/usr/include/c++/11/stdexcept:39[m[K,
[1.860s]                  from [01m[K/usr/include/c++/11/system_error:41[m[K,
[1.860s]                  from [01m[K/usr/include/c++/11/mutex:42[m[K,
[1.860s]                  from [01m[K/usr/include/c++/11/future:38[m[K,
[1.860s]                  from [01m[K/opt/ros/humble/include/rclcpp/rclcpp/executors.hpp:18[m[K,
[1.860s]                  from [01m[K/opt/ros/humble/include/rclcpp/rclcpp/rclcpp.hpp:155[m[K,
[1.860s]                  from [01m[K/home/ender/Desktop/dev_ws/src/environment_detection/include/agv_node.hpp:3[m[K,
[1.860s]                  from [01m[K/home/ender/Desktop/dev_ws/src/environment_detection/src/agv_node.cpp:1[m[K:
[1.860s] [01m[K/usr/include/c++/11/bits/basic_string.h:785:7:[m[K [01;36m[Knote: [m[Kcandidate: ‘[01m[Kstd::__cxx11::basic_string<_CharT, _Traits, _Alloc>& std::__cxx11::basic_string<_CharT, _Traits, _Alloc>::operator=(std::initializer_list<_Tp>) [with _CharT = char; _Traits = std::char_traits<char>; _Alloc = std::allocator<char>][m[K’
[1.860s]   785 |       [01;36m[Koperator[m[K=(initializer_list<_CharT> __l)
[1.860s]       |       [01;36m[K^~~~~~~~[m[K
[1.861s] [01m[K/usr/include/c++/11/bits/basic_string.h:785:42:[m[K [01;36m[Knote: [m[K  no known conversion for argument 1 from ‘[01m[Kconst string[m[K’ {aka ‘[01m[Kconst std::__cxx11::basic_string<char>[m[K’} to ‘[01m[Kstd::initializer_list<char>[m[K’
[1.861s]   785 |       operator=([01;36m[Kinitializer_list<_CharT> __l[m[K)
[1.861s]       |                 [01;36m[K~~~~~~~~~~~~~~~~~~~~~~~~~^~~[m[K
[1.861s] [01m[K/home/ender/Desktop/dev_ws/src/environment_detection/src/agv_node.cpp:22:17:[m[K [01;31m[Kerror: [m[Kassignment of read-only variable ‘[01m[KAgvNode::queue_size_[m[K’
[1.861s]    22 |     [01;31m[Kqueue_size_ = this->get_parameter("queue_size").as_int()[m[K;
[1.861s]       |     [01;31m[K~~~~~~~~~~~~^~~~~~~~~~~~~~~~~~~~~~~~~~~~~~~~~~~~~~~~~~~~[m[K
[1.901s] In file included from [01m[K/home/ender/Desktop/dev_ws/src/environment_detection/include/main.hpp:3[m[K,
[1.901s]                  from [01m[K/home/ender/Desktop/dev_ws/src/environment_detection/src/main.cpp:1[m[K:
[1.901s] [01m[K/home/ender/Desktop/dev_ws/src/environment_detection/include/agv_node.hpp:24:34:[m[K [01;31m[Kerror: [m[K‘[01m[Kconstexpr[m[K’ static data member ‘[01m[Kcamera_topic_[m[K’ must have an initializer
[1.901s]    24 | ::string [01;31m[Kcamera_topic_[m[K;
[1.901s]       |          [01;31m[K^~~~~~~~~~~~~[m[K
[1.902s] 
[1.902s] [01m[K/home/ender/Desktop/dev_ws/src/environment_detection/include/agv_node.hpp:25:34:[m[K [01;31m[Kerror: [m[K‘[01m[Kconstexpr[m[K’ static data member ‘[01m[Kodometry_topic_[m[K’ must have an initializer
[1.902s]    25 | ::string [01;31m[Kodometry_topic_[m[K;
[1.902s]       |          [01;31m[K^~~~~~~~~~~~~~~[m[K
[1.902s] 
[1.902s] [01m[K/home/ender/Desktop/dev_ws/src/environment_detection/include/agv_node.hpp:26:26:[m[K [01;31m[Kerror: [m[K‘[01m[Kconstexpr[m[K’ static data member ‘[01m[Kqueue_size_[m[K’ must have an initializer
[1.902s]    26 | atic int [01;31m[Kqueue_size_[m[K;
[1.902s]       |          [01;31m[K^~~~~~~~~~~[m[K
[1.902s] 
[2.585s] gmake[2]: *** [CMakeFiles/environment_detection_node.dir/build.make:76: CMakeFiles/environment_detection_node.dir/src/main.cpp.o] Error 1
[2.586s] gmake[2]: *** Waiting for unfinished jobs....
[3.683s] gmake[2]: *** [CMakeFiles/environment_detection_node.dir/build.make:90: CMakeFiles/environment_detection_node.dir/src/agv_node.cpp.o] Error 1
[3.683s] gmake[1]: *** [CMakeFiles/Makefile2:137: CMakeFiles/environment_detection_node.dir/all] Error 2
[3.683s] gmake: *** [Makefile:146: all] Error 2
[3.685s] Invoked command in '/home/ender/Desktop/dev_ws/build/environment_detection' returned '2': CMAKE_PREFIX_PATH=${CMAKE_PREFIX_PATH}:/home/ender/Desktop/dev_ws/install/nav_controller:/opt/ros/humble /usr/bin/cmake --build /home/ender/Desktop/dev_ws/build/environment_detection -- -j16 -l16
