[01m[K/home/ender/Desktop/dev_ws/src/environment_detection/src/main.cpp:[m[K In member function ‘[01m[Kvoid AgvNode::processState()[m[K’:
[01m[K/home/ender/Desktop/dev_ws/src/environment_detection/src/main.cpp:71:44:[m[K [01;31m[Kerror: [m[Kcannot convert ‘[01m[Kint[m[K’ to ‘[01m[Kstd::vector<cv::Point_<int> >[m[K’
   71 |             showImage(image_to_process, 0, [01;31m[K0[m[K, true);
      |                                            [01;31m[K^[m[K
      |                                            [01;31m[K|[m[K
      |                                            [01;31m[Kint[m[K
[01m[K/home/ender/Desktop/dev_ws/src/environment_detection/src/main.cpp:122:82:[m[K [01;36m[Knote: [m[K  initializing argument 3 of ‘[01m[Kvoid AgvNode::showImage(cv::Mat, int, std::vector<cv::Point_<int> >, bool)[m[K’
  122 |    void showImage(cv::Mat image_to_process, int middle_x, [01;36m[Kstd::vector<cv::Point> main_contour[m[K, bool stop = false){ // cv::Mat ve std::vector<cv::Point> şeklinde güncellendi
      |                                                           [01;36m[K~~~~~~~~~~~~~~~~~~~~~~~^~~~~~~~~~~~[m[K
In file included from [01m[K/usr/include/x86_64-linux-gnu/c++/11/bits/c++allocator.h:33[m[K,
                 from [01m[K/usr/include/c++/11/bits/allocator.h:46[m[K,
                 from [01m[K/usr/include/c++/11/memory:64[m[K,
                 from [01m[K/opt/ros/humble/include/rclcpp/rclcpp/rclcpp.hpp:153[m[K,
                 from [01m[K/home/ender/Desktop/dev_ws/src/environment_detection/src/main.cpp:1[m[K:
/usr/include/c++/11/ext/new_allocator.h: In instantiation of ‘[01m[Kvoid __gnu_cxx::new_allocator<_Tp>::destroy(_Up*) [with _Up = AgvNode; _Tp = AgvNode][m[K’:
[01m[K/usr/include/c++/11/bits/alloc_traits.h:535:15:[m[K   required from ‘[01m[Kstatic void std::allocator_traits<std::allocator<_Tp1> >::destroy(std::allocator_traits<std::allocator<_Tp1> >::allocator_type&, _Up*) [with _Up = AgvNode; _Tp = AgvNode; std::allocator_traits<std::allocator<_Tp1> >::allocator_type = std::allocator<AgvNode>][m[K’
[01m[K/usr/include/c++/11/bits/shared_ptr_base.h:528:35:[m[K   required from ‘[01m[Kvoid std::_Sp_counted_ptr_inplace<_Tp, _Alloc, _Lp>::_M_dispose() [with _Tp = AgvNode; _Alloc = std::allocator<AgvNode>; __gnu_cxx::_Lock_policy _Lp = __gnu_cxx::_S_atomic][m[K’
[01m[K/usr/include/c++/11/bits/shared_ptr_base.h:526:7:[m[K   required from here
[01m[K/usr/include/c++/11/ext/new_allocator.h:168:20:[m[K [01;31m[Kerror: [m[K‘[01m[Kvirtual AgvNode::~AgvNode()[m[K’ is private within this context
  168 |         { [01;31m[K__p->~_Up()[m[K; }
      |           [01;31m[K~~~~~~~~~^~[m[K
[01m[K/home/ender/Desktop/dev_ws/src/environment_detection/src/main.cpp:165:5:[m[K [01;36m[Knote: [m[Kdeclared private here
  165 |     [01;36m[K~[m[KAgvNode() {
      |     [01;36m[K^[m[K
gmake[2]: *** [CMakeFiles/environment_detection_node.dir/build.make:76: CMakeFiles/environment_detection_node.dir/src/main.cpp.o] Error 1
gmake[1]: *** [CMakeFiles/Makefile2:137: CMakeFiles/environment_detection_node.dir/all] Error 2
gmake: *** [Makefile:146: all] Error 2
