[0.159s] Invoking command in '/home/ender/Desktop/dev_ws/build/environment_detection': CMAKE_PREFIX_PATH=${CMAKE_PREFIX_PATH}:/home/ender/Desktop/dev_ws/install/control:/opt/ros/humble /usr/bin/cmake --build /home/ender/Desktop/dev_ws/build/environment_detection -- -j16 -l16
[0.193s] [35m[1mConsolidate compiler generated dependencies of target environment_detection_node[0m
[0.205s] [ 50%] [32mBuilding CXX object CMakeFiles/environment_detection_node.dir/src/main.cpp.o[0m
[1.978s] [01m[K/home/ender/Desktop/dev_ws/src/environment_detection/src/main.cpp:[m[K In member function ‘[01m[Kvoid AgvNode::processState()[m[K’:
[1.978s] [01m[K/home/ender/Desktop/dev_ws/src/environment_detection/src/main.cpp:71:44:[m[K [01;31m[Kerror: [m[Kcannot convert ‘[01m[Kint[m[K’ to ‘[01m[Kstd::vector<cv::Point_<int> >[m[K’
[1.978s]    71 |             showImage(image_to_process, 0, [01;31m[K0[m[K, true);
[1.978s]       |                                            [01;31m[K^[m[K
[1.978s]       |                                            [01;31m[K|[m[K
[1.979s]       |                                            [01;31m[Kint[m[K
[1.979s] [01m[K/home/ender/Desktop/dev_ws/src/environment_detection/src/main.cpp:122:82:[m[K [01;36m[Knote: [m[K  initializing argument 3 of ‘[01m[Kvoid AgvNode::showImage(cv::Mat, int, std::vector<cv::Point_<int> >, bool)[m[K’
[1.979s]   122 |    void showImage(cv::Mat image_to_process, int middle_x, [01;36m[Kstd::vector<cv::Point> main_contour[m[K, bool stop = false){ // cv::Mat ve std::vector<cv::Point> şeklinde güncellendi
[1.979s]       |                                                           [01;36m[K~~~~~~~~~~~~~~~~~~~~~~~^~~~~~~~~~~~[m[K
[3.166s] In file included from [01m[K/usr/include/x86_64-linux-gnu/c++/11/bits/c++allocator.h:33[m[K,
[3.166s]                  from [01m[K/usr/include/c++/11/bits/allocator.h:46[m[K,
[3.166s]                  from [01m[K/usr/include/c++/11/memory:64[m[K,
[3.166s]                  from [01m[K/opt/ros/humble/include/rclcpp/rclcpp/rclcpp.hpp:153[m[K,
[3.166s]                  from [01m[K/home/ender/Desktop/dev_ws/src/environment_detection/src/main.cpp:1[m[K:
[3.166s] /usr/include/c++/11/ext/new_allocator.h: In instantiation of ‘[01m[Kvoid __gnu_cxx::new_allocator<_Tp>::destroy(_Up*) [with _Up = AgvNode; _Tp = AgvNode][m[K’:
[3.166s] [01m[K/usr/include/c++/11/bits/alloc_traits.h:535:15:[m[K   required from ‘[01m[Kstatic void std::allocator_traits<std::allocator<_Tp1> >::destroy(std::allocator_traits<std::allocator<_Tp1> >::allocator_type&, _Up*) [with _Up = AgvNode; _Tp = AgvNode; std::allocator_traits<std::allocator<_Tp1> >::allocator_type = std::allocator<AgvNode>][m[K’
[3.166s] [01m[K/usr/include/c++/11/bits/shared_ptr_base.h:528:35:[m[K   required from ‘[01m[Kvoid std::_Sp_counted_ptr_inplace<_Tp, _Alloc, _Lp>::_M_dispose() [with _Tp = AgvNode; _Alloc = std::allocator<AgvNode>; __gnu_cxx::_Lock_policy _Lp = __gnu_cxx::_S_atomic][m[K’
[3.166s] [01m[K/usr/include/c++/11/bits/shared_ptr_base.h:526:7:[m[K   required from here
[3.166s] [01m[K/usr/include/c++/11/ext/new_allocator.h:168:20:[m[K [01;31m[Kerror: [m[K‘[01m[Kvirtual AgvNode::~AgvNode()[m[K’ is private within this context
[3.166s]   168 |         { [01;31m[K__p->~_Up()[m[K; }
[3.166s]       |           [01;31m[K~~~~~~~~~^~[m[K
[3.166s] [01m[K/home/ender/Desktop/dev_ws/src/environment_detection/src/main.cpp:165:5:[m[K [01;36m[Knote: [m[Kdeclared private here
[3.166s]   165 |     [01;36m[K~[m[KAgvNode() {
[3.166s]       |     [01;36m[K^[m[K
[3.457s] gmake[2]: *** [CMakeFiles/environment_detection_node.dir/build.make:76: CMakeFiles/environment_detection_node.dir/src/main.cpp.o] Error 1
[3.457s] gmake[1]: *** [CMakeFiles/Makefile2:137: CMakeFiles/environment_detection_node.dir/all] Error 2
[3.457s] gmake: *** [Makefile:146: all] Error 2
[3.458s] Invoked command in '/home/ender/Desktop/dev_ws/build/environment_detection' returned '2': CMAKE_PREFIX_PATH=${CMAKE_PREFIX_PATH}:/home/ender/Desktop/dev_ws/install/control:/opt/ros/humble /usr/bin/cmake --build /home/ender/Desktop/dev_ws/build/environment_detection -- -j16 -l16
