[0.150s] Invoking command in '/home/ender/Desktop/dev_ws/build/display_camera': CMAKE_PREFIX_PATH=${CMAKE_PREFIX_PATH}:/opt/ros/humble /usr/bin/cmake --build /home/ender/Desktop/dev_ws/build/display_camera -- -j16 -l16
[0.179s] -- Found ament_cmake: 1.3.10 (/opt/ros/humble/share/ament_cmake/cmake)
[0.254s] -- Override CMake install command with custom implementation using symlinks instead of copying resources
[0.261s] -- Found rclcpp: 16.0.10 (/opt/ros/humble/share/rclcpp/cmake)
[0.281s] -- Found rosidl_generator_c: 3.1.5 (/opt/ros/humble/share/rosidl_generator_c/cmake)
[0.283s] -- Found rosidl_adapter: 3.1.5 (/opt/ros/humble/share/rosidl_adapter/cmake)
[0.288s] -- Found rosidl_generator_cpp: 3.1.5 (/opt/ros/humble/share/rosidl_generator_cpp/cmake)
[0.295s] -- Using all available rosidl_typesupport_c: rosidl_typesupport_fastrtps_c;rosidl_typesupport_introspection_c
[0.303s] -- Using all available rosidl_typesupport_cpp: rosidl_typesupport_fastrtps_cpp;rosidl_typesupport_introspection_cpp
[0.325s] -- Found rmw_implementation_cmake: 6.1.2 (/opt/ros/humble/share/rmw_implementation_cmake/cmake)
[0.327s] -- Found rmw_fastrtps_cpp: 6.2.7 (/opt/ros/humble/share/rmw_fastrtps_cpp/cmake)
[0.404s] -- Using RMW implementation 'rmw_fastrtps_cpp' as default
[0.444s] -- Found sensor_msgs: 4.2.4 (/opt/ros/humble/share/sensor_msgs/cmake)
[0.462s] -- Found nav_msgs: 4.2.4 (/opt/ros/humble/share/nav_msgs/cmake)
[0.479s] -- Found cv_bridge: 3.2.1 (/opt/ros/humble/share/cv_bridge/cmake)
[0.522s] -- Configuring done
[0.531s] -- Generating done
[0.533s] -- Build files have been written to: /home/ender/Desktop/dev_ws/build/display_camera
[0.550s] [35m[1mConsolidate compiler generated dependencies of target display_camera_node[0m
[0.563s] [ 33%] [32mBuilding CXX object CMakeFiles/display_camera_node.dir/src/display_cam.cpp.o[0m
[0.565s] [ 66%] [32mBuilding CXX object CMakeFiles/display_camera_node.dir/src/main.cpp.o[0m
[5.264s] [100%] [32m[1mLinking CXX executable display_camera_node[0m
[5.717s] [100%] Built target display_camera_node
[5.726s] Invoked command in '/home/ender/Desktop/dev_ws/build/display_camera' returned '0': CMAKE_PREFIX_PATH=${CMAKE_PREFIX_PATH}:/opt/ros/humble /usr/bin/cmake --build /home/ender/Desktop/dev_ws/build/display_camera -- -j16 -l16
[5.747s] Invoking command in '/home/ender/Desktop/dev_ws/build/display_camera': CMAKE_PREFIX_PATH=${CMAKE_PREFIX_PATH}:/opt/ros/humble /usr/bin/cmake --install /home/ender/Desktop/dev_ws/build/display_camera
[5.752s] -- Install configuration: ""
[5.752s] -- Execute custom install script
[5.752s] -- Up-to-date symlink: /home/ender/Desktop/dev_ws/install/display_camera/lib/display_camera/display_camera_node
[5.752s] -- Up-to-date symlink: /home/ender/Desktop/dev_ws/install/display_camera/share/ament_index/resource_index/package_run_dependencies/display_camera
[5.752s] -- Up-to-date symlink: /home/ender/Desktop/dev_ws/install/display_camera/share/ament_index/resource_index/parent_prefix_path/display_camera
[5.752s] -- Up-to-date symlink: /home/ender/Desktop/dev_ws/install/display_camera/share/display_camera/environment/ament_prefix_path.sh
[5.752s] -- Up-to-date symlink: /home/ender/Desktop/dev_ws/install/display_camera/share/display_camera/environment/ament_prefix_path.dsv
[5.752s] -- Up-to-date symlink: /home/ender/Desktop/dev_ws/install/display_camera/share/display_camera/environment/path.sh
[5.752s] -- Up-to-date symlink: /home/ender/Desktop/dev_ws/install/display_camera/share/display_camera/environment/path.dsv
[5.752s] -- Up-to-date symlink: /home/ender/Desktop/dev_ws/install/display_camera/share/display_camera/local_setup.bash
[5.752s] -- Up-to-date symlink: /home/ender/Desktop/dev_ws/install/display_camera/share/display_camera/local_setup.sh
[5.753s] -- Up-to-date symlink: /home/ender/Desktop/dev_ws/install/display_camera/share/display_camera/local_setup.zsh
[5.753s] -- Up-to-date symlink: /home/ender/Desktop/dev_ws/install/display_camera/share/display_camera/local_setup.dsv
[5.753s] -- Symlinking: /home/ender/Desktop/dev_ws/install/display_camera/share/display_camera/package.dsv
[5.758s] -- Up-to-date symlink: /home/ender/Desktop/dev_ws/install/display_camera/share/ament_index/resource_index/packages/display_camera
[5.758s] -- Up-to-date symlink: /home/ender/Desktop/dev_ws/install/display_camera/share/display_camera/cmake/display_cameraConfig.cmake
[5.758s] -- Up-to-date symlink: /home/ender/Desktop/dev_ws/install/display_camera/share/display_camera/cmake/display_cameraConfig-version.cmake
[5.758s] -- Up-to-date symlink: /home/ender/Desktop/dev_ws/install/display_camera/share/display_camera/package.xml
[5.759s] Invoked command in '/home/ender/Desktop/dev_ws/build/display_camera' returned '0': CMAKE_PREFIX_PATH=${CMAKE_PREFIX_PATH}:/opt/ros/humble /usr/bin/cmake --install /home/ender/Desktop/dev_ws/build/display_camera
