[0.011s] Invoking command in '/home/ender/Desktop/dev_ws/build/environment_detection': CMAKE_PREFIX_PATH=${CMAKE_PREFIX_PATH}:/home/ender/Desktop/dev_ws/install/nav_controller:/opt/ros/humble /usr/bin/cmake --build /home/ender/Desktop/dev_ws/build/environment_detection -- -j16 -l16
[0.042s] [35m[1mConsolidate compiler generated dependencies of target environment_detection_node[0m
[0.053s] [ 50%] [32mBuilding CXX object CMakeFiles/environment_detection_node.dir/src/main.cpp.o[0m
[1.341s] [01m[K/home/ender/Desktop/dev_ws/src/environment_detection/src/main.cpp:7:5:[m[K [01;31m[Kerror: [m[KISO C++ forbids declaration of ‘[01m[KHelloWorldNode[m[K’ with no type [[01;31m[K]8;;https://gcc.gnu.org/onlinedocs/gcc/Warning-Options.html#index-fpermissive-fpermissive]8;;[m[K]
[1.341s]     7 |     [01;31m[KHelloWorldNode[m[K() : Node("hello_world_node")
[1.341s]       |     [01;31m[K^~~~~~~~~~~~~~[m[K
[1.342s] [01m[K/home/ender/Desktop/dev_ws/src/environment_detection/src/main.cpp:[m[K In member function ‘[01m[Kint environment_detection_node::HelloWorldNode()[m[K’:
[1.342s] [01m[K/home/ender/Desktop/dev_ws/src/environment_detection/src/main.cpp:7:24:[m[K [01;31m[Kerror: [m[Konly constructors take member initializers
[1.342s]     7 | HelloWorldNode() : [01;31m[KNode[m[K("hello_world_node")
[1.342s]       |                    [01;31m[K^~~~[m[K
[1.342s] 
[1.342s] [01m[K/home/ender/Desktop/dev_ws/src/environment_detection/src/main.cpp:10:5:[m[K [01;35m[Kwarning: [m[Kno return statement in function returning non-void [[01;35m[K]8;;https://gcc.gnu.org/onlinedocs/gcc/Warning-Options.html#index-Wreturn-type-Wreturn-type]8;;[m[K]
[1.342s]    10 |     [01;35m[K}[m[K
[1.342s]       |     [01;35m[K^[m[K
[1.545s] In file included from [01m[K/usr/include/x86_64-linux-gnu/c++/11/bits/c++allocator.h:33[m[K,
[1.545s]                  from [01m[K/usr/include/c++/11/bits/allocator.h:46[m[K,
[1.545s]                  from [01m[K/usr/include/c++/11/memory:64[m[K,
[1.545s]                  from [01m[K/opt/ros/humble/include/rclcpp/rclcpp/rclcpp.hpp:153[m[K,
[1.545s]                  from [01m[K/home/ender/Desktop/dev_ws/src/environment_detection/src/main.cpp:1[m[K:
[1.545s] /usr/include/c++/11/ext/new_allocator.h: In instantiation of ‘[01m[Kvoid __gnu_cxx::new_allocator<_Tp>::construct(_Up*, _Args&& ...) [with _Up = environment_detection_node; _Args = {}; _Tp = environment_detection_node][m[K’:
[1.545s] [01m[K/usr/include/c++/11/bits/alloc_traits.h:516:17:[m[K   required from ‘[01m[Kstatic void std::allocator_traits<std::allocator<_Tp1> >::construct(std::allocator_traits<std::allocator<_Tp1> >::allocator_type&, _Up*, _Args&& ...) [with _Up = environment_detection_node; _Args = {}; _Tp = environment_detection_node; std::allocator_traits<std::allocator<_Tp1> >::allocator_type = std::allocator<environment_detection_node>][m[K’
[1.546s] [01m[K/usr/include/c++/11/bits/shared_ptr_base.h:519:39:[m[K   required from ‘[01m[Kstd::_Sp_counted_ptr_inplace<_Tp, _Alloc, _Lp>::_Sp_counted_ptr_inplace(_Alloc, _Args&& ...) [with _Args = {}; _Tp = environment_detection_node; _Alloc = std::allocator<environment_detection_node>; __gnu_cxx::_Lock_policy _Lp = __gnu_cxx::_S_atomic][m[K’
[1.546s] [01m[K/usr/include/c++/11/bits/shared_ptr_base.h:650:16:[m[K   required from ‘[01m[Kstd::__shared_count<_Lp>::__shared_count(_Tp*&, std::_Sp_alloc_shared_tag<_Alloc>, _Args&& ...) [with _Tp = environment_detection_node; _Alloc = std::allocator<environment_detection_node>; _Args = {}; __gnu_cxx::_Lock_policy _Lp = __gnu_cxx::_S_atomic][m[K’
[1.546s] [01m[K/usr/include/c++/11/bits/shared_ptr_base.h:1342:14:[m[K   required from ‘[01m[Kstd::__shared_ptr<_Tp, _Lp>::__shared_ptr(std::_Sp_alloc_shared_tag<_Tp>, _Args&& ...) [with _Alloc = std::allocator<environment_detection_node>; _Args = {}; _Tp = environment_detection_node; __gnu_cxx::_Lock_policy _Lp = __gnu_cxx::_S_atomic][m[K’
[1.546s] [01m[K/usr/include/c++/11/bits/shared_ptr.h:409:59:[m[K   required from ‘[01m[Kstd::shared_ptr<_Tp>::shared_ptr(std::_Sp_alloc_shared_tag<_Tp>, _Args&& ...) [with _Alloc = std::allocator<environment_detection_node>; _Args = {}; _Tp = environment_detection_node][m[K’
[1.546s] [01m[K/usr/include/c++/11/bits/shared_ptr.h:862:14:[m[K   required from ‘[01m[Kstd::shared_ptr<_Tp> std::allocate_shared(const _Alloc&, _Args&& ...) [with _Tp = environment_detection_node; _Alloc = std::allocator<environment_detection_node>; _Args = {}][m[K’
[1.546s] [01m[K/usr/include/c++/11/bits/shared_ptr.h:878:39:[m[K   required from ‘[01m[Kstd::shared_ptr<_Tp> std::make_shared(_Args&& ...) [with _Tp = environment_detection_node; _Args = {}][m[K’
[1.546s] [01m[K/home/ender/Desktop/dev_ws/src/environment_detection/src/main.cpp:17:2:[m[K   required from here
[1.546s] [01m[K/usr/include/c++/11/ext/new_allocator.h:162:11:[m[K [01;31m[Kerror: [m[Kuse of deleted function ‘[01m[Kenvironment_detection_node::environment_detection_node()[m[K’
[1.546s]   162 |         { [01;31m[K::new((void *)__p) _Up(std::forward<_Args>(__args)...)[m[K; }
[1.546s]       |           [01;31m[K^~~~~~~~~~~~~~~~~~~~~~~~~~~~~~~~~~~~~~~~~~~~~~~~~~~~~~[m[K
[1.546s] [01m[K/home/ender/Desktop/dev_ws/src/environment_detection/src/main.cpp:3:7:[m[K [01;36m[Knote: [m[K‘[01m[Kenvironment_detection_node::environment_detection_node()[m[K’ is implicitly deleted because the default definition would be ill-formed:
[1.546s]     3 | class [01;36m[Kenvironment_detection_node[m[K
[1.546s]       |       [01;36m[K^~~~~~~~~~~~~~~~~~~~~~~~~~[m[K
[1.546s] [01m[K/home/ender/Desktop/dev_ws/src/environment_detection/src/main.cpp:3:7:[m[K [01;31m[Kerror: [m[Kno matching function for call to ‘[01m[Krclcpp::Node::Node()[m[K’
[1.546s] In file included from [01m[K/opt/ros/humble/include/rclcpp/rclcpp/executors/single_threaded_executor.hpp:28[m[K,
[1.546s]                  from [01m[K/opt/ros/humble/include/rclcpp/rclcpp/executors.hpp:22[m[K,
[1.547s]                  from [01m[K/opt/ros/humble/include/rclcpp/rclcpp/rclcpp.hpp:155[m[K,
[1.547s]                  from [01m[K/home/ender/Desktop/dev_ws/src/environment_detection/src/main.cpp:1[m[K:
[1.547s] [01m[K/opt/ros/humble/include/rclcpp/rclcpp/node.hpp:1294:3:[m[K [01;36m[Knote: [m[Kcandidate: ‘[01m[Krclcpp::Node::Node(const rclcpp::Node&, const string&)[m[K’
[1.547s]  1294 |   [01;36m[KNode[m[K(
[1.547s]       |   [01;36m[K^~~~[m[K
[1.547s] [01m[K/opt/ros/humble/include/rclcpp/rclcpp/node.hpp:1294:3:[m[K [01;36m[Knote: [m[K  candidate expects 2 arguments, 0 provided
[1.547s] [01m[K/opt/ros/humble/include/rclcpp/rclcpp/node.hpp:101:12:[m[K [01;36m[Knote: [m[Kcandidate: ‘[01m[Krclcpp::Node::Node(const string&, const string&, const rclcpp::NodeOptions&)[m[K’
[1.547s]   101 |   explicit [01;36m[KNode[m[K(
[1.547s]       |            [01;36m[K^~~~[m[K
[1.547s] [01m[K/opt/ros/humble/include/rclcpp/rclcpp/node.hpp:101:12:[m[K [01;36m[Knote: [m[K  candidate expects 3 arguments, 0 provided
[1.547s] [01m[K/opt/ros/humble/include/rclcpp/rclcpp/node.hpp:89:12:[m[K [01;36m[Knote: [m[Kcandidate: ‘[01m[Krclcpp::Node::Node(const string&, const rclcpp::NodeOptions&)[m[K’
[1.547s]    89 |   explicit [01;36m[KNode[m[K(
[1.547s]       |            [01;36m[K^~~~[m[K
[1.547s] [01m[K/opt/ros/humble/include/rclcpp/rclcpp/node.hpp:89:12:[m[K [01;36m[Knote: [m[K  candidate expects 2 arguments, 0 provided
[1.582s] gmake[2]: *** [CMakeFiles/environment_detection_node.dir/build.make:76: CMakeFiles/environment_detection_node.dir/src/main.cpp.o] Error 1
[1.582s] gmake[1]: *** [CMakeFiles/Makefile2:137: CMakeFiles/environment_detection_node.dir/all] Error 2
[1.582s] gmake: *** [Makefile:146: all] Error 2
[1.584s] Invoked command in '/home/ender/Desktop/dev_ws/build/environment_detection' returned '2': CMAKE_PREFIX_PATH=${CMAKE_PREFIX_PATH}:/home/ender/Desktop/dev_ws/install/nav_controller:/opt/ros/humble /usr/bin/cmake --build /home/ender/Desktop/dev_ws/build/environment_detection -- -j16 -l16
