[0.012s] Invoking command in '/home/ender/Desktop/dev_ws/build/my_bot': CMAKE_PREFIX_PATH=${CMAKE_PREFIX_PATH}:/home/ender/Desktop/dev_ws/install/nav_controller:/opt/ros/humble /usr/bin/cmake --build /home/ender/Desktop/dev_ws/build/my_bot -- -j16 -l16
[0.157s] Invoked command in '/home/ender/Desktop/dev_ws/build/my_bot' returned '0': CMAKE_PREFIX_PATH=${CMAKE_PREFIX_PATH}:/home/ender/Desktop/dev_ws/install/nav_controller:/opt/ros/humble /usr/bin/cmake --build /home/ender/Desktop/dev_ws/build/my_bot -- -j16 -l16
[0.182s] Invoking command in '/home/ender/Desktop/dev_ws/build/my_bot': CMAKE_PREFIX_PATH=${CMAKE_PREFIX_PATH}:/home/ender/Desktop/dev_ws/install/nav_controller:/opt/ros/humble /usr/bin/cmake --install /home/ender/Desktop/dev_ws/build/my_bot
[0.188s] -- Install configuration: ""
[0.188s] -- Up-to-date: /home/ender/Desktop/dev_ws/install/my_bot/share/my_bot/meshes
[0.188s] -- Up-to-date: /home/ender/Desktop/dev_ws/install/my_bot/share/my_bot/meshes/right_wheel.STL
[0.188s] -- Up-to-date: /home/ender/Desktop/dev_ws/install/my_bot/share/my_bot/meshes/base_link.STL
[0.188s] -- Up-to-date: /home/ender/Desktop/dev_ws/install/my_bot/share/my_bot/meshes/lidar_link.STL
[0.188s] -- Up-to-date: /home/ender/Desktop/dev_ws/install/my_bot/share/my_bot/meshes/left_wheel.STL
[0.189s] -- Up-to-date: /home/ender/Desktop/dev_ws/install/my_bot/share/my_bot/config
[0.189s] -- Up-to-date: /home/ender/Desktop/dev_ws/install/my_bot/share/my_bot/config/empty.yaml
[0.189s] -- Up-to-date: /home/ender/Desktop/dev_ws/install/my_bot/share/my_bot/config/twist_mux.yaml
[0.189s] -- Up-to-date: /home/ender/Desktop/dev_ws/install/my_bot/share/my_bot/config/joystick.yaml
[0.189s] -- Up-to-date: /home/ender/Desktop/dev_ws/install/my_bot/share/my_bot/config/nav2_params.yaml
[0.190s] -- Up-to-date: /home/ender/Desktop/dev_ws/install/my_bot/share/my_bot/config/mapper_params_online_async.yaml
[0.190s] -- Up-to-date: /home/ender/Desktop/dev_ws/install/my_bot/share/my_bot/config/gazebo_params.yaml
[0.190s] -- Up-to-date: /home/ender/Desktop/dev_ws/install/my_bot/share/my_bot/config/view_bot.rviz
[0.190s] -- Up-to-date: /home/ender/Desktop/dev_ws/install/my_bot/share/my_bot/description
[0.191s] -- Up-to-date: /home/ender/Desktop/dev_ws/install/my_bot/share/my_bot/description/robot.urdf.xacro
[0.191s] -- Up-to-date: /home/ender/Desktop/dev_ws/install/my_bot/share/my_bot/description/gazebo_control.xacro
[0.191s] -- Up-to-date: /home/ender/Desktop/dev_ws/install/my_bot/share/my_bot/description/agv.urdf.xacro
[0.191s] -- Up-to-date: /home/ender/Desktop/dev_ws/install/my_bot/share/my_bot/launch
[0.191s] -- Up-to-date: /home/ender/Desktop/dev_ws/install/my_bot/share/my_bot/launch/online_async_launch.py
[0.191s] -- Up-to-date: /home/ender/Desktop/dev_ws/install/my_bot/share/my_bot/launch/navigation_launch.py
[0.191s] -- Up-to-date: /home/ender/Desktop/dev_ws/install/my_bot/share/my_bot/launch/rsp.launch.py
[0.192s] -- Up-to-date: /home/ender/Desktop/dev_ws/install/my_bot/share/my_bot/launch/launch_sim.launch.py
[0.192s] -- Up-to-date: /home/ender/Desktop/dev_ws/install/my_bot/share/my_bot/launch/joystick.launch.py
[0.192s] -- Up-to-date: /home/ender/Desktop/dev_ws/install/my_bot/share/my_bot/launch/localization_launch.py
[0.192s] -- Up-to-date: /home/ender/Desktop/dev_ws/install/my_bot/share/my_bot/worlds
[0.192s] -- Up-to-date: /home/ender/Desktop/dev_ws/install/my_bot/share/my_bot/worlds/test.world
[0.192s] -- Up-to-date: /home/ender/Desktop/dev_ws/install/my_bot/share/my_bot/worlds/empty.world
[0.192s] -- Up-to-date: /home/ender/Desktop/dev_ws/install/my_bot/share/my_bot/worlds/obstacles.world
[0.192s] -- Up-to-date: /home/ender/Desktop/dev_ws/install/my_bot/share/ament_index/resource_index/package_run_dependencies/my_bot
[0.192s] -- Up-to-date: /home/ender/Desktop/dev_ws/install/my_bot/share/ament_index/resource_index/parent_prefix_path/my_bot
[0.193s] -- Up-to-date: /home/ender/Desktop/dev_ws/install/my_bot/share/my_bot/environment/ament_prefix_path.sh
[0.193s] -- Up-to-date: /home/ender/Desktop/dev_ws/install/my_bot/share/my_bot/environment/ament_prefix_path.dsv
[0.193s] -- Up-to-date: /home/ender/Desktop/dev_ws/install/my_bot/share/my_bot/environment/path.sh
[0.193s] -- Up-to-date: /home/ender/Desktop/dev_ws/install/my_bot/share/my_bot/environment/path.dsv
[0.193s] -- Up-to-date: /home/ender/Desktop/dev_ws/install/my_bot/share/my_bot/local_setup.bash
[0.193s] -- Up-to-date: /home/ender/Desktop/dev_ws/install/my_bot/share/my_bot/local_setup.sh
[0.194s] -- Up-to-date: /home/ender/Desktop/dev_ws/install/my_bot/share/my_bot/local_setup.zsh
[0.194s] -- Up-to-date: /home/ender/Desktop/dev_ws/install/my_bot/share/my_bot/local_setup.dsv
[0.194s] -- Installing: /home/ender/Desktop/dev_ws/install/my_bot/share/my_bot/package.dsv
[0.195s] -- Up-to-date: /home/ender/Desktop/dev_ws/install/my_bot/share/ament_index/resource_index/packages/my_bot
[0.195s] -- Up-to-date: /home/ender/Desktop/dev_ws/install/my_bot/share/my_bot/cmake/my_botConfig.cmake
[0.196s] -- Up-to-date: /home/ender/Desktop/dev_ws/install/my_bot/share/my_bot/cmake/my_botConfig-version.cmake
[0.196s] -- Up-to-date: /home/ender/Desktop/dev_ws/install/my_bot/share/my_bot/package.xml
[0.197s] Invoked command in '/home/ender/Desktop/dev_ws/build/my_bot' returned '0': CMAKE_PREFIX_PATH=${CMAKE_PREFIX_PATH}:/home/ender/Desktop/dev_ws/install/nav_controller:/opt/ros/humble /usr/bin/cmake --install /home/ender/Desktop/dev_ws/build/my_bot
