[0.011s] Invoking command in '/home/ender/Desktop/dev_ws/build/environment_detection': CMAKE_PREFIX_PATH=${CMAKE_PREFIX_PATH}:/home/ender/Desktop/dev_ws/install/nav_controller:/opt/ros/humble /usr/bin/cmake --build /home/ender/Desktop/dev_ws/build/environment_detection -- -j16 -l16
[0.025s] -- Found ament_cmake: 1.3.10 (/opt/ros/humble/share/ament_cmake/cmake)
[0.101s] -- Found rclcpp: 16.0.10 (/opt/ros/humble/share/rclcpp/cmake)
[0.118s] -- Found rosidl_generator_c: 3.1.5 (/opt/ros/humble/share/rosidl_generator_c/cmake)
[0.121s] -- Found rosidl_adapter: 3.1.5 (/opt/ros/humble/share/rosidl_adapter/cmake)
[0.124s] -- Found rosidl_generator_cpp: 3.1.5 (/opt/ros/humble/share/rosidl_generator_cpp/cmake)
[0.129s] -- Using all available rosidl_typesupport_c: rosidl_typesupport_fastrtps_c;rosidl_typesupport_introspection_c
[0.136s] -- Using all available rosidl_typesupport_cpp: rosidl_typesupport_fastrtps_cpp;rosidl_typesupport_introspection_cpp
[0.154s] -- Found rmw_implementation_cmake: 6.1.2 (/opt/ros/humble/share/rmw_implementation_cmake/cmake)
[0.155s] -- Found rmw_fastrtps_cpp: 6.2.7 (/opt/ros/humble/share/rmw_fastrtps_cpp/cmake)
[0.236s] -- Using RMW implementation 'rmw_fastrtps_cpp' as default
[0.268s] -- Found sensor_msgs: 4.2.4 (/opt/ros/humble/share/sensor_msgs/cmake)
[0.284s] -- Found nav_msgs: 4.2.4 (/opt/ros/humble/share/nav_msgs/cmake)
[0.299s] -- Found OpenCV: /usr (found version "4.5.4") 
[0.348s] -- Configuring done
[0.355s] -- Generating done
[0.356s] -- Build files have been written to: /home/ender/Desktop/dev_ws/build/environment_detection
[0.374s] [35m[1mConsolidate compiler generated dependencies of target environment_detection_node[0m
[0.387s] [ 50%] [32mBuilding CXX object CMakeFiles/environment_detection_node.dir/src/main.cpp.o[0m
[5.902s] [100%] [32m[1mLinking CXX executable environment_detection_node[0m
[6.179s] [100%] Built target environment_detection_node
[6.189s] Invoked command in '/home/ender/Desktop/dev_ws/build/environment_detection' returned '0': CMAKE_PREFIX_PATH=${CMAKE_PREFIX_PATH}:/home/ender/Desktop/dev_ws/install/nav_controller:/opt/ros/humble /usr/bin/cmake --build /home/ender/Desktop/dev_ws/build/environment_detection -- -j16 -l16
[6.207s] Invoking command in '/home/ender/Desktop/dev_ws/build/environment_detection': CMAKE_PREFIX_PATH=${CMAKE_PREFIX_PATH}:/home/ender/Desktop/dev_ws/install/nav_controller:/opt/ros/humble /usr/bin/cmake --install /home/ender/Desktop/dev_ws/build/environment_detection
[6.212s] -- Install configuration: ""
[6.213s] -- Installing: /home/ender/Desktop/dev_ws/install/environment_detection/lib/environment_detection/environment_detection_node
[6.214s] -- Set runtime path of "/home/ender/Desktop/dev_ws/install/environment_detection/lib/environment_detection/environment_detection_node" to ""
[6.214s] -- Up-to-date: /home/ender/Desktop/dev_ws/install/environment_detection/share/ament_index/resource_index/package_run_dependencies/environment_detection
[6.214s] -- Up-to-date: /home/ender/Desktop/dev_ws/install/environment_detection/share/ament_index/resource_index/parent_prefix_path/environment_detection
[6.215s] -- Up-to-date: /home/ender/Desktop/dev_ws/install/environment_detection/share/environment_detection/environment/ament_prefix_path.sh
[6.215s] -- Installing: /home/ender/Desktop/dev_ws/install/environment_detection/share/environment_detection/environment/ament_prefix_path.dsv
[6.215s] -- Up-to-date: /home/ender/Desktop/dev_ws/install/environment_detection/share/environment_detection/environment/path.sh
[6.215s] -- Installing: /home/ender/Desktop/dev_ws/install/environment_detection/share/environment_detection/environment/path.dsv
[6.215s] -- Up-to-date: /home/ender/Desktop/dev_ws/install/environment_detection/share/environment_detection/local_setup.bash
[6.215s] -- Up-to-date: /home/ender/Desktop/dev_ws/install/environment_detection/share/environment_detection/local_setup.sh
[6.215s] -- Up-to-date: /home/ender/Desktop/dev_ws/install/environment_detection/share/environment_detection/local_setup.zsh
[6.215s] -- Installing: /home/ender/Desktop/dev_ws/install/environment_detection/share/environment_detection/local_setup.dsv
[6.215s] -- Installing: /home/ender/Desktop/dev_ws/install/environment_detection/share/environment_detection/package.dsv
[6.215s] -- Up-to-date: /home/ender/Desktop/dev_ws/install/environment_detection/share/ament_index/resource_index/packages/environment_detection
[6.215s] -- Up-to-date: /home/ender/Desktop/dev_ws/install/environment_detection/share/environment_detection/cmake/environment_detectionConfig.cmake
[6.216s] -- Up-to-date: /home/ender/Desktop/dev_ws/install/environment_detection/share/environment_detection/cmake/environment_detectionConfig-version.cmake
[6.216s] -- Up-to-date: /home/ender/Desktop/dev_ws/install/environment_detection/share/environment_detection/package.xml
[6.216s] Invoked command in '/home/ender/Desktop/dev_ws/build/environment_detection' returned '0': CMAKE_PREFIX_PATH=${CMAKE_PREFIX_PATH}:/home/ender/Desktop/dev_ws/install/nav_controller:/opt/ros/humble /usr/bin/cmake --install /home/ender/Desktop/dev_ws/build/environment_detection
