[0.012s] Invoking command in '/home/ender/Desktop/dev_ws/build/environment_detection': CMAKE_PREFIX_PATH=${CMAKE_PREFIX_PATH}:/home/ender/Desktop/dev_ws/install/nav_controller:/opt/ros/humble /usr/bin/cmake --build /home/ender/Desktop/dev_ws/build/environment_detection -- -j16 -l16
[0.025s] -- Found ament_cmake: 1.3.10 (/opt/ros/humble/share/ament_cmake/cmake)
[0.103s] -- Override CMake install command with custom implementation using symlinks instead of copying resources
[0.107s] [31mCMake Error at CMakeLists.txt:13 (add_subdirectory):
[0.107s]   The source directory
[0.107s] 
[0.107s]     /home/ender/Desktop/dev_ws/src/environment_detection/core
[0.107s] 
[0.107s]   does not contain a CMakeLists.txt file.
[0.107s] 
[0.107s] [0m
[0.108s] [0mCMake Error: File /home/ender/Desktop/dev_ws/src/environment_detection/application/package.xml does not exist.[0m
[0.108s] [31mCMake Error at /opt/ros/humble/share/ament_cmake_core/cmake/core/stamp.cmake:24 (configure_file):
[0.108s]   configure_file Problem configuring file
[0.108s] Call Stack (most recent call first):
[0.108s]   /opt/ros/humble/share/ament_cmake_core/cmake/core/ament_package_xml.cmake:73 (stamp)
[0.108s]   /opt/ros/humble/share/ament_cmake_core/cmake/core/ament_package_xml.cmake:49 (_ament_package_xml)
[0.108s]   /opt/ros/humble/share/ament_cmake_core/cmake/core/ament_package.cmake:63 (ament_package_xml)
[0.108s]   application/CMakeLists.txt:25 (ament_package)
[0.108s] 
[0.108s] [0m
[0.149s] -- Configuring incomplete, errors occurred!
[0.149s] See also "/home/ender/Desktop/dev_ws/build/environment_detection/CMakeFiles/CMakeOutput.log".
[0.150s] gmake: *** [Makefile:138: cmake_check_build_system] Error 1
[0.165s] Invoked command in '/home/ender/Desktop/dev_ws/build/environment_detection' returned '2': CMAKE_PREFIX_PATH=${CMAKE_PREFIX_PATH}:/home/ender/Desktop/dev_ws/install/nav_controller:/opt/ros/humble /usr/bin/cmake --build /home/ender/Desktop/dev_ws/build/environment_detection -- -j16 -l16
