[0.154s] Invoking command in '/home/ender/Desktop/dev_ws/build/display_camera': CMAKE_PREFIX_PATH=${CMAKE_PREFIX_PATH}:/home/ender/Desktop/dev_ws/install/control:/opt/ros/humble /usr/bin/cmake --build /home/ender/Desktop/dev_ws/build/display_camera -- -j16 -l16
[0.198s] [100%] Built target display_camera_node
[0.204s] Invoked command in '/home/ender/Desktop/dev_ws/build/display_camera' returned '0': CMAKE_PREFIX_PATH=${CMAKE_PREFIX_PATH}:/home/ender/Desktop/dev_ws/install/control:/opt/ros/humble /usr/bin/cmake --build /home/ender/Desktop/dev_ws/build/display_camera -- -j16 -l16
[0.224s] Invoking command in '/home/ender/Desktop/dev_ws/build/display_camera': CMAKE_PREFIX_PATH=${CMAKE_PREFIX_PATH}:/home/ender/Desktop/dev_ws/install/control:/opt/ros/humble /usr/bin/cmake --install /home/ender/Desktop/dev_ws/build/display_camera
[0.231s] -- Install configuration: ""
[0.231s] -- Execute custom install script
[0.231s] -- Up-to-date symlink: /home/ender/Desktop/dev_ws/install/display_camera/lib/display_camera/display_camera_node
[0.232s] -- Up-to-date symlink: /home/ender/Desktop/dev_ws/install/display_camera/share/ament_index/resource_index/package_run_dependencies/display_camera
[0.232s] -- Up-to-date symlink: /home/ender/Desktop/dev_ws/install/display_camera/share/ament_index/resource_index/parent_prefix_path/display_camera
[0.232s] -- Up-to-date symlink: /home/ender/Desktop/dev_ws/install/display_camera/share/display_camera/environment/ament_prefix_path.sh
[0.232s] -- Up-to-date symlink: /home/ender/Desktop/dev_ws/install/display_camera/share/display_camera/environment/ament_prefix_path.dsv
[0.233s] -- Up-to-date symlink: /home/ender/Desktop/dev_ws/install/display_camera/share/display_camera/environment/path.sh
[0.233s] -- Up-to-date symlink: /home/ender/Desktop/dev_ws/install/display_camera/share/display_camera/environment/path.dsv
[0.234s] -- Up-to-date symlink: /home/ender/Desktop/dev_ws/install/display_camera/share/display_camera/local_setup.bash
[0.235s] -- Up-to-date symlink: /home/ender/Desktop/dev_ws/install/display_camera/share/display_camera/local_setup.sh
[0.235s] -- Up-to-date symlink: /home/ender/Desktop/dev_ws/install/display_camera/share/display_camera/local_setup.zsh
[0.235s] -- Up-to-date symlink: /home/ender/Desktop/dev_ws/install/display_camera/share/display_camera/local_setup.dsv
[0.236s] -- Symlinking: /home/ender/Desktop/dev_ws/install/display_camera/share/display_camera/package.dsv
[0.239s] -- Up-to-date symlink: /home/ender/Desktop/dev_ws/install/display_camera/share/ament_index/resource_index/packages/display_camera
[0.239s] -- Up-to-date symlink: /home/ender/Desktop/dev_ws/install/display_camera/share/display_camera/cmake/display_cameraConfig.cmake
[0.239s] -- Up-to-date symlink: /home/ender/Desktop/dev_ws/install/display_camera/share/display_camera/cmake/display_cameraConfig-version.cmake
[0.239s] -- Up-to-date symlink: /home/ender/Desktop/dev_ws/install/display_camera/share/display_camera/package.xml
[0.249s] Invoked command in '/home/ender/Desktop/dev_ws/build/display_camera' returned '0': CMAKE_PREFIX_PATH=${CMAKE_PREFIX_PATH}:/home/ender/Desktop/dev_ws/install/control:/opt/ros/humble /usr/bin/cmake --install /home/ender/Desktop/dev_ws/build/display_camera
