[0.009s] Invoking command in '/home/ender/Desktop/dev_ws/build/environment_detection': CMAKE_PREFIX_PATH=/opt/ros/humble /usr/bin/cmake /home/ender/Desktop/dev_ws/src/environment_detection -DCMAKE_INSTALL_PREFIX=/home/ender/Desktop/dev_ws/install/environment_detection
[0.078s] -- The C compiler identification is GNU 11.4.0
[0.129s] -- The CXX compiler identification is GNU 11.4.0
[0.135s] -- Detecting C compiler ABI info
[0.189s] -- Detecting C compiler ABI info - done
[0.196s] -- Check for working C compiler: /usr/bin/cc - skipped
[0.197s] -- Detecting C compile features
[0.197s] -- Detecting C compile features - done
[0.199s] -- Detecting CXX compiler ABI info
[0.250s] -- Detecting CXX compiler ABI info - done
[0.254s] -- Check for working CXX compiler: /usr/bin/c++ - skipped
[0.254s] -- Detecting CXX compile features
[0.254s] -- Detecting CXX compile features - done
[0.256s] -- Found ament_cmake: 1.3.10 (/opt/ros/humble/share/ament_cmake/cmake)
[0.356s] -- Found Python3: /usr/bin/python3 (found version "3.10.12") found components: Interpreter 
[0.409s] -- Found rclcpp: 16.0.10 (/opt/ros/humble/share/rclcpp/cmake)
[0.442s] -- Found rosidl_generator_c: 3.1.5 (/opt/ros/humble/share/rosidl_generator_c/cmake)
[0.447s] -- Found rosidl_adapter: 3.1.5 (/opt/ros/humble/share/rosidl_adapter/cmake)
[0.453s] -- Found rosidl_generator_cpp: 3.1.5 (/opt/ros/humble/share/rosidl_generator_cpp/cmake)
[0.462s] -- Using all available rosidl_typesupport_c: rosidl_typesupport_fastrtps_c;rosidl_typesupport_introspection_c
[0.474s] -- Using all available rosidl_typesupport_cpp: rosidl_typesupport_fastrtps_cpp;rosidl_typesupport_introspection_cpp
[0.503s] -- Found rmw_implementation_cmake: 6.1.2 (/opt/ros/humble/share/rmw_implementation_cmake/cmake)
[0.505s] -- Found rmw_fastrtps_cpp: 6.2.7 (/opt/ros/humble/share/rmw_fastrtps_cpp/cmake)
[0.565s] -- Found OpenSSL: /usr/lib/x86_64-linux-gnu/libcrypto.so (found version "3.0.2")  
[0.583s] -- Found FastRTPS: /opt/ros/humble/include  
[0.608s] -- Using RMW implementation 'rmw_fastrtps_cpp' as default
[0.616s] -- Looking for pthread.h
[0.661s] -- Looking for pthread.h - found
[0.661s] -- Performing Test CMAKE_HAVE_LIBC_PTHREAD
[0.706s] -- Performing Test CMAKE_HAVE_LIBC_PTHREAD - Success
[0.707s] -- Found Threads: TRUE  
[0.739s] -- Found ament_lint_auto: 0.12.11 (/opt/ros/humble/share/ament_lint_auto/cmake)
[0.784s] -- Added test 'lint_cmake' to check CMake code style
[0.785s] -- Added test 'xmllint' to check XML markup files
[0.786s] -- Configuring done
[0.788s] -- Generating done
[0.788s] -- Build files have been written to: /home/ender/Desktop/dev_ws/build/environment_detection
[0.795s] Invoked command in '/home/ender/Desktop/dev_ws/build/environment_detection' returned '0': CMAKE_PREFIX_PATH=/opt/ros/humble /usr/bin/cmake /home/ender/Desktop/dev_ws/src/environment_detection -DCMAKE_INSTALL_PREFIX=/home/ender/Desktop/dev_ws/install/environment_detection
[0.796s] Invoking command in '/home/ender/Desktop/dev_ws/build/environment_detection': CMAKE_PREFIX_PATH=/opt/ros/humble /usr/bin/cmake --build /home/ender/Desktop/dev_ws/build/environment_detection -- -j16 -l16
[0.823s] Invoked command in '/home/ender/Desktop/dev_ws/build/environment_detection' returned '0': CMAKE_PREFIX_PATH=/opt/ros/humble /usr/bin/cmake --build /home/ender/Desktop/dev_ws/build/environment_detection -- -j16 -l16
[0.840s] Invoking command in '/home/ender/Desktop/dev_ws/build/environment_detection': CMAKE_PREFIX_PATH=/opt/ros/humble /usr/bin/cmake --install /home/ender/Desktop/dev_ws/build/environment_detection
[0.845s] -- Install configuration: ""
[0.845s] -- Installing: /home/ender/Desktop/dev_ws/install/environment_detection/share/ament_index/resource_index/package_run_dependencies/environment_detection
[0.845s] -- Installing: /home/ender/Desktop/dev_ws/install/environment_detection/share/ament_index/resource_index/parent_prefix_path/environment_detection
[0.845s] -- Installing: /home/ender/Desktop/dev_ws/install/environment_detection/share/environment_detection/environment/ament_prefix_path.sh
[0.845s] -- Installing: /home/ender/Desktop/dev_ws/install/environment_detection/share/environment_detection/environment/ament_prefix_path.dsv
[0.845s] -- Installing: /home/ender/Desktop/dev_ws/install/environment_detection/share/environment_detection/environment/path.sh
[0.845s] -- Installing: /home/ender/Desktop/dev_ws/install/environment_detection/share/environment_detection/environment/path.dsv
[0.845s] -- Installing: /home/ender/Desktop/dev_ws/install/environment_detection/share/environment_detection/local_setup.bash
[0.846s] -- Installing: /home/ender/Desktop/dev_ws/install/environment_detection/share/environment_detection/local_setup.sh
[0.846s] -- Installing: /home/ender/Desktop/dev_ws/install/environment_detection/share/environment_detection/local_setup.zsh
[0.846s] -- Installing: /home/ender/Desktop/dev_ws/install/environment_detection/share/environment_detection/local_setup.dsv
[0.846s] -- Installing: /home/ender/Desktop/dev_ws/install/environment_detection/share/environment_detection/package.dsv
[0.846s] -- Installing: /home/ender/Desktop/dev_ws/install/environment_detection/share/ament_index/resource_index/packages/environment_detection
[0.846s] -- Installing: /home/ender/Desktop/dev_ws/install/environment_detection/share/environment_detection/cmake/environment_detectionConfig.cmake
[0.846s] -- Installing: /home/ender/Desktop/dev_ws/install/environment_detection/share/environment_detection/cmake/environment_detectionConfig-version.cmake
[0.846s] -- Installing: /home/ender/Desktop/dev_ws/install/environment_detection/share/environment_detection/package.xml
[0.848s] Invoked command in '/home/ender/Desktop/dev_ws/build/environment_detection' returned '0': CMAKE_PREFIX_PATH=/opt/ros/humble /usr/bin/cmake --install /home/ender/Desktop/dev_ws/build/environment_detection
