/home/ender/Desktop/dev_ws/install/nav_controller/lib/python3.10/site-packages/nav_controller/control.py
/home/ender/Desktop/dev_ws/install/nav_controller/lib/python3.10/site-packages/nav_controller/replay_buffer.py
/home/ender/Desktop/dev_ws/install/nav_controller/lib/python3.10/site-packages/nav_controller/deneme.py
/home/ender/Desktop/dev_ws/install/nav_controller/lib/python3.10/site-packages/nav_controller/__init__.py
/home/ender/Desktop/dev_ws/install/nav_controller/lib/python3.10/site-packages/nav_controller/point_cloud2.py
/home/ender/Desktop/dev_ws/install/nav_controller/lib/python3.10/site-packages/nav_controller/display_map.py
/home/ender/Desktop/dev_ws/install/nav_controller/lib/python3.10/site-packages/nav_controller/__pycache__/control.cpython-310.pyc
/home/ender/Desktop/dev_ws/install/nav_controller/lib/python3.10/site-packages/nav_controller/__pycache__/replay_buffer.cpython-310.pyc
/home/ender/Desktop/dev_ws/install/nav_controller/lib/python3.10/site-packages/nav_controller/__pycache__/deneme.cpython-310.pyc
/home/ender/Desktop/dev_ws/install/nav_controller/lib/python3.10/site-packages/nav_controller/__pycache__/__init__.cpython-310.pyc
/home/ender/Desktop/dev_ws/install/nav_controller/lib/python3.10/site-packages/nav_controller/__pycache__/point_cloud2.cpython-310.pyc
/home/ender/Desktop/dev_ws/install/nav_controller/lib/python3.10/site-packages/nav_controller/__pycache__/display_map.cpython-310.pyc
/home/ender/Desktop/dev_ws/install/nav_controller/share/ament_index/resource_index/packages/nav_controller
/home/ender/Desktop/dev_ws/install/nav_controller/share/nav_controller/package.xml
/home/ender/Desktop/dev_ws/install/nav_controller/lib/python3.10/site-packages/nav_controller-0.0.0-py3.10.egg-info/top_level.txt
/home/ender/Desktop/dev_ws/install/nav_controller/lib/python3.10/site-packages/nav_controller-0.0.0-py3.10.egg-info/SOURCES.txt
/home/ender/Desktop/dev_ws/install/nav_controller/lib/python3.10/site-packages/nav_controller-0.0.0-py3.10.egg-info/dependency_links.txt
/home/ender/Desktop/dev_ws/install/nav_controller/lib/python3.10/site-packages/nav_controller-0.0.0-py3.10.egg-info/PKG-INFO
/home/ender/Desktop/dev_ws/install/nav_controller/lib/python3.10/site-packages/nav_controller-0.0.0-py3.10.egg-info/requires.txt
/home/ender/Desktop/dev_ws/install/nav_controller/lib/python3.10/site-packages/nav_controller-0.0.0-py3.10.egg-info/zip-safe
/home/ender/Desktop/dev_ws/install/nav_controller/lib/python3.10/site-packages/nav_controller-0.0.0-py3.10.egg-info/entry_points.txt
/home/ender/Desktop/dev_ws/install/nav_controller/lib/nav_controller/control
/home/ender/Desktop/dev_ws/install/nav_controller/lib/nav_controller/display_map
