[35m[1mConsolidate compiler generated dependencies of target environment_detection_node[0m
[ 50%] [32mBuilding CXX object CMakeFiles/environment_detection_node.dir/src/main.cpp.o[0m
[01m[K/home/ender/Desktop/dev_ws/src/environment_detection/src/main.cpp:[m[K In constructor ‘[01m[KAgvNode::AgvNode()[m[K’:
[01m[K/home/ender/Desktop/dev_ws/src/environment_detection/src/main.cpp:36:85:[m[K [01;31m[Kerror: [m[K‘[01m[KTwistToic[m[K’ was not declared in this scope; did you mean ‘[01m[KTwistTopic[m[K’?
   36 | lisher_     = this->create_publisher<geometry_msgs::msg::Twist>([01;31m[KTwistToic[m[K,
      |                                                                 [01;31m[K^~~~~~~~~[m[K
      |                                                                 [32m[KTwistTopic[m[K
[01m[K/home/ender/Desktop/dev_ws/src/environment_detection/src/main.cpp:[m[K In member function ‘[01m[Kvoid AgvNode::image_callback(sensor_msgs::msg::Image_<std::allocator<void> >::SharedPtr)[m[K’:
[01m[K/home/ender/Desktop/dev_ws/src/environment_detection/src/main.cpp:87:25:[m[K [01;31m[Kerror: [m[K‘[01m[KImageProcessing[m[K’ is not a member of ‘[01m[KAgvNode::State[m[K’
   87 |         state_ = State::[01;31m[KImageProcessing[m[K;
      |                         [01;31m[K^~~~~~~~~~~~~~~[m[K
[01m[K/home/ender/Desktop/dev_ws/src/environment_detection/src/main.cpp:92:25:[m[K [01;31m[Kerror: [m[K‘[01m[KError[m[K’ is not a member of ‘[01m[KAgvNode::State[m[K’
   92 |         state_ = State::[01;31m[KError[m[K;
      |                         [01;31m[K^~~~~[m[K
[01m[K/home/ender/Desktop/dev_ws/src/environment_detection/src/main.cpp:[m[K In member function ‘[01m[Kvoid AgvNode::state_machine()[m[K’:
[01m[K/home/ender/Desktop/dev_ws/src/environment_detection/src/main.cpp:108:33:[m[K [01;31m[Kerror: [m[K‘[01m[KImageProcessing[m[K’ is not a member of ‘[01m[KAgvNode::State[m[K’
  108 |     if (state_.load() != State::[01;31m[KImageProcessing[m[K)
      |                                 [01;31m[K^~~~~~~~~~~~~~~[m[K
gmake[2]: *** [CMakeFiles/environment_detection_node.dir/build.make:76: CMakeFiles/environment_detection_node.dir/src/main.cpp.o] Error 1
gmake[1]: *** [CMakeFiles/Makefile2:137: CMakeFiles/environment_detection_node.dir/all] Error 2
gmake: *** [Makefile:146: all] Error 2
