[0.009s] Invoking command in '/home/ender/Desktop/dev_ws/build/display_camera': CMAKE_PREFIX_PATH=${CMAKE_PREFIX_PATH}:/opt/ros/humble /usr/bin/cmake /home/ender/Desktop/dev_ws/src/display_camera -DAMENT_CMAKE_SYMLINK_INSTALL=1 -DCMAKE_INSTALL_PREFIX=/home/ender/Desktop/dev_ws/install/display_camera
[0.063s] -- The C compiler identification is GNU 11.4.0
[0.099s] -- The CXX compiler identification is GNU 11.4.0
[0.106s] -- Detecting C compiler ABI info
[0.154s] -- Detecting C compiler ABI info - done
[0.158s] -- Check for working C compiler: /usr/bin/cc - skipped
[0.158s] -- Detecting C compile features
[0.159s] -- Detecting C compile features - done
[0.161s] -- Detecting CXX compiler ABI info
[0.212s] -- Detecting CXX compiler ABI info - done
[0.217s] -- Check for working CXX compiler: /usr/bin/c++ - skipped
[0.218s] -- Detecting CXX compile features
[0.218s] -- Detecting CXX compile features - done
[0.220s] -- Found ament_cmake: 1.3.10 (/opt/ros/humble/share/ament_cmake/cmake)
[0.324s] -- Found Python3: /usr/bin/python3 (found version "3.10.12") found components: Interpreter 
[0.361s] -- Override CMake install command with custom implementation using symlinks instead of copying resources
[0.383s] -- Found rclcpp: 16.0.10 (/opt/ros/humble/share/rclcpp/cmake)
[0.415s] -- Found rosidl_generator_c: 3.1.5 (/opt/ros/humble/share/rosidl_generator_c/cmake)
[0.418s] -- Found rosidl_adapter: 3.1.5 (/opt/ros/humble/share/rosidl_adapter/cmake)
[0.426s] -- Found rosidl_generator_cpp: 3.1.5 (/opt/ros/humble/share/rosidl_generator_cpp/cmake)
[0.435s] -- Using all available rosidl_typesupport_c: rosidl_typesupport_fastrtps_c;rosidl_typesupport_introspection_c
[0.450s] -- Using all available rosidl_typesupport_cpp: rosidl_typesupport_fastrtps_cpp;rosidl_typesupport_introspection_cpp
[0.484s] -- Found rmw_implementation_cmake: 6.1.2 (/opt/ros/humble/share/rmw_implementation_cmake/cmake)
[0.485s] -- Found rmw_fastrtps_cpp: 6.2.7 (/opt/ros/humble/share/rmw_fastrtps_cpp/cmake)
[0.545s] -- Found OpenSSL: /usr/lib/x86_64-linux-gnu/libcrypto.so (found version "3.0.2")  
[0.561s] -- Found FastRTPS: /opt/ros/humble/include  
[0.586s] -- Using RMW implementation 'rmw_fastrtps_cpp' as default
[0.592s] -- Looking for pthread.h
[0.643s] -- Looking for pthread.h - found
[0.644s] -- Performing Test CMAKE_HAVE_LIBC_PTHREAD
[0.693s] -- Performing Test CMAKE_HAVE_LIBC_PTHREAD - Success
[0.693s] -- Found Threads: TRUE  
[0.726s] -- Found sensor_msgs: 4.2.4 (/opt/ros/humble/share/sensor_msgs/cmake)
[0.747s] -- Found cv_bridge: 3.2.1 (/opt/ros/humble/share/cv_bridge/cmake)
[0.754s] [31mCMake Error at /opt/ros/humble/share/ament_cmake_target_dependencies/cmake/ament_target_dependencies.cmake:42 (message):
[0.754s]   ament_target_dependencies() the first argument must be a valid target name
[0.754s] Call Stack (most recent call first):
[0.754s]   CMakeLists.txt:23 (ament_target_dependencies)
[0.754s] 
[0.754s] [0m
[0.754s] -- Configuring incomplete, errors occurred!
[0.754s] See also "/home/ender/Desktop/dev_ws/build/display_camera/CMakeFiles/CMakeOutput.log".
[0.760s] Invoked command in '/home/ender/Desktop/dev_ws/build/display_camera' returned '1': CMAKE_PREFIX_PATH=${CMAKE_PREFIX_PATH}:/opt/ros/humble /usr/bin/cmake /home/ender/Desktop/dev_ws/src/display_camera -DAMENT_CMAKE_SYMLINK_INSTALL=1 -DCMAKE_INSTALL_PREFIX=/home/ender/Desktop/dev_ws/install/display_camera
