-- Found ament_cmake: 1.3.10 (/opt/ros/humble/share/ament_cmake/cmake)
-- Override CMake install command with custom implementation using symlinks instead of copying resources
-- Found rclcpp: 16.0.10 (/opt/ros/humble/share/rclcpp/cmake)
-- Found rosidl_generator_c: 3.1.5 (/opt/ros/humble/share/rosidl_generator_c/cmake)
-- Found rosidl_adapter: 3.1.5 (/opt/ros/humble/share/rosidl_adapter/cmake)
-- Found rosidl_generator_cpp: 3.1.5 (/opt/ros/humble/share/rosidl_generator_cpp/cmake)
-- Using all available rosidl_typesupport_c: rosidl_typesupport_fastrtps_c;rosidl_typesupport_introspection_c
-- Using all available rosidl_typesupport_cpp: rosidl_typesupport_fastrtps_cpp;rosidl_typesupport_introspection_cpp
-- Found rmw_implementation_cmake: 6.1.2 (/opt/ros/humble/share/rmw_implementation_cmake/cmake)
-- Found rmw_fastrtps_cpp: 6.2.7 (/opt/ros/humble/share/rmw_fastrtps_cpp/cmake)
-- Using RMW implementation 'rmw_fastrtps_cpp' as default
-- Found sensor_msgs: 4.2.4 (/opt/ros/humble/share/sensor_msgs/cmake)
-- Found nav_msgs: 4.2.4 (/opt/ros/humble/share/nav_msgs/cmake)
-- Configuring done
-- Generating done
-- Build files have been written to: /home/ender/Desktop/dev_ws/build/environment_detection
[35m[1mConsolidate compiler generated dependencies of target environment_detection_node[0m
[ 50%] [32m[1mLinking CXX executable environment_detection_node[0m
[100%] Built target environment_detection_node
-- Install configuration: ""
-- Execute custom install script
-- Symlinking: /home/ender/Desktop/dev_ws/install/environment_detection/lib/environment_detection/environment_detection_node
-- Symlinking: /home/ender/Desktop/dev_ws/install/environment_detection/share/ament_index/resource_index/package_run_dependencies/environment_detection
-- Symlinking: /home/ender/Desktop/dev_ws/install/environment_detection/share/ament_index/resource_index/parent_prefix_path/environment_detection
-- Symlinking: /home/ender/Desktop/dev_ws/install/environment_detection/share/environment_detection/environment/ament_prefix_path.sh
-- Symlinking: /home/ender/Desktop/dev_ws/install/environment_detection/share/environment_detection/environment/ament_prefix_path.dsv
-- Symlinking: /home/ender/Desktop/dev_ws/install/environment_detection/share/environment_detection/environment/path.sh
-- Symlinking: /home/ender/Desktop/dev_ws/install/environment_detection/share/environment_detection/environment/path.dsv
-- Symlinking: /home/ender/Desktop/dev_ws/install/environment_detection/share/environment_detection/local_setup.bash
-- Symlinking: /home/ender/Desktop/dev_ws/install/environment_detection/share/environment_detection/local_setup.sh
-- Symlinking: /home/ender/Desktop/dev_ws/install/environment_detection/share/environment_detection/local_setup.zsh
-- Symlinking: /home/ender/Desktop/dev_ws/install/environment_detection/share/environment_detection/local_setup.dsv
-- Symlinking: /home/ender/Desktop/dev_ws/install/environment_detection/share/environment_detection/package.dsv
-- Symlinking: /home/ender/Desktop/dev_ws/install/environment_detection/share/ament_index/resource_index/packages/environment_detection
-- Symlinking: /home/ender/Desktop/dev_ws/install/environment_detection/share/environment_detection/cmake/environment_detectionConfig.cmake
-- Symlinking: /home/ender/Desktop/dev_ws/install/environment_detection/share/environment_detection/cmake/environment_detectionConfig-version.cmake
-- Symlinking: /home/ender/Desktop/dev_ws/install/environment_detection/share/environment_detection/package.xml
