[0.011s] Invoking command in '/home/ender/Desktop/dev_ws/build/environment_detection': CMAKE_PREFIX_PATH=${CMAKE_PREFIX_PATH}:/home/ender/Desktop/dev_ws/install/nav_controller:/opt/ros/humble /usr/bin/cmake --build /home/ender/Desktop/dev_ws/build/environment_detection -- -j16 -l16
[0.028s] -- Found ament_cmake: 1.3.10 (/opt/ros/humble/share/ament_cmake/cmake)
[0.102s] -- Override CMake install command with custom implementation using symlinks instead of copying resources
[0.105s] -- Found rclcpp: 16.0.10 (/opt/ros/humble/share/rclcpp/cmake)
[0.124s] -- Found rosidl_generator_c: 3.1.5 (/opt/ros/humble/share/rosidl_generator_c/cmake)
[0.125s] -- Found rosidl_adapter: 3.1.5 (/opt/ros/humble/share/rosidl_adapter/cmake)
[0.128s] -- Found rosidl_generator_cpp: 3.1.5 (/opt/ros/humble/share/rosidl_generator_cpp/cmake)
[0.133s] -- Using all available rosidl_typesupport_c: rosidl_typesupport_fastrtps_c;rosidl_typesupport_introspection_c
[0.140s] -- Using all available rosidl_typesupport_cpp: rosidl_typesupport_fastrtps_cpp;rosidl_typesupport_introspection_cpp
[0.163s] -- Found rmw_implementation_cmake: 6.1.2 (/opt/ros/humble/share/rmw_implementation_cmake/cmake)
[0.164s] -- Found rmw_fastrtps_cpp: 6.2.7 (/opt/ros/humble/share/rmw_fastrtps_cpp/cmake)
[0.234s] -- Using RMW implementation 'rmw_fastrtps_cpp' as default
[0.262s] -- Found sensor_msgs: 4.2.4 (/opt/ros/humble/share/sensor_msgs/cmake)
[0.278s] -- Found nav_msgs: 4.2.4 (/opt/ros/humble/share/nav_msgs/cmake)
[0.291s] -- Found cv_bridge: 3.2.1 (/opt/ros/humble/share/cv_bridge/cmake)
[0.335s] -- Configuring done
[0.337s] [31mCMake Error at CMakeLists.txt:18 (add_library):
[0.337s]   Cannot find source file:
[0.337s] 
[0.337s]     core/src/core_component.cpp
[0.337s] 
[0.337s]   Tried extensions .c .C .c++ .cc .cpp .cxx .cu .mpp .m .M .mm .ixx .cppm .h
[0.337s]   .hh .h++ .hm .hpp .hxx .in .txx .f .F .for .f77 .f90 .f95 .f03 .hip .ispc
[0.337s] 
[0.337s] [0m
[0.337s] [31mCMake Error at CMakeLists.txt:27 (add_library):
[0.337s]   Cannot find source file:
[0.337s] 
[0.337s]     application/src/application_component.cpp
[0.338s] 
[0.338s]   Tried extensions .c .C .c++ .cc .cpp .cxx .cu .mpp .m .M .mm .ixx .cppm .h
[0.338s]   .hh .h++ .hm .hpp .hxx .in .txx .f .F .for .f77 .f90 .f95 .f03 .hip .ispc
[0.338s] 
[0.338s] [0m
[0.338s] [31mCMake Error at CMakeLists.txt:36 (add_executable):
[0.338s]   Cannot find source file:
[0.338s] 
[0.338s]     src/main.cpp
[0.338s] 
[0.338s]   Tried extensions .c .C .c++ .cc .cpp .cxx .cu .mpp .m .M .mm .ixx .cppm .h
[0.338s]   .hh .h++ .hm .hpp .hxx .in .txx .f .F .for .f77 .f90 .f95 .f03 .hip .ispc
[0.338s] 
[0.338s] [0m
[0.339s] [31mCMake Error at CMakeLists.txt:18 (add_library):
[0.339s]   No SOURCES given to target: core_library
[0.339s] 
[0.339s] [0m
[0.339s] [31mCMake Error at CMakeLists.txt:27 (add_library):
[0.339s]   No SOURCES given to target: application_library
[0.339s] 
[0.339s] [0m
[0.339s] [31mCMake Error at CMakeLists.txt:36 (add_executable):
[0.339s]   No SOURCES given to target: environment_detection_node
[0.339s] 
[0.339s] [0m
[0.339s] [0mCMake Generate step failed.  Build files cannot be regenerated correctly.[0m
[0.342s] gmake: *** [Makefile:138: cmake_check_build_system] Error 1
[0.344s] Invoked command in '/home/ender/Desktop/dev_ws/build/environment_detection' returned '2': CMAKE_PREFIX_PATH=${CMAKE_PREFIX_PATH}:/home/ender/Desktop/dev_ws/install/nav_controller:/opt/ros/humble /usr/bin/cmake --build /home/ender/Desktop/dev_ws/build/environment_detection -- -j16 -l16
