[0.079s] DEBUG:colcon:Command line arguments: ['/usr/bin/colcon', 'build']
[0.079s] DEBUG:colcon:Parsed command line arguments: Namespace(log_base=None, log_level=None, verb_name='build', build_base='build', install_base='install', merge_install=False, symlink_install=False, test_result_base=None, continue_on_error=False, executor='parallel', parallel_workers=16, event_handlers=None, ignore_user_meta=False, metas=['./colcon.meta'], base_paths=['.'], packages_ignore=None, packages_ignore_regex=None, paths=None, packages_up_to=None, packages_up_to_regex=None, packages_above=None, packages_above_and_dependencies=None, packages_above_depth=None, packages_select_by_dep=None, packages_skip_by_dep=None, packages_skip_up_to=None, packages_select_build_failed=False, packages_skip_build_finished=False, packages_select_test_failures=False, packages_skip_test_passed=False, packages_select=None, packages_skip=None, packages_select_regex=None, packages_skip_regex=None, packages_start=None, packages_end=None, allow_overriding=[], cmake_args=None, cmake_target=None, cmake_target_skip_unavailable=False, cmake_clean_cache=False, cmake_clean_first=False, cmake_force_configure=False, ament_cmake_args=None, catkin_cmake_args=None, catkin_skip_building_tests=False, mixin_files=None, mixin=None, verb_parser=<colcon_mixin.mixin.mixin_argument.MixinArgumentDecorator object at 0x7d198bd47520>, verb_extension=<colcon_core.verb.build.BuildVerb object at 0x7d198be4bca0>, main=<bound method BuildVerb.main of <colcon_core.verb.build.BuildVerb object at 0x7d198be4bca0>>, mixin_verb=('build',))
[0.165s] Level 1:colcon.colcon_core.package_discovery:discover_packages(colcon_meta) check parameters
[0.166s] Level 1:colcon.colcon_core.package_discovery:discover_packages(recursive) check parameters
[0.166s] Level 1:colcon.colcon_core.package_discovery:discover_packages(ignore) check parameters
[0.166s] Level 1:colcon.colcon_core.package_discovery:discover_packages(path) check parameters
[0.166s] Level 1:colcon.colcon_core.package_discovery:discover_packages(colcon_meta) discover
[0.166s] Level 1:colcon.colcon_core.package_discovery:discover_packages(recursive) discover
[0.166s] INFO:colcon.colcon_core.package_discovery:Crawling recursively for packages in '/home/ender/Desktop/dev_ws'
[0.166s] Level 1:colcon.colcon_core.package_identification:_identify(.) by extensions ['ignore', 'ignore_ament_install']
[0.166s] Level 1:colcon.colcon_core.package_identification:_identify(.) by extension 'ignore'
[0.166s] Level 1:colcon.colcon_core.package_identification:_identify(.) by extension 'ignore_ament_install'
[0.166s] Level 1:colcon.colcon_core.package_identification:_identify(.) by extensions ['colcon_pkg']
[0.166s] Level 1:colcon.colcon_core.package_identification:_identify(.) by extension 'colcon_pkg'
[0.166s] Level 1:colcon.colcon_core.package_identification:_identify(.) by extensions ['colcon_meta']
[0.166s] Level 1:colcon.colcon_core.package_identification:_identify(.) by extension 'colcon_meta'
[0.166s] Level 1:colcon.colcon_core.package_identification:_identify(.) by extensions ['ros']
[0.166s] Level 1:colcon.colcon_core.package_identification:_identify(.) by extension 'ros'
[0.173s] Level 1:colcon.colcon_core.package_identification:_identify(.) by extensions ['cmake', 'python']
[0.173s] Level 1:colcon.colcon_core.package_identification:_identify(.) by extension 'cmake'
[0.173s] Level 1:colcon.colcon_core.package_identification:_identify(.) by extension 'python'
[0.173s] Level 1:colcon.colcon_core.package_identification:_identify(.) by extensions ['python_setup_py']
[0.173s] Level 1:colcon.colcon_core.package_identification:_identify(.) by extension 'python_setup_py'
[0.173s] Level 1:colcon.colcon_core.package_identification:_identify(build) by extensions ['ignore', 'ignore_ament_install']
[0.173s] Level 1:colcon.colcon_core.package_identification:_identify(build) by extension 'ignore'
[0.173s] Level 1:colcon.colcon_core.package_identification:_identify(build) ignored
[0.173s] Level 1:colcon.colcon_core.package_identification:_identify(install) by extensions ['ignore', 'ignore_ament_install']
[0.173s] Level 1:colcon.colcon_core.package_identification:_identify(install) by extension 'ignore'
[0.173s] Level 1:colcon.colcon_core.package_identification:_identify(install) ignored
[0.174s] Level 1:colcon.colcon_core.package_identification:_identify(log) by extensions ['ignore', 'ignore_ament_install']
[0.174s] Level 1:colcon.colcon_core.package_identification:_identify(log) by extension 'ignore'
[0.174s] Level 1:colcon.colcon_core.package_identification:_identify(log) ignored
[0.174s] Level 1:colcon.colcon_core.package_identification:_identify(src) by extensions ['ignore', 'ignore_ament_install']
[0.174s] Level 1:colcon.colcon_core.package_identification:_identify(src) by extension 'ignore'
[0.174s] Level 1:colcon.colcon_core.package_identification:_identify(src) by extension 'ignore_ament_install'
[0.174s] Level 1:colcon.colcon_core.package_identification:_identify(src) by extensions ['colcon_pkg']
[0.174s] Level 1:colcon.colcon_core.package_identification:_identify(src) by extension 'colcon_pkg'
[0.174s] Level 1:colcon.colcon_core.package_identification:_identify(src) by extensions ['colcon_meta']
[0.174s] Level 1:colcon.colcon_core.package_identification:_identify(src) by extension 'colcon_meta'
[0.174s] Level 1:colcon.colcon_core.package_identification:_identify(src) by extensions ['ros']
[0.174s] Level 1:colcon.colcon_core.package_identification:_identify(src) by extension 'ros'
[0.174s] Level 1:colcon.colcon_core.package_identification:_identify(src) by extensions ['cmake', 'python']
[0.174s] Level 1:colcon.colcon_core.package_identification:_identify(src) by extension 'cmake'
[0.174s] Level 1:colcon.colcon_core.package_identification:_identify(src) by extension 'python'
[0.174s] Level 1:colcon.colcon_core.package_identification:_identify(src) by extensions ['python_setup_py']
[0.174s] Level 1:colcon.colcon_core.package_identification:_identify(src) by extension 'python_setup_py'
[0.174s] Level 1:colcon.colcon_core.package_identification:_identify(src/display_camera) by extensions ['ignore', 'ignore_ament_install']
[0.174s] Level 1:colcon.colcon_core.package_identification:_identify(src/display_camera) by extension 'ignore'
[0.174s] Level 1:colcon.colcon_core.package_identification:_identify(src/display_camera) by extension 'ignore_ament_install'
[0.174s] Level 1:colcon.colcon_core.package_identification:_identify(src/display_camera) by extensions ['colcon_pkg']
[0.174s] Level 1:colcon.colcon_core.package_identification:_identify(src/display_camera) by extension 'colcon_pkg'
[0.174s] Level 1:colcon.colcon_core.package_identification:_identify(src/display_camera) by extensions ['colcon_meta']
[0.174s] Level 1:colcon.colcon_core.package_identification:_identify(src/display_camera) by extension 'colcon_meta'
[0.174s] Level 1:colcon.colcon_core.package_identification:_identify(src/display_camera) by extensions ['ros']
[0.174s] Level 1:colcon.colcon_core.package_identification:_identify(src/display_camera) by extension 'ros'
[0.176s] DEBUG:colcon.colcon_core.package_identification:Package 'src/display_camera' with type 'ros.ament_cmake' and name 'display_camera'
[0.176s] Level 1:colcon.colcon_core.package_identification:_identify(src/environment_detection) by extensions ['ignore', 'ignore_ament_install']
[0.176s] Level 1:colcon.colcon_core.package_identification:_identify(src/environment_detection) by extension 'ignore'
[0.176s] Level 1:colcon.colcon_core.package_identification:_identify(src/environment_detection) by extension 'ignore_ament_install'
[0.176s] Level 1:colcon.colcon_core.package_identification:_identify(src/environment_detection) by extensions ['colcon_pkg']
[0.176s] Level 1:colcon.colcon_core.package_identification:_identify(src/environment_detection) by extension 'colcon_pkg'
[0.176s] Level 1:colcon.colcon_core.package_identification:_identify(src/environment_detection) by extensions ['colcon_meta']
[0.176s] Level 1:colcon.colcon_core.package_identification:_identify(src/environment_detection) by extension 'colcon_meta'
[0.176s] Level 1:colcon.colcon_core.package_identification:_identify(src/environment_detection) by extensions ['ros']
[0.176s] Level 1:colcon.colcon_core.package_identification:_identify(src/environment_detection) by extension 'ros'
[0.177s] DEBUG:colcon.colcon_core.package_identification:Package 'src/environment_detection' with type 'ros.ament_cmake' and name 'environment_detection'
[0.177s] Level 1:colcon.colcon_core.package_identification:_identify(src/my_bot) by extensions ['ignore', 'ignore_ament_install']
[0.177s] Level 1:colcon.colcon_core.package_identification:_identify(src/my_bot) by extension 'ignore'
[0.177s] Level 1:colcon.colcon_core.package_identification:_identify(src/my_bot) by extension 'ignore_ament_install'
[0.177s] Level 1:colcon.colcon_core.package_identification:_identify(src/my_bot) by extensions ['colcon_pkg']
[0.177s] Level 1:colcon.colcon_core.package_identification:_identify(src/my_bot) by extension 'colcon_pkg'
[0.177s] Level 1:colcon.colcon_core.package_identification:_identify(src/my_bot) by extensions ['colcon_meta']
[0.177s] Level 1:colcon.colcon_core.package_identification:_identify(src/my_bot) by extension 'colcon_meta'
[0.177s] Level 1:colcon.colcon_core.package_identification:_identify(src/my_bot) by extensions ['ros']
[0.177s] Level 1:colcon.colcon_core.package_identification:_identify(src/my_bot) by extension 'ros'
[0.178s] DEBUG:colcon.colcon_core.package_identification:Package 'src/my_bot' with type 'ros.ament_cmake' and name 'my_bot'
[0.178s] Level 1:colcon.colcon_core.package_discovery:discover_packages(recursive) using defaults
[0.178s] Level 1:colcon.colcon_core.package_discovery:discover_packages(ignore) discover
[0.178s] Level 1:colcon.colcon_core.package_discovery:discover_packages(ignore) using defaults
[0.178s] Level 1:colcon.colcon_core.package_discovery:discover_packages(path) discover
[0.178s] Level 1:colcon.colcon_core.package_discovery:discover_packages(path) using defaults
[0.207s] Level 1:colcon.colcon_core.package_discovery:discover_packages(prefix_path) check parameters
[0.207s] Level 1:colcon.colcon_core.package_discovery:discover_packages(prefix_path) discover
[0.210s] DEBUG:colcon.colcon_installed_package_information.package_discovery:Found 3 installed packages in /home/ender/Desktop/dev_ws/install
[0.210s] DEBUG:colcon.colcon_installed_package_information.package_discovery:Found 387 installed packages in /opt/ros/humble
[0.211s] Level 1:colcon.colcon_core.package_discovery:discover_packages(prefix_path) using defaults
[0.237s] Level 5:colcon.colcon_core.verb:set package 'display_camera' build argument 'cmake_args' from command line to 'None'
[0.237s] Level 5:colcon.colcon_core.verb:set package 'display_camera' build argument 'cmake_target' from command line to 'None'
[0.237s] Level 5:colcon.colcon_core.verb:set package 'display_camera' build argument 'cmake_target_skip_unavailable' from command line to 'False'
[0.237s] Level 5:colcon.colcon_core.verb:set package 'display_camera' build argument 'cmake_clean_cache' from command line to 'False'
[0.237s] Level 5:colcon.colcon_core.verb:set package 'display_camera' build argument 'cmake_clean_first' from command line to 'False'
[0.237s] Level 5:colcon.colcon_core.verb:set package 'display_camera' build argument 'cmake_force_configure' from command line to 'False'
[0.237s] Level 5:colcon.colcon_core.verb:set package 'display_camera' build argument 'ament_cmake_args' from command line to 'None'
[0.237s] Level 5:colcon.colcon_core.verb:set package 'display_camera' build argument 'catkin_cmake_args' from command line to 'None'
[0.237s] Level 5:colcon.colcon_core.verb:set package 'display_camera' build argument 'catkin_skip_building_tests' from command line to 'False'
[0.237s] DEBUG:colcon.colcon_core.verb:Building package 'display_camera' with the following arguments: {'ament_cmake_args': None, 'build_base': '/home/ender/Desktop/dev_ws/build/display_camera', 'catkin_cmake_args': None, 'catkin_skip_building_tests': False, 'cmake_args': None, 'cmake_clean_cache': False, 'cmake_clean_first': False, 'cmake_force_configure': False, 'cmake_target': None, 'cmake_target_skip_unavailable': False, 'install_base': '/home/ender/Desktop/dev_ws/install/display_camera', 'merge_install': False, 'path': '/home/ender/Desktop/dev_ws/src/display_camera', 'symlink_install': False, 'test_result_base': None}
[0.238s] Level 5:colcon.colcon_core.verb:set package 'environment_detection' build argument 'cmake_args' from command line to 'None'
[0.238s] Level 5:colcon.colcon_core.verb:set package 'environment_detection' build argument 'cmake_target' from command line to 'None'
[0.238s] Level 5:colcon.colcon_core.verb:set package 'environment_detection' build argument 'cmake_target_skip_unavailable' from command line to 'False'
[0.238s] Level 5:colcon.colcon_core.verb:set package 'environment_detection' build argument 'cmake_clean_cache' from command line to 'False'
[0.238s] Level 5:colcon.colcon_core.verb:set package 'environment_detection' build argument 'cmake_clean_first' from command line to 'False'
[0.238s] Level 5:colcon.colcon_core.verb:set package 'environment_detection' build argument 'cmake_force_configure' from command line to 'False'
[0.238s] Level 5:colcon.colcon_core.verb:set package 'environment_detection' build argument 'ament_cmake_args' from command line to 'None'
[0.238s] Level 5:colcon.colcon_core.verb:set package 'environment_detection' build argument 'catkin_cmake_args' from command line to 'None'
[0.238s] Level 5:colcon.colcon_core.verb:set package 'environment_detection' build argument 'catkin_skip_building_tests' from command line to 'False'
[0.238s] DEBUG:colcon.colcon_core.verb:Building package 'environment_detection' with the following arguments: {'ament_cmake_args': None, 'build_base': '/home/ender/Desktop/dev_ws/build/environment_detection', 'catkin_cmake_args': None, 'catkin_skip_building_tests': False, 'cmake_args': None, 'cmake_clean_cache': False, 'cmake_clean_first': False, 'cmake_force_configure': False, 'cmake_target': None, 'cmake_target_skip_unavailable': False, 'install_base': '/home/ender/Desktop/dev_ws/install/environment_detection', 'merge_install': False, 'path': '/home/ender/Desktop/dev_ws/src/environment_detection', 'symlink_install': False, 'test_result_base': None}
[0.238s] Level 5:colcon.colcon_core.verb:set package 'my_bot' build argument 'cmake_args' from command line to 'None'
[0.238s] Level 5:colcon.colcon_core.verb:set package 'my_bot' build argument 'cmake_target' from command line to 'None'
[0.238s] Level 5:colcon.colcon_core.verb:set package 'my_bot' build argument 'cmake_target_skip_unavailable' from command line to 'False'
[0.238s] Level 5:colcon.colcon_core.verb:set package 'my_bot' build argument 'cmake_clean_cache' from command line to 'False'
[0.238s] Level 5:colcon.colcon_core.verb:set package 'my_bot' build argument 'cmake_clean_first' from command line to 'False'
[0.238s] Level 5:colcon.colcon_core.verb:set package 'my_bot' build argument 'cmake_force_configure' from command line to 'False'
[0.238s] Level 5:colcon.colcon_core.verb:set package 'my_bot' build argument 'ament_cmake_args' from command line to 'None'
[0.238s] Level 5:colcon.colcon_core.verb:set package 'my_bot' build argument 'catkin_cmake_args' from command line to 'None'
[0.238s] Level 5:colcon.colcon_core.verb:set package 'my_bot' build argument 'catkin_skip_building_tests' from command line to 'False'
[0.238s] DEBUG:colcon.colcon_core.verb:Building package 'my_bot' with the following arguments: {'ament_cmake_args': None, 'build_base': '/home/ender/Desktop/dev_ws/build/my_bot', 'catkin_cmake_args': None, 'catkin_skip_building_tests': False, 'cmake_args': None, 'cmake_clean_cache': False, 'cmake_clean_first': False, 'cmake_force_configure': False, 'cmake_target': None, 'cmake_target_skip_unavailable': False, 'install_base': '/home/ender/Desktop/dev_ws/install/my_bot', 'merge_install': False, 'path': '/home/ender/Desktop/dev_ws/src/my_bot', 'symlink_install': False, 'test_result_base': None}
[0.238s] INFO:colcon.colcon_core.executor:Executing jobs using 'parallel' executor
[0.239s] DEBUG:colcon.colcon_parallel_executor.executor.parallel:run_until_complete
[0.239s] INFO:colcon.colcon_ros.task.ament_cmake.build:Building ROS package in '/home/ender/Desktop/dev_ws/src/display_camera' with build type 'ament_cmake'
[0.239s] INFO:colcon.colcon_cmake.task.cmake.build:Building CMake package in '/home/ender/Desktop/dev_ws/src/display_camera'
[0.241s] INFO:colcon.colcon_core.plugin_system:Skipping extension 'colcon_core.shell.bat': Not used on non-Windows systems
[0.241s] INFO:colcon.colcon_core.shell:Skip shell extension 'powershell' for command environment: Not usable outside of PowerShell
[0.241s] DEBUG:colcon.colcon_core.shell:Skip shell extension 'dsv' for command environment
[0.244s] INFO:colcon.colcon_ros.task.ament_cmake.build:Building ROS package in '/home/ender/Desktop/dev_ws/src/environment_detection' with build type 'ament_cmake'
[0.244s] INFO:colcon.colcon_cmake.task.cmake.build:Building CMake package in '/home/ender/Desktop/dev_ws/src/environment_detection'
[0.244s] INFO:colcon.colcon_core.shell:Skip shell extension 'powershell' for command environment: Not usable outside of PowerShell
[0.244s] DEBUG:colcon.colcon_core.shell:Skip shell extension 'dsv' for command environment
[0.246s] INFO:colcon.colcon_ros.task.ament_cmake.build:Building ROS package in '/home/ender/Desktop/dev_ws/src/my_bot' with build type 'ament_cmake'
[0.246s] INFO:colcon.colcon_cmake.task.cmake.build:Building CMake package in '/home/ender/Desktop/dev_ws/src/my_bot'
[0.247s] INFO:colcon.colcon_core.shell:Skip shell extension 'powershell' for command environment: Not usable outside of PowerShell
[0.247s] DEBUG:colcon.colcon_core.shell:Skip shell extension 'dsv' for command environment
[0.252s] DEBUG:colcon.colcon_core.event_handler.log_command:Invoking command in '/home/ender/Desktop/dev_ws/build/display_camera': CMAKE_PREFIX_PATH=${CMAKE_PREFIX_PATH}:/opt/ros/humble /usr/bin/cmake --build /home/ender/Desktop/dev_ws/build/display_camera -- -j16 -l16
[0.255s] DEBUG:colcon.colcon_core.event_handler.log_command:Invoking command in '/home/ender/Desktop/dev_ws/build/environment_detection': CMAKE_PREFIX_PATH=${CMAKE_PREFIX_PATH}:/opt/ros/humble /usr/bin/cmake --build /home/ender/Desktop/dev_ws/build/environment_detection -- -j16 -l16
[0.257s] DEBUG:colcon.colcon_core.event_handler.log_command:Invoking command in '/home/ender/Desktop/dev_ws/build/my_bot': CMAKE_PREFIX_PATH=${CMAKE_PREFIX_PATH}:/opt/ros/humble /usr/bin/cmake --build /home/ender/Desktop/dev_ws/build/my_bot -- -j16 -l16
[0.289s] DEBUG:colcon.colcon_core.event_handler.log_command:Invoked command in '/home/ender/Desktop/dev_ws/build/my_bot' returned '0': CMAKE_PREFIX_PATH=${CMAKE_PREFIX_PATH}:/opt/ros/humble /usr/bin/cmake --build /home/ender/Desktop/dev_ws/build/my_bot -- -j16 -l16
[0.314s] DEBUG:colcon.colcon_core.event_handler.log_command:Invoking command in '/home/ender/Desktop/dev_ws/build/my_bot': CMAKE_PREFIX_PATH=${CMAKE_PREFIX_PATH}:/opt/ros/humble /usr/bin/cmake --install /home/ender/Desktop/dev_ws/build/my_bot
[0.316s] DEBUG:colcon.colcon_core.event_handler.log_command:Invoked command in '/home/ender/Desktop/dev_ws/build/display_camera' returned '0': CMAKE_PREFIX_PATH=${CMAKE_PREFIX_PATH}:/opt/ros/humble /usr/bin/cmake --build /home/ender/Desktop/dev_ws/build/display_camera -- -j16 -l16
[0.332s] Level 1:colcon.colcon_core.environment:create_environment_scripts_only(my_bot)
[0.332s] DEBUG:colcon.colcon_core.event_handler.log_command:Invoked command in '/home/ender/Desktop/dev_ws/build/my_bot' returned '0': CMAKE_PREFIX_PATH=${CMAKE_PREFIX_PATH}:/opt/ros/humble /usr/bin/cmake --install /home/ender/Desktop/dev_ws/build/my_bot
[0.335s] Level 1:colcon.colcon_core.environment:checking '/home/ender/Desktop/dev_ws/install/my_bot' for CMake module files
[0.335s] Level 1:colcon.colcon_core.environment:checking '/home/ender/Desktop/dev_ws/install/my_bot' for CMake config files
[0.336s] Level 1:colcon.colcon_core.shell:create_environment_hook('my_bot', 'cmake_prefix_path')
[0.336s] INFO:colcon.colcon_core.shell:Creating environment hook '/home/ender/Desktop/dev_ws/install/my_bot/share/my_bot/hook/cmake_prefix_path.ps1'
[0.336s] INFO:colcon.colcon_core.shell:Creating environment descriptor '/home/ender/Desktop/dev_ws/install/my_bot/share/my_bot/hook/cmake_prefix_path.dsv'
[0.337s] INFO:colcon.colcon_core.shell:Creating environment hook '/home/ender/Desktop/dev_ws/install/my_bot/share/my_bot/hook/cmake_prefix_path.sh'
[0.337s] Level 1:colcon.colcon_core.environment:checking '/home/ender/Desktop/dev_ws/install/my_bot/bin'
[0.337s] Level 1:colcon.colcon_core.environment:checking '/home/ender/Desktop/dev_ws/install/my_bot/lib/pkgconfig/my_bot.pc'
[0.337s] Level 1:colcon.colcon_core.environment:checking '/home/ender/Desktop/dev_ws/install/my_bot/lib/python3.10/site-packages'
[0.337s] Level 1:colcon.colcon_core.environment:checking '/home/ender/Desktop/dev_ws/install/my_bot/bin'
[0.338s] INFO:colcon.colcon_core.shell:Creating package script '/home/ender/Desktop/dev_ws/install/my_bot/share/my_bot/package.ps1'
[0.338s] INFO:colcon.colcon_core.shell:Creating package descriptor '/home/ender/Desktop/dev_ws/install/my_bot/share/my_bot/package.dsv'
[0.339s] INFO:colcon.colcon_core.shell:Creating package script '/home/ender/Desktop/dev_ws/install/my_bot/share/my_bot/package.sh'
[0.339s] INFO:colcon.colcon_core.shell:Creating package script '/home/ender/Desktop/dev_ws/install/my_bot/share/my_bot/package.bash'
[0.340s] INFO:colcon.colcon_core.shell:Creating package script '/home/ender/Desktop/dev_ws/install/my_bot/share/my_bot/package.zsh'
[0.340s] Level 1:colcon.colcon_core.environment:create_file_with_runtime_dependencies(/home/ender/Desktop/dev_ws/install/my_bot/share/colcon-core/packages/my_bot)
[0.342s] DEBUG:colcon.colcon_core.event_handler.log_command:Invoking command in '/home/ender/Desktop/dev_ws/build/display_camera': CMAKE_PREFIX_PATH=${CMAKE_PREFIX_PATH}:/opt/ros/humble /usr/bin/cmake --install /home/ender/Desktop/dev_ws/build/display_camera
[0.356s] Level 1:colcon.colcon_core.environment:create_environment_scripts_only(display_camera)
[0.356s] Level 1:colcon.colcon_core.environment:checking '/home/ender/Desktop/dev_ws/install/display_camera' for CMake module files
[0.357s] DEBUG:colcon.colcon_core.event_handler.log_command:Invoked command in '/home/ender/Desktop/dev_ws/build/display_camera' returned '0': CMAKE_PREFIX_PATH=${CMAKE_PREFIX_PATH}:/opt/ros/humble /usr/bin/cmake --install /home/ender/Desktop/dev_ws/build/display_camera
[0.357s] Level 1:colcon.colcon_core.environment:checking '/home/ender/Desktop/dev_ws/install/display_camera' for CMake config files
[0.357s] Level 1:colcon.colcon_core.shell:create_environment_hook('display_camera', 'cmake_prefix_path')
[0.358s] INFO:colcon.colcon_core.shell:Creating environment hook '/home/ender/Desktop/dev_ws/install/display_camera/share/display_camera/hook/cmake_prefix_path.ps1'
[0.358s] INFO:colcon.colcon_core.shell:Creating environment descriptor '/home/ender/Desktop/dev_ws/install/display_camera/share/display_camera/hook/cmake_prefix_path.dsv'
[0.358s] INFO:colcon.colcon_core.shell:Creating environment hook '/home/ender/Desktop/dev_ws/install/display_camera/share/display_camera/hook/cmake_prefix_path.sh'
[0.359s] Level 1:colcon.colcon_core.environment:checking '/home/ender/Desktop/dev_ws/install/display_camera/lib'
[0.359s] Level 1:colcon.colcon_core.environment:checking '/home/ender/Desktop/dev_ws/install/display_camera/bin'
[0.359s] Level 1:colcon.colcon_core.environment:checking '/home/ender/Desktop/dev_ws/install/display_camera/lib/pkgconfig/display_camera.pc'
[0.360s] Level 1:colcon.colcon_core.environment:checking '/home/ender/Desktop/dev_ws/install/display_camera/lib/python3.10/site-packages'
[0.360s] Level 1:colcon.colcon_core.environment:checking '/home/ender/Desktop/dev_ws/install/display_camera/bin'
[0.360s] INFO:colcon.colcon_core.shell:Creating package script '/home/ender/Desktop/dev_ws/install/display_camera/share/display_camera/package.ps1'
[0.361s] INFO:colcon.colcon_core.shell:Creating package descriptor '/home/ender/Desktop/dev_ws/install/display_camera/share/display_camera/package.dsv'
[0.361s] INFO:colcon.colcon_core.shell:Creating package script '/home/ender/Desktop/dev_ws/install/display_camera/share/display_camera/package.sh'
[0.361s] INFO:colcon.colcon_core.shell:Creating package script '/home/ender/Desktop/dev_ws/install/display_camera/share/display_camera/package.bash'
[0.362s] INFO:colcon.colcon_core.shell:Creating package script '/home/ender/Desktop/dev_ws/install/display_camera/share/display_camera/package.zsh'
[0.362s] Level 1:colcon.colcon_core.environment:create_file_with_runtime_dependencies(/home/ender/Desktop/dev_ws/install/display_camera/share/colcon-core/packages/display_camera)
[0.364s] Level 1:colcon.colcon_core.environment:create_environment_scripts_only(my_bot)
[0.364s] Level 1:colcon.colcon_core.environment:checking '/home/ender/Desktop/dev_ws/install/my_bot' for CMake module files
[0.365s] Level 1:colcon.colcon_core.environment:checking '/home/ender/Desktop/dev_ws/install/my_bot' for CMake config files
[0.365s] Level 1:colcon.colcon_core.shell:create_environment_hook('my_bot', 'cmake_prefix_path')
[0.365s] INFO:colcon.colcon_core.shell:Creating environment hook '/home/ender/Desktop/dev_ws/install/my_bot/share/my_bot/hook/cmake_prefix_path.ps1'
[0.366s] INFO:colcon.colcon_core.shell:Creating environment descriptor '/home/ender/Desktop/dev_ws/install/my_bot/share/my_bot/hook/cmake_prefix_path.dsv'
[0.366s] INFO:colcon.colcon_core.shell:Creating environment hook '/home/ender/Desktop/dev_ws/install/my_bot/share/my_bot/hook/cmake_prefix_path.sh'
[0.367s] Level 1:colcon.colcon_core.environment:checking '/home/ender/Desktop/dev_ws/install/my_bot/bin'
[0.367s] Level 1:colcon.colcon_core.environment:checking '/home/ender/Desktop/dev_ws/install/my_bot/lib/pkgconfig/my_bot.pc'
[0.367s] Level 1:colcon.colcon_core.environment:checking '/home/ender/Desktop/dev_ws/install/my_bot/lib/python3.10/site-packages'
[0.367s] Level 1:colcon.colcon_core.environment:checking '/home/ender/Desktop/dev_ws/install/my_bot/bin'
[0.368s] INFO:colcon.colcon_core.shell:Creating package script '/home/ender/Desktop/dev_ws/install/my_bot/share/my_bot/package.ps1'
[0.368s] INFO:colcon.colcon_core.shell:Creating package descriptor '/home/ender/Desktop/dev_ws/install/my_bot/share/my_bot/package.dsv'
[0.368s] INFO:colcon.colcon_core.shell:Creating package script '/home/ender/Desktop/dev_ws/install/my_bot/share/my_bot/package.sh'
[0.369s] INFO:colcon.colcon_core.shell:Creating package script '/home/ender/Desktop/dev_ws/install/my_bot/share/my_bot/package.bash'
[0.369s] INFO:colcon.colcon_core.shell:Creating package script '/home/ender/Desktop/dev_ws/install/my_bot/share/my_bot/package.zsh'
[0.369s] Level 1:colcon.colcon_core.environment:create_file_with_runtime_dependencies(/home/ender/Desktop/dev_ws/install/my_bot/share/colcon-core/packages/my_bot)
[0.382s] Level 1:colcon.colcon_core.environment:create_environment_scripts_only(display_camera)
[0.382s] Level 1:colcon.colcon_core.environment:checking '/home/ender/Desktop/dev_ws/install/display_camera' for CMake module files
[0.383s] Level 1:colcon.colcon_core.environment:checking '/home/ender/Desktop/dev_ws/install/display_camera' for CMake config files
[0.383s] Level 1:colcon.colcon_core.shell:create_environment_hook('display_camera', 'cmake_prefix_path')
[0.383s] INFO:colcon.colcon_core.shell:Creating environment hook '/home/ender/Desktop/dev_ws/install/display_camera/share/display_camera/hook/cmake_prefix_path.ps1'
[0.384s] INFO:colcon.colcon_core.shell:Creating environment descriptor '/home/ender/Desktop/dev_ws/install/display_camera/share/display_camera/hook/cmake_prefix_path.dsv'
[0.384s] INFO:colcon.colcon_core.shell:Creating environment hook '/home/ender/Desktop/dev_ws/install/display_camera/share/display_camera/hook/cmake_prefix_path.sh'
[0.385s] Level 1:colcon.colcon_core.environment:checking '/home/ender/Desktop/dev_ws/install/display_camera/lib'
[0.385s] Level 1:colcon.colcon_core.environment:checking '/home/ender/Desktop/dev_ws/install/display_camera/bin'
[0.385s] Level 1:colcon.colcon_core.environment:checking '/home/ender/Desktop/dev_ws/install/display_camera/lib/pkgconfig/display_camera.pc'
[0.385s] Level 1:colcon.colcon_core.environment:checking '/home/ender/Desktop/dev_ws/install/display_camera/lib/python3.10/site-packages'
[0.385s] Level 1:colcon.colcon_core.environment:checking '/home/ender/Desktop/dev_ws/install/display_camera/bin'
[0.386s] INFO:colcon.colcon_core.shell:Creating package script '/home/ender/Desktop/dev_ws/install/display_camera/share/display_camera/package.ps1'
[0.386s] INFO:colcon.colcon_core.shell:Creating package descriptor '/home/ender/Desktop/dev_ws/install/display_camera/share/display_camera/package.dsv'
[0.386s] INFO:colcon.colcon_core.shell:Creating package script '/home/ender/Desktop/dev_ws/install/display_camera/share/display_camera/package.sh'
[0.387s] INFO:colcon.colcon_core.shell:Creating package script '/home/ender/Desktop/dev_ws/install/display_camera/share/display_camera/package.bash'
[0.387s] INFO:colcon.colcon_core.shell:Creating package script '/home/ender/Desktop/dev_ws/install/display_camera/share/display_camera/package.zsh'
[0.388s] Level 1:colcon.colcon_core.environment:create_file_with_runtime_dependencies(/home/ender/Desktop/dev_ws/install/display_camera/share/colcon-core/packages/display_camera)
[6.538s] DEBUG:colcon.colcon_core.event_handler.log_command:Invoked command in '/home/ender/Desktop/dev_ws/build/environment_detection' returned '0': CMAKE_PREFIX_PATH=${CMAKE_PREFIX_PATH}:/opt/ros/humble /usr/bin/cmake --build /home/ender/Desktop/dev_ws/build/environment_detection -- -j16 -l16
[6.559s] DEBUG:colcon.colcon_core.event_handler.log_command:Invoking command in '/home/ender/Desktop/dev_ws/build/environment_detection': CMAKE_PREFIX_PATH=${CMAKE_PREFIX_PATH}:/opt/ros/humble /usr/bin/cmake --install /home/ender/Desktop/dev_ws/build/environment_detection
[6.572s] Level 1:colcon.colcon_core.environment:create_environment_scripts_only(environment_detection)
[6.573s] Level 1:colcon.colcon_core.environment:checking '/home/ender/Desktop/dev_ws/install/environment_detection' for CMake module files
[6.573s] DEBUG:colcon.colcon_core.event_handler.log_command:Invoked command in '/home/ender/Desktop/dev_ws/build/environment_detection' returned '0': CMAKE_PREFIX_PATH=${CMAKE_PREFIX_PATH}:/opt/ros/humble /usr/bin/cmake --install /home/ender/Desktop/dev_ws/build/environment_detection
[6.573s] Level 1:colcon.colcon_core.environment:checking '/home/ender/Desktop/dev_ws/install/environment_detection' for CMake config files
[6.573s] Level 1:colcon.colcon_core.shell:create_environment_hook('environment_detection', 'cmake_prefix_path')
[6.574s] INFO:colcon.colcon_core.shell:Creating environment hook '/home/ender/Desktop/dev_ws/install/environment_detection/share/environment_detection/hook/cmake_prefix_path.ps1'
[6.574s] INFO:colcon.colcon_core.shell:Creating environment descriptor '/home/ender/Desktop/dev_ws/install/environment_detection/share/environment_detection/hook/cmake_prefix_path.dsv'
[6.574s] INFO:colcon.colcon_core.shell:Creating environment hook '/home/ender/Desktop/dev_ws/install/environment_detection/share/environment_detection/hook/cmake_prefix_path.sh'
[6.574s] Level 1:colcon.colcon_core.environment:checking '/home/ender/Desktop/dev_ws/install/environment_detection/lib'
[6.574s] Level 1:colcon.colcon_core.environment:checking '/home/ender/Desktop/dev_ws/install/environment_detection/bin'
[6.574s] Level 1:colcon.colcon_core.environment:checking '/home/ender/Desktop/dev_ws/install/environment_detection/lib/pkgconfig/environment_detection.pc'
[6.575s] Level 1:colcon.colcon_core.environment:checking '/home/ender/Desktop/dev_ws/install/environment_detection/lib/python3.10/site-packages'
[6.575s] Level 1:colcon.colcon_core.environment:checking '/home/ender/Desktop/dev_ws/install/environment_detection/bin'
[6.575s] INFO:colcon.colcon_core.shell:Creating package script '/home/ender/Desktop/dev_ws/install/environment_detection/share/environment_detection/package.ps1'
[6.575s] INFO:colcon.colcon_core.shell:Creating package descriptor '/home/ender/Desktop/dev_ws/install/environment_detection/share/environment_detection/package.dsv'
[6.575s] INFO:colcon.colcon_core.shell:Creating package script '/home/ender/Desktop/dev_ws/install/environment_detection/share/environment_detection/package.sh'
[6.575s] INFO:colcon.colcon_core.shell:Creating package script '/home/ender/Desktop/dev_ws/install/environment_detection/share/environment_detection/package.bash'
[6.576s] INFO:colcon.colcon_core.shell:Creating package script '/home/ender/Desktop/dev_ws/install/environment_detection/share/environment_detection/package.zsh'
[6.576s] Level 1:colcon.colcon_core.environment:create_file_with_runtime_dependencies(/home/ender/Desktop/dev_ws/install/environment_detection/share/colcon-core/packages/environment_detection)
[6.597s] Level 1:colcon.colcon_core.environment:create_environment_scripts_only(environment_detection)
[6.597s] Level 1:colcon.colcon_core.environment:checking '/home/ender/Desktop/dev_ws/install/environment_detection' for CMake module files
[6.598s] Level 1:colcon.colcon_core.environment:checking '/home/ender/Desktop/dev_ws/install/environment_detection' for CMake config files
[6.598s] Level 1:colcon.colcon_core.shell:create_environment_hook('environment_detection', 'cmake_prefix_path')
[6.598s] INFO:colcon.colcon_core.shell:Creating environment hook '/home/ender/Desktop/dev_ws/install/environment_detection/share/environment_detection/hook/cmake_prefix_path.ps1'
[6.598s] INFO:colcon.colcon_core.shell:Creating environment descriptor '/home/ender/Desktop/dev_ws/install/environment_detection/share/environment_detection/hook/cmake_prefix_path.dsv'
[6.598s] INFO:colcon.colcon_core.shell:Creating environment hook '/home/ender/Desktop/dev_ws/install/environment_detection/share/environment_detection/hook/cmake_prefix_path.sh'
[6.599s] Level 1:colcon.colcon_core.environment:checking '/home/ender/Desktop/dev_ws/install/environment_detection/lib'
[6.599s] Level 1:colcon.colcon_core.environment:checking '/home/ender/Desktop/dev_ws/install/environment_detection/bin'
[6.599s] Level 1:colcon.colcon_core.environment:checking '/home/ender/Desktop/dev_ws/install/environment_detection/lib/pkgconfig/environment_detection.pc'
[6.599s] Level 1:colcon.colcon_core.environment:checking '/home/ender/Desktop/dev_ws/install/environment_detection/lib/python3.10/site-packages'
[6.599s] Level 1:colcon.colcon_core.environment:checking '/home/ender/Desktop/dev_ws/install/environment_detection/bin'
[6.599s] INFO:colcon.colcon_core.shell:Creating package script '/home/ender/Desktop/dev_ws/install/environment_detection/share/environment_detection/package.ps1'
[6.600s] INFO:colcon.colcon_core.shell:Creating package descriptor '/home/ender/Desktop/dev_ws/install/environment_detection/share/environment_detection/package.dsv'
[6.600s] INFO:colcon.colcon_core.shell:Creating package script '/home/ender/Desktop/dev_ws/install/environment_detection/share/environment_detection/package.sh'
[6.600s] INFO:colcon.colcon_core.shell:Creating package script '/home/ender/Desktop/dev_ws/install/environment_detection/share/environment_detection/package.bash'
[6.600s] INFO:colcon.colcon_core.shell:Creating package script '/home/ender/Desktop/dev_ws/install/environment_detection/share/environment_detection/package.zsh'
[6.600s] Level 1:colcon.colcon_core.environment:create_file_with_runtime_dependencies(/home/ender/Desktop/dev_ws/install/environment_detection/share/colcon-core/packages/environment_detection)
[6.600s] DEBUG:colcon.colcon_parallel_executor.executor.parallel:closing loop
[6.601s] DEBUG:colcon.colcon_parallel_executor.executor.parallel:loop closed
[6.601s] DEBUG:colcon.colcon_parallel_executor.executor.parallel:run_until_complete finished with '0'
[6.601s] DEBUG:colcon.colcon_core.event_reactor:joining thread
[6.606s] INFO:colcon.colcon_core.plugin_system:Skipping extension 'colcon_notification.desktop_notification.terminal_notifier': Not used on non-Darwin systems
[6.606s] INFO:colcon.colcon_core.plugin_system:Skipping extension 'colcon_notification.desktop_notification.win32': Not used on non-Windows systems
[6.606s] INFO:colcon.colcon_notification.desktop_notification:Sending desktop notification using 'notify2'
[6.615s] DEBUG:colcon.colcon_core.event_reactor:joined thread
[6.615s] INFO:colcon.colcon_core.shell:Creating prefix script '/home/ender/Desktop/dev_ws/install/local_setup.ps1'
[6.616s] INFO:colcon.colcon_core.shell:Creating prefix util module '/home/ender/Desktop/dev_ws/install/_local_setup_util_ps1.py'
[6.617s] INFO:colcon.colcon_core.shell:Creating prefix chain script '/home/ender/Desktop/dev_ws/install/setup.ps1'
[6.618s] INFO:colcon.colcon_core.shell:Creating prefix script '/home/ender/Desktop/dev_ws/install/local_setup.sh'
[6.618s] INFO:colcon.colcon_core.shell:Creating prefix util module '/home/ender/Desktop/dev_ws/install/_local_setup_util_sh.py'
[6.619s] INFO:colcon.colcon_core.shell:Creating prefix chain script '/home/ender/Desktop/dev_ws/install/setup.sh'
[6.619s] INFO:colcon.colcon_core.shell:Creating prefix script '/home/ender/Desktop/dev_ws/install/local_setup.bash'
[6.619s] INFO:colcon.colcon_core.shell:Creating prefix chain script '/home/ender/Desktop/dev_ws/install/setup.bash'
[6.620s] INFO:colcon.colcon_core.shell:Creating prefix script '/home/ender/Desktop/dev_ws/install/local_setup.zsh'
[6.621s] INFO:colcon.colcon_core.shell:Creating prefix chain script '/home/ender/Desktop/dev_ws/install/setup.zsh'
