[0.010s] Invoking command in '/home/ender/Desktop/dev_ws/build/environment_detection': CMAKE_PREFIX_PATH=${CMAKE_PREFIX_PATH}:/home/ender/Desktop/dev_ws/install/nav_controller:/opt/ros/humble /usr/bin/cmake --build /home/ender/Desktop/dev_ws/build/environment_detection -- -j16 -l16
[0.025s] -- Found ament_cmake: 1.3.10 (/opt/ros/humble/share/ament_cmake/cmake)
[0.100s] -- Found rclcpp: 16.0.10 (/opt/ros/humble/share/rclcpp/cmake)
[0.116s] -- Found rosidl_generator_c: 3.1.5 (/opt/ros/humble/share/rosidl_generator_c/cmake)
[0.118s] -- Found rosidl_adapter: 3.1.5 (/opt/ros/humble/share/rosidl_adapter/cmake)
[0.121s] -- Found rosidl_generator_cpp: 3.1.5 (/opt/ros/humble/share/rosidl_generator_cpp/cmake)
[0.127s] -- Using all available rosidl_typesupport_c: rosidl_typesupport_fastrtps_c;rosidl_typesupport_introspection_c
[0.135s] -- Using all available rosidl_typesupport_cpp: rosidl_typesupport_fastrtps_cpp;rosidl_typesupport_introspection_cpp
[0.158s] -- Found rmw_implementation_cmake: 6.1.2 (/opt/ros/humble/share/rmw_implementation_cmake/cmake)
[0.159s] -- Found rmw_fastrtps_cpp: 6.2.7 (/opt/ros/humble/share/rmw_fastrtps_cpp/cmake)
[0.234s] -- Using RMW implementation 'rmw_fastrtps_cpp' as default
[0.261s] -- Found ament_lint_auto: 0.12.11 (/opt/ros/humble/share/ament_lint_auto/cmake)
[0.301s] -- Added test 'cppcheck' to perform static code analysis on C / C++ code
[0.301s] -- Configured cppcheck include dirs: 
[0.301s] -- Configured cppcheck exclude dirs and/or files: 
[0.301s] -- Added test 'lint_cmake' to check CMake code style
[0.301s] -- Added test 'uncrustify' to check C / C++ code style
[0.301s] -- Configured uncrustify additional arguments: 
[0.301s] -- Added test 'xmllint' to check XML markup files
[0.302s] -- Configuring done
[0.304s] -- Generating done
[0.305s] -- Build files have been written to: /home/ender/Desktop/dev_ws/build/environment_detection
[0.323s] Invoked command in '/home/ender/Desktop/dev_ws/build/environment_detection' returned '0': CMAKE_PREFIX_PATH=${CMAKE_PREFIX_PATH}:/home/ender/Desktop/dev_ws/install/nav_controller:/opt/ros/humble /usr/bin/cmake --build /home/ender/Desktop/dev_ws/build/environment_detection -- -j16 -l16
[0.339s] Invoking command in '/home/ender/Desktop/dev_ws/build/environment_detection': CMAKE_PREFIX_PATH=${CMAKE_PREFIX_PATH}:/home/ender/Desktop/dev_ws/install/nav_controller:/opt/ros/humble /usr/bin/cmake --install /home/ender/Desktop/dev_ws/build/environment_detection
[0.343s] -- Install configuration: ""
[0.343s] -- Up-to-date: /home/ender/Desktop/dev_ws/install/environment_detection/share/ament_index/resource_index/package_run_dependencies/environment_detection
[0.343s] -- Installing: /home/ender/Desktop/dev_ws/install/environment_detection/share/ament_index/resource_index/parent_prefix_path/environment_detection
[0.343s] -- Up-to-date: /home/ender/Desktop/dev_ws/install/environment_detection/share/environment_detection/environment/ament_prefix_path.sh
[0.343s] -- Installing: /home/ender/Desktop/dev_ws/install/environment_detection/share/environment_detection/environment/ament_prefix_path.dsv
[0.343s] -- Up-to-date: /home/ender/Desktop/dev_ws/install/environment_detection/share/environment_detection/environment/path.sh
[0.344s] -- Installing: /home/ender/Desktop/dev_ws/install/environment_detection/share/environment_detection/environment/path.dsv
[0.344s] -- Up-to-date: /home/ender/Desktop/dev_ws/install/environment_detection/share/environment_detection/local_setup.bash
[0.344s] -- Up-to-date: /home/ender/Desktop/dev_ws/install/environment_detection/share/environment_detection/local_setup.sh
[0.344s] -- Up-to-date: /home/ender/Desktop/dev_ws/install/environment_detection/share/environment_detection/local_setup.zsh
[0.344s] -- Installing: /home/ender/Desktop/dev_ws/install/environment_detection/share/environment_detection/local_setup.dsv
[0.344s] -- Installing: /home/ender/Desktop/dev_ws/install/environment_detection/share/environment_detection/package.dsv
[0.344s] -- Up-to-date: /home/ender/Desktop/dev_ws/install/environment_detection/share/ament_index/resource_index/packages/environment_detection
[0.344s] -- Up-to-date: /home/ender/Desktop/dev_ws/install/environment_detection/share/environment_detection/cmake/environment_detectionConfig.cmake
[0.345s] -- Up-to-date: /home/ender/Desktop/dev_ws/install/environment_detection/share/environment_detection/cmake/environment_detectionConfig-version.cmake
[0.345s] -- Up-to-date: /home/ender/Desktop/dev_ws/install/environment_detection/share/environment_detection/package.xml
[0.345s] Invoked command in '/home/ender/Desktop/dev_ws/build/environment_detection' returned '0': CMAKE_PREFIX_PATH=${CMAKE_PREFIX_PATH}:/home/ender/Desktop/dev_ws/install/nav_controller:/opt/ros/humble /usr/bin/cmake --install /home/ender/Desktop/dev_ws/build/environment_detection
