[0.009s] Invoking command in '/home/ender/Desktop/dev_ws/build/display_camera': CMAKE_PREFIX_PATH=${CMAKE_PREFIX_PATH}:/opt/ros/humble /usr/bin/cmake --build /home/ender/Desktop/dev_ws/build/display_camera -- -j16 -l16
[0.049s] [100%] Built target display_camera_node
[0.063s] Invoked command in '/home/ender/Desktop/dev_ws/build/display_camera' returned '0': CMAKE_PREFIX_PATH=${CMAKE_PREFIX_PATH}:/opt/ros/humble /usr/bin/cmake --build /home/ender/Desktop/dev_ws/build/display_camera -- -j16 -l16
[0.090s] Invoking command in '/home/ender/Desktop/dev_ws/build/display_camera': CMAKE_PREFIX_PATH=${CMAKE_PREFIX_PATH}:/opt/ros/humble /usr/bin/cmake --install /home/ender/Desktop/dev_ws/build/display_camera
[0.095s] -- Install configuration: ""
[0.095s] -- Execute custom install script
[0.095s] -- Up-to-date symlink: /home/ender/Desktop/dev_ws/install/display_camera/lib/display_camera/display_camera_node
[0.095s] -- Up-to-date symlink: /home/ender/Desktop/dev_ws/install/display_camera/share/ament_index/resource_index/package_run_dependencies/display_camera
[0.096s] -- Up-to-date symlink: /home/ender/Desktop/dev_ws/install/display_camera/share/ament_index/resource_index/parent_prefix_path/display_camera
[0.096s] -- Up-to-date symlink: /home/ender/Desktop/dev_ws/install/display_camera/share/display_camera/environment/ament_prefix_path.sh
[0.096s] -- Up-to-date symlink: /home/ender/Desktop/dev_ws/install/display_camera/share/display_camera/environment/ament_prefix_path.dsv
[0.096s] -- Up-to-date symlink: /home/ender/Desktop/dev_ws/install/display_camera/share/display_camera/environment/path.sh
[0.096s] -- Up-to-date symlink: /home/ender/Desktop/dev_ws/install/display_camera/share/display_camera/environment/path.dsv
[0.096s] -- Up-to-date symlink: /home/ender/Desktop/dev_ws/install/display_camera/share/display_camera/local_setup.bash
[0.096s] -- Up-to-date symlink: /home/ender/Desktop/dev_ws/install/display_camera/share/display_camera/local_setup.sh
[0.097s] -- Up-to-date symlink: /home/ender/Desktop/dev_ws/install/display_camera/share/display_camera/local_setup.zsh
[0.097s] -- Up-to-date symlink: /home/ender/Desktop/dev_ws/install/display_camera/share/display_camera/local_setup.dsv
[0.097s] -- Symlinking: /home/ender/Desktop/dev_ws/install/display_camera/share/display_camera/package.dsv
[0.101s] -- Up-to-date symlink: /home/ender/Desktop/dev_ws/install/display_camera/share/ament_index/resource_index/packages/display_camera
[0.101s] -- Up-to-date symlink: /home/ender/Desktop/dev_ws/install/display_camera/share/display_camera/cmake/display_cameraConfig.cmake
[0.101s] -- Up-to-date symlink: /home/ender/Desktop/dev_ws/install/display_camera/share/display_camera/cmake/display_cameraConfig-version.cmake
[0.101s] -- Up-to-date symlink: /home/ender/Desktop/dev_ws/install/display_camera/share/display_camera/package.xml
[0.103s] Invoked command in '/home/ender/Desktop/dev_ws/build/display_camera' returned '0': CMAKE_PREFIX_PATH=${CMAKE_PREFIX_PATH}:/opt/ros/humble /usr/bin/cmake --install /home/ender/Desktop/dev_ws/build/display_camera
