[0.014s] Invoking command in '/home/ender/Desktop/dev_ws/build/my_bot': CMAKE_PREFIX_PATH=${CMAKE_PREFIX_PATH}:/home/ender/Desktop/ros2_wc/install/my_py_pkg:/opt/ros/humble DEBUGINFOD_URLS=https://debuginfod.ubuntu.com /usr/bin/cmake /home/ender/Desktop/dev_ws/src/my_bot -DCMAKE_INSTALL_PREFIX=/home/ender/Desktop/dev_ws/install/my_bot
[0.111s] -- The C compiler identification is GNU 13.2.0
[0.195s] -- The CXX compiler identification is GNU 13.2.0
[0.214s] -- Detecting C compiler ABI info
[0.283s] -- Detecting C compiler ABI info - done
[0.289s] -- Check for working C compiler: /usr/bin/cc - skipped
[0.289s] -- Detecting C compile features
[0.290s] -- Detecting C compile features - done
[0.296s] -- Detecting CXX compiler ABI info
[0.366s] -- Detecting CXX compiler ABI info - done
[0.373s] -- Check for working CXX compiler: /usr/bin/c++ - skipped
[0.373s] -- Detecting CXX compile features
[0.373s] -- Detecting CXX compile features - done
[0.375s] -- Found ament_cmake: 1.3.10 (/opt/ros/humble/share/ament_cmake/cmake)
[0.481s] -- Found Python3: /usr/bin/python3 (found version "3.12.3") found components: Interpreter 
[0.568s] -- Found ament_lint_auto: 0.12.11 (/opt/ros/humble/share/ament_lint_auto/cmake)
[0.671s] -- Added test 'copyright' to check source files copyright and LICENSE
[0.675s] -- Added test 'flake8' to check Python code syntax and style conventions
[0.676s] -- Added test 'lint_cmake' to check CMake code style
[0.677s] -- Added test 'pep257' to check Python code against some of the docstring style conventions in PEP 257
[0.679s] -- Added test 'xmllint' to check XML markup files
[0.680s] -- Configuring done (0.6s)
[0.682s] -- Generating done (0.0s)
[0.682s] -- Build files have been written to: /home/ender/Desktop/dev_ws/build/my_bot
[0.686s] Invoked command in '/home/ender/Desktop/dev_ws/build/my_bot' returned '0': CMAKE_PREFIX_PATH=${CMAKE_PREFIX_PATH}:/home/ender/Desktop/ros2_wc/install/my_py_pkg:/opt/ros/humble DEBUGINFOD_URLS=https://debuginfod.ubuntu.com /usr/bin/cmake /home/ender/Desktop/dev_ws/src/my_bot -DCMAKE_INSTALL_PREFIX=/home/ender/Desktop/dev_ws/install/my_bot
[0.687s] Invoking command in '/home/ender/Desktop/dev_ws/build/my_bot': CMAKE_PREFIX_PATH=${CMAKE_PREFIX_PATH}:/home/ender/Desktop/ros2_wc/install/my_py_pkg:/opt/ros/humble DEBUGINFOD_URLS=https://debuginfod.ubuntu.com /usr/bin/cmake --build /home/ender/Desktop/dev_ws/build/my_bot -- -j16 -l16
[0.724s] Invoked command in '/home/ender/Desktop/dev_ws/build/my_bot' returned '0': CMAKE_PREFIX_PATH=${CMAKE_PREFIX_PATH}:/home/ender/Desktop/ros2_wc/install/my_py_pkg:/opt/ros/humble DEBUGINFOD_URLS=https://debuginfod.ubuntu.com /usr/bin/cmake --build /home/ender/Desktop/dev_ws/build/my_bot -- -j16 -l16
[0.758s] Invoking command in '/home/ender/Desktop/dev_ws/build/my_bot': CMAKE_PREFIX_PATH=${CMAKE_PREFIX_PATH}:/home/ender/Desktop/ros2_wc/install/my_py_pkg:/opt/ros/humble DEBUGINFOD_URLS=https://debuginfod.ubuntu.com /usr/bin/cmake --install /home/ender/Desktop/dev_ws/build/my_bot
[0.763s] -- Install configuration: ""
[0.763s] -- Installing: /home/ender/Desktop/dev_ws/install/my_bot/share/my_bot/meshes
[0.763s] -- Installing: /home/ender/Desktop/dev_ws/install/my_bot/share/my_bot/meshes/left_upper_link.STL
[0.764s] -- Installing: /home/ender/Desktop/dev_ws/install/my_bot/share/my_bot/meshes/front_lidar.STL
[0.764s] -- Installing: /home/ender/Desktop/dev_ws/install/my_bot/share/my_bot/meshes/left_wheel.STL
[0.765s] -- Installing: /home/ender/Desktop/dev_ws/install/my_bot/share/my_bot/meshes/back_lidar.STL
[0.765s] -- Installing: /home/ender/Desktop/dev_ws/install/my_bot/share/my_bot/meshes/left_caster.STL
[0.766s] -- Installing: /home/ender/Desktop/dev_ws/install/my_bot/share/my_bot/meshes/base_link.STL
[0.768s] -- Installing: /home/ender/Desktop/dev_ws/install/my_bot/share/my_bot/meshes/right_upper_link.STL
[0.769s] -- Installing: /home/ender/Desktop/dev_ws/install/my_bot/share/my_bot/meshes/back_caster.STL
[0.769s] -- Installing: /home/ender/Desktop/dev_ws/install/my_bot/share/my_bot/meshes/right_caster.STL
[0.770s] -- Installing: /home/ender/Desktop/dev_ws/install/my_bot/share/my_bot/meshes/right_wheel.STL
[0.770s] -- Installing: /home/ender/Desktop/dev_ws/install/my_bot/share/my_bot/config
[0.770s] -- Installing: /home/ender/Desktop/dev_ws/install/my_bot/share/my_bot/config/mapper_params_online_async.yaml
[0.770s] -- Installing: /home/ender/Desktop/dev_ws/install/my_bot/share/my_bot/config/gazebo_params.yaml
[0.770s] -- Installing: /home/ender/Desktop/dev_ws/install/my_bot/share/my_bot/config/empty.yaml
[0.771s] -- Installing: /home/ender/Desktop/dev_ws/install/my_bot/share/my_bot/config/joystick.yaml
[0.771s] -- Installing: /home/ender/Desktop/dev_ws/install/my_bot/share/my_bot/config/view_bot.rviz
[0.771s] -- Installing: /home/ender/Desktop/dev_ws/install/my_bot/share/my_bot/config/twist_mux.yaml
[0.771s] -- Installing: /home/ender/Desktop/dev_ws/install/my_bot/share/my_bot/description
[0.771s] -- Installing: /home/ender/Desktop/dev_ws/install/my_bot/share/my_bot/description/upper_link.urdf.xacro
[0.771s] -- Installing: /home/ender/Desktop/dev_ws/install/my_bot/share/my_bot/description/gazebo_control.xacro
[0.771s] -- Installing: /home/ender/Desktop/dev_ws/install/my_bot/share/my_bot/description/robot.urdf.xacro
[0.771s] -- Installing: /home/ender/Desktop/dev_ws/install/my_bot/share/my_bot/description/caster.urdf.xacro
[0.771s] -- Installing: /home/ender/Desktop/dev_ws/install/my_bot/share/my_bot/description/lidar.urdf.xacro
[0.772s] -- Installing: /home/ender/Desktop/dev_ws/install/my_bot/share/my_bot/description/agv.urdf.xacro
[0.772s] -- Installing: /home/ender/Desktop/dev_ws/install/my_bot/share/my_bot/description/wheel.urdf.xacro
[0.772s] -- Installing: /home/ender/Desktop/dev_ws/install/my_bot/share/my_bot/launch
[0.772s] -- Installing: /home/ender/Desktop/dev_ws/install/my_bot/share/my_bot/launch/launch_sim.launch.py
[0.772s] -- Installing: /home/ender/Desktop/dev_ws/install/my_bot/share/my_bot/launch/joystick.launch.py
[0.772s] -- Installing: /home/ender/Desktop/dev_ws/install/my_bot/share/my_bot/launch/rsp.launch.py
[0.772s] -- Installing: /home/ender/Desktop/dev_ws/install/my_bot/share/my_bot/worlds
[0.772s] -- Installing: /home/ender/Desktop/dev_ws/install/my_bot/share/my_bot/worlds/empty.world
[0.772s] -- Installing: /home/ender/Desktop/dev_ws/install/my_bot/share/my_bot/worlds/obstacles.world
[0.773s] -- Installing: /home/ender/Desktop/dev_ws/install/my_bot/share/ament_index/resource_index/package_run_dependencies/my_bot
[0.773s] -- Installing: /home/ender/Desktop/dev_ws/install/my_bot/share/ament_index/resource_index/parent_prefix_path/my_bot
[0.773s] -- Installing: /home/ender/Desktop/dev_ws/install/my_bot/share/my_bot/environment/ament_prefix_path.sh
[0.773s] -- Installing: /home/ender/Desktop/dev_ws/install/my_bot/share/my_bot/environment/ament_prefix_path.dsv
[0.773s] -- Installing: /home/ender/Desktop/dev_ws/install/my_bot/share/my_bot/environment/path.sh
[0.773s] -- Installing: /home/ender/Desktop/dev_ws/install/my_bot/share/my_bot/environment/path.dsv
[0.773s] -- Installing: /home/ender/Desktop/dev_ws/install/my_bot/share/my_bot/local_setup.bash
[0.773s] -- Installing: /home/ender/Desktop/dev_ws/install/my_bot/share/my_bot/local_setup.sh
[0.773s] -- Installing: /home/ender/Desktop/dev_ws/install/my_bot/share/my_bot/local_setup.zsh
[0.773s] -- Installing: /home/ender/Desktop/dev_ws/install/my_bot/share/my_bot/local_setup.dsv
[0.773s] -- Installing: /home/ender/Desktop/dev_ws/install/my_bot/share/my_bot/package.dsv
[0.773s] -- Installing: /home/ender/Desktop/dev_ws/install/my_bot/share/ament_index/resource_index/packages/my_bot
[0.773s] -- Installing: /home/ender/Desktop/dev_ws/install/my_bot/share/my_bot/cmake/my_botConfig.cmake
[0.773s] -- Installing: /home/ender/Desktop/dev_ws/install/my_bot/share/my_bot/cmake/my_botConfig-version.cmake
[0.773s] -- Installing: /home/ender/Desktop/dev_ws/install/my_bot/share/my_bot/package.xml
[0.775s] Invoked command in '/home/ender/Desktop/dev_ws/build/my_bot' returned '0': CMAKE_PREFIX_PATH=${CMAKE_PREFIX_PATH}:/home/ender/Desktop/ros2_wc/install/my_py_pkg:/opt/ros/humble DEBUGINFOD_URLS=https://debuginfod.ubuntu.com /usr/bin/cmake --install /home/ender/Desktop/dev_ws/build/my_bot
