[0.012s] Invoking command in '/home/ender/Desktop/dev_ws/build/environment_detection': CMAKE_PREFIX_PATH=${CMAKE_PREFIX_PATH}:/opt/ros/humble /usr/bin/cmake --build /home/ender/Desktop/dev_ws/build/environment_detection -- -j16 -l16
[0.041s] [35m[1mConsolidate compiler generated dependencies of target environment_detection_node[0m
[0.053s] [ 50%] [32mBuilding CXX object CMakeFiles/environment_detection_node.dir/src/main.cpp.o[0m
[5.240s] [100%] [32m[1mLinking CXX executable environment_detection_node[0m
[5.686s] [100%] Built target environment_detection_node
[5.696s] Invoked command in '/home/ender/Desktop/dev_ws/build/environment_detection' returned '0': CMAKE_PREFIX_PATH=${CMAKE_PREFIX_PATH}:/opt/ros/humble /usr/bin/cmake --build /home/ender/Desktop/dev_ws/build/environment_detection -- -j16 -l16
[5.715s] Invoking command in '/home/ender/Desktop/dev_ws/build/environment_detection': CMAKE_PREFIX_PATH=${CMAKE_PREFIX_PATH}:/opt/ros/humble /usr/bin/cmake --install /home/ender/Desktop/dev_ws/build/environment_detection
[5.721s] -- Install configuration: ""
[5.721s] -- Execute custom install script
[5.721s] -- Up-to-date symlink: /home/ender/Desktop/dev_ws/install/environment_detection/lib/environment_detection/environment_detection_node
[5.721s] -- Up-to-date symlink: /home/ender/Desktop/dev_ws/install/environment_detection/share/ament_index/resource_index/package_run_dependencies/environment_detection
[5.721s] -- Up-to-date symlink: /home/ender/Desktop/dev_ws/install/environment_detection/share/ament_index/resource_index/parent_prefix_path/environment_detection
[5.721s] -- Up-to-date symlink: /home/ender/Desktop/dev_ws/install/environment_detection/share/environment_detection/environment/ament_prefix_path.sh
[5.721s] -- Up-to-date symlink: /home/ender/Desktop/dev_ws/install/environment_detection/share/environment_detection/environment/ament_prefix_path.dsv
[5.722s] -- Up-to-date symlink: /home/ender/Desktop/dev_ws/install/environment_detection/share/environment_detection/environment/path.sh
[5.722s] -- Up-to-date symlink: /home/ender/Desktop/dev_ws/install/environment_detection/share/environment_detection/environment/path.dsv
[5.722s] -- Up-to-date symlink: /home/ender/Desktop/dev_ws/install/environment_detection/share/environment_detection/local_setup.bash
[5.722s] -- Up-to-date symlink: /home/ender/Desktop/dev_ws/install/environment_detection/share/environment_detection/local_setup.sh
[5.722s] -- Up-to-date symlink: /home/ender/Desktop/dev_ws/install/environment_detection/share/environment_detection/local_setup.zsh
[5.722s] -- Up-to-date symlink: /home/ender/Desktop/dev_ws/install/environment_detection/share/environment_detection/local_setup.dsv
[5.722s] -- Symlinking: /home/ender/Desktop/dev_ws/install/environment_detection/share/environment_detection/package.dsv
[5.727s] -- Up-to-date symlink: /home/ender/Desktop/dev_ws/install/environment_detection/share/ament_index/resource_index/packages/environment_detection
[5.727s] -- Up-to-date symlink: /home/ender/Desktop/dev_ws/install/environment_detection/share/environment_detection/cmake/environment_detectionConfig.cmake
[5.727s] -- Up-to-date symlink: /home/ender/Desktop/dev_ws/install/environment_detection/share/environment_detection/cmake/environment_detectionConfig-version.cmake
[5.727s] -- Up-to-date symlink: /home/ender/Desktop/dev_ws/install/environment_detection/share/environment_detection/package.xml
[5.728s] Invoked command in '/home/ender/Desktop/dev_ws/build/environment_detection' returned '0': CMAKE_PREFIX_PATH=${CMAKE_PREFIX_PATH}:/opt/ros/humble /usr/bin/cmake --install /home/ender/Desktop/dev_ws/build/environment_detection
