[0.163s] Invoking command in '/home/ender/Desktop/dev_ws/build/environment_detection': CMAKE_PREFIX_PATH=${CMAKE_PREFIX_PATH}:/home/ender/Desktop/dev_ws/install/control:/opt/ros/humble /usr/bin/cmake --build /home/ender/Desktop/dev_ws/build/environment_detection -- -j16 -l16
[0.203s] [ 50%] [32mBuilding CXX object CMakeFiles/environment_detection_node.dir/src/main.cpp.o[0m
[2.087s] [01m[K/home/ender/Desktop/dev_ws/src/environment_detection/src/main.cpp:14:24:[m[K [01;31m[Kerror: [m[Kreference to ‘[01m[KNode[m[K’ is ambiguous
[2.087s]    14 | class AgvNode : public [01;31m[KNode[m[K {
[2.087s]       |                        [01;31m[K^~~~[m[K
[2.087s] In file included from [01m[K/opt/ros/humble/include/rclcpp/rclcpp/executors/single_threaded_executor.hpp:28[m[K,
[2.087s]                  from [01m[K/opt/ros/humble/include/rclcpp/rclcpp/executors.hpp:22[m[K,
[2.087s]                  from [01m[K/opt/ros/humble/include/rclcpp/rclcpp/rclcpp.hpp:155[m[K,
[2.087s]                  from [01m[K/home/ender/Desktop/dev_ws/src/environment_detection/src/main.cpp:1[m[K:
[2.087s] [01m[K/opt/ros/humble/include/rclcpp/rclcpp/node.hpp:77:7:[m[K [01;36m[Knote: [m[Kcandidates are: ‘[01m[Kclass rclcpp::Node[m[K’
[2.087s]    77 | class [01;36m[KNode[m[K : public std::enable_shared_from_this<Node>
[2.087s]       |       [01;36m[K^~~~[m[K
[2.087s] In file included from [01m[K/usr/include/opencv4/opencv2/core.hpp:3307[m[K,
[2.087s]                  from [01m[K/usr/include/opencv4/opencv2/core/core.hpp:48[m[K,
[2.087s]                  from [01m[K/opt/ros/humble/include/cv_bridge/cv_bridge/cv_bridge.h:43[m[K,
[2.087s]                  from [01m[K/home/ender/Desktop/dev_ws/src/environment_detection/src/main.cpp:4[m[K:
[2.087s] [01m[K/usr/include/opencv4/opencv2/core/utility.hpp:1072:18:[m[K [01;36m[Knote: [m[K                ‘[01m[Ktemplate<class OBJECT> class cv::Node[m[K’
[2.087s]  1072 | class CV_EXPORTS [01;36m[KNode[m[K
[2.087s]       |                  [01;36m[K^~~~[m[K
[2.112s] [01m[K/home/ender/Desktop/dev_ws/src/environment_detection/src/main.cpp:[m[K In constructor ‘[01m[KAgvNode::AgvNode()[m[K’:
[2.112s] [01m[K/home/ender/Desktop/dev_ws/src/environment_detection/src/main.cpp:16:17:[m[K [01;31m[Kerror: [m[Kclass ‘[01m[KAgvNode[m[K’ does not have any field named ‘[01m[KNode[m[K’
[2.112s]    16 |     AgvNode() : [01;31m[KNode[m[K("agv_node"), current_state_(State::IDLE), turn_count_(0) {
[2.112s]       |                 [01;31m[K^~~~[m[K
[2.120s] [01m[K/home/ender/Desktop/dev_ws/src/environment_detection/src/main.cpp:18:38:[m[K [01;31m[Kerror: [m[K‘[01m[Kclass AgvNode[m[K’ has no member named ‘[01m[Kcreate_subscription[m[K’; did you mean ‘[01m[Kcamera_subscription_[m[K’?
[2.120s]    18 | scription_ = this->[01;31m[Kcreate_subscription[m[K<sensor_msgs::msg::Image>(
[2.120s]       |                    [01;31m[K^~~~~~~~~~~~~~~~~~~[m[K
[2.120s]       |                    [32m[Kcamera_subscription_[m[K
[2.120s] [01m[K/home/ender/Desktop/dev_ws/src/environment_detection/src/main.cpp:18:81:[m[K [01;31m[Kerror: [m[Kexpected primary-expression before ‘[01m[K>[m[K’ token
[2.120s]    18 | tion<sensor_msgs::msg::Image[01;31m[K>[m[K(
[2.120s]       |                             [01;31m[K^[m[K
[2.120s] 
[2.125s] [01m[K/home/ender/Desktop/dev_ws/src/environment_detection/src/main.cpp:22:37:[m[K [01;31m[Kerror: [m[K‘[01m[Kclass AgvNode[m[K’ has no member named ‘[01m[Kcreate_publisher[m[K’
[2.125s]    22 | publisher_ = this->[01;31m[Kcreate_publisher[m[K<geometry_msgs::msg::Twist>("/cmd_vel", 10);
[2.125s]       |                    [01;31m[K^~~~~~~~~~~~~~~~[m[K
[2.125s] 
[2.125s] [01m[K/home/ender/Desktop/dev_ws/src/environment_detection/src/main.cpp:22:79:[m[K [01;31m[Kerror: [m[Kexpected primary-expression before ‘[01m[K>[m[K’ token
[2.125s]    22 | ry_msgs::msg::Twist[01;31m[K>[m[K("/cmd_vel", 10);
[2.125s]       |                    [01;31m[K^[m[K
[2.125s] 
[2.125s] In file included from [01m[K/opt/ros/humble/include/rclcpp/rclcpp/client.hpp:40[m[K,
[2.125s]                  from [01m[K/opt/ros/humble/include/rclcpp/rclcpp/callback_group.hpp:24[m[K,
[2.125s]                  from [01m[K/opt/ros/humble/include/rclcpp/rclcpp/any_executable.hpp:20[m[K,
[2.125s]                  from [01m[K/opt/ros/humble/include/rclcpp/rclcpp/memory_strategy.hpp:25[m[K,
[2.126s]                  from [01m[K/opt/ros/humble/include/rclcpp/rclcpp/memory_strategies.hpp:18[m[K,
[2.126s]                  from [01m[K/opt/ros/humble/include/rclcpp/rclcpp/executor_options.hpp:20[m[K,
[2.126s]                  from [01m[K/opt/ros/humble/include/rclcpp/rclcpp/executor.hpp:37[m[K,
[2.126s]                  from [01m[K/opt/ros/humble/include/rclcpp/rclcpp/executors/multi_threaded_executor.hpp:25[m[K,
[2.126s]                  from [01m[K/opt/ros/humble/include/rclcpp/rclcpp/executors.hpp:21[m[K,
[2.126s]                  from [01m[K/opt/ros/humble/include/rclcpp/rclcpp/rclcpp.hpp:155[m[K,
[2.126s]                  from [01m[K/home/ender/Desktop/dev_ws/src/environment_detection/src/main.cpp:1[m[K:
[2.126s] [01m[K/home/ender/Desktop/dev_ws/src/environment_detection/src/main.cpp:24:27:[m[K [01;31m[Kerror: [m[K‘[01m[Kclass AgvNode[m[K’ has no member named ‘[01m[Kget_logger[m[K’
[2.126s]    24 |  RCLCPP_INFO(this->[01;31m[Kget_logger[m[K(), "AGV node initialized and listening to camera topic.");
[2.126s]       |                    [01;31m[K^~~~~~~~~~[m[K
[2.127s] 
[2.127s] [01m[K/home/ender/Desktop/dev_ws/src/environment_detection/src/main.cpp:24:27:[m[K [01;31m[Kerror: [m[K‘[01m[Kclass AgvNode[m[K’ has no member named ‘[01m[Kget_logger[m[K’
[2.127s] [01m[K/home/ender/Desktop/dev_ws/src/environment_detection/src/main.cpp:24:9:[m[K [01;31m[Kerror: [m[Ktemplate argument 1 is invalid
[2.127s]    24 |         [01;31m[KRCLCPP_INFO[m[K(this->get_logger(), "AGV node initialized and listening to camera topic.");
[2.127s]       |         [01;31m[K^~~~~~~~~~~[m[K
[2.127s] [01m[K/home/ender/Desktop/dev_ws/src/environment_detection/src/main.cpp:24:9:[m[K [01;31m[Kerror: [m[Ktemplate argument 1 is invalid
[2.127s]    24 |         [01;31m[KRCLCPP_INFO[m[K(this->get_logger(), "AGV node initialized and listening to camera topic.");
[2.127s]       |         [01;31m[K^~~~~~~~~~~[m[K
[2.127s] [01m[K/home/ender/Desktop/dev_ws/src/environment_detection/src/main.cpp:24:9:[m[K [01;31m[Kerror: [m[Ktemplate argument 1 is invalid
[2.127s]    24 |         [01;31m[KRCLCPP_INFO[m[K(this->get_logger(), "AGV node initialized and listening to camera topic.");
[2.127s]       |         [01;31m[K^~~~~~~~~~~[m[K
[2.127s] In file included from [01m[K/opt/ros/humble/include/rclcpp/rclcpp/logging.hpp:24[m[K,
[2.127s]                  from [01m[K/opt/ros/humble/include/rclcpp/rclcpp/client.hpp:40[m[K,
[2.127s]                  from [01m[K/opt/ros/humble/include/rclcpp/rclcpp/callback_group.hpp:24[m[K,
[2.128s]                  from [01m[K/opt/ros/humble/include/rclcpp/rclcpp/any_executable.hpp:20[m[K,
[2.128s]                  from [01m[K/opt/ros/humble/include/rclcpp/rclcpp/memory_strategy.hpp:25[m[K,
[2.128s]                  from [01m[K/opt/ros/humble/include/rclcpp/rclcpp/memory_strategies.hpp:18[m[K,
[2.128s]                  from [01m[K/opt/ros/humble/include/rclcpp/rclcpp/executor_options.hpp:20[m[K,
[2.128s]                  from [01m[K/opt/ros/humble/include/rclcpp/rclcpp/executor.hpp:37[m[K,
[2.128s]                  from [01m[K/opt/ros/humble/include/rclcpp/rclcpp/executors/multi_threaded_executor.hpp:25[m[K,
[2.128s]                  from [01m[K/opt/ros/humble/include/rclcpp/rclcpp/executors.hpp:21[m[K,
[2.128s]                  from [01m[K/opt/ros/humble/include/rclcpp/rclcpp/rclcpp.hpp:155[m[K,
[2.128s]                  from [01m[K/home/ender/Desktop/dev_ws/src/environment_detection/src/main.cpp:1[m[K:
[2.128s] [01m[K/home/ender/Desktop/dev_ws/src/environment_detection/src/main.cpp:24:27:[m[K [01;31m[Kerror: [m[K‘[01m[Kclass AgvNode[m[K’ has no member named ‘[01m[Kget_logger[m[K’
[2.128s]    24 |  RCLCPP_INFO(this->[01;31m[Kget_logger[m[K(), "AGV node initialized and listening to camera topic.");
[2.128s]       |                    [01;31m[K^~~~~~~~~~[m[K
[2.128s] 
[2.128s] [01m[K/home/ender/Desktop/dev_ws/src/environment_detection/src/main.cpp:24:27:[m[K [01;31m[Kerror: [m[K‘[01m[Kclass AgvNode[m[K’ has no member named ‘[01m[Kget_logger[m[K’
[2.129s]    24 |  RCLCPP_INFO(this->[01;31m[Kget_logger[m[K(), "AGV node initialized and listening to camera topic.");
[2.129s]       |                    [01;31m[K^~~~~~~~~~[m[K
[2.129s] 
[2.132s] In file included from [01m[K/opt/ros/humble/include/rclcpp/rclcpp/client.hpp:40[m[K,
[2.132s]                  from [01m[K/opt/ros/humble/include/rclcpp/rclcpp/callback_group.hpp:24[m[K,
[2.132s]                  from [01m[K/opt/ros/humble/include/rclcpp/rclcpp/any_executable.hpp:20[m[K,
[2.132s]                  from [01m[K/opt/ros/humble/include/rclcpp/rclcpp/memory_strategy.hpp:25[m[K,
[2.132s]                  from [01m[K/opt/ros/humble/include/rclcpp/rclcpp/memory_strategies.hpp:18[m[K,
[2.132s]                  from [01m[K/opt/ros/humble/include/rclcpp/rclcpp/executor_options.hpp:20[m[K,
[2.132s]                  from [01m[K/opt/ros/humble/include/rclcpp/rclcpp/executor.hpp:37[m[K,
[2.132s]                  from [01m[K/opt/ros/humble/include/rclcpp/rclcpp/executors/multi_threaded_executor.hpp:25[m[K,
[2.132s]                  from [01m[K/opt/ros/humble/include/rclcpp/rclcpp/executors.hpp:21[m[K,
[2.132s]                  from [01m[K/opt/ros/humble/include/rclcpp/rclcpp/rclcpp.hpp:155[m[K,
[2.132s]                  from [01m[K/home/ender/Desktop/dev_ws/src/environment_detection/src/main.cpp:1[m[K:
[2.132s] [01m[K/home/ender/Desktop/dev_ws/src/environment_detection/src/main.cpp:[m[K In member function ‘[01m[Kvoid AgvNode::imageCallback(sensor_msgs::msg::Image_<std::allocator<void> >::SharedPtr)[m[K’:
[2.133s] [01m[K/home/ender/Desktop/dev_ws/src/environment_detection/src/main.cpp:51:32:[m[K [01;31m[Kerror: [m[K‘[01m[Kclass AgvNode[m[K’ has no member named ‘[01m[Kget_logger[m[K’
[2.133s]    51 | RCLCPP_ERROR(this->[01;31m[Kget_logger[m[K(), "Could not convert from '%s' to 'bgr8': %s", msg->encoding.c_str(), e.what());
[2.133s]       |                    [01;31m[K^~~~~~~~~~[m[K
[2.133s] 
[2.133s] [01m[K/home/ender/Desktop/dev_ws/src/environment_detection/src/main.cpp:51:32:[m[K [01;31m[Kerror: [m[K‘[01m[Kclass AgvNode[m[K’ has no member named ‘[01m[Kget_logger[m[K’
[2.133s] [01m[K/home/ender/Desktop/dev_ws/src/environment_detection/src/main.cpp:51:13:[m[K [01;31m[Kerror: [m[Ktemplate argument 1 is invalid
[2.133s]    51 |             [01;31m[KRCLCPP_ERROR[m[K(this->get_logger(), "Could not convert from '%s' to 'bgr8': %s", msg->encoding.c_str(), e.what());
[2.133s]       |             [01;31m[K^~~~~~~~~~~~[m[K
[2.133s] [01m[K/home/ender/Desktop/dev_ws/src/environment_detection/src/main.cpp:51:13:[m[K [01;31m[Kerror: [m[Ktemplate argument 1 is invalid
[2.133s]    51 |             [01;31m[KRCLCPP_ERROR[m[K(this->get_logger(), "Could not convert from '%s' to 'bgr8': %s", msg->encoding.c_str(), e.what());
[2.133s]       |             [01;31m[K^~~~~~~~~~~~[m[K
[2.133s] [01m[K/home/ender/Desktop/dev_ws/src/environment_detection/src/main.cpp:51:13:[m[K [01;31m[Kerror: [m[Ktemplate argument 1 is invalid
[2.133s]    51 |             [01;31m[KRCLCPP_ERROR[m[K(this->get_logger(), "Could not convert from '%s' to 'bgr8': %s", msg->encoding.c_str(), e.what());
[2.134s]       |             [01;31m[K^~~~~~~~~~~~[m[K
[2.134s] In file included from [01m[K/opt/ros/humble/include/rclcpp/rclcpp/logging.hpp:24[m[K,
[2.134s]                  from [01m[K/opt/ros/humble/include/rclcpp/rclcpp/client.hpp:40[m[K,
[2.134s]                  from [01m[K/opt/ros/humble/include/rclcpp/rclcpp/callback_group.hpp:24[m[K,
[2.134s]                  from [01m[K/opt/ros/humble/include/rclcpp/rclcpp/any_executable.hpp:20[m[K,
[2.134s]                  from [01m[K/opt/ros/humble/include/rclcpp/rclcpp/memory_strategy.hpp:25[m[K,
[2.134s]                  from [01m[K/opt/ros/humble/include/rclcpp/rclcpp/memory_strategies.hpp:18[m[K,
[2.134s]                  from [01m[K/opt/ros/humble/include/rclcpp/rclcpp/executor_options.hpp:20[m[K,
[2.134s]                  from [01m[K/opt/ros/humble/include/rclcpp/rclcpp/executor.hpp:37[m[K,
[2.134s]                  from [01m[K/opt/ros/humble/include/rclcpp/rclcpp/executors/multi_threaded_executor.hpp:25[m[K,
[2.134s]                  from [01m[K/opt/ros/humble/include/rclcpp/rclcpp/executors.hpp:21[m[K,
[2.134s]                  from [01m[K/opt/ros/humble/include/rclcpp/rclcpp/rclcpp.hpp:155[m[K,
[2.134s]                  from [01m[K/home/ender/Desktop/dev_ws/src/environment_detection/src/main.cpp:1[m[K:
[2.134s] [01m[K/home/ender/Desktop/dev_ws/src/environment_detection/src/main.cpp:51:32:[m[K [01;31m[Kerror: [m[K‘[01m[Kclass AgvNode[m[K’ has no member named ‘[01m[Kget_logger[m[K’
[2.135s]    51 | RCLCPP_ERROR(this->[01;31m[Kget_logger[m[K(), "Could not convert from '%s' to 'bgr8': %s", msg->encoding.c_str(), e.what());
[2.135s]       |                    [01;31m[K^~~~~~~~~~[m[K
[2.135s] 
[2.135s] [01m[K/home/ender/Desktop/dev_ws/src/environment_detection/src/main.cpp:51:32:[m[K [01;31m[Kerror: [m[K‘[01m[Kclass AgvNode[m[K’ has no member named ‘[01m[Kget_logger[m[K’
[2.135s]    51 | RCLCPP_ERROR(this->[01;31m[Kget_logger[m[K(), "Could not convert from '%s' to 'bgr8': %s", msg->encoding.c_str(), e.what());
[2.135s]       |                    [01;31m[K^~~~~~~~~~[m[K
[2.135s] 
[2.135s] [01m[K/home/ender/Desktop/dev_ws/src/environment_detection/src/main.cpp:[m[K In member function ‘[01m[Kvoid AgvNode::processState()[m[K’:
[2.135s] [01m[K/home/ender/Desktop/dev_ws/src/environment_detection/src/main.cpp:72:45:[m[K [01;31m[Kerror: [m[Kcannot convert ‘[01m[Kint[m[K’ to ‘[01m[Kstd::vector<cv::Point_<int> >[m[K’
[2.135s]    72 | image_to_process, 0, [01;31m[K0[m[K, true);
[2.135s]       |                      [01;31m[K^[m[K
[2.135s]       |                      [01;31m[K|[m[K
[2.136s]       |                      [01;31m[Kint[m[K
[2.136s] 
[2.136s] [01m[K/home/ender/Desktop/dev_ws/src/environment_detection/src/main.cpp:123:71:[m[K [01;36m[Knote: [m[K  initializing argument 3 of ‘[01m[Kvoid AgvNode::showImage(cv::Mat, int, std::vector<cv::Point_<int> >, bool)[m[K’
[2.136s]   123 | e_x, [01;36m[Kvector<Point> main_contour[m[K, bool stop = false){
[2.136s]       |      [01;36m[K~~~~~~~~~~~~~~^~~~~~~~~~~~[m[K
[2.136s] 
[2.136s] In file included from [01m[K/opt/ros/humble/include/rclcpp/rclcpp/client.hpp:40[m[K,
[2.136s]                  from [01m[K/opt/ros/humble/include/rclcpp/rclcpp/callback_group.hpp:24[m[K,
[2.136s]                  from [01m[K/opt/ros/humble/include/rclcpp/rclcpp/any_executable.hpp:20[m[K,
[2.136s]                  from [01m[K/opt/ros/humble/include/rclcpp/rclcpp/memory_strategy.hpp:25[m[K,
[2.136s]                  from [01m[K/opt/ros/humble/include/rclcpp/rclcpp/memory_strategies.hpp:18[m[K,
[2.136s]                  from [01m[K/opt/ros/humble/include/rclcpp/rclcpp/executor_options.hpp:20[m[K,
[2.136s]                  from [01m[K/opt/ros/humble/include/rclcpp/rclcpp/executor.hpp:37[m[K,
[2.137s]                  from [01m[K/opt/ros/humble/include/rclcpp/rclcpp/executors/multi_threaded_executor.hpp:25[m[K,
[2.137s]                  from [01m[K/opt/ros/humble/include/rclcpp/rclcpp/executors.hpp:21[m[K,
[2.137s]                  from [01m[K/opt/ros/humble/include/rclcpp/rclcpp/rclcpp.hpp:155[m[K,
[2.137s]                  from [01m[K/home/ender/Desktop/dev_ws/src/environment_detection/src/main.cpp:1[m[K:
[2.137s] [01m[K/home/ender/Desktop/dev_ws/src/environment_detection/src/main.cpp:101:39:[m[K [01;31m[Kerror: [m[K‘[01m[Kclass AgvNode[m[K’ has no member named ‘[01m[Kget_logger[m[K’
[2.137s]   101 |  RCLCPP_INFO(this->[01;31m[Kget_logger[m[K(), "Dönüş Algılandı. Dönüş Sayısı: %d", turn_count_);
[2.137s]       |                    [01;31m[K^~~~~~~~~~[m[K
[2.137s] 
[2.137s] [01m[K/home/ender/Desktop/dev_ws/src/environment_detection/src/main.cpp:101:39:[m[K [01;31m[Kerror: [m[K‘[01m[Kclass AgvNode[m[K’ has no member named ‘[01m[Kget_logger[m[K’
[2.137s] [01m[K/home/ender/Desktop/dev_ws/src/environment_detection/src/main.cpp:101:21:[m[K [01;31m[Kerror: [m[Ktemplate argument 1 is invalid
[2.137s]   101 |                    [01;31m[KRCLCPP_INFO[m[K(this->get_logger(), "Dönüş Algılandı. Dönüş Sayısı: %d", turn_count_);
[2.137s]       |                    [01;31m[K^~~~~~~~~~~[m[K
[2.137s] 
[2.137s] [01m[K/home/ender/Desktop/dev_ws/src/environment_detection/src/main.cpp:101:21:[m[K [01;31m[Kerror: [m[Ktemplate argument 1 is invalid
[2.137s]   101 |                    [01;31m[KRCLCPP_INFO[m[K(this->get_logger(), "Dönüş Algılandı. Dönüş Sayısı: %d", turn_count_);
[2.138s]       |                    [01;31m[K^~~~~~~~~~~[m[K
[2.138s] 
[2.138s] [01m[K/home/ender/Desktop/dev_ws/src/environment_detection/src/main.cpp:101:21:[m[K [01;31m[Kerror: [m[Ktemplate argument 1 is invalid
[2.138s]   101 |                    [01;31m[KRCLCPP_INFO[m[K(this->get_logger(), "Dönüş Algılandı. Dönüş Sayısı: %d", turn_count_);
[2.138s]       |                    [01;31m[K^~~~~~~~~~~[m[K
[2.138s] 
[2.138s] In file included from [01m[K/opt/ros/humble/include/rclcpp/rclcpp/logging.hpp:24[m[K,
[2.138s]                  from [01m[K/opt/ros/humble/include/rclcpp/rclcpp/client.hpp:40[m[K,
[2.138s]                  from [01m[K/opt/ros/humble/include/rclcpp/rclcpp/callback_group.hpp:24[m[K,
[2.138s]                  from [01m[K/opt/ros/humble/include/rclcpp/rclcpp/any_executable.hpp:20[m[K,
[2.138s]                  from [01m[K/opt/ros/humble/include/rclcpp/rclcpp/memory_strategy.hpp:25[m[K,
[2.138s]                  from [01m[K/opt/ros/humble/include/rclcpp/rclcpp/memory_strategies.hpp:18[m[K,
[2.138s]                  from [01m[K/opt/ros/humble/include/rclcpp/rclcpp/executor_options.hpp:20[m[K,
[2.138s]                  from [01m[K/opt/ros/humble/include/rclcpp/rclcpp/executor.hpp:37[m[K,
[2.138s]                  from [01m[K/opt/ros/humble/include/rclcpp/rclcpp/executors/multi_threaded_executor.hpp:25[m[K,
[2.139s]                  from [01m[K/opt/ros/humble/include/rclcpp/rclcpp/executors.hpp:21[m[K,
[2.139s]                  from [01m[K/opt/ros/humble/include/rclcpp/rclcpp/rclcpp.hpp:155[m[K,
[2.139s]                  from [01m[K/home/ender/Desktop/dev_ws/src/environment_detection/src/main.cpp:1[m[K:
[2.139s] [01m[K/home/ender/Desktop/dev_ws/src/environment_detection/src/main.cpp:101:39:[m[K [01;31m[Kerror: [m[K‘[01m[Kclass AgvNode[m[K’ has no member named ‘[01m[Kget_logger[m[K’
[2.139s]   101 |  RCLCPP_INFO(this->[01;31m[Kget_logger[m[K(), "Dönüş Algılandı. Dönüş Sayısı: %d", turn_count_);
[2.139s]       |                    [01;31m[K^~~~~~~~~~[m[K
[2.139s] 
[2.139s] [01m[K/home/ender/Desktop/dev_ws/src/environment_detection/src/main.cpp:101:39:[m[K [01;31m[Kerror: [m[K‘[01m[Kclass AgvNode[m[K’ has no member named ‘[01m[Kget_logger[m[K’
[2.139s]   101 |  RCLCPP_INFO(this->[01;31m[Kget_logger[m[K(), "Dönüş Algılandı. Dönüş Sayısı: %d", turn_count_);
[2.139s]       |                    [01;31m[K^~~~~~~~~~[m[K
[2.139s] 
[2.139s] In file included from [01m[K/opt/ros/humble/include/rclcpp/rclcpp/client.hpp:40[m[K,
[2.139s]                  from [01m[K/opt/ros/humble/include/rclcpp/rclcpp/callback_group.hpp:24[m[K,
[2.139s]                  from [01m[K/opt/ros/humble/include/rclcpp/rclcpp/any_executable.hpp:20[m[K,
[2.140s]                  from [01m[K/opt/ros/humble/include/rclcpp/rclcpp/memory_strategy.hpp:25[m[K,
[2.140s]                  from [01m[K/opt/ros/humble/include/rclcpp/rclcpp/memory_strategies.hpp:18[m[K,
[2.140s]                  from [01m[K/opt/ros/humble/include/rclcpp/rclcpp/executor_options.hpp:20[m[K,
[2.140s]                  from [01m[K/opt/ros/humble/include/rclcpp/rclcpp/executor.hpp:37[m[K,
[2.140s]                  from [01m[K/opt/ros/humble/include/rclcpp/rclcpp/executors/multi_threaded_executor.hpp:25[m[K,
[2.140s]                  from [01m[K/opt/ros/humble/include/rclcpp/rclcpp/executors.hpp:21[m[K,
[2.140s]                  from [01m[K/opt/ros/humble/include/rclcpp/rclcpp/rclcpp.hpp:155[m[K,
[2.140s]                  from [01m[K/home/ender/Desktop/dev_ws/src/environment_detection/src/main.cpp:1[m[K:
[2.140s] [01m[K/home/ender/Desktop/dev_ws/src/environment_detection/src/main.cpp:[m[K In member function ‘[01m[Kvoid AgvNode::transitionState(const AgvNode::State&)[m[K’:
[2.140s] [01m[K/home/ender/Desktop/dev_ws/src/environment_detection/src/main.cpp:135:28:[m[K [01;31m[Kerror: [m[K‘[01m[Kclass AgvNode[m[K’ has no member named ‘[01m[Kget_logger[m[K’
[2.140s]   135 |  RCLCPP_INFO(this->[01;31m[Kget_logger[m[K(), "Transitioned to state: %s", toString(new_state).c_str());
[2.140s]       |                    [01;31m[K^~~~~~~~~~[m[K
[2.140s] 
[2.140s] [01m[K/home/ender/Desktop/dev_ws/src/environment_detection/src/main.cpp:135:28:[m[K [01;31m[Kerror: [m[K‘[01m[Kclass AgvNode[m[K’ has no member named ‘[01m[Kget_logger[m[K’
[2.140s] [01m[K/home/ender/Desktop/dev_ws/src/environment_detection/src/main.cpp:135:10:[m[K [01;31m[Kerror: [m[Ktemplate argument 1 is invalid
[2.140s]   135 |          [01;31m[KRCLCPP_INFO[m[K(this->get_logger(), "Transitioned to state: %s", toString(new_state).c_str());
[2.140s]       |          [01;31m[K^~~~~~~~~~~[m[K
[2.140s] [01m[K/home/ender/Desktop/dev_ws/src/environment_detection/src/main.cpp:135:10:[m[K [01;31m[Kerror: [m[Ktemplate argument 1 is invalid
[2.140s]   135 |          [01;31m[KRCLCPP_INFO[m[K(this->get_logger(), "Transitioned to state: %s", toString(new_state).c_str());
[2.140s]       |          [01;31m[K^~~~~~~~~~~[m[K
[2.141s] [01m[K/home/ender/Desktop/dev_ws/src/environment_detection/src/main.cpp:135:10:[m[K [01;31m[Kerror: [m[Ktemplate argument 1 is invalid
[2.141s]   135 |          [01;31m[KRCLCPP_INFO[m[K(this->get_logger(), "Transitioned to state: %s", toString(new_state).c_str());
[2.141s]       |          [01;31m[K^~~~~~~~~~~[m[K
[2.141s] In file included from [01m[K/opt/ros/humble/include/rclcpp/rclcpp/logging.hpp:24[m[K,
[2.141s]                  from [01m[K/opt/ros/humble/include/rclcpp/rclcpp/client.hpp:40[m[K,
[2.141s]                  from [01m[K/opt/ros/humble/include/rclcpp/rclcpp/callback_group.hpp:24[m[K,
[2.141s]                  from [01m[K/opt/ros/humble/include/rclcpp/rclcpp/any_executable.hpp:20[m[K,
[2.141s]                  from [01m[K/opt/ros/humble/include/rclcpp/rclcpp/memory_strategy.hpp:25[m[K,
[2.141s]                  from [01m[K/opt/ros/humble/include/rclcpp/rclcpp/memory_strategies.hpp:18[m[K,
[2.141s]                  from [01m[K/opt/ros/humble/include/rclcpp/rclcpp/executor_options.hpp:20[m[K,
[2.141s]                  from [01m[K/opt/ros/humble/include/rclcpp/rclcpp/executor.hpp:37[m[K,
[2.141s]                  from [01m[K/opt/ros/humble/include/rclcpp/rclcpp/executors/multi_threaded_executor.hpp:25[m[K,
[2.141s]                  from [01m[K/opt/ros/humble/include/rclcpp/rclcpp/executors.hpp:21[m[K,
[2.141s]                  from [01m[K/opt/ros/humble/include/rclcpp/rclcpp/rclcpp.hpp:155[m[K,
[2.141s]                  from [01m[K/home/ender/Desktop/dev_ws/src/environment_detection/src/main.cpp:1[m[K:
[2.141s] [01m[K/home/ender/Desktop/dev_ws/src/environment_detection/src/main.cpp:135:28:[m[K [01;31m[Kerror: [m[K‘[01m[Kclass AgvNode[m[K’ has no member named ‘[01m[Kget_logger[m[K’
[2.141s]   135 |  RCLCPP_INFO(this->[01;31m[Kget_logger[m[K(), "Transitioned to state: %s", toString(new_state).c_str());
[2.141s]       |                    [01;31m[K^~~~~~~~~~[m[K
[2.141s] 
[2.141s] [01m[K/home/ender/Desktop/dev_ws/src/environment_detection/src/main.cpp:135:28:[m[K [01;31m[Kerror: [m[K‘[01m[Kclass AgvNode[m[K’ has no member named ‘[01m[Kget_logger[m[K’
[2.141s]   135 |  RCLCPP_INFO(this->[01;31m[Kget_logger[m[K(), "Transitioned to state: %s", toString(new_state).c_str());
[2.141s]       |                    [01;31m[K^~~~~~~~~~[m[K
[2.141s] 
[2.142s] [01m[K/home/ender/Desktop/dev_ws/src/environment_detection/src/main.cpp:[m[K In function ‘[01m[Kint main(int, char**)[m[K’:
[2.142s] [01m[K/home/ender/Desktop/dev_ws/src/environment_detection/src/main.cpp:181:17:[m[K [01;31m[Kerror: [m[Kno matching function for call to ‘[01m[Kspin(std::shared_ptr<AgvNode>)[m[K’
[2.142s]   181 |     [01;31m[Krclcpp::spin(std::make_shared<AgvNode>())[m[K;
[2.142s]       |     [01;31m[K~~~~~~~~~~~~^~~~~~~~~~~~~~~~~~~~~~~~~~~~~[m[K
[2.142s] In file included from [01m[K/opt/ros/humble/include/rclcpp/rclcpp/rclcpp.hpp:155[m[K,
[2.142s]                  from [01m[K/home/ender/Desktop/dev_ws/src/environment_detection/src/main.cpp:1[m[K:
[2.142s] [01m[K/opt/ros/humble/include/rclcpp/rclcpp/executors.hpp:45:1:[m[K [01;36m[Knote: [m[Kcandidate: ‘[01m[Kvoid rclcpp::spin(rclcpp::node_interfaces::NodeBaseInterface::SharedPtr)[m[K’
[2.142s]    45 | [01;36m[Kspin[m[K(rclcpp::node_interfaces::NodeBaseInterface::SharedPtr node_ptr);
[2.142s]       | [01;36m[K^~~~[m[K
[2.142s] [01m[K/opt/ros/humble/include/rclcpp/rclcpp/executors.hpp:45:60:[m[K [01;36m[Knote: [m[K  no known conversion for argument 1 from ‘[01m[Kshared_ptr<[01;32m[KAgvNode[m[K>[m[K’ to ‘[01m[Kshared_ptr<[01;32m[Krclcpp::node_interfaces::NodeBaseInterface[m[K>[m[K’
[2.142s]    45 | [01;36m[Knterface::SharedPtr node_ptr[m[K);
[2.142s]       | [01;36m[K~~~~~~~~~~~~~~~~~~~~^~~~~~~~[m[K
[2.142s] 
[2.143s] [01m[K/opt/ros/humble/include/rclcpp/rclcpp/executors.hpp:49:1:[m[K [01;36m[Knote: [m[Kcandidate: ‘[01m[Kvoid rclcpp::spin(rclcpp::Node::SharedPtr)[m[K’
[2.143s]    49 | [01;36m[Kspin[m[K(rclcpp::Node::SharedPtr node_ptr);
[2.143s]       | [01;36m[K^~~~[m[K
[2.143s] [01m[K/opt/ros/humble/include/rclcpp/rclcpp/executors.hpp:49:30:[m[K [01;36m[Knote: [m[K  no known conversion for argument 1 from ‘[01m[Kshared_ptr<[01;32m[KAgvNode[m[K>[m[K’ to ‘[01m[Kshared_ptr<[01;32m[Krclcpp::Node[m[K>[m[K’
[2.143s]    49 | [01;36m[Kpp::Node::SharedPtr node_ptr[m[K);
[2.143s]       | [01;36m[K~~~~~~~~~~~~~~~~~~~~^~~~~~~~[m[K
[2.143s] 
[2.809s] In file included from [01m[K/usr/include/x86_64-linux-gnu/c++/11/bits/c++allocator.h:33[m[K,
[2.809s]                  from [01m[K/usr/include/c++/11/bits/allocator.h:46[m[K,
[2.809s]                  from [01m[K/usr/include/c++/11/memory:64[m[K,
[2.809s]                  from [01m[K/opt/ros/humble/include/rclcpp/rclcpp/rclcpp.hpp:153[m[K,
[2.809s]                  from [01m[K/home/ender/Desktop/dev_ws/src/environment_detection/src/main.cpp:1[m[K:
[2.809s] /usr/include/c++/11/ext/new_allocator.h: In instantiation of ‘[01m[Kvoid __gnu_cxx::new_allocator<_Tp>::destroy(_Up*) [with _Up = AgvNode; _Tp = AgvNode][m[K’:
[2.809s] [01m[K/usr/include/c++/11/bits/alloc_traits.h:535:15:[m[K   required from ‘[01m[Kstatic void std::allocator_traits<std::allocator<_Tp1> >::destroy(std::allocator_traits<std::allocator<_Tp1> >::allocator_type&, _Up*) [with _Up = AgvNode; _Tp = AgvNode; std::allocator_traits<std::allocator<_Tp1> >::allocator_type = std::allocator<AgvNode>][m[K’
[2.809s] [01m[K/usr/include/c++/11/bits/shared_ptr_base.h:528:35:[m[K   required from ‘[01m[Kvoid std::_Sp_counted_ptr_inplace<_Tp, _Alloc, _Lp>::_M_dispose() [with _Tp = AgvNode; _Alloc = std::allocator<AgvNode>; __gnu_cxx::_Lock_policy _Lp = __gnu_cxx::_S_atomic][m[K’
[2.809s] [01m[K/usr/include/c++/11/bits/shared_ptr_base.h:526:7:[m[K   required from here
[2.809s] [01m[K/usr/include/c++/11/ext/new_allocator.h:168:20:[m[K [01;31m[Kerror: [m[K‘[01m[KAgvNode::~AgvNode()[m[K’ is private within this context
[2.809s]   168 |         { [01;31m[K__p->~_Up()[m[K; }
[2.809s]       |           [01;31m[K~~~~~~~~~^~[m[K
[2.809s] [01m[K/home/ender/Desktop/dev_ws/src/environment_detection/src/main.cpp:166:5:[m[K [01;36m[Knote: [m[Kdeclared private here
[2.809s]   166 |     [01;36m[K~[m[KAgvNode() {
[2.809s]       |     [01;36m[K^[m[K
[2.854s] gmake[2]: *** [CMakeFiles/environment_detection_node.dir/build.make:76: CMakeFiles/environment_detection_node.dir/src/main.cpp.o] Error 1
[2.854s] gmake[1]: *** [CMakeFiles/Makefile2:137: CMakeFiles/environment_detection_node.dir/all] Error 2
[2.854s] gmake: *** [Makefile:146: all] Error 2
[2.856s] Invoked command in '/home/ender/Desktop/dev_ws/build/environment_detection' returned '2': CMAKE_PREFIX_PATH=${CMAKE_PREFIX_PATH}:/home/ender/Desktop/dev_ws/install/control:/opt/ros/humble /usr/bin/cmake --build /home/ender/Desktop/dev_ws/build/environment_detection -- -j16 -l16
