[0.380s] Invoking command in '/home/ender/Desktop/dev_ws/src/nav_controller': PYTHONPATH=/home/ender/Desktop/dev_ws/build/nav_controller/prefix_override:/usr/lib/python3/dist-packages/colcon_core/task/python/colcon_distutils_commands:/home/ender/Desktop/dev_ws/install/nav_controller/lib/python3.10/site-packages:${PYTHONPATH} /usr/bin/python3 -W ignore:setup.py install is deprecated setup.py egg_info --egg-base ../../build/nav_controller build --build-base /home/ender/Desktop/dev_ws/build/nav_controller/build install --record /home/ender/Desktop/dev_ws/build/nav_controller/install.log --single-version-externally-managed install_data
[0.529s] running egg_info
[0.530s] writing ../../build/nav_controller/nav_controller.egg-info/PKG-INFO
[0.530s] writing dependency_links to ../../build/nav_controller/nav_controller.egg-info/dependency_links.txt
[0.530s] writing entry points to ../../build/nav_controller/nav_controller.egg-info/entry_points.txt
[0.530s] writing requirements to ../../build/nav_controller/nav_controller.egg-info/requires.txt
[0.530s] writing top-level names to ../../build/nav_controller/nav_controller.egg-info/top_level.txt
[0.531s] reading manifest file '../../build/nav_controller/nav_controller.egg-info/SOURCES.txt'
[0.532s] writing manifest file '../../build/nav_controller/nav_controller.egg-info/SOURCES.txt'
[0.532s] running build
[0.532s] running build_py
[0.532s] copying nav_controller/replay_buffer.py -> /home/ender/Desktop/dev_ws/build/nav_controller/build/lib/nav_controller
[0.532s] copying nav_controller/deneme.py -> /home/ender/Desktop/dev_ws/build/nav_controller/build/lib/nav_controller
[0.532s] copying nav_controller/point_cloud2.py -> /home/ender/Desktop/dev_ws/build/nav_controller/build/lib/nav_controller
[0.532s] running install
[0.533s] running install_lib
[0.533s] copying /home/ender/Desktop/dev_ws/build/nav_controller/build/lib/nav_controller/replay_buffer.py -> /home/ender/Desktop/dev_ws/install/nav_controller/lib/python3.10/site-packages/nav_controller
[0.533s] copying /home/ender/Desktop/dev_ws/build/nav_controller/build/lib/nav_controller/deneme.py -> /home/ender/Desktop/dev_ws/install/nav_controller/lib/python3.10/site-packages/nav_controller
[0.533s] copying /home/ender/Desktop/dev_ws/build/nav_controller/build/lib/nav_controller/point_cloud2.py -> /home/ender/Desktop/dev_ws/install/nav_controller/lib/python3.10/site-packages/nav_controller
[0.534s] byte-compiling /home/ender/Desktop/dev_ws/install/nav_controller/lib/python3.10/site-packages/nav_controller/replay_buffer.py to replay_buffer.cpython-310.pyc
[0.534s] byte-compiling /home/ender/Desktop/dev_ws/install/nav_controller/lib/python3.10/site-packages/nav_controller/deneme.py to deneme.cpython-310.pyc
[0.534s] byte-compiling /home/ender/Desktop/dev_ws/install/nav_controller/lib/python3.10/site-packages/nav_controller/point_cloud2.py to point_cloud2.cpython-310.pyc
[0.535s] running install_data
[0.535s] running install_egg_info
[0.536s] removing '/home/ender/Desktop/dev_ws/install/nav_controller/lib/python3.10/site-packages/nav_controller-0.0.0-py3.10.egg-info' (and everything under it)
[0.536s] Copying ../../build/nav_controller/nav_controller.egg-info to /home/ender/Desktop/dev_ws/install/nav_controller/lib/python3.10/site-packages/nav_controller-0.0.0-py3.10.egg-info
[0.537s] running install_scripts
[0.550s] Installing control script to /home/ender/Desktop/dev_ws/install/nav_controller/lib/nav_controller
[0.550s] Installing display_map script to /home/ender/Desktop/dev_ws/install/nav_controller/lib/nav_controller
[0.550s] writing list of installed files to '/home/ender/Desktop/dev_ws/build/nav_controller/install.log'
[0.565s] Invoked command in '/home/ender/Desktop/dev_ws/src/nav_controller' returned '0': PYTHONPATH=/home/ender/Desktop/dev_ws/build/nav_controller/prefix_override:/usr/lib/python3/dist-packages/colcon_core/task/python/colcon_distutils_commands:/home/ender/Desktop/dev_ws/install/nav_controller/lib/python3.10/site-packages:${PYTHONPATH} /usr/bin/python3 -W ignore:setup.py install is deprecated setup.py egg_info --egg-base ../../build/nav_controller build --build-base /home/ender/Desktop/dev_ws/build/nav_controller/build install --record /home/ender/Desktop/dev_ws/build/nav_controller/install.log --single-version-externally-managed install_data
