[0.054s] DEBUG:colcon:Command line arguments: ['/usr/bin/colcon', 'build']
[0.054s] DEBUG:colcon:Parsed command line arguments: Namespace(log_base=None, log_level=None, verb_name='build', build_base='build', install_base='install', merge_install=False, symlink_install=False, test_result_base=None, continue_on_error=False, executor='parallel', parallel_workers=16, event_handlers=None, ignore_user_meta=False, metas=['./colcon.meta'], base_paths=['.'], packages_ignore=None, packages_ignore_regex=None, paths=None, packages_up_to=None, packages_up_to_regex=None, packages_above=None, packages_above_and_dependencies=None, packages_above_depth=None, packages_select_by_dep=None, packages_skip_by_dep=None, packages_skip_up_to=None, packages_select_build_failed=False, packages_skip_build_finished=False, packages_select_test_failures=False, packages_skip_test_passed=False, packages_select=None, packages_skip=None, packages_select_regex=None, packages_skip_regex=None, packages_start=None, packages_end=None, allow_overriding=[], cmake_args=None, cmake_target=None, cmake_target_skip_unavailable=False, cmake_clean_cache=False, cmake_clean_first=False, cmake_force_configure=False, ament_cmake_args=None, catkin_cmake_args=None, catkin_skip_building_tests=False, mixin_files=None, mixin=None, verb_parser=<colcon_mixin.mixin.mixin_argument.MixinArgumentDecorator object at 0x7e772dd3f580>, verb_extension=<colcon_core.verb.build.BuildVerb object at 0x7e772de3fd00>, main=<bound method BuildVerb.main of <colcon_core.verb.build.BuildVerb object at 0x7e772de3fd00>>, mixin_verb=('build',))
[0.136s] Level 1:colcon.colcon_core.package_discovery:discover_packages(colcon_meta) check parameters
[0.136s] Level 1:colcon.colcon_core.package_discovery:discover_packages(recursive) check parameters
[0.136s] Level 1:colcon.colcon_core.package_discovery:discover_packages(ignore) check parameters
[0.136s] Level 1:colcon.colcon_core.package_discovery:discover_packages(path) check parameters
[0.136s] Level 1:colcon.colcon_core.package_discovery:discover_packages(colcon_meta) discover
[0.136s] Level 1:colcon.colcon_core.package_discovery:discover_packages(recursive) discover
[0.136s] INFO:colcon.colcon_core.package_discovery:Crawling recursively for packages in '/home/ender/Desktop/dev_ws'
[0.136s] Level 1:colcon.colcon_core.package_identification:_identify(.) by extensions ['ignore', 'ignore_ament_install']
[0.137s] Level 1:colcon.colcon_core.package_identification:_identify(.) by extension 'ignore'
[0.137s] Level 1:colcon.colcon_core.package_identification:_identify(.) by extension 'ignore_ament_install'
[0.137s] Level 1:colcon.colcon_core.package_identification:_identify(.) by extensions ['colcon_pkg']
[0.137s] Level 1:colcon.colcon_core.package_identification:_identify(.) by extension 'colcon_pkg'
[0.137s] Level 1:colcon.colcon_core.package_identification:_identify(.) by extensions ['colcon_meta']
[0.137s] Level 1:colcon.colcon_core.package_identification:_identify(.) by extension 'colcon_meta'
[0.137s] Level 1:colcon.colcon_core.package_identification:_identify(.) by extensions ['ros']
[0.137s] Level 1:colcon.colcon_core.package_identification:_identify(.) by extension 'ros'
[0.143s] Level 1:colcon.colcon_core.package_identification:_identify(.) by extensions ['cmake', 'python']
[0.143s] Level 1:colcon.colcon_core.package_identification:_identify(.) by extension 'cmake'
[0.143s] Level 1:colcon.colcon_core.package_identification:_identify(.) by extension 'python'
[0.143s] Level 1:colcon.colcon_core.package_identification:_identify(.) by extensions ['python_setup_py']
[0.143s] Level 1:colcon.colcon_core.package_identification:_identify(.) by extension 'python_setup_py'
[0.143s] Level 1:colcon.colcon_core.package_identification:_identify(build) by extensions ['ignore', 'ignore_ament_install']
[0.143s] Level 1:colcon.colcon_core.package_identification:_identify(build) by extension 'ignore'
[0.143s] Level 1:colcon.colcon_core.package_identification:_identify(build) ignored
[0.144s] Level 1:colcon.colcon_core.package_identification:_identify(install) by extensions ['ignore', 'ignore_ament_install']
[0.144s] Level 1:colcon.colcon_core.package_identification:_identify(install) by extension 'ignore'
[0.144s] Level 1:colcon.colcon_core.package_identification:_identify(install) ignored
[0.144s] Level 1:colcon.colcon_core.package_identification:_identify(log) by extensions ['ignore', 'ignore_ament_install']
[0.144s] Level 1:colcon.colcon_core.package_identification:_identify(log) by extension 'ignore'
[0.144s] Level 1:colcon.colcon_core.package_identification:_identify(log) ignored
[0.144s] Level 1:colcon.colcon_core.package_identification:_identify(src) by extensions ['ignore', 'ignore_ament_install']
[0.144s] Level 1:colcon.colcon_core.package_identification:_identify(src) by extension 'ignore'
[0.144s] Level 1:colcon.colcon_core.package_identification:_identify(src) by extension 'ignore_ament_install'
[0.144s] Level 1:colcon.colcon_core.package_identification:_identify(src) by extensions ['colcon_pkg']
[0.144s] Level 1:colcon.colcon_core.package_identification:_identify(src) by extension 'colcon_pkg'
[0.144s] Level 1:colcon.colcon_core.package_identification:_identify(src) by extensions ['colcon_meta']
[0.144s] Level 1:colcon.colcon_core.package_identification:_identify(src) by extension 'colcon_meta'
[0.144s] Level 1:colcon.colcon_core.package_identification:_identify(src) by extensions ['ros']
[0.144s] Level 1:colcon.colcon_core.package_identification:_identify(src) by extension 'ros'
[0.144s] Level 1:colcon.colcon_core.package_identification:_identify(src) by extensions ['cmake', 'python']
[0.144s] Level 1:colcon.colcon_core.package_identification:_identify(src) by extension 'cmake'
[0.144s] Level 1:colcon.colcon_core.package_identification:_identify(src) by extension 'python'
[0.144s] Level 1:colcon.colcon_core.package_identification:_identify(src) by extensions ['python_setup_py']
[0.144s] Level 1:colcon.colcon_core.package_identification:_identify(src) by extension 'python_setup_py'
[0.144s] Level 1:colcon.colcon_core.package_identification:_identify(src/display_camera) by extensions ['ignore', 'ignore_ament_install']
[0.144s] Level 1:colcon.colcon_core.package_identification:_identify(src/display_camera) by extension 'ignore'
[0.144s] Level 1:colcon.colcon_core.package_identification:_identify(src/display_camera) by extension 'ignore_ament_install'
[0.144s] Level 1:colcon.colcon_core.package_identification:_identify(src/display_camera) by extensions ['colcon_pkg']
[0.144s] Level 1:colcon.colcon_core.package_identification:_identify(src/display_camera) by extension 'colcon_pkg'
[0.145s] Level 1:colcon.colcon_core.package_identification:_identify(src/display_camera) by extensions ['colcon_meta']
[0.145s] Level 1:colcon.colcon_core.package_identification:_identify(src/display_camera) by extension 'colcon_meta'
[0.145s] Level 1:colcon.colcon_core.package_identification:_identify(src/display_camera) by extensions ['ros']
[0.145s] Level 1:colcon.colcon_core.package_identification:_identify(src/display_camera) by extension 'ros'
[0.146s] DEBUG:colcon.colcon_core.package_identification:Package 'src/display_camera' with type 'ros.ament_cmake' and name 'display_camera'
[0.146s] Level 1:colcon.colcon_core.package_identification:_identify(src/environment_detection) by extensions ['ignore', 'ignore_ament_install']
[0.146s] Level 1:colcon.colcon_core.package_identification:_identify(src/environment_detection) by extension 'ignore'
[0.146s] Level 1:colcon.colcon_core.package_identification:_identify(src/environment_detection) by extension 'ignore_ament_install'
[0.146s] Level 1:colcon.colcon_core.package_identification:_identify(src/environment_detection) by extensions ['colcon_pkg']
[0.146s] Level 1:colcon.colcon_core.package_identification:_identify(src/environment_detection) by extension 'colcon_pkg'
[0.146s] Level 1:colcon.colcon_core.package_identification:_identify(src/environment_detection) by extensions ['colcon_meta']
[0.146s] Level 1:colcon.colcon_core.package_identification:_identify(src/environment_detection) by extension 'colcon_meta'
[0.146s] Level 1:colcon.colcon_core.package_identification:_identify(src/environment_detection) by extensions ['ros']
[0.146s] Level 1:colcon.colcon_core.package_identification:_identify(src/environment_detection) by extension 'ros'
[0.147s] DEBUG:colcon.colcon_core.package_identification:Package 'src/environment_detection' with type 'ros.ament_cmake' and name 'environment_detection'
[0.147s] Level 1:colcon.colcon_core.package_identification:_identify(src/my_bot) by extensions ['ignore', 'ignore_ament_install']
[0.147s] Level 1:colcon.colcon_core.package_identification:_identify(src/my_bot) by extension 'ignore'
[0.147s] Level 1:colcon.colcon_core.package_identification:_identify(src/my_bot) by extension 'ignore_ament_install'
[0.147s] Level 1:colcon.colcon_core.package_identification:_identify(src/my_bot) by extensions ['colcon_pkg']
[0.147s] Level 1:colcon.colcon_core.package_identification:_identify(src/my_bot) by extension 'colcon_pkg'
[0.147s] Level 1:colcon.colcon_core.package_identification:_identify(src/my_bot) by extensions ['colcon_meta']
[0.147s] Level 1:colcon.colcon_core.package_identification:_identify(src/my_bot) by extension 'colcon_meta'
[0.147s] Level 1:colcon.colcon_core.package_identification:_identify(src/my_bot) by extensions ['ros']
[0.147s] Level 1:colcon.colcon_core.package_identification:_identify(src/my_bot) by extension 'ros'
[0.147s] DEBUG:colcon.colcon_core.package_identification:Package 'src/my_bot' with type 'ros.ament_cmake' and name 'my_bot'
[0.147s] Level 1:colcon.colcon_core.package_discovery:discover_packages(recursive) using defaults
[0.147s] Level 1:colcon.colcon_core.package_discovery:discover_packages(ignore) discover
[0.147s] Level 1:colcon.colcon_core.package_discovery:discover_packages(ignore) using defaults
[0.147s] Level 1:colcon.colcon_core.package_discovery:discover_packages(path) discover
[0.147s] Level 1:colcon.colcon_core.package_discovery:discover_packages(path) using defaults
[0.164s] Level 1:colcon.colcon_core.package_discovery:discover_packages(prefix_path) check parameters
[0.164s] Level 1:colcon.colcon_core.package_discovery:discover_packages(prefix_path) discover
[0.165s] DEBUG:colcon.colcon_installed_package_information.package_discovery:Found 3 installed packages in /home/ender/Desktop/dev_ws/install
[0.165s] DEBUG:colcon.colcon_installed_package_information.package_discovery:Found 387 installed packages in /opt/ros/humble
[0.166s] Level 1:colcon.colcon_core.package_discovery:discover_packages(prefix_path) using defaults
[0.188s] Level 5:colcon.colcon_core.verb:set package 'display_camera' build argument 'cmake_args' from command line to 'None'
[0.189s] Level 5:colcon.colcon_core.verb:set package 'display_camera' build argument 'cmake_target' from command line to 'None'
[0.189s] Level 5:colcon.colcon_core.verb:set package 'display_camera' build argument 'cmake_target_skip_unavailable' from command line to 'False'
[0.189s] Level 5:colcon.colcon_core.verb:set package 'display_camera' build argument 'cmake_clean_cache' from command line to 'False'
[0.189s] Level 5:colcon.colcon_core.verb:set package 'display_camera' build argument 'cmake_clean_first' from command line to 'False'
[0.189s] Level 5:colcon.colcon_core.verb:set package 'display_camera' build argument 'cmake_force_configure' from command line to 'False'
[0.189s] Level 5:colcon.colcon_core.verb:set package 'display_camera' build argument 'ament_cmake_args' from command line to 'None'
[0.189s] Level 5:colcon.colcon_core.verb:set package 'display_camera' build argument 'catkin_cmake_args' from command line to 'None'
[0.189s] Level 5:colcon.colcon_core.verb:set package 'display_camera' build argument 'catkin_skip_building_tests' from command line to 'False'
[0.189s] DEBUG:colcon.colcon_core.verb:Building package 'display_camera' with the following arguments: {'ament_cmake_args': None, 'build_base': '/home/ender/Desktop/dev_ws/build/display_camera', 'catkin_cmake_args': None, 'catkin_skip_building_tests': False, 'cmake_args': None, 'cmake_clean_cache': False, 'cmake_clean_first': False, 'cmake_force_configure': False, 'cmake_target': None, 'cmake_target_skip_unavailable': False, 'install_base': '/home/ender/Desktop/dev_ws/install/display_camera', 'merge_install': False, 'path': '/home/ender/Desktop/dev_ws/src/display_camera', 'symlink_install': False, 'test_result_base': None}
[0.189s] Level 5:colcon.colcon_core.verb:set package 'environment_detection' build argument 'cmake_args' from command line to 'None'
[0.189s] Level 5:colcon.colcon_core.verb:set package 'environment_detection' build argument 'cmake_target' from command line to 'None'
[0.189s] Level 5:colcon.colcon_core.verb:set package 'environment_detection' build argument 'cmake_target_skip_unavailable' from command line to 'False'
[0.189s] Level 5:colcon.colcon_core.verb:set package 'environment_detection' build argument 'cmake_clean_cache' from command line to 'False'
[0.189s] Level 5:colcon.colcon_core.verb:set package 'environment_detection' build argument 'cmake_clean_first' from command line to 'False'
[0.189s] Level 5:colcon.colcon_core.verb:set package 'environment_detection' build argument 'cmake_force_configure' from command line to 'False'
[0.189s] Level 5:colcon.colcon_core.verb:set package 'environment_detection' build argument 'ament_cmake_args' from command line to 'None'
[0.189s] Level 5:colcon.colcon_core.verb:set package 'environment_detection' build argument 'catkin_cmake_args' from command line to 'None'
[0.189s] Level 5:colcon.colcon_core.verb:set package 'environment_detection' build argument 'catkin_skip_building_tests' from command line to 'False'
[0.189s] DEBUG:colcon.colcon_core.verb:Building package 'environment_detection' with the following arguments: {'ament_cmake_args': None, 'build_base': '/home/ender/Desktop/dev_ws/build/environment_detection', 'catkin_cmake_args': None, 'catkin_skip_building_tests': False, 'cmake_args': None, 'cmake_clean_cache': False, 'cmake_clean_first': False, 'cmake_force_configure': False, 'cmake_target': None, 'cmake_target_skip_unavailable': False, 'install_base': '/home/ender/Desktop/dev_ws/install/environment_detection', 'merge_install': False, 'path': '/home/ender/Desktop/dev_ws/src/environment_detection', 'symlink_install': False, 'test_result_base': None}
[0.189s] Level 5:colcon.colcon_core.verb:set package 'my_bot' build argument 'cmake_args' from command line to 'None'
[0.189s] Level 5:colcon.colcon_core.verb:set package 'my_bot' build argument 'cmake_target' from command line to 'None'
[0.189s] Level 5:colcon.colcon_core.verb:set package 'my_bot' build argument 'cmake_target_skip_unavailable' from command line to 'False'
[0.189s] Level 5:colcon.colcon_core.verb:set package 'my_bot' build argument 'cmake_clean_cache' from command line to 'False'
[0.189s] Level 5:colcon.colcon_core.verb:set package 'my_bot' build argument 'cmake_clean_first' from command line to 'False'
[0.189s] Level 5:colcon.colcon_core.verb:set package 'my_bot' build argument 'cmake_force_configure' from command line to 'False'
[0.189s] Level 5:colcon.colcon_core.verb:set package 'my_bot' build argument 'ament_cmake_args' from command line to 'None'
[0.189s] Level 5:colcon.colcon_core.verb:set package 'my_bot' build argument 'catkin_cmake_args' from command line to 'None'
[0.189s] Level 5:colcon.colcon_core.verb:set package 'my_bot' build argument 'catkin_skip_building_tests' from command line to 'False'
[0.189s] DEBUG:colcon.colcon_core.verb:Building package 'my_bot' with the following arguments: {'ament_cmake_args': None, 'build_base': '/home/ender/Desktop/dev_ws/build/my_bot', 'catkin_cmake_args': None, 'catkin_skip_building_tests': False, 'cmake_args': None, 'cmake_clean_cache': False, 'cmake_clean_first': False, 'cmake_force_configure': False, 'cmake_target': None, 'cmake_target_skip_unavailable': False, 'install_base': '/home/ender/Desktop/dev_ws/install/my_bot', 'merge_install': False, 'path': '/home/ender/Desktop/dev_ws/src/my_bot', 'symlink_install': False, 'test_result_base': None}
[0.189s] INFO:colcon.colcon_core.executor:Executing jobs using 'parallel' executor
[0.190s] DEBUG:colcon.colcon_parallel_executor.executor.parallel:run_until_complete
[0.190s] INFO:colcon.colcon_ros.task.ament_cmake.build:Building ROS package in '/home/ender/Desktop/dev_ws/src/display_camera' with build type 'ament_cmake'
[0.190s] INFO:colcon.colcon_cmake.task.cmake.build:Building CMake package in '/home/ender/Desktop/dev_ws/src/display_camera'
[0.191s] INFO:colcon.colcon_core.plugin_system:Skipping extension 'colcon_core.shell.bat': Not used on non-Windows systems
[0.191s] INFO:colcon.colcon_core.shell:Skip shell extension 'powershell' for command environment: Not usable outside of PowerShell
[0.191s] DEBUG:colcon.colcon_core.shell:Skip shell extension 'dsv' for command environment
[0.193s] INFO:colcon.colcon_ros.task.ament_cmake.build:Building ROS package in '/home/ender/Desktop/dev_ws/src/environment_detection' with build type 'ament_cmake'
[0.193s] INFO:colcon.colcon_cmake.task.cmake.build:Building CMake package in '/home/ender/Desktop/dev_ws/src/environment_detection'
[0.193s] INFO:colcon.colcon_core.shell:Skip shell extension 'powershell' for command environment: Not usable outside of PowerShell
[0.193s] DEBUG:colcon.colcon_core.shell:Skip shell extension 'dsv' for command environment
[0.195s] INFO:colcon.colcon_ros.task.ament_cmake.build:Building ROS package in '/home/ender/Desktop/dev_ws/src/my_bot' with build type 'ament_cmake'
[0.195s] INFO:colcon.colcon_cmake.task.cmake.build:Building CMake package in '/home/ender/Desktop/dev_ws/src/my_bot'
[0.195s] INFO:colcon.colcon_core.shell:Skip shell extension 'powershell' for command environment: Not usable outside of PowerShell
[0.195s] DEBUG:colcon.colcon_core.shell:Skip shell extension 'dsv' for command environment
[0.199s] DEBUG:colcon.colcon_core.event_handler.log_command:Invoking command in '/home/ender/Desktop/dev_ws/build/display_camera': CMAKE_PREFIX_PATH=${CMAKE_PREFIX_PATH}:/opt/ros/humble /usr/bin/cmake --build /home/ender/Desktop/dev_ws/build/display_camera -- -j16 -l16
[0.202s] DEBUG:colcon.colcon_core.event_handler.log_command:Invoking command in '/home/ender/Desktop/dev_ws/build/environment_detection': CMAKE_PREFIX_PATH=${CMAKE_PREFIX_PATH}:/opt/ros/humble /usr/bin/cmake --build /home/ender/Desktop/dev_ws/build/environment_detection -- -j16 -l16
[0.204s] DEBUG:colcon.colcon_core.event_handler.log_command:Invoking command in '/home/ender/Desktop/dev_ws/build/my_bot': CMAKE_PREFIX_PATH=${CMAKE_PREFIX_PATH}:/opt/ros/humble /usr/bin/cmake --build /home/ender/Desktop/dev_ws/build/my_bot -- -j16 -l16
[0.229s] DEBUG:colcon.colcon_core.event_handler.log_command:Invoked command in '/home/ender/Desktop/dev_ws/build/my_bot' returned '0': CMAKE_PREFIX_PATH=${CMAKE_PREFIX_PATH}:/opt/ros/humble /usr/bin/cmake --build /home/ender/Desktop/dev_ws/build/my_bot -- -j16 -l16
[0.252s] DEBUG:colcon.colcon_core.event_handler.log_command:Invoking command in '/home/ender/Desktop/dev_ws/build/my_bot': CMAKE_PREFIX_PATH=${CMAKE_PREFIX_PATH}:/opt/ros/humble /usr/bin/cmake --install /home/ender/Desktop/dev_ws/build/my_bot
[0.253s] DEBUG:colcon.colcon_core.event_handler.log_command:Invoked command in '/home/ender/Desktop/dev_ws/build/display_camera' returned '0': CMAKE_PREFIX_PATH=${CMAKE_PREFIX_PATH}:/opt/ros/humble /usr/bin/cmake --build /home/ender/Desktop/dev_ws/build/display_camera -- -j16 -l16
[0.254s] DEBUG:colcon.colcon_core.event_handler.log_command:Invoked command in '/home/ender/Desktop/dev_ws/build/environment_detection' returned '0': CMAKE_PREFIX_PATH=${CMAKE_PREFIX_PATH}:/opt/ros/humble /usr/bin/cmake --build /home/ender/Desktop/dev_ws/build/environment_detection -- -j16 -l16
[0.268s] Level 1:colcon.colcon_core.environment:create_environment_scripts_only(my_bot)
[0.268s] DEBUG:colcon.colcon_core.event_handler.log_command:Invoked command in '/home/ender/Desktop/dev_ws/build/my_bot' returned '0': CMAKE_PREFIX_PATH=${CMAKE_PREFIX_PATH}:/opt/ros/humble /usr/bin/cmake --install /home/ender/Desktop/dev_ws/build/my_bot
[0.270s] Level 1:colcon.colcon_core.environment:checking '/home/ender/Desktop/dev_ws/install/my_bot' for CMake module files
[0.270s] Level 1:colcon.colcon_core.environment:checking '/home/ender/Desktop/dev_ws/install/my_bot' for CMake config files
[0.270s] Level 1:colcon.colcon_core.shell:create_environment_hook('my_bot', 'cmake_prefix_path')
[0.270s] INFO:colcon.colcon_core.shell:Creating environment hook '/home/ender/Desktop/dev_ws/install/my_bot/share/my_bot/hook/cmake_prefix_path.ps1'
[0.271s] INFO:colcon.colcon_core.shell:Creating environment descriptor '/home/ender/Desktop/dev_ws/install/my_bot/share/my_bot/hook/cmake_prefix_path.dsv'
[0.271s] INFO:colcon.colcon_core.shell:Creating environment hook '/home/ender/Desktop/dev_ws/install/my_bot/share/my_bot/hook/cmake_prefix_path.sh'
[0.271s] Level 1:colcon.colcon_core.environment:checking '/home/ender/Desktop/dev_ws/install/my_bot/bin'
[0.271s] Level 1:colcon.colcon_core.environment:checking '/home/ender/Desktop/dev_ws/install/my_bot/lib/pkgconfig/my_bot.pc'
[0.271s] Level 1:colcon.colcon_core.environment:checking '/home/ender/Desktop/dev_ws/install/my_bot/lib/python3.10/site-packages'
[0.272s] Level 1:colcon.colcon_core.environment:checking '/home/ender/Desktop/dev_ws/install/my_bot/bin'
[0.272s] INFO:colcon.colcon_core.shell:Creating package script '/home/ender/Desktop/dev_ws/install/my_bot/share/my_bot/package.ps1'
[0.272s] INFO:colcon.colcon_core.shell:Creating package descriptor '/home/ender/Desktop/dev_ws/install/my_bot/share/my_bot/package.dsv'
[0.272s] INFO:colcon.colcon_core.shell:Creating package script '/home/ender/Desktop/dev_ws/install/my_bot/share/my_bot/package.sh'
[0.273s] INFO:colcon.colcon_core.shell:Creating package script '/home/ender/Desktop/dev_ws/install/my_bot/share/my_bot/package.bash'
[0.273s] INFO:colcon.colcon_core.shell:Creating package script '/home/ender/Desktop/dev_ws/install/my_bot/share/my_bot/package.zsh'
[0.274s] Level 1:colcon.colcon_core.environment:create_file_with_runtime_dependencies(/home/ender/Desktop/dev_ws/install/my_bot/share/colcon-core/packages/my_bot)
[0.275s] DEBUG:colcon.colcon_core.event_handler.log_command:Invoking command in '/home/ender/Desktop/dev_ws/build/environment_detection': CMAKE_PREFIX_PATH=${CMAKE_PREFIX_PATH}:/opt/ros/humble /usr/bin/cmake --install /home/ender/Desktop/dev_ws/build/environment_detection
[0.276s] DEBUG:colcon.colcon_core.event_handler.log_command:Invoking command in '/home/ender/Desktop/dev_ws/build/display_camera': CMAKE_PREFIX_PATH=${CMAKE_PREFIX_PATH}:/opt/ros/humble /usr/bin/cmake --install /home/ender/Desktop/dev_ws/build/display_camera
[0.287s] Level 1:colcon.colcon_core.environment:create_environment_scripts_only(my_bot)
[0.287s] Level 1:colcon.colcon_core.environment:checking '/home/ender/Desktop/dev_ws/install/my_bot' for CMake module files
[0.288s] Level 1:colcon.colcon_core.environment:checking '/home/ender/Desktop/dev_ws/install/my_bot' for CMake config files
[0.288s] Level 1:colcon.colcon_core.shell:create_environment_hook('my_bot', 'cmake_prefix_path')
[0.289s] INFO:colcon.colcon_core.shell:Creating environment hook '/home/ender/Desktop/dev_ws/install/my_bot/share/my_bot/hook/cmake_prefix_path.ps1'
[0.289s] INFO:colcon.colcon_core.shell:Creating environment descriptor '/home/ender/Desktop/dev_ws/install/my_bot/share/my_bot/hook/cmake_prefix_path.dsv'
[0.289s] INFO:colcon.colcon_core.shell:Creating environment hook '/home/ender/Desktop/dev_ws/install/my_bot/share/my_bot/hook/cmake_prefix_path.sh'
[0.290s] Level 1:colcon.colcon_core.environment:checking '/home/ender/Desktop/dev_ws/install/my_bot/bin'
[0.290s] Level 1:colcon.colcon_core.environment:checking '/home/ender/Desktop/dev_ws/install/my_bot/lib/pkgconfig/my_bot.pc'
[0.290s] Level 1:colcon.colcon_core.environment:checking '/home/ender/Desktop/dev_ws/install/my_bot/lib/python3.10/site-packages'
[0.291s] Level 1:colcon.colcon_core.environment:checking '/home/ender/Desktop/dev_ws/install/my_bot/bin'
[0.291s] INFO:colcon.colcon_core.shell:Creating package script '/home/ender/Desktop/dev_ws/install/my_bot/share/my_bot/package.ps1'
[0.291s] INFO:colcon.colcon_core.shell:Creating package descriptor '/home/ender/Desktop/dev_ws/install/my_bot/share/my_bot/package.dsv'
[0.292s] INFO:colcon.colcon_core.shell:Creating package script '/home/ender/Desktop/dev_ws/install/my_bot/share/my_bot/package.sh'
[0.292s] INFO:colcon.colcon_core.shell:Creating package script '/home/ender/Desktop/dev_ws/install/my_bot/share/my_bot/package.bash'
[0.292s] INFO:colcon.colcon_core.shell:Creating package script '/home/ender/Desktop/dev_ws/install/my_bot/share/my_bot/package.zsh'
[0.293s] Level 1:colcon.colcon_core.environment:create_file_with_runtime_dependencies(/home/ender/Desktop/dev_ws/install/my_bot/share/colcon-core/packages/my_bot)
[0.293s] Level 1:colcon.colcon_core.environment:create_environment_scripts_only(display_camera)
[0.293s] Level 1:colcon.colcon_core.environment:checking '/home/ender/Desktop/dev_ws/install/display_camera' for CMake module files
[0.294s] DEBUG:colcon.colcon_core.event_handler.log_command:Invoked command in '/home/ender/Desktop/dev_ws/build/display_camera' returned '0': CMAKE_PREFIX_PATH=${CMAKE_PREFIX_PATH}:/opt/ros/humble /usr/bin/cmake --install /home/ender/Desktop/dev_ws/build/display_camera
[0.294s] Level 1:colcon.colcon_core.environment:checking '/home/ender/Desktop/dev_ws/install/display_camera' for CMake config files
[0.294s] Level 1:colcon.colcon_core.shell:create_environment_hook('display_camera', 'cmake_prefix_path')
[0.294s] INFO:colcon.colcon_core.shell:Creating environment hook '/home/ender/Desktop/dev_ws/install/display_camera/share/display_camera/hook/cmake_prefix_path.ps1'
[0.294s] INFO:colcon.colcon_core.shell:Creating environment descriptor '/home/ender/Desktop/dev_ws/install/display_camera/share/display_camera/hook/cmake_prefix_path.dsv'
[0.294s] INFO:colcon.colcon_core.shell:Creating environment hook '/home/ender/Desktop/dev_ws/install/display_camera/share/display_camera/hook/cmake_prefix_path.sh'
[0.295s] Level 1:colcon.colcon_core.environment:checking '/home/ender/Desktop/dev_ws/install/display_camera/lib'
[0.295s] Level 1:colcon.colcon_core.environment:checking '/home/ender/Desktop/dev_ws/install/display_camera/bin'
[0.295s] Level 1:colcon.colcon_core.environment:checking '/home/ender/Desktop/dev_ws/install/display_camera/lib/pkgconfig/display_camera.pc'
[0.295s] Level 1:colcon.colcon_core.environment:checking '/home/ender/Desktop/dev_ws/install/display_camera/lib/python3.10/site-packages'
[0.295s] Level 1:colcon.colcon_core.environment:checking '/home/ender/Desktop/dev_ws/install/display_camera/bin'
[0.295s] INFO:colcon.colcon_core.shell:Creating package script '/home/ender/Desktop/dev_ws/install/display_camera/share/display_camera/package.ps1'
[0.295s] INFO:colcon.colcon_core.shell:Creating package descriptor '/home/ender/Desktop/dev_ws/install/display_camera/share/display_camera/package.dsv'
[0.295s] INFO:colcon.colcon_core.shell:Creating package script '/home/ender/Desktop/dev_ws/install/display_camera/share/display_camera/package.sh'
[0.296s] INFO:colcon.colcon_core.shell:Creating package script '/home/ender/Desktop/dev_ws/install/display_camera/share/display_camera/package.bash'
[0.296s] INFO:colcon.colcon_core.shell:Creating package script '/home/ender/Desktop/dev_ws/install/display_camera/share/display_camera/package.zsh'
[0.296s] Level 1:colcon.colcon_core.environment:create_file_with_runtime_dependencies(/home/ender/Desktop/dev_ws/install/display_camera/share/colcon-core/packages/display_camera)
[0.296s] Level 1:colcon.colcon_core.environment:create_environment_scripts_only(environment_detection)
[0.297s] Level 1:colcon.colcon_core.environment:checking '/home/ender/Desktop/dev_ws/install/environment_detection' for CMake module files
[0.297s] Level 1:colcon.colcon_core.environment:checking '/home/ender/Desktop/dev_ws/install/environment_detection' for CMake config files
[0.297s] Level 1:colcon.colcon_core.shell:create_environment_hook('environment_detection', 'cmake_prefix_path')
[0.297s] INFO:colcon.colcon_core.shell:Creating environment hook '/home/ender/Desktop/dev_ws/install/environment_detection/share/environment_detection/hook/cmake_prefix_path.ps1'
[0.298s] DEBUG:colcon.colcon_core.event_handler.log_command:Invoked command in '/home/ender/Desktop/dev_ws/build/environment_detection' returned '0': CMAKE_PREFIX_PATH=${CMAKE_PREFIX_PATH}:/opt/ros/humble /usr/bin/cmake --install /home/ender/Desktop/dev_ws/build/environment_detection
[0.298s] INFO:colcon.colcon_core.shell:Creating environment descriptor '/home/ender/Desktop/dev_ws/install/environment_detection/share/environment_detection/hook/cmake_prefix_path.dsv'
[0.298s] INFO:colcon.colcon_core.shell:Creating environment hook '/home/ender/Desktop/dev_ws/install/environment_detection/share/environment_detection/hook/cmake_prefix_path.sh'
[0.298s] Level 1:colcon.colcon_core.environment:checking '/home/ender/Desktop/dev_ws/install/environment_detection/lib'
[0.298s] Level 1:colcon.colcon_core.environment:checking '/home/ender/Desktop/dev_ws/install/environment_detection/bin'
[0.298s] Level 1:colcon.colcon_core.environment:checking '/home/ender/Desktop/dev_ws/install/environment_detection/lib/pkgconfig/environment_detection.pc'
[0.298s] Level 1:colcon.colcon_core.environment:checking '/home/ender/Desktop/dev_ws/install/environment_detection/lib/python3.10/site-packages'
[0.298s] Level 1:colcon.colcon_core.environment:checking '/home/ender/Desktop/dev_ws/install/environment_detection/bin'
[0.299s] INFO:colcon.colcon_core.shell:Creating package script '/home/ender/Desktop/dev_ws/install/environment_detection/share/environment_detection/package.ps1'
[0.299s] INFO:colcon.colcon_core.shell:Creating package descriptor '/home/ender/Desktop/dev_ws/install/environment_detection/share/environment_detection/package.dsv'
[0.299s] INFO:colcon.colcon_core.shell:Creating package script '/home/ender/Desktop/dev_ws/install/environment_detection/share/environment_detection/package.sh'
[0.299s] INFO:colcon.colcon_core.shell:Creating package script '/home/ender/Desktop/dev_ws/install/environment_detection/share/environment_detection/package.bash'
[0.299s] INFO:colcon.colcon_core.shell:Creating package script '/home/ender/Desktop/dev_ws/install/environment_detection/share/environment_detection/package.zsh'
[0.299s] Level 1:colcon.colcon_core.environment:create_file_with_runtime_dependencies(/home/ender/Desktop/dev_ws/install/environment_detection/share/colcon-core/packages/environment_detection)
[0.314s] Level 1:colcon.colcon_core.environment:create_environment_scripts_only(display_camera)
[0.314s] Level 1:colcon.colcon_core.environment:checking '/home/ender/Desktop/dev_ws/install/display_camera' for CMake module files
[0.314s] Level 1:colcon.colcon_core.environment:checking '/home/ender/Desktop/dev_ws/install/display_camera' for CMake config files
[0.314s] Level 1:colcon.colcon_core.shell:create_environment_hook('display_camera', 'cmake_prefix_path')
[0.314s] INFO:colcon.colcon_core.shell:Creating environment hook '/home/ender/Desktop/dev_ws/install/display_camera/share/display_camera/hook/cmake_prefix_path.ps1'
[0.314s] INFO:colcon.colcon_core.shell:Creating environment descriptor '/home/ender/Desktop/dev_ws/install/display_camera/share/display_camera/hook/cmake_prefix_path.dsv'
[0.315s] INFO:colcon.colcon_core.shell:Creating environment hook '/home/ender/Desktop/dev_ws/install/display_camera/share/display_camera/hook/cmake_prefix_path.sh'
[0.315s] Level 1:colcon.colcon_core.environment:checking '/home/ender/Desktop/dev_ws/install/display_camera/lib'
[0.315s] Level 1:colcon.colcon_core.environment:checking '/home/ender/Desktop/dev_ws/install/display_camera/bin'
[0.315s] Level 1:colcon.colcon_core.environment:checking '/home/ender/Desktop/dev_ws/install/display_camera/lib/pkgconfig/display_camera.pc'
[0.315s] Level 1:colcon.colcon_core.environment:checking '/home/ender/Desktop/dev_ws/install/display_camera/lib/python3.10/site-packages'
[0.315s] Level 1:colcon.colcon_core.environment:checking '/home/ender/Desktop/dev_ws/install/display_camera/bin'
[0.315s] INFO:colcon.colcon_core.shell:Creating package script '/home/ender/Desktop/dev_ws/install/display_camera/share/display_camera/package.ps1'
[0.316s] INFO:colcon.colcon_core.shell:Creating package descriptor '/home/ender/Desktop/dev_ws/install/display_camera/share/display_camera/package.dsv'
[0.316s] INFO:colcon.colcon_core.shell:Creating package script '/home/ender/Desktop/dev_ws/install/display_camera/share/display_camera/package.sh'
[0.316s] INFO:colcon.colcon_core.shell:Creating package script '/home/ender/Desktop/dev_ws/install/display_camera/share/display_camera/package.bash'
[0.316s] INFO:colcon.colcon_core.shell:Creating package script '/home/ender/Desktop/dev_ws/install/display_camera/share/display_camera/package.zsh'
[0.316s] Level 1:colcon.colcon_core.environment:create_file_with_runtime_dependencies(/home/ender/Desktop/dev_ws/install/display_camera/share/colcon-core/packages/display_camera)
[0.317s] Level 1:colcon.colcon_core.environment:create_environment_scripts_only(environment_detection)
[0.317s] Level 1:colcon.colcon_core.environment:checking '/home/ender/Desktop/dev_ws/install/environment_detection' for CMake module files
[0.317s] Level 1:colcon.colcon_core.environment:checking '/home/ender/Desktop/dev_ws/install/environment_detection' for CMake config files
[0.318s] Level 1:colcon.colcon_core.shell:create_environment_hook('environment_detection', 'cmake_prefix_path')
[0.318s] INFO:colcon.colcon_core.shell:Creating environment hook '/home/ender/Desktop/dev_ws/install/environment_detection/share/environment_detection/hook/cmake_prefix_path.ps1'
[0.318s] INFO:colcon.colcon_core.shell:Creating environment descriptor '/home/ender/Desktop/dev_ws/install/environment_detection/share/environment_detection/hook/cmake_prefix_path.dsv'
[0.318s] INFO:colcon.colcon_core.shell:Creating environment hook '/home/ender/Desktop/dev_ws/install/environment_detection/share/environment_detection/hook/cmake_prefix_path.sh'
[0.318s] Level 1:colcon.colcon_core.environment:checking '/home/ender/Desktop/dev_ws/install/environment_detection/lib'
[0.318s] Level 1:colcon.colcon_core.environment:checking '/home/ender/Desktop/dev_ws/install/environment_detection/bin'
[0.318s] Level 1:colcon.colcon_core.environment:checking '/home/ender/Desktop/dev_ws/install/environment_detection/lib/pkgconfig/environment_detection.pc'
[0.318s] Level 1:colcon.colcon_core.environment:checking '/home/ender/Desktop/dev_ws/install/environment_detection/lib/python3.10/site-packages'
[0.319s] Level 1:colcon.colcon_core.environment:checking '/home/ender/Desktop/dev_ws/install/environment_detection/bin'
[0.319s] INFO:colcon.colcon_core.shell:Creating package script '/home/ender/Desktop/dev_ws/install/environment_detection/share/environment_detection/package.ps1'
[0.319s] INFO:colcon.colcon_core.shell:Creating package descriptor '/home/ender/Desktop/dev_ws/install/environment_detection/share/environment_detection/package.dsv'
[0.319s] INFO:colcon.colcon_core.shell:Creating package script '/home/ender/Desktop/dev_ws/install/environment_detection/share/environment_detection/package.sh'
[0.319s] INFO:colcon.colcon_core.shell:Creating package script '/home/ender/Desktop/dev_ws/install/environment_detection/share/environment_detection/package.bash'
[0.319s] INFO:colcon.colcon_core.shell:Creating package script '/home/ender/Desktop/dev_ws/install/environment_detection/share/environment_detection/package.zsh'
[0.320s] Level 1:colcon.colcon_core.environment:create_file_with_runtime_dependencies(/home/ender/Desktop/dev_ws/install/environment_detection/share/colcon-core/packages/environment_detection)
[0.320s] DEBUG:colcon.colcon_parallel_executor.executor.parallel:closing loop
[0.320s] DEBUG:colcon.colcon_parallel_executor.executor.parallel:loop closed
[0.320s] DEBUG:colcon.colcon_parallel_executor.executor.parallel:run_until_complete finished with '0'
[0.320s] DEBUG:colcon.colcon_core.event_reactor:joining thread
[0.323s] INFO:colcon.colcon_core.plugin_system:Skipping extension 'colcon_notification.desktop_notification.terminal_notifier': Not used on non-Darwin systems
[0.323s] INFO:colcon.colcon_core.plugin_system:Skipping extension 'colcon_notification.desktop_notification.win32': Not used on non-Windows systems
[0.323s] INFO:colcon.colcon_notification.desktop_notification:Sending desktop notification using 'notify2'
[0.331s] DEBUG:colcon.colcon_core.event_reactor:joined thread
[0.331s] INFO:colcon.colcon_core.shell:Creating prefix script '/home/ender/Desktop/dev_ws/install/local_setup.ps1'
[0.331s] INFO:colcon.colcon_core.shell:Creating prefix util module '/home/ender/Desktop/dev_ws/install/_local_setup_util_ps1.py'
[0.332s] INFO:colcon.colcon_core.shell:Creating prefix chain script '/home/ender/Desktop/dev_ws/install/setup.ps1'
[0.333s] INFO:colcon.colcon_core.shell:Creating prefix script '/home/ender/Desktop/dev_ws/install/local_setup.sh'
[0.333s] INFO:colcon.colcon_core.shell:Creating prefix util module '/home/ender/Desktop/dev_ws/install/_local_setup_util_sh.py'
[0.333s] INFO:colcon.colcon_core.shell:Creating prefix chain script '/home/ender/Desktop/dev_ws/install/setup.sh'
[0.334s] INFO:colcon.colcon_core.shell:Creating prefix script '/home/ender/Desktop/dev_ws/install/local_setup.bash'
[0.334s] INFO:colcon.colcon_core.shell:Creating prefix chain script '/home/ender/Desktop/dev_ws/install/setup.bash'
[0.334s] INFO:colcon.colcon_core.shell:Creating prefix script '/home/ender/Desktop/dev_ws/install/local_setup.zsh'
[0.335s] INFO:colcon.colcon_core.shell:Creating prefix chain script '/home/ender/Desktop/dev_ws/install/setup.zsh'
