[0mCMake Error: File /home/ender/Desktop/dev_ws/src/environment_detection/core/package.xml does not exist.[0m
[31mCMake Error at /opt/ros/humble/share/ament_cmake_core/cmake/core/stamp.cmake:24 (configure_file):
  configure_file Problem configuring file
Call Stack (most recent call first):
  /opt/ros/humble/share/ament_cmake_core/cmake/core/ament_package_xml.cmake:73 (stamp)
  /opt/ros/humble/share/ament_cmake_core/cmake/core/ament_package_xml.cmake:49 (_ament_package_xml)
  /opt/ros/humble/share/ament_cmake_core/cmake/core/ament_package.cmake:63 (ament_package_xml)
  core/CMakeLists.txt:39 (ament_package)

[0m
[31mCMake Error at CMakeLists.txt:14 (add_subdirectory):
  The source directory

    /home/ender/Desktop/dev_ws/src/environment_detection/application

  does not contain a CMakeLists.txt file.

[0m
[31mCMake Error at /opt/ros/humble/share/ament_cmake_core/cmake/core/ament_package_xml.cmake:53 (message):
  ament_package_xml() package name 'environment_detection' in '/package.xml'
  does not match current PROJECT_NAME 'FIRST_PROJECT'.  You must call
  project() with the same package name before.
Call Stack (most recent call first):
  /opt/ros/humble/share/ament_cmake_core/cmake/core/ament_package.cmake:63 (ament_package_xml)
  CMakeLists.txt:17 (ament_package)

[0m
gmake: *** [Makefile:138: cmake_check_build_system] Error 1
