-- Found ament_cmake: 1.3.10 (/opt/ros/humble/share/ament_cmake/cmake)
-- Override CMake install command with custom implementation using symlinks instead of copying resources
-- Found rclcpp: 16.0.10 (/opt/ros/humble/share/rclcpp/cmake)
-- Found rosidl_generator_c: 3.1.5 (/opt/ros/humble/share/rosidl_generator_c/cmake)
-- Found rosidl_adapter: 3.1.5 (/opt/ros/humble/share/rosidl_adapter/cmake)
-- Found rosidl_generator_cpp: 3.1.5 (/opt/ros/humble/share/rosidl_generator_cpp/cmake)
-- Using all available rosidl_typesupport_c: rosidl_typesupport_fastrtps_c;rosidl_typesupport_introspection_c
-- Using all available rosidl_typesupport_cpp: rosidl_typesupport_fastrtps_cpp;rosidl_typesupport_introspection_cpp
-- Found rmw_implementation_cmake: 6.1.2 (/opt/ros/humble/share/rmw_implementation_cmake/cmake)
-- Found rmw_fastrtps_cpp: 6.2.7 (/opt/ros/humble/share/rmw_fastrtps_cpp/cmake)
-- Using RMW implementation 'rmw_fastrtps_cpp' as default
-- Found sensor_msgs: 4.2.4 (/opt/ros/humble/share/sensor_msgs/cmake)
-- Found nav_msgs: 4.2.4 (/opt/ros/humble/share/nav_msgs/cmake)
-- Found cv_bridge: 3.2.1 (/opt/ros/humble/share/cv_bridge/cmake)
-- Configuring done
-- Generating done
-- Build files have been written to: /home/ender/Desktop/dev_ws/build/display_camera
[ 33%] [32mBuilding CXX object CMakeFiles/display_camera_node.dir/src/main.cpp.o[0m
[ 66%] [32mBuilding CXX object CMakeFiles/display_camera_node.dir/src/display_cam.cpp.o[0m
[01m[K/home/ender/Desktop/dev_ws/src/display_camera/src/display_cam.cpp:21:6:[m[K [01;31m[Kerror: [m[K‘[01m[KAgvNode[m[K’ has not been declared
   21 | void [01;31m[KAgvNode[m[K::image_callback(const sensor_msgs::msg::Image::SharedPtr msg)
      |      [01;31m[K^~~~~~~[m[K
In file included from [01m[K/opt/ros/humble/include/rclcpp/rclcpp/client.hpp:40[m[K,
                 from [01m[K/opt/ros/humble/include/rclcpp/rclcpp/callback_group.hpp:24[m[K,
                 from [01m[K/opt/ros/humble/include/rclcpp/rclcpp/any_executable.hpp:20[m[K,
                 from [01m[K/opt/ros/humble/include/rclcpp/rclcpp/memory_strategy.hpp:25[m[K,
                 from [01m[K/opt/ros/humble/include/rclcpp/rclcpp/memory_strategies.hpp:18[m[K,
                 from [01m[K/opt/ros/humble/include/rclcpp/rclcpp/executor_options.hpp:20[m[K,
                 from [01m[K/opt/ros/humble/include/rclcpp/rclcpp/executor.hpp:37[m[K,
                 from [01m[K/opt/ros/humble/include/rclcpp/rclcpp/executors/multi_threaded_executor.hpp:25[m[K,
                 from [01m[K/opt/ros/humble/include/rclcpp/rclcpp/executors.hpp:21[m[K,
                 from [01m[K/opt/ros/humble/include/rclcpp/rclcpp/rclcpp.hpp:155[m[K,
                 from [01m[K/home/ender/Desktop/dev_ws/src/display_camera/include/display_cam.hpp:3[m[K,
                 from [01m[K/home/ender/Desktop/dev_ws/src/display_camera/src/display_cam.cpp:1[m[K:
[01m[K/home/ender/Desktop/dev_ws/src/display_camera/src/display_cam.cpp:[m[K In function ‘[01m[Kvoid DISPLAY::image_callback(sensor_msgs::msg::Image_<std::allocator<void> >::SharedPtr)[m[K’:
[01m[K/home/ender/Desktop/dev_ws/src/display_camera/src/display_cam.cpp:23:17:[m[K [01;31m[Kerror: [m[Kinvalid use of ‘[01m[Kthis[m[K’ in non-member function
   23 |     RCLCPP_INFO([01;31m[Kthis[m[K->get_logger(), "Received image with encoding: %s", msg->encoding.c_str());
      |                 [01;31m[K^~~~[m[K
[01m[K/home/ender/Desktop/dev_ws/src/display_camera/src/display_cam.cpp:23:17:[m[K [01;31m[Kerror: [m[Kinvalid use of ‘[01m[Kthis[m[K’ in non-member function
[01m[K/home/ender/Desktop/dev_ws/src/display_camera/src/display_cam.cpp:23:5:[m[K [01;31m[Kerror: [m[Ktemplate argument 1 is invalid
   23 |     [01;31m[KRCLCPP_INFO[m[K(this->get_logger(), "Received image with encoding: %s", msg->encoding.c_str());
      |     [01;31m[K^~~~~~~~~~~[m[K
[01m[K/home/ender/Desktop/dev_ws/src/display_camera/src/display_cam.cpp:23:5:[m[K [01;31m[Kerror: [m[Ktemplate argument 1 is invalid
   23 |     [01;31m[KRCLCPP_INFO[m[K(this->get_logger(), "Received image with encoding: %s", msg->encoding.c_str());
      |     [01;31m[K^~~~~~~~~~~[m[K
[01m[K/home/ender/Desktop/dev_ws/src/display_camera/src/display_cam.cpp:23:5:[m[K [01;31m[Kerror: [m[Ktemplate argument 1 is invalid
   23 |     [01;31m[KRCLCPP_INFO[m[K(this->get_logger(), "Received image with encoding: %s", msg->encoding.c_str());
      |     [01;31m[K^~~~~~~~~~~[m[K
In file included from [01m[K/opt/ros/humble/include/rclcpp/rclcpp/logging.hpp:24[m[K,
                 from [01m[K/opt/ros/humble/include/rclcpp/rclcpp/client.hpp:40[m[K,
                 from [01m[K/opt/ros/humble/include/rclcpp/rclcpp/callback_group.hpp:24[m[K,
                 from [01m[K/opt/ros/humble/include/rclcpp/rclcpp/any_executable.hpp:20[m[K,
                 from [01m[K/opt/ros/humble/include/rclcpp/rclcpp/memory_strategy.hpp:25[m[K,
                 from [01m[K/opt/ros/humble/include/rclcpp/rclcpp/memory_strategies.hpp:18[m[K,
                 from [01m[K/opt/ros/humble/include/rclcpp/rclcpp/executor_options.hpp:20[m[K,
                 from [01m[K/opt/ros/humble/include/rclcpp/rclcpp/executor.hpp:37[m[K,
                 from [01m[K/opt/ros/humble/include/rclcpp/rclcpp/executors/multi_threaded_executor.hpp:25[m[K,
                 from [01m[K/opt/ros/humble/include/rclcpp/rclcpp/executors.hpp:21[m[K,
                 from [01m[K/opt/ros/humble/include/rclcpp/rclcpp/rclcpp.hpp:155[m[K,
                 from [01m[K/home/ender/Desktop/dev_ws/src/display_camera/include/display_cam.hpp:3[m[K,
                 from [01m[K/home/ender/Desktop/dev_ws/src/display_camera/src/display_cam.cpp:1[m[K:
[01m[K/home/ender/Desktop/dev_ws/src/display_camera/src/display_cam.cpp:23:17:[m[K [01;31m[Kerror: [m[Kinvalid use of ‘[01m[Kthis[m[K’ in non-member function
   23 |     RCLCPP_INFO([01;31m[Kthis[m[K->get_logger(), "Received image with encoding: %s", msg->encoding.c_str());
      |                 [01;31m[K^~~~[m[K
[01m[K/home/ender/Desktop/dev_ws/src/display_camera/src/display_cam.cpp:23:17:[m[K [01;31m[Kerror: [m[Kinvalid use of ‘[01m[Kthis[m[K’ in non-member function
   23 |     RCLCPP_INFO([01;31m[Kthis[m[K->get_logger(), "Received image with encoding: %s", msg->encoding.c_str());
      |                 [01;31m[K^~~~[m[K
In file included from [01m[K/opt/ros/humble/include/rclcpp/rclcpp/client.hpp:40[m[K,
                 from [01m[K/opt/ros/humble/include/rclcpp/rclcpp/callback_group.hpp:24[m[K,
                 from [01m[K/opt/ros/humble/include/rclcpp/rclcpp/any_executable.hpp:20[m[K,
                 from [01m[K/opt/ros/humble/include/rclcpp/rclcpp/memory_strategy.hpp:25[m[K,
                 from [01m[K/opt/ros/humble/include/rclcpp/rclcpp/memory_strategies.hpp:18[m[K,
                 from [01m[K/opt/ros/humble/include/rclcpp/rclcpp/executor_options.hpp:20[m[K,
                 from [01m[K/opt/ros/humble/include/rclcpp/rclcpp/executor.hpp:37[m[K,
                 from [01m[K/opt/ros/humble/include/rclcpp/rclcpp/executors/multi_threaded_executor.hpp:25[m[K,
                 from [01m[K/opt/ros/humble/include/rclcpp/rclcpp/executors.hpp:21[m[K,
                 from [01m[K/opt/ros/humble/include/rclcpp/rclcpp/rclcpp.hpp:155[m[K,
                 from [01m[K/home/ender/Desktop/dev_ws/src/display_camera/include/display_cam.hpp:3[m[K,
                 from [01m[K/home/ender/Desktop/dev_ws/src/display_camera/src/display_cam.cpp:1[m[K:
[01m[K/home/ender/Desktop/dev_ws/src/display_camera/src/display_cam.cpp:33:22:[m[K [01;31m[Kerror: [m[Kinvalid use of ‘[01m[Kthis[m[K’ in non-member function
   33 |         RCLCPP_ERROR([01;31m[Kthis[m[K->get_logger(), "Could not convert from '%s' to 'rgb8'.", msg->encoding.c_str());
      |                      [01;31m[K^~~~[m[K
[01m[K/home/ender/Desktop/dev_ws/src/display_camera/src/display_cam.cpp:33:22:[m[K [01;31m[Kerror: [m[Kinvalid use of ‘[01m[Kthis[m[K’ in non-member function
[01m[K/home/ender/Desktop/dev_ws/src/display_camera/src/display_cam.cpp:33:9:[m[K [01;31m[Kerror: [m[Ktemplate argument 1 is invalid
   33 |         [01;31m[KRCLCPP_ERROR[m[K(this->get_logger(), "Could not convert from '%s' to 'rgb8'.", msg->encoding.c_str());
      |         [01;31m[K^~~~~~~~~~~~[m[K
[01m[K/home/ender/Desktop/dev_ws/src/display_camera/src/display_cam.cpp:33:9:[m[K [01;31m[Kerror: [m[Ktemplate argument 1 is invalid
   33 |         [01;31m[KRCLCPP_ERROR[m[K(this->get_logger(), "Could not convert from '%s' to 'rgb8'.", msg->encoding.c_str());
      |         [01;31m[K^~~~~~~~~~~~[m[K
[01m[K/home/ender/Desktop/dev_ws/src/display_camera/src/display_cam.cpp:33:9:[m[K [01;31m[Kerror: [m[Ktemplate argument 1 is invalid
   33 |         [01;31m[KRCLCPP_ERROR[m[K(this->get_logger(), "Could not convert from '%s' to 'rgb8'.", msg->encoding.c_str());
      |         [01;31m[K^~~~~~~~~~~~[m[K
In file included from [01m[K/opt/ros/humble/include/rclcpp/rclcpp/logging.hpp:24[m[K,
                 from [01m[K/opt/ros/humble/include/rclcpp/rclcpp/client.hpp:40[m[K,
                 from [01m[K/opt/ros/humble/include/rclcpp/rclcpp/callback_group.hpp:24[m[K,
                 from [01m[K/opt/ros/humble/include/rclcpp/rclcpp/any_executable.hpp:20[m[K,
                 from [01m[K/opt/ros/humble/include/rclcpp/rclcpp/memory_strategy.hpp:25[m[K,
                 from [01m[K/opt/ros/humble/include/rclcpp/rclcpp/memory_strategies.hpp:18[m[K,
                 from [01m[K/opt/ros/humble/include/rclcpp/rclcpp/executor_options.hpp:20[m[K,
                 from [01m[K/opt/ros/humble/include/rclcpp/rclcpp/executor.hpp:37[m[K,
                 from [01m[K/opt/ros/humble/include/rclcpp/rclcpp/executors/multi_threaded_executor.hpp:25[m[K,
                 from [01m[K/opt/ros/humble/include/rclcpp/rclcpp/executors.hpp:21[m[K,
                 from [01m[K/opt/ros/humble/include/rclcpp/rclcpp/rclcpp.hpp:155[m[K,
                 from [01m[K/home/ender/Desktop/dev_ws/src/display_camera/include/display_cam.hpp:3[m[K,
                 from [01m[K/home/ender/Desktop/dev_ws/src/display_camera/src/display_cam.cpp:1[m[K:
[01m[K/home/ender/Desktop/dev_ws/src/display_camera/src/display_cam.cpp:33:22:[m[K [01;31m[Kerror: [m[Kinvalid use of ‘[01m[Kthis[m[K’ in non-member function
   33 |         RCLCPP_ERROR([01;31m[Kthis[m[K->get_logger(), "Could not convert from '%s' to 'rgb8'.", msg->encoding.c_str());
      |                      [01;31m[K^~~~[m[K
[01m[K/home/ender/Desktop/dev_ws/src/display_camera/src/display_cam.cpp:33:22:[m[K [01;31m[Kerror: [m[Kinvalid use of ‘[01m[Kthis[m[K’ in non-member function
   33 |         RCLCPP_ERROR([01;31m[Kthis[m[K->get_logger(), "Could not convert from '%s' to 'rgb8'.", msg->encoding.c_str());
      |                      [01;31m[K^~~~[m[K
gmake[2]: *** [CMakeFiles/display_camera_node.dir/build.make:90: CMakeFiles/display_camera_node.dir/src/display_cam.cpp.o] Error 1
gmake[1]: *** [CMakeFiles/Makefile2:137: CMakeFiles/display_camera_node.dir/all] Error 2
gmake: *** [Makefile:146: all] Error 2
