[0.009s] Invoking command in '/home/ender/Desktop/dev_ws/build/display_camera': CMAKE_PREFIX_PATH=${CMAKE_PREFIX_PATH}:/opt/ros/humble /usr/bin/cmake /home/ender/Desktop/dev_ws/src/display_camera -DAMENT_CMAKE_SYMLINK_INSTALL=1 -DCMAKE_INSTALL_PREFIX=/home/ender/Desktop/dev_ws/install/display_camera
[0.017s] -- Found ament_cmake: 1.3.10 (/opt/ros/humble/share/ament_cmake/cmake)
[0.094s] -- Override CMake install command with custom implementation using symlinks instead of copying resources
[0.097s] -- Found rclcpp: 16.0.10 (/opt/ros/humble/share/rclcpp/cmake)
[0.114s] -- Found rosidl_generator_c: 3.1.5 (/opt/ros/humble/share/rosidl_generator_c/cmake)
[0.116s] -- Found rosidl_adapter: 3.1.5 (/opt/ros/humble/share/rosidl_adapter/cmake)
[0.119s] -- Found rosidl_generator_cpp: 3.1.5 (/opt/ros/humble/share/rosidl_generator_cpp/cmake)
[0.125s] -- Using all available rosidl_typesupport_c: rosidl_typesupport_fastrtps_c;rosidl_typesupport_introspection_c
[0.131s] -- Using all available rosidl_typesupport_cpp: rosidl_typesupport_fastrtps_cpp;rosidl_typesupport_introspection_cpp
[0.149s] -- Found rmw_implementation_cmake: 6.1.2 (/opt/ros/humble/share/rmw_implementation_cmake/cmake)
[0.150s] -- Found rmw_fastrtps_cpp: 6.2.7 (/opt/ros/humble/share/rmw_fastrtps_cpp/cmake)
[0.216s] -- Using RMW implementation 'rmw_fastrtps_cpp' as default
[0.243s] -- Found sensor_msgs: 4.2.4 (/opt/ros/humble/share/sensor_msgs/cmake)
[0.258s] -- Found nav_msgs: 4.2.4 (/opt/ros/humble/share/nav_msgs/cmake)
[0.271s] -- Found cv_bridge: 3.2.1 (/opt/ros/humble/share/cv_bridge/cmake)
[0.319s] -- Configuring done
[0.325s] -- Generating done
[0.326s] -- Build files have been written to: /home/ender/Desktop/dev_ws/build/display_camera
[0.332s] Invoked command in '/home/ender/Desktop/dev_ws/build/display_camera' returned '0': CMAKE_PREFIX_PATH=${CMAKE_PREFIX_PATH}:/opt/ros/humble /usr/bin/cmake /home/ender/Desktop/dev_ws/src/display_camera -DAMENT_CMAKE_SYMLINK_INSTALL=1 -DCMAKE_INSTALL_PREFIX=/home/ender/Desktop/dev_ws/install/display_camera
[0.333s] Invoking command in '/home/ender/Desktop/dev_ws/build/display_camera': CMAKE_PREFIX_PATH=${CMAKE_PREFIX_PATH}:/opt/ros/humble /usr/bin/cmake --build /home/ender/Desktop/dev_ws/build/display_camera -- -j16 -l16
[0.364s] [ 33%] [32mBuilding CXX object CMakeFiles/display_camera_node.dir/src/main.cpp.o[0m
[0.365s] [ 66%] [32mBuilding CXX object CMakeFiles/display_camera_node.dir/src/display_cam.cpp.o[0m
[2.016s] [01m[K/home/ender/Desktop/dev_ws/src/display_camera/src/display_cam.cpp:21:6:[m[K [01;31m[Kerror: [m[K‘[01m[KAgvNode[m[K’ has not been declared
[2.016s]    21 | void [01;31m[KAgvNode[m[K::image_callback(const sensor_msgs::msg::Image::SharedPtr msg)
[2.016s]       |      [01;31m[K^~~~~~~[m[K
[2.016s] In file included from [01m[K/opt/ros/humble/include/rclcpp/rclcpp/client.hpp:40[m[K,
[2.016s]                  from [01m[K/opt/ros/humble/include/rclcpp/rclcpp/callback_group.hpp:24[m[K,
[2.016s]                  from [01m[K/opt/ros/humble/include/rclcpp/rclcpp/any_executable.hpp:20[m[K,
[2.016s]                  from [01m[K/opt/ros/humble/include/rclcpp/rclcpp/memory_strategy.hpp:25[m[K,
[2.016s]                  from [01m[K/opt/ros/humble/include/rclcpp/rclcpp/memory_strategies.hpp:18[m[K,
[2.017s]                  from [01m[K/opt/ros/humble/include/rclcpp/rclcpp/executor_options.hpp:20[m[K,
[2.017s]                  from [01m[K/opt/ros/humble/include/rclcpp/rclcpp/executor.hpp:37[m[K,
[2.017s]                  from [01m[K/opt/ros/humble/include/rclcpp/rclcpp/executors/multi_threaded_executor.hpp:25[m[K,
[2.017s]                  from [01m[K/opt/ros/humble/include/rclcpp/rclcpp/executors.hpp:21[m[K,
[2.017s]                  from [01m[K/opt/ros/humble/include/rclcpp/rclcpp/rclcpp.hpp:155[m[K,
[2.017s]                  from [01m[K/home/ender/Desktop/dev_ws/src/display_camera/include/display_cam.hpp:3[m[K,
[2.017s]                  from [01m[K/home/ender/Desktop/dev_ws/src/display_camera/src/display_cam.cpp:1[m[K:
[2.017s] [01m[K/home/ender/Desktop/dev_ws/src/display_camera/src/display_cam.cpp:[m[K In function ‘[01m[Kvoid DISPLAY::image_callback(sensor_msgs::msg::Image_<std::allocator<void> >::SharedPtr)[m[K’:
[2.017s] [01m[K/home/ender/Desktop/dev_ws/src/display_camera/src/display_cam.cpp:23:17:[m[K [01;31m[Kerror: [m[Kinvalid use of ‘[01m[Kthis[m[K’ in non-member function
[2.017s]    23 |     RCLCPP_INFO([01;31m[Kthis[m[K->get_logger(), "Received image with encoding: %s", msg->encoding.c_str());
[2.017s]       |                 [01;31m[K^~~~[m[K
[2.017s] [01m[K/home/ender/Desktop/dev_ws/src/display_camera/src/display_cam.cpp:23:17:[m[K [01;31m[Kerror: [m[Kinvalid use of ‘[01m[Kthis[m[K’ in non-member function
[2.017s] [01m[K/home/ender/Desktop/dev_ws/src/display_camera/src/display_cam.cpp:23:5:[m[K [01;31m[Kerror: [m[Ktemplate argument 1 is invalid
[2.017s]    23 |     [01;31m[KRCLCPP_INFO[m[K(this->get_logger(), "Received image with encoding: %s", msg->encoding.c_str());
[2.017s]       |     [01;31m[K^~~~~~~~~~~[m[K
[2.017s] [01m[K/home/ender/Desktop/dev_ws/src/display_camera/src/display_cam.cpp:23:5:[m[K [01;31m[Kerror: [m[Ktemplate argument 1 is invalid
[2.017s]    23 |     [01;31m[KRCLCPP_INFO[m[K(this->get_logger(), "Received image with encoding: %s", msg->encoding.c_str());
[2.017s]       |     [01;31m[K^~~~~~~~~~~[m[K
[2.017s] [01m[K/home/ender/Desktop/dev_ws/src/display_camera/src/display_cam.cpp:23:5:[m[K [01;31m[Kerror: [m[Ktemplate argument 1 is invalid
[2.017s]    23 |     [01;31m[KRCLCPP_INFO[m[K(this->get_logger(), "Received image with encoding: %s", msg->encoding.c_str());
[2.017s]       |     [01;31m[K^~~~~~~~~~~[m[K
[2.017s] In file included from [01m[K/opt/ros/humble/include/rclcpp/rclcpp/logging.hpp:24[m[K,
[2.017s]                  from [01m[K/opt/ros/humble/include/rclcpp/rclcpp/client.hpp:40[m[K,
[2.017s]                  from [01m[K/opt/ros/humble/include/rclcpp/rclcpp/callback_group.hpp:24[m[K,
[2.017s]                  from [01m[K/opt/ros/humble/include/rclcpp/rclcpp/any_executable.hpp:20[m[K,
[2.017s]                  from [01m[K/opt/ros/humble/include/rclcpp/rclcpp/memory_strategy.hpp:25[m[K,
[2.017s]                  from [01m[K/opt/ros/humble/include/rclcpp/rclcpp/memory_strategies.hpp:18[m[K,
[2.018s]                  from [01m[K/opt/ros/humble/include/rclcpp/rclcpp/executor_options.hpp:20[m[K,
[2.018s]                  from [01m[K/opt/ros/humble/include/rclcpp/rclcpp/executor.hpp:37[m[K,
[2.018s]                  from [01m[K/opt/ros/humble/include/rclcpp/rclcpp/executors/multi_threaded_executor.hpp:25[m[K,
[2.018s]                  from [01m[K/opt/ros/humble/include/rclcpp/rclcpp/executors.hpp:21[m[K,
[2.018s]                  from [01m[K/opt/ros/humble/include/rclcpp/rclcpp/rclcpp.hpp:155[m[K,
[2.018s]                  from [01m[K/home/ender/Desktop/dev_ws/src/display_camera/include/display_cam.hpp:3[m[K,
[2.018s]                  from [01m[K/home/ender/Desktop/dev_ws/src/display_camera/src/display_cam.cpp:1[m[K:
[2.018s] [01m[K/home/ender/Desktop/dev_ws/src/display_camera/src/display_cam.cpp:23:17:[m[K [01;31m[Kerror: [m[Kinvalid use of ‘[01m[Kthis[m[K’ in non-member function
[2.018s]    23 |     RCLCPP_INFO([01;31m[Kthis[m[K->get_logger(), "Received image with encoding: %s", msg->encoding.c_str());
[2.018s]       |                 [01;31m[K^~~~[m[K
[2.018s] [01m[K/home/ender/Desktop/dev_ws/src/display_camera/src/display_cam.cpp:23:17:[m[K [01;31m[Kerror: [m[Kinvalid use of ‘[01m[Kthis[m[K’ in non-member function
[2.018s]    23 |     RCLCPP_INFO([01;31m[Kthis[m[K->get_logger(), "Received image with encoding: %s", msg->encoding.c_str());
[2.018s]       |                 [01;31m[K^~~~[m[K
[2.020s] In file included from [01m[K/opt/ros/humble/include/rclcpp/rclcpp/client.hpp:40[m[K,
[2.020s]                  from [01m[K/opt/ros/humble/include/rclcpp/rclcpp/callback_group.hpp:24[m[K,
[2.020s]                  from [01m[K/opt/ros/humble/include/rclcpp/rclcpp/any_executable.hpp:20[m[K,
[2.020s]                  from [01m[K/opt/ros/humble/include/rclcpp/rclcpp/memory_strategy.hpp:25[m[K,
[2.020s]                  from [01m[K/opt/ros/humble/include/rclcpp/rclcpp/memory_strategies.hpp:18[m[K,
[2.020s]                  from [01m[K/opt/ros/humble/include/rclcpp/rclcpp/executor_options.hpp:20[m[K,
[2.020s]                  from [01m[K/opt/ros/humble/include/rclcpp/rclcpp/executor.hpp:37[m[K,
[2.020s]                  from [01m[K/opt/ros/humble/include/rclcpp/rclcpp/executors/multi_threaded_executor.hpp:25[m[K,
[2.021s]                  from [01m[K/opt/ros/humble/include/rclcpp/rclcpp/executors.hpp:21[m[K,
[2.021s]                  from [01m[K/opt/ros/humble/include/rclcpp/rclcpp/rclcpp.hpp:155[m[K,
[2.021s]                  from [01m[K/home/ender/Desktop/dev_ws/src/display_camera/include/display_cam.hpp:3[m[K,
[2.021s]                  from [01m[K/home/ender/Desktop/dev_ws/src/display_camera/src/display_cam.cpp:1[m[K:
[2.021s] [01m[K/home/ender/Desktop/dev_ws/src/display_camera/src/display_cam.cpp:33:22:[m[K [01;31m[Kerror: [m[Kinvalid use of ‘[01m[Kthis[m[K’ in non-member function
[2.021s]    33 |         RCLCPP_ERROR([01;31m[Kthis[m[K->get_logger(), "Could not convert from '%s' to 'rgb8'.", msg->encoding.c_str());
[2.021s]       |                      [01;31m[K^~~~[m[K
[2.021s] [01m[K/home/ender/Desktop/dev_ws/src/display_camera/src/display_cam.cpp:33:22:[m[K [01;31m[Kerror: [m[Kinvalid use of ‘[01m[Kthis[m[K’ in non-member function
[2.021s] [01m[K/home/ender/Desktop/dev_ws/src/display_camera/src/display_cam.cpp:33:9:[m[K [01;31m[Kerror: [m[Ktemplate argument 1 is invalid
[2.021s]    33 |         [01;31m[KRCLCPP_ERROR[m[K(this->get_logger(), "Could not convert from '%s' to 'rgb8'.", msg->encoding.c_str());
[2.021s]       |         [01;31m[K^~~~~~~~~~~~[m[K
[2.021s] [01m[K/home/ender/Desktop/dev_ws/src/display_camera/src/display_cam.cpp:33:9:[m[K [01;31m[Kerror: [m[Ktemplate argument 1 is invalid
[2.021s]    33 |         [01;31m[KRCLCPP_ERROR[m[K(this->get_logger(), "Could not convert from '%s' to 'rgb8'.", msg->encoding.c_str());
[2.021s]       |         [01;31m[K^~~~~~~~~~~~[m[K
[2.021s] [01m[K/home/ender/Desktop/dev_ws/src/display_camera/src/display_cam.cpp:33:9:[m[K [01;31m[Kerror: [m[Ktemplate argument 1 is invalid
[2.021s]    33 |         [01;31m[KRCLCPP_ERROR[m[K(this->get_logger(), "Could not convert from '%s' to 'rgb8'.", msg->encoding.c_str());
[2.021s]       |         [01;31m[K^~~~~~~~~~~~[m[K
[2.021s] In file included from [01m[K/opt/ros/humble/include/rclcpp/rclcpp/logging.hpp:24[m[K,
[2.021s]                  from [01m[K/opt/ros/humble/include/rclcpp/rclcpp/client.hpp:40[m[K,
[2.021s]                  from [01m[K/opt/ros/humble/include/rclcpp/rclcpp/callback_group.hpp:24[m[K,
[2.021s]                  from [01m[K/opt/ros/humble/include/rclcpp/rclcpp/any_executable.hpp:20[m[K,
[2.021s]                  from [01m[K/opt/ros/humble/include/rclcpp/rclcpp/memory_strategy.hpp:25[m[K,
[2.021s]                  from [01m[K/opt/ros/humble/include/rclcpp/rclcpp/memory_strategies.hpp:18[m[K,
[2.021s]                  from [01m[K/opt/ros/humble/include/rclcpp/rclcpp/executor_options.hpp:20[m[K,
[2.021s]                  from [01m[K/opt/ros/humble/include/rclcpp/rclcpp/executor.hpp:37[m[K,
[2.021s]                  from [01m[K/opt/ros/humble/include/rclcpp/rclcpp/executors/multi_threaded_executor.hpp:25[m[K,
[2.021s]                  from [01m[K/opt/ros/humble/include/rclcpp/rclcpp/executors.hpp:21[m[K,
[2.021s]                  from [01m[K/opt/ros/humble/include/rclcpp/rclcpp/rclcpp.hpp:155[m[K,
[2.021s]                  from [01m[K/home/ender/Desktop/dev_ws/src/display_camera/include/display_cam.hpp:3[m[K,
[2.021s]                  from [01m[K/home/ender/Desktop/dev_ws/src/display_camera/src/display_cam.cpp:1[m[K:
[2.021s] [01m[K/home/ender/Desktop/dev_ws/src/display_camera/src/display_cam.cpp:33:22:[m[K [01;31m[Kerror: [m[Kinvalid use of ‘[01m[Kthis[m[K’ in non-member function
[2.021s]    33 |         RCLCPP_ERROR([01;31m[Kthis[m[K->get_logger(), "Could not convert from '%s' to 'rgb8'.", msg->encoding.c_str());
[2.021s]       |                      [01;31m[K^~~~[m[K
[2.021s] [01m[K/home/ender/Desktop/dev_ws/src/display_camera/src/display_cam.cpp:33:22:[m[K [01;31m[Kerror: [m[Kinvalid use of ‘[01m[Kthis[m[K’ in non-member function
[2.021s]    33 |         RCLCPP_ERROR([01;31m[Kthis[m[K->get_logger(), "Could not convert from '%s' to 'rgb8'.", msg->encoding.c_str());
[2.021s]       |                      [01;31m[K^~~~[m[K
[3.458s] gmake[2]: *** [CMakeFiles/display_camera_node.dir/build.make:90: CMakeFiles/display_camera_node.dir/src/display_cam.cpp.o] Error 1
[3.458s] gmake[1]: *** [CMakeFiles/Makefile2:137: CMakeFiles/display_camera_node.dir/all] Error 2
[3.458s] gmake: *** [Makefile:146: all] Error 2
[3.459s] Invoked command in '/home/ender/Desktop/dev_ws/build/display_camera' returned '2': CMAKE_PREFIX_PATH=${CMAKE_PREFIX_PATH}:/opt/ros/humble /usr/bin/cmake --build /home/ender/Desktop/dev_ws/build/display_camera -- -j16 -l16
