[0.011s] Invoking command in '/home/ender/Desktop/dev_ws/build/environment_detection': CMAKE_PREFIX_PATH=${CMAKE_PREFIX_PATH}:/home/ender/Desktop/dev_ws/install/nav_controller:/opt/ros/humble /usr/bin/cmake --build /home/ender/Desktop/dev_ws/build/environment_detection -- -j16 -l16
[0.041s] [35m[1mConsolidate compiler generated dependencies of target environment_detection_node[0m
[0.052s] [ 50%] [32mBuilding CXX object CMakeFiles/environment_detection_node.dir/src/main.cpp.o[0m
[5.501s] [100%] [32m[1mLinking CXX executable environment_detection_node[0m
[5.742s] [100%] Built target environment_detection_node
[5.753s] Invoked command in '/home/ender/Desktop/dev_ws/build/environment_detection' returned '0': CMAKE_PREFIX_PATH=${CMAKE_PREFIX_PATH}:/home/ender/Desktop/dev_ws/install/nav_controller:/opt/ros/humble /usr/bin/cmake --build /home/ender/Desktop/dev_ws/build/environment_detection -- -j16 -l16
[5.770s] Invoking command in '/home/ender/Desktop/dev_ws/build/environment_detection': CMAKE_PREFIX_PATH=${CMAKE_PREFIX_PATH}:/home/ender/Desktop/dev_ws/install/nav_controller:/opt/ros/humble /usr/bin/cmake --install /home/ender/Desktop/dev_ws/build/environment_detection
[5.775s] -- Install configuration: ""
[5.775s] -- Installing: /home/ender/Desktop/dev_ws/install/environment_detection/lib/environment_detection/environment_detection_node
[5.776s] -- Set runtime path of "/home/ender/Desktop/dev_ws/install/environment_detection/lib/environment_detection/environment_detection_node" to ""
[5.776s] -- Up-to-date: /home/ender/Desktop/dev_ws/install/environment_detection/share/ament_index/resource_index/package_run_dependencies/environment_detection
[5.776s] -- Up-to-date: /home/ender/Desktop/dev_ws/install/environment_detection/share/ament_index/resource_index/parent_prefix_path/environment_detection
[5.777s] -- Up-to-date: /home/ender/Desktop/dev_ws/install/environment_detection/share/environment_detection/environment/ament_prefix_path.sh
[5.777s] -- Up-to-date: /home/ender/Desktop/dev_ws/install/environment_detection/share/environment_detection/environment/ament_prefix_path.dsv
[5.777s] -- Up-to-date: /home/ender/Desktop/dev_ws/install/environment_detection/share/environment_detection/environment/path.sh
[5.777s] -- Up-to-date: /home/ender/Desktop/dev_ws/install/environment_detection/share/environment_detection/environment/path.dsv
[5.777s] -- Up-to-date: /home/ender/Desktop/dev_ws/install/environment_detection/share/environment_detection/local_setup.bash
[5.777s] -- Up-to-date: /home/ender/Desktop/dev_ws/install/environment_detection/share/environment_detection/local_setup.sh
[5.777s] -- Up-to-date: /home/ender/Desktop/dev_ws/install/environment_detection/share/environment_detection/local_setup.zsh
[5.777s] -- Up-to-date: /home/ender/Desktop/dev_ws/install/environment_detection/share/environment_detection/local_setup.dsv
[5.777s] -- Installing: /home/ender/Desktop/dev_ws/install/environment_detection/share/environment_detection/package.dsv
[5.777s] -- Up-to-date: /home/ender/Desktop/dev_ws/install/environment_detection/share/ament_index/resource_index/packages/environment_detection
[5.777s] -- Up-to-date: /home/ender/Desktop/dev_ws/install/environment_detection/share/environment_detection/cmake/environment_detectionConfig.cmake
[5.777s] -- Up-to-date: /home/ender/Desktop/dev_ws/install/environment_detection/share/environment_detection/cmake/environment_detectionConfig-version.cmake
[5.777s] -- Up-to-date: /home/ender/Desktop/dev_ws/install/environment_detection/share/environment_detection/package.xml
[5.778s] Invoked command in '/home/ender/Desktop/dev_ws/build/environment_detection' returned '0': CMAKE_PREFIX_PATH=${CMAKE_PREFIX_PATH}:/home/ender/Desktop/dev_ws/install/nav_controller:/opt/ros/humble /usr/bin/cmake --install /home/ender/Desktop/dev_ws/build/environment_detection
