[0.143s] Invoking command in '/home/ender/Desktop/dev_ws/build/environment_detection': CMAKE_PREFIX_PATH=${CMAKE_PREFIX_PATH}:/home/ender/Desktop/dev_ws/install/control:/opt/ros/humble /usr/bin/cmake --build /home/ender/Desktop/dev_ws/build/environment_detection -- -j16 -l16
[0.173s] [35m[1mConsolidate compiler generated dependencies of target environment_detection_node[0m
[0.188s] [ 50%] [32mBuilding CXX object CMakeFiles/environment_detection_node.dir/src/main.cpp.o[0m
[1.782s] [01m[K/home/ender/Desktop/dev_ws/src/environment_detection/src/main.cpp:[m[K In member function ‘[01m[Kvoid AgvNode::process_images()[m[K’:
[1.782s] [01m[K/home/ender/Desktop/dev_ws/src/environment_detection/src/main.cpp:147:48:[m[K [01;31m[Kerror: [m[Kno match for ‘[01m[Koperator[][m[K’ (operand types are ‘[01m[Kcv::Rect[m[K’ {aka ‘[01m[Kcv::Rect_<int>[m[K’} and ‘[01m[Kint[m[K’)
[1.782s]   147 |             std::cout << "0: " << bounding_rect[01;31m[K[[m[K0] << "\n" << "1: " << bounding_rect[1] << "\n" << "2: " << bounding_rect[2] << "\n" << "3: " << bounding_rect[3] << "\n";
[1.782s]       |                                                [01;31m[K^[m[K
[1.782s] [01m[K/home/ender/Desktop/dev_ws/src/environment_detection/src/main.cpp:147:85:[m[K [01;31m[Kerror: [m[Kno match for ‘[01m[Koperator[][m[K’ (operand types are ‘[01m[Kcv::Rect[m[K’ {aka ‘[01m[Kcv::Rect_<int>[m[K’} and ‘[01m[Kint[m[K’)
[1.782s]   147 |  << "0: " << bounding_rect[0] << "\n" << "1: " << bounding_rect[01;31m[K[[m[K1] << "\n" << "2: " << bounding_rect[2] << "\n" << "3: " << bounding_rect[3] << "\n";
[1.782s]       |                                                                [01;31m[K^[m[K
[1.782s] 
[1.783s] [01m[K/home/ender/Desktop/dev_ws/src/environment_detection/src/main.cpp:147:122:[m[K [01;31m[Kerror: [m[Kno match for ‘[01m[Koperator[][m[K’ (operand types are ‘[01m[Kcv::Rect[m[K’ {aka ‘[01m[Kcv::Rect_<int>[m[K’} and ‘[01m[Kint[m[K’)
[1.783s]   147 |  << "1: " << bounding_rect[1] << "\n" << "2: " << bounding_rect[01;31m[K[[m[K2] << "\n" << "3: " << bounding_rect[3] << "\n";
[1.783s]       |                                                                [01;31m[K^[m[K
[1.783s] 
[1.783s] [01m[K/home/ender/Desktop/dev_ws/src/environment_detection/src/main.cpp:147:159:[m[K [01;31m[Kerror: [m[Kno match for ‘[01m[Koperator[][m[K’ (operand types are ‘[01m[Kcv::Rect[m[K’ {aka ‘[01m[Kcv::Rect_<int>[m[K’} and ‘[01m[Kint[m[K’)
[1.783s]   147 |  << "2: " << bounding_rect[2] << "\n" << "3: " << bounding_rect[01;31m[K[[m[K3] << "\n";
[1.783s]       |                                                                [01;31m[K^[m[K
[1.783s] 
[3.217s] gmake[2]: *** [CMakeFiles/environment_detection_node.dir/build.make:76: CMakeFiles/environment_detection_node.dir/src/main.cpp.o] Error 1
[3.218s] gmake[1]: *** [CMakeFiles/Makefile2:137: CMakeFiles/environment_detection_node.dir/all] Error 2
[3.218s] gmake: *** [Makefile:146: all] Error 2
[3.220s] Invoked command in '/home/ender/Desktop/dev_ws/build/environment_detection' returned '2': CMAKE_PREFIX_PATH=${CMAKE_PREFIX_PATH}:/home/ender/Desktop/dev_ws/install/control:/opt/ros/humble /usr/bin/cmake --build /home/ender/Desktop/dev_ws/build/environment_detection -- -j16 -l16
