running develop
/usr/lib/python3/dist-packages/setuptools/command/easy_install.py:158: EasyInstallDeprecationWarning: easy_install command is deprecated. Use build and pip and other standards-based tools.
  warnings.warn(
Removing /home/ender/Desktop/dev_ws/install/nav_controller/lib/python3.10/site-packages/nav-controller.egg-link (link to .)
running egg_info
writing ../../build/nav_controller/nav_controller.egg-info/PKG-INFO
writing dependency_links to ../../build/nav_controller/nav_controller.egg-info/dependency_links.txt
writing entry points to ../../build/nav_controller/nav_controller.egg-info/entry_points.txt
writing requirements to ../../build/nav_controller/nav_controller.egg-info/requires.txt
writing top-level names to ../../build/nav_controller/nav_controller.egg-info/top_level.txt
reading manifest file '../../build/nav_controller/nav_controller.egg-info/SOURCES.txt'
writing manifest file '../../build/nav_controller/nav_controller.egg-info/SOURCES.txt'
running build
running build_py
running install
running install_lib
copying /home/ender/Desktop/dev_ws/build/nav_controller/build/lib/nav_controller/__init__.py -> /home/ender/Desktop/dev_ws/install/nav_controller/lib/python3.10/site-packages/nav_controller
copying /home/ender/Desktop/dev_ws/build/nav_controller/build/lib/nav_controller/display_map.py -> /home/ender/Desktop/dev_ws/install/nav_controller/lib/python3.10/site-packages/nav_controller
byte-compiling /home/ender/Desktop/dev_ws/install/nav_controller/lib/python3.10/site-packages/nav_controller/__init__.py to __init__.cpython-310.pyc
byte-compiling /home/ender/Desktop/dev_ws/install/nav_controller/lib/python3.10/site-packages/nav_controller/display_map.py to display_map.cpython-310.pyc
running install_data
copying resource/nav_controller -> /home/ender/Desktop/dev_ws/install/nav_controller/share/ament_index/resource_index/packages
copying package.xml -> /home/ender/Desktop/dev_ws/install/nav_controller/share/nav_controller
running install_egg_info
Copying ../../build/nav_controller/nav_controller.egg-info to /home/ender/Desktop/dev_ws/install/nav_controller/lib/python3.10/site-packages/nav_controller-0.0.0-py3.10.egg-info
running install_scripts
Installing control script to /home/ender/Desktop/dev_ws/install/nav_controller/lib/nav_controller
Installing display_map script to /home/ender/Desktop/dev_ws/install/nav_controller/lib/nav_controller
writing list of installed files to '/home/ender/Desktop/dev_ws/build/nav_controller/install.log'
