[0.401s] Invoking command in '/home/ender/Desktop/dev_ws/build/nav_controller': PYTHONPATH=/home/ender/Desktop/dev_ws/build/nav_controller/prefix_override:/usr/lib/python3/dist-packages/colcon_core/task/python/colcon_distutils_commands:/home/ender/Desktop/dev_ws/install/nav_controller/lib/python3.10/site-packages:${PYTHONPATH} /usr/bin/python3 -W ignore:setup.py install is deprecated setup.py develop --uninstall --editable --build-directory /home/ender/Desktop/dev_ws/build/nav_controller/build
[0.561s] running develop
[0.561s] /usr/lib/python3/dist-packages/setuptools/command/easy_install.py:158: EasyInstallDeprecationWarning: easy_install command is deprecated. Use build and pip and other standards-based tools.
[0.561s]   warnings.warn(
[0.654s] Removing /home/ender/Desktop/dev_ws/install/nav_controller/lib/python3.10/site-packages/nav-controller.egg-link (link to .)
[0.674s] Invoked command in '/home/ender/Desktop/dev_ws/build/nav_controller' returned '0': PYTHONPATH=/home/ender/Desktop/dev_ws/build/nav_controller/prefix_override:/usr/lib/python3/dist-packages/colcon_core/task/python/colcon_distutils_commands:/home/ender/Desktop/dev_ws/install/nav_controller/lib/python3.10/site-packages:${PYTHONPATH} /usr/bin/python3 -W ignore:setup.py install is deprecated setup.py develop --uninstall --editable --build-directory /home/ender/Desktop/dev_ws/build/nav_controller/build
[0.675s] Invoking command in '/home/ender/Desktop/dev_ws/src/nav_controller': PYTHONPATH=/home/ender/Desktop/dev_ws/build/nav_controller/prefix_override:/usr/lib/python3/dist-packages/colcon_core/task/python/colcon_distutils_commands:/home/ender/Desktop/dev_ws/install/nav_controller/lib/python3.10/site-packages:${PYTHONPATH} /usr/bin/python3 -W ignore:setup.py install is deprecated setup.py egg_info --egg-base ../../build/nav_controller build --build-base /home/ender/Desktop/dev_ws/build/nav_controller/build install --record /home/ender/Desktop/dev_ws/build/nav_controller/install.log --single-version-externally-managed install_data --force
[0.810s] running egg_info
[0.811s] writing ../../build/nav_controller/nav_controller.egg-info/PKG-INFO
[0.811s] writing dependency_links to ../../build/nav_controller/nav_controller.egg-info/dependency_links.txt
[0.811s] writing entry points to ../../build/nav_controller/nav_controller.egg-info/entry_points.txt
[0.811s] writing requirements to ../../build/nav_controller/nav_controller.egg-info/requires.txt
[0.811s] writing top-level names to ../../build/nav_controller/nav_controller.egg-info/top_level.txt
[0.812s] reading manifest file '../../build/nav_controller/nav_controller.egg-info/SOURCES.txt'
[0.813s] writing manifest file '../../build/nav_controller/nav_controller.egg-info/SOURCES.txt'
[0.813s] running build
[0.813s] running build_py
[0.813s] running install
[0.813s] running install_lib
[0.814s] copying /home/ender/Desktop/dev_ws/build/nav_controller/build/lib/nav_controller/__init__.py -> /home/ender/Desktop/dev_ws/install/nav_controller/lib/python3.10/site-packages/nav_controller
[0.814s] copying /home/ender/Desktop/dev_ws/build/nav_controller/build/lib/nav_controller/display_map.py -> /home/ender/Desktop/dev_ws/install/nav_controller/lib/python3.10/site-packages/nav_controller
[0.814s] byte-compiling /home/ender/Desktop/dev_ws/install/nav_controller/lib/python3.10/site-packages/nav_controller/__init__.py to __init__.cpython-310.pyc
[0.814s] byte-compiling /home/ender/Desktop/dev_ws/install/nav_controller/lib/python3.10/site-packages/nav_controller/display_map.py to display_map.cpython-310.pyc
[0.815s] running install_data
[0.815s] copying resource/nav_controller -> /home/ender/Desktop/dev_ws/install/nav_controller/share/ament_index/resource_index/packages
[0.815s] copying package.xml -> /home/ender/Desktop/dev_ws/install/nav_controller/share/nav_controller
[0.815s] running install_egg_info
[0.816s] Copying ../../build/nav_controller/nav_controller.egg-info to /home/ender/Desktop/dev_ws/install/nav_controller/lib/python3.10/site-packages/nav_controller-0.0.0-py3.10.egg-info
[0.816s] running install_scripts
[0.829s] Installing control script to /home/ender/Desktop/dev_ws/install/nav_controller/lib/nav_controller
[0.829s] Installing display_map script to /home/ender/Desktop/dev_ws/install/nav_controller/lib/nav_controller
[0.829s] writing list of installed files to '/home/ender/Desktop/dev_ws/build/nav_controller/install.log'
[0.844s] Invoked command in '/home/ender/Desktop/dev_ws/src/nav_controller' returned '0': PYTHONPATH=/home/ender/Desktop/dev_ws/build/nav_controller/prefix_override:/usr/lib/python3/dist-packages/colcon_core/task/python/colcon_distutils_commands:/home/ender/Desktop/dev_ws/install/nav_controller/lib/python3.10/site-packages:${PYTHONPATH} /usr/bin/python3 -W ignore:setup.py install is deprecated setup.py egg_info --egg-base ../../build/nav_controller build --build-base /home/ender/Desktop/dev_ws/build/nav_controller/build install --record /home/ender/Desktop/dev_ws/build/nav_controller/install.log --single-version-externally-managed install_data --force
