[0.011s] Invoking command in '/home/ender/Desktop/dev_ws/build/environment_detection': CMAKE_PREFIX_PATH=${CMAKE_PREFIX_PATH}:/home/ender/Desktop/dev_ws/install/nav_controller:/opt/ros/humble /usr/bin/cmake --build /home/ender/Desktop/dev_ws/build/environment_detection -- -j16 -l16
[0.039s] [35m[1mConsolidate compiler generated dependencies of target environment_detection_node[0m
[0.053s] [ 50%] [32mBuilding CXX object CMakeFiles/environment_detection_node.dir/src/main.cpp.o[0m
[4.683s] [100%] [32m[1mLinking CXX executable environment_detection_node[0m
[4.890s] [100%] Built target environment_detection_node
[4.900s] Invoked command in '/home/ender/Desktop/dev_ws/build/environment_detection' returned '0': CMAKE_PREFIX_PATH=${CMAKE_PREFIX_PATH}:/home/ender/Desktop/dev_ws/install/nav_controller:/opt/ros/humble /usr/bin/cmake --build /home/ender/Desktop/dev_ws/build/environment_detection -- -j16 -l16
[4.920s] Invoking command in '/home/ender/Desktop/dev_ws/build/environment_detection': CMAKE_PREFIX_PATH=${CMAKE_PREFIX_PATH}:/home/ender/Desktop/dev_ws/install/nav_controller:/opt/ros/humble /usr/bin/cmake --install /home/ender/Desktop/dev_ws/build/environment_detection
[4.925s] -- Install configuration: ""
[4.925s] -- Installing: /home/ender/Desktop/dev_ws/install/environment_detection/lib/environment_detection/environment_detection_node
[4.927s] -- Set runtime path of "/home/ender/Desktop/dev_ws/install/environment_detection/lib/environment_detection/environment_detection_node" to ""
[4.927s] -- Up-to-date: /home/ender/Desktop/dev_ws/install/environment_detection/share/ament_index/resource_index/package_run_dependencies/environment_detection
[4.927s] -- Up-to-date: /home/ender/Desktop/dev_ws/install/environment_detection/share/ament_index/resource_index/parent_prefix_path/environment_detection
[4.927s] -- Up-to-date: /home/ender/Desktop/dev_ws/install/environment_detection/share/environment_detection/environment/ament_prefix_path.sh
[4.927s] -- Up-to-date: /home/ender/Desktop/dev_ws/install/environment_detection/share/environment_detection/environment/ament_prefix_path.dsv
[4.927s] -- Up-to-date: /home/ender/Desktop/dev_ws/install/environment_detection/share/environment_detection/environment/path.sh
[4.927s] -- Up-to-date: /home/ender/Desktop/dev_ws/install/environment_detection/share/environment_detection/environment/path.dsv
[4.927s] -- Up-to-date: /home/ender/Desktop/dev_ws/install/environment_detection/share/environment_detection/local_setup.bash
[4.927s] -- Up-to-date: /home/ender/Desktop/dev_ws/install/environment_detection/share/environment_detection/local_setup.sh
[4.927s] -- Up-to-date: /home/ender/Desktop/dev_ws/install/environment_detection/share/environment_detection/local_setup.zsh
[4.927s] -- Up-to-date: /home/ender/Desktop/dev_ws/install/environment_detection/share/environment_detection/local_setup.dsv
[4.927s] -- Installing: /home/ender/Desktop/dev_ws/install/environment_detection/share/environment_detection/package.dsv
[4.927s] -- Up-to-date: /home/ender/Desktop/dev_ws/install/environment_detection/share/ament_index/resource_index/packages/environment_detection
[4.927s] -- Up-to-date: /home/ender/Desktop/dev_ws/install/environment_detection/share/environment_detection/cmake/environment_detectionConfig.cmake
[4.927s] -- Up-to-date: /home/ender/Desktop/dev_ws/install/environment_detection/share/environment_detection/cmake/environment_detectionConfig-version.cmake
[4.927s] -- Up-to-date: /home/ender/Desktop/dev_ws/install/environment_detection/share/environment_detection/package.xml
[4.928s] Invoked command in '/home/ender/Desktop/dev_ws/build/environment_detection' returned '0': CMAKE_PREFIX_PATH=${CMAKE_PREFIX_PATH}:/home/ender/Desktop/dev_ws/install/nav_controller:/opt/ros/humble /usr/bin/cmake --install /home/ender/Desktop/dev_ws/build/environment_detection
