[0.008s] Invoking command in '/home/ender/Desktop/dev_ws/build/environment_detection': CMAKE_PREFIX_PATH=${CMAKE_PREFIX_PATH}:/home/ender/Desktop/dev_ws/install/nav_controller:/opt/ros/humble /usr/bin/cmake --build /home/ender/Desktop/dev_ws/build/environment_detection -- -j16 -l16
[0.025s] -- Found ament_cmake: 1.3.10 (/opt/ros/humble/share/ament_cmake/cmake)
[0.100s] -- Override CMake install command with custom implementation using symlinks instead of copying resources
[0.107s] -- Found rclcpp: 16.0.10 (/opt/ros/humble/share/rclcpp/cmake)
[0.122s] -- Found rosidl_generator_c: 3.1.5 (/opt/ros/humble/share/rosidl_generator_c/cmake)
[0.124s] -- Found rosidl_adapter: 3.1.5 (/opt/ros/humble/share/rosidl_adapter/cmake)
[0.127s] -- Found rosidl_generator_cpp: 3.1.5 (/opt/ros/humble/share/rosidl_generator_cpp/cmake)
[0.132s] -- Using all available rosidl_typesupport_c: rosidl_typesupport_fastrtps_c;rosidl_typesupport_introspection_c
[0.138s] -- Using all available rosidl_typesupport_cpp: rosidl_typesupport_fastrtps_cpp;rosidl_typesupport_introspection_cpp
[0.155s] -- Found rmw_implementation_cmake: 6.1.2 (/opt/ros/humble/share/rmw_implementation_cmake/cmake)
[0.156s] -- Found rmw_fastrtps_cpp: 6.2.7 (/opt/ros/humble/share/rmw_fastrtps_cpp/cmake)
[0.217s] -- Using RMW implementation 'rmw_fastrtps_cpp' as default
[0.243s] -- Found sensor_msgs: 4.2.4 (/opt/ros/humble/share/sensor_msgs/cmake)
[0.258s] -- Found nav_msgs: 4.2.4 (/opt/ros/humble/share/nav_msgs/cmake)
[0.271s] -- Found cv_bridge: 3.2.1 (/opt/ros/humble/share/cv_bridge/cmake)
[0.310s] -- Configuring done
[0.319s] -- Generating done
[0.321s] -- Build files have been written to: /home/ender/Desktop/dev_ws/build/environment_detection
[0.339s] [35m[1mConsolidate compiler generated dependencies of target environment_detection_node[0m
[0.349s] [ 50%] [32mBuilding CXX object CMakeFiles/environment_detection_node.dir/core/src/main.cpp.o[0m
[2.383s] [100%] [32m[1mLinking CXX executable environment_detection_node[0m
[2.450s] /usr/bin/ld: CMakeFiles/environment_detection_node.dir/core/src/main.cpp.o: in function `void __gnu_cxx::new_allocator<ImageSubscriber>::construct<ImageSubscriber>(ImageSubscriber*)':
[2.450s] main.cpp:(.text._ZN9__gnu_cxx13new_allocatorI15ImageSubscriberE9constructIS1_JEEEvPT_DpOT0_[_ZN9__gnu_cxx13new_allocatorI15ImageSubscriberE9constructIS1_JEEEvPT_DpOT0_]+0x31): undefined reference to `ImageSubscriber::ImageSubscriber()'
[2.453s] collect2: error: ld returned 1 exit status
[2.454s] gmake[2]: *** [CMakeFiles/environment_detection_node.dir/build.make:238: environment_detection_node] Error 1
[2.454s] gmake[1]: *** [CMakeFiles/Makefile2:137: CMakeFiles/environment_detection_node.dir/all] Error 2
[2.454s] gmake: *** [Makefile:146: all] Error 2
[2.456s] Invoked command in '/home/ender/Desktop/dev_ws/build/environment_detection' returned '2': CMAKE_PREFIX_PATH=${CMAKE_PREFIX_PATH}:/home/ender/Desktop/dev_ws/install/nav_controller:/opt/ros/humble /usr/bin/cmake --build /home/ender/Desktop/dev_ws/build/environment_detection -- -j16 -l16
