[0.365s] Invoking command in '/home/ender/Desktop/dev_ws/src/control': PYTHONPATH=/home/ender/Desktop/dev_ws/build/control/prefix_override:/usr/lib/python3/dist-packages/colcon_core/task/python/colcon_distutils_commands:/home/ender/Desktop/dev_ws/install/control/lib/python3.10/site-packages:${PYTHONPATH} /usr/bin/python3 -W ignore:setup.py install is deprecated setup.py egg_info --egg-base ../../build/control build --build-base /home/ender/Desktop/dev_ws/build/control/build install --record /home/ender/Desktop/dev_ws/build/control/install.log --single-version-externally-managed install_data
[0.485s] running egg_info
[0.485s] writing ../../build/control/control.egg-info/PKG-INFO
[0.486s] writing dependency_links to ../../build/control/control.egg-info/dependency_links.txt
[0.486s] writing entry points to ../../build/control/control.egg-info/entry_points.txt
[0.486s] writing requirements to ../../build/control/control.egg-info/requires.txt
[0.486s] writing top-level names to ../../build/control/control.egg-info/top_level.txt
[0.486s] reading manifest file '../../build/control/control.egg-info/SOURCES.txt'
[0.487s] writing manifest file '../../build/control/control.egg-info/SOURCES.txt'
[0.487s] running build
[0.487s] running build_py
[0.487s] copying control/line_follow_node.py -> /home/ender/Desktop/dev_ws/build/control/build/lib/control
[0.487s] running install
[0.487s] running install_lib
[0.488s] copying /home/ender/Desktop/dev_ws/build/control/build/lib/control/line_follow_node.py -> /home/ender/Desktop/dev_ws/install/control/lib/python3.10/site-packages/control
[0.488s] byte-compiling /home/ender/Desktop/dev_ws/install/control/lib/python3.10/site-packages/control/line_follow_node.py to line_follow_node.cpython-310.pyc
[0.489s] running install_data
[0.489s] running install_egg_info
[0.490s] removing '/home/ender/Desktop/dev_ws/install/control/lib/python3.10/site-packages/control-0.0.0-py3.10.egg-info' (and everything under it)
[0.490s] Copying ../../build/control/control.egg-info to /home/ender/Desktop/dev_ws/install/control/lib/python3.10/site-packages/control-0.0.0-py3.10.egg-info
[0.490s] running install_scripts
[0.501s] Installing line_follow_node script to /home/ender/Desktop/dev_ws/install/control/lib/control
[0.501s] writing list of installed files to '/home/ender/Desktop/dev_ws/build/control/install.log'
[0.514s] Invoked command in '/home/ender/Desktop/dev_ws/src/control' returned '0': PYTHONPATH=/home/ender/Desktop/dev_ws/build/control/prefix_override:/usr/lib/python3/dist-packages/colcon_core/task/python/colcon_distutils_commands:/home/ender/Desktop/dev_ws/install/control/lib/python3.10/site-packages:${PYTHONPATH} /usr/bin/python3 -W ignore:setup.py install is deprecated setup.py egg_info --egg-base ../../build/control build --build-base /home/ender/Desktop/dev_ws/build/control/build install --record /home/ender/Desktop/dev_ws/build/control/install.log --single-version-externally-managed install_data
