[0.012s] Invoking command in '/home/ender/Desktop/dev_ws/build/environment_detection': CMAKE_PREFIX_PATH=${CMAKE_PREFIX_PATH}:/home/ender/Desktop/dev_ws/install/nav_controller:/opt/ros/humble /usr/bin/cmake --build /home/ender/Desktop/dev_ws/build/environment_detection -- -j16 -l16
[0.040s] [35m[1mConsolidate compiler generated dependencies of target environment_detection_node[0m
[0.052s] [ 50%] [32mBuilding CXX object CMakeFiles/environment_detection_node.dir/src/main.cpp.o[0m
[1.684s] [100%] [32m[1mLinking CXX executable environment_detection_node[0m
[1.757s] [100%] Built target environment_detection_node
[1.765s] Invoked command in '/home/ender/Desktop/dev_ws/build/environment_detection' returned '0': CMAKE_PREFIX_PATH=${CMAKE_PREFIX_PATH}:/home/ender/Desktop/dev_ws/install/nav_controller:/opt/ros/humble /usr/bin/cmake --build /home/ender/Desktop/dev_ws/build/environment_detection -- -j16 -l16
[1.785s] Invoking command in '/home/ender/Desktop/dev_ws/build/environment_detection': CMAKE_PREFIX_PATH=${CMAKE_PREFIX_PATH}:/home/ender/Desktop/dev_ws/install/nav_controller:/opt/ros/humble /usr/bin/cmake --install /home/ender/Desktop/dev_ws/build/environment_detection
[1.790s] -- Install configuration: ""
[1.790s] -- Up-to-date: /home/ender/Desktop/dev_ws/install/environment_detection/share/ament_index/resource_index/package_run_dependencies/environment_detection
[1.790s] -- Up-to-date: /home/ender/Desktop/dev_ws/install/environment_detection/share/ament_index/resource_index/parent_prefix_path/environment_detection
[1.791s] -- Up-to-date: /home/ender/Desktop/dev_ws/install/environment_detection/share/environment_detection/environment/ament_prefix_path.sh
[1.791s] -- Up-to-date: /home/ender/Desktop/dev_ws/install/environment_detection/share/environment_detection/environment/ament_prefix_path.dsv
[1.791s] -- Up-to-date: /home/ender/Desktop/dev_ws/install/environment_detection/share/environment_detection/environment/path.sh
[1.791s] -- Up-to-date: /home/ender/Desktop/dev_ws/install/environment_detection/share/environment_detection/environment/path.dsv
[1.791s] -- Up-to-date: /home/ender/Desktop/dev_ws/install/environment_detection/share/environment_detection/local_setup.bash
[1.791s] -- Up-to-date: /home/ender/Desktop/dev_ws/install/environment_detection/share/environment_detection/local_setup.sh
[1.791s] -- Up-to-date: /home/ender/Desktop/dev_ws/install/environment_detection/share/environment_detection/local_setup.zsh
[1.791s] -- Up-to-date: /home/ender/Desktop/dev_ws/install/environment_detection/share/environment_detection/local_setup.dsv
[1.791s] -- Installing: /home/ender/Desktop/dev_ws/install/environment_detection/share/environment_detection/package.dsv
[1.791s] -- Up-to-date: /home/ender/Desktop/dev_ws/install/environment_detection/share/ament_index/resource_index/packages/environment_detection
[1.791s] -- Up-to-date: /home/ender/Desktop/dev_ws/install/environment_detection/share/environment_detection/cmake/environment_detectionConfig.cmake
[1.791s] -- Up-to-date: /home/ender/Desktop/dev_ws/install/environment_detection/share/environment_detection/cmake/environment_detectionConfig-version.cmake
[1.791s] -- Up-to-date: /home/ender/Desktop/dev_ws/install/environment_detection/share/environment_detection/package.xml
[1.792s] Invoked command in '/home/ender/Desktop/dev_ws/build/environment_detection' returned '0': CMAKE_PREFIX_PATH=${CMAKE_PREFIX_PATH}:/home/ender/Desktop/dev_ws/install/nav_controller:/opt/ros/humble /usr/bin/cmake --install /home/ender/Desktop/dev_ws/build/environment_detection
