[0.010s] Invoking command in '/home/ender/Desktop/dev_ws/build/display_camera': CMAKE_PREFIX_PATH=${CMAKE_PREFIX_PATH}:/opt/ros/humble /usr/bin/cmake /home/ender/Desktop/dev_ws/src/display_camera -DAMENT_CMAKE_SYMLINK_INSTALL=1 -DCMAKE_INSTALL_PREFIX=/home/ender/Desktop/dev_ws/install/display_camera
[0.018s] -- Found ament_cmake: 1.3.10 (/opt/ros/humble/share/ament_cmake/cmake)
[0.099s] -- Override CMake install command with custom implementation using symlinks instead of copying resources
[0.105s] -- Found rclcpp: 16.0.10 (/opt/ros/humble/share/rclcpp/cmake)
[0.127s] -- Found rosidl_generator_c: 3.1.5 (/opt/ros/humble/share/rosidl_generator_c/cmake)
[0.128s] -- Found rosidl_adapter: 3.1.5 (/opt/ros/humble/share/rosidl_adapter/cmake)
[0.132s] -- Found rosidl_generator_cpp: 3.1.5 (/opt/ros/humble/share/rosidl_generator_cpp/cmake)
[0.139s] -- Using all available rosidl_typesupport_c: rosidl_typesupport_fastrtps_c;rosidl_typesupport_introspection_c
[0.146s] -- Using all available rosidl_typesupport_cpp: rosidl_typesupport_fastrtps_cpp;rosidl_typesupport_introspection_cpp
[0.168s] -- Found rmw_implementation_cmake: 6.1.2 (/opt/ros/humble/share/rmw_implementation_cmake/cmake)
[0.169s] -- Found rmw_fastrtps_cpp: 6.2.7 (/opt/ros/humble/share/rmw_fastrtps_cpp/cmake)
[0.236s] -- Using RMW implementation 'rmw_fastrtps_cpp' as default
[0.265s] -- Found sensor_msgs: 4.2.4 (/opt/ros/humble/share/sensor_msgs/cmake)
[0.281s] -- Found nav_msgs: 4.2.4 (/opt/ros/humble/share/nav_msgs/cmake)
[0.294s] -- Found cv_bridge: 3.2.1 (/opt/ros/humble/share/cv_bridge/cmake)
[0.343s] -- Configuring done
[0.352s] -- Generating done
[0.352s] -- Build files have been written to: /home/ender/Desktop/dev_ws/build/display_camera
[0.357s] Invoked command in '/home/ender/Desktop/dev_ws/build/display_camera' returned '0': CMAKE_PREFIX_PATH=${CMAKE_PREFIX_PATH}:/opt/ros/humble /usr/bin/cmake /home/ender/Desktop/dev_ws/src/display_camera -DAMENT_CMAKE_SYMLINK_INSTALL=1 -DCMAKE_INSTALL_PREFIX=/home/ender/Desktop/dev_ws/install/display_camera
[0.358s] Invoking command in '/home/ender/Desktop/dev_ws/build/display_camera': CMAKE_PREFIX_PATH=${CMAKE_PREFIX_PATH}:/opt/ros/humble /usr/bin/cmake --build /home/ender/Desktop/dev_ws/build/display_camera -- -j16 -l16
[0.389s] [35m[1mConsolidate compiler generated dependencies of target display_camera_node[0m
[0.403s] [100%] Built target display_camera_node
[0.410s] Invoked command in '/home/ender/Desktop/dev_ws/build/display_camera' returned '0': CMAKE_PREFIX_PATH=${CMAKE_PREFIX_PATH}:/opt/ros/humble /usr/bin/cmake --build /home/ender/Desktop/dev_ws/build/display_camera -- -j16 -l16
[0.430s] Invoking command in '/home/ender/Desktop/dev_ws/build/display_camera': CMAKE_PREFIX_PATH=${CMAKE_PREFIX_PATH}:/opt/ros/humble /usr/bin/cmake --install /home/ender/Desktop/dev_ws/build/display_camera
[0.435s] -- Install configuration: ""
[0.435s] -- Execute custom install script
[0.435s] -- Up-to-date symlink: /home/ender/Desktop/dev_ws/install/display_camera/lib/display_camera/display_camera_node
[0.436s] -- Up-to-date symlink: /home/ender/Desktop/dev_ws/install/display_camera/share/ament_index/resource_index/package_run_dependencies/display_camera
[0.436s] -- Up-to-date symlink: /home/ender/Desktop/dev_ws/install/display_camera/share/ament_index/resource_index/parent_prefix_path/display_camera
[0.436s] -- Up-to-date symlink: /home/ender/Desktop/dev_ws/install/display_camera/share/display_camera/environment/ament_prefix_path.sh
[0.436s] -- Up-to-date symlink: /home/ender/Desktop/dev_ws/install/display_camera/share/display_camera/environment/ament_prefix_path.dsv
[0.436s] -- Up-to-date symlink: /home/ender/Desktop/dev_ws/install/display_camera/share/display_camera/environment/path.sh
[0.436s] -- Up-to-date symlink: /home/ender/Desktop/dev_ws/install/display_camera/share/display_camera/environment/path.dsv
[0.437s] -- Up-to-date symlink: /home/ender/Desktop/dev_ws/install/display_camera/share/display_camera/local_setup.bash
[0.437s] -- Up-to-date symlink: /home/ender/Desktop/dev_ws/install/display_camera/share/display_camera/local_setup.sh
[0.437s] -- Up-to-date symlink: /home/ender/Desktop/dev_ws/install/display_camera/share/display_camera/local_setup.zsh
[0.437s] -- Up-to-date symlink: /home/ender/Desktop/dev_ws/install/display_camera/share/display_camera/local_setup.dsv
[0.437s] -- Symlinking: /home/ender/Desktop/dev_ws/install/display_camera/share/display_camera/package.dsv
[0.444s] -- Up-to-date symlink: /home/ender/Desktop/dev_ws/install/display_camera/share/ament_index/resource_index/packages/display_camera
[0.444s] -- Up-to-date symlink: /home/ender/Desktop/dev_ws/install/display_camera/share/display_camera/cmake/display_cameraConfig.cmake
[0.444s] -- Up-to-date symlink: /home/ender/Desktop/dev_ws/install/display_camera/share/display_camera/cmake/display_cameraConfig-version.cmake
[0.444s] -- Up-to-date symlink: /home/ender/Desktop/dev_ws/install/display_camera/share/display_camera/package.xml
[0.446s] Invoked command in '/home/ender/Desktop/dev_ws/build/display_camera' returned '0': CMAKE_PREFIX_PATH=${CMAKE_PREFIX_PATH}:/opt/ros/humble /usr/bin/cmake --install /home/ender/Desktop/dev_ws/build/display_camera
