[0.346s] Invoking command in '/home/ender/Desktop/dev_ws/src/control': PYTHONPATH=/home/ender/Desktop/dev_ws/build/control/prefix_override:/usr/lib/python3/dist-packages/colcon_core/task/python/colcon_distutils_commands:/home/ender/Desktop/dev_ws/install/control/lib/python3.10/site-packages:${PYTHONPATH} /usr/bin/python3 -W ignore:setup.py install is deprecated setup.py egg_info --egg-base ../../build/control build --build-base /home/ender/Desktop/dev_ws/build/control/build install --record /home/ender/Desktop/dev_ws/build/control/install.log --single-version-externally-managed install_data
[0.466s] running egg_info
[0.467s] writing ../../build/control/control.egg-info/PKG-INFO
[0.467s] writing dependency_links to ../../build/control/control.egg-info/dependency_links.txt
[0.467s] writing entry points to ../../build/control/control.egg-info/entry_points.txt
[0.467s] writing requirements to ../../build/control/control.egg-info/requires.txt
[0.467s] writing top-level names to ../../build/control/control.egg-info/top_level.txt
[0.468s] reading manifest file '../../build/control/control.egg-info/SOURCES.txt'
[0.468s] writing manifest file '../../build/control/control.egg-info/SOURCES.txt'
[0.468s] running build
[0.468s] running build_py
[0.469s] running install
[0.469s] running install_lib
[0.469s] running install_data
[0.469s] running install_egg_info
[0.470s] removing '/home/ender/Desktop/dev_ws/install/control/lib/python3.10/site-packages/control-0.0.0-py3.10.egg-info' (and everything under it)
[0.470s] Copying ../../build/control/control.egg-info to /home/ender/Desktop/dev_ws/install/control/lib/python3.10/site-packages/control-0.0.0-py3.10.egg-info
[0.471s] running install_scripts
[0.482s] Installing line_follow_node script to /home/ender/Desktop/dev_ws/install/control/lib/control
[0.482s] writing list of installed files to '/home/ender/Desktop/dev_ws/build/control/install.log'
[0.495s] Invoked command in '/home/ender/Desktop/dev_ws/src/control' returned '0': PYTHONPATH=/home/ender/Desktop/dev_ws/build/control/prefix_override:/usr/lib/python3/dist-packages/colcon_core/task/python/colcon_distutils_commands:/home/ender/Desktop/dev_ws/install/control/lib/python3.10/site-packages:${PYTHONPATH} /usr/bin/python3 -W ignore:setup.py install is deprecated setup.py egg_info --egg-base ../../build/control build --build-base /home/ender/Desktop/dev_ws/build/control/build install --record /home/ender/Desktop/dev_ws/build/control/install.log --single-version-externally-managed install_data
