[0.358s] Invoking command in '/home/ender/Desktop/dev_ws/src/nav_controller': PYTHONPATH=/home/ender/Desktop/dev_ws/build/nav_controller/prefix_override:/usr/lib/python3/dist-packages/colcon_core/task/python/colcon_distutils_commands:/home/ender/Desktop/dev_ws/install/nav_controller/lib/python3.10/site-packages:${PYTHONPATH} /usr/bin/python3 -W ignore:setup.py install is deprecated setup.py egg_info --egg-base ../../build/nav_controller build --build-base /home/ender/Desktop/dev_ws/build/nav_controller/build install --record /home/ender/Desktop/dev_ws/build/nav_controller/install.log --single-version-externally-managed install_data
[0.479s] running egg_info
[0.479s] writing ../../build/nav_controller/nav_controller.egg-info/PKG-INFO
[0.480s] writing dependency_links to ../../build/nav_controller/nav_controller.egg-info/dependency_links.txt
[0.480s] writing entry points to ../../build/nav_controller/nav_controller.egg-info/entry_points.txt
[0.480s] writing requirements to ../../build/nav_controller/nav_controller.egg-info/requires.txt
[0.480s] writing top-level names to ../../build/nav_controller/nav_controller.egg-info/top_level.txt
[0.481s] reading manifest file '../../build/nav_controller/nav_controller.egg-info/SOURCES.txt'
[0.482s] writing manifest file '../../build/nav_controller/nav_controller.egg-info/SOURCES.txt'
[0.482s] running build
[0.482s] running build_py
[0.482s] running install
[0.482s] running install_lib
[0.483s] running install_data
[0.483s] running install_egg_info
[0.484s] removing '/home/ender/Desktop/dev_ws/install/nav_controller/lib/python3.10/site-packages/nav_controller-0.0.0-py3.10.egg-info' (and everything under it)
[0.484s] Copying ../../build/nav_controller/nav_controller.egg-info to /home/ender/Desktop/dev_ws/install/nav_controller/lib/python3.10/site-packages/nav_controller-0.0.0-py3.10.egg-info
[0.485s] running install_scripts
[0.497s] Installing control script to /home/ender/Desktop/dev_ws/install/nav_controller/lib/nav_controller
[0.497s] Installing display_map script to /home/ender/Desktop/dev_ws/install/nav_controller/lib/nav_controller
[0.497s] writing list of installed files to '/home/ender/Desktop/dev_ws/build/nav_controller/install.log'
[0.512s] Invoked command in '/home/ender/Desktop/dev_ws/src/nav_controller' returned '0': PYTHONPATH=/home/ender/Desktop/dev_ws/build/nav_controller/prefix_override:/usr/lib/python3/dist-packages/colcon_core/task/python/colcon_distutils_commands:/home/ender/Desktop/dev_ws/install/nav_controller/lib/python3.10/site-packages:${PYTHONPATH} /usr/bin/python3 -W ignore:setup.py install is deprecated setup.py egg_info --egg-base ../../build/nav_controller build --build-base /home/ender/Desktop/dev_ws/build/nav_controller/build install --record /home/ender/Desktop/dev_ws/build/nav_controller/install.log --single-version-externally-managed install_data
