[0.010s] Invoking command in '/home/ender/Desktop/dev_ws/build/environment_detection': CMAKE_PREFIX_PATH=${CMAKE_PREFIX_PATH}:/home/ender/Desktop/dev_ws/install/nav_controller:/opt/ros/humble /usr/bin/cmake --build /home/ender/Desktop/dev_ws/build/environment_detection -- -j16 -l16
[0.028s] -- Found ament_cmake: 1.3.10 (/opt/ros/humble/share/ament_cmake/cmake)
[0.103s] -- Found rclcpp: 16.0.10 (/opt/ros/humble/share/rclcpp/cmake)
[0.121s] -- Found rosidl_generator_c: 3.1.5 (/opt/ros/humble/share/rosidl_generator_c/cmake)
[0.123s] -- Found rosidl_adapter: 3.1.5 (/opt/ros/humble/share/rosidl_adapter/cmake)
[0.127s] -- Found rosidl_generator_cpp: 3.1.5 (/opt/ros/humble/share/rosidl_generator_cpp/cmake)
[0.132s] -- Using all available rosidl_typesupport_c: rosidl_typesupport_fastrtps_c;rosidl_typesupport_introspection_c
[0.139s] -- Using all available rosidl_typesupport_cpp: rosidl_typesupport_fastrtps_cpp;rosidl_typesupport_introspection_cpp
[0.158s] -- Found rmw_implementation_cmake: 6.1.2 (/opt/ros/humble/share/rmw_implementation_cmake/cmake)
[0.158s] -- Found rmw_fastrtps_cpp: 6.2.7 (/opt/ros/humble/share/rmw_fastrtps_cpp/cmake)
[0.226s] -- Using RMW implementation 'rmw_fastrtps_cpp' as default
[0.255s] -- Found sensor_msgs: 4.2.4 (/opt/ros/humble/share/sensor_msgs/cmake)
[0.270s] -- Found nav_msgs: 4.2.4 (/opt/ros/humble/share/nav_msgs/cmake)
[0.324s] -- Configuring done
[0.329s] -- Generating done
[0.329s] -- Build files have been written to: /home/ender/Desktop/dev_ws/build/environment_detection
[0.350s] [35m[1mConsolidate compiler generated dependencies of target environment_detection_node[0m
[0.360s] [ 50%] [32mBuilding CXX object CMakeFiles/environment_detection_node.dir/src/main.cpp.o[0m
[1.624s] [01m[K/home/ender/Desktop/dev_ws/src/environment_detection/src/main.cpp:54:30:[m[K [01;31m[Kerror: [m[K‘[01m[Knav_msgs[m[K’ does not name a type
[1.624s]    54 | dom_callback(const [01;31m[Knav_msgs[m[K::msg::Odometry::SharedPtr msg)
[1.624s]       |                    [01;31m[K^~~~~~~~[m[K
[1.624s] 
[1.624s] [01m[K/home/ender/Desktop/dev_ws/src/environment_detection/src/main.cpp:54:43:[m[K [01;31m[Kerror: [m[Kexpected unqualified-id before ‘[01m[K::[m[K’ token
[1.624s]    54 | const nav_msgs::msg[01;31m[K::[m[KOdometry::SharedPtr msg)
[1.624s]       |                    [01;31m[K^~[m[K
[1.624s] 
[1.624s] [01m[K/home/ender/Desktop/dev_ws/src/environment_detection/src/main.cpp:54:43:[m[K [01;31m[Kerror: [m[Kexpected ‘[01m[K)[m[K’ before ‘[01m[K::[m[K’ token
[1.625s]    54 | const nav_msgs::msg[01;31m[K:[m[K[32m[K:[m[KOdometry::SharedPtr msg)
[1.625s]       |                    [01;31m[K^[m[K[32m[K~[m[K
[1.625s]       |                    [32m[K)[m[K
[1.625s] [01m[K/home/ender/Desktop/dev_ws/src/environment_detection/src/main.cpp:54:40:[m[K [01;31m[Kerror: [m[Kexpected ‘[01m[K;[m[K’ at end of member declaration
[1.625s]    54 | ck(const nav_msgs::[01;31m[Kmsg[m[K::Odometry::SharedPtr msg)
[1.625s]       |                    [01;31m[K^~~[m[K
[1.625s]       |                       [32m[K;[m[K
[1.625s] [01m[K/home/ender/Desktop/dev_ws/src/environment_detection/src/main.cpp:54:45:[m[K [01;31m[Kerror: [m[K‘[01m[KOdometry[m[K’ in namespace ‘[01m[K::[m[K’ does not name a type
[1.626s]    54 | nst nav_msgs::msg::[01;31m[KOdometry[m[K::SharedPtr msg)
[1.626s]       |                    [01;31m[K^~~~~~~~[m[K
[1.626s] 
[1.629s] [01m[K/home/ender/Desktop/dev_ws/src/environment_detection/src/main.cpp:59:26:[m[K [01;31m[Kerror: [m[K‘[01m[Knav_msgs[m[K’ was not declared in this scope
[1.629s]    59 | lcpp::Subscription<[01;31m[Knav_msgs[m[K::msg::Odometry>::SharedPtr subscription_;
[1.629s]       |                    [01;31m[K^~~~~~~~[m[K
[1.629s] 
[1.629s] [01m[K/home/ender/Desktop/dev_ws/src/environment_detection/src/main.cpp:59:49:[m[K [01;31m[Kerror: [m[Ktemplate argument 1 is invalid
[1.629s]    59 | msgs::msg::Odometry[01;31m[K>[m[K::SharedPtr subscription_;
[1.629s]       |                    [01;31m[K^[m[K
[1.629s] 
[1.629s] [01m[K/home/ender/Desktop/dev_ws/src/environment_detection/src/main.cpp:59:49:[m[K [01;31m[Kerror: [m[Ktemplate argument 3 is invalid
[1.629s] [01m[K/home/ender/Desktop/dev_ws/src/environment_detection/src/main.cpp:59:49:[m[K [01;31m[Kerror: [m[Ktemplate argument 4 is invalid
[1.629s] [01m[K/home/ender/Desktop/dev_ws/src/environment_detection/src/main.cpp:59:49:[m[K [01;31m[Kerror: [m[Ktemplate argument 5 is invalid
[1.629s] [01m[K/home/ender/Desktop/dev_ws/src/environment_detection/src/main.cpp:59:52:[m[K [01;31m[Kerror: [m[Kexpected ‘[01m[K;[m[K’ at end of member declaration
[1.630s]    59 | s::msg::Odometry>::[01;31m[KSharedPtr[m[K subscription_;
[1.630s]       |                    [01;31m[K^~~~~~~~~[m[K
[1.630s]       |                             [32m[K;[m[K
[1.630s] [01m[K/home/ender/Desktop/dev_ws/src/environment_detection/src/main.cpp:59:62:[m[K [01;31m[Kerror: [m[K‘[01m[Ksubscription_[m[K’ does not name a type; did you mean ‘[01m[Krmw_subscription_t[m[K’?
[1.630s]    59 | ometry>::SharedPtr [01;31m[Ksubscription_[m[K;
[1.630s]       |                    [01;31m[K^~~~~~~~~~~~~[m[K
[1.630s]       |                    [32m[Krmw_subscription_t[m[K
[1.634s] [01m[K/home/ender/Desktop/dev_ws/src/environment_detection/src/main.cpp:[m[K In constructor ‘[01m[KOdometry_subscriber::Odometry_subscriber()[m[K’:
[1.634s] [01m[K/home/ender/Desktop/dev_ws/src/environment_detection/src/main.cpp:45:9:[m[K [01;31m[Kerror: [m[K‘[01m[Ksubscription_[m[K’ was not declared in this scope; did you mean ‘[01m[Krmw_subscription_t[m[K’?
[1.634s]    45 |         [01;31m[Ksubscription_[m[K= this->create_subscription<nav_msgs::msg::Odometry>(
[1.634s]       |         [01;31m[K^~~~~~~~~~~~~[m[K
[1.634s]       |         [32m[Krmw_subscription_t[m[K
[1.637s] [01m[K/home/ender/Desktop/dev_ws/src/environment_detection/src/main.cpp:45:50:[m[K [01;31m[Kerror: [m[K‘[01m[Knav_msgs[m[K’ was not declared in this scope
[1.637s]    45 | reate_subscription<[01;31m[Knav_msgs[m[K::msg::Odometry>(
[1.637s]       |                    [01;31m[K^~~~~~~~[m[K
[1.637s] 
[1.637s] [01m[K/home/ender/Desktop/dev_ws/src/environment_detection/src/main.cpp:45:30:[m[K [01;31m[Kerror: [m[Kparse error in template argument list
[1.638s]    45 | bscription_= this->[01;31m[Kcreate_subscription<nav_msgs::msg::Odometry>[m[K(
[1.638s]       |                    [01;31m[K^~~~~~~~~~~~~~~~~~~~~~~~~~~~~~~~~~~~~~~~~~~~[m[K
[1.638s] 
[1.638s] [01m[K/home/ender/Desktop/dev_ws/src/environment_detection/src/main.cpp:48:50:[m[K [01;31m[Kerror: [m[K‘[01m[Knav_msgs[m[K’ does not name a type
[1.638s]    48 |       [this](const [01;31m[Knav_msgs[m[K::msg::Odometry::SharedPtr msg)
[1.638s]       |                    [01;31m[K^~~~~~~~[m[K
[1.638s] 
[1.638s] [01m[K/home/ender/Desktop/dev_ws/src/environment_detection/src/main.cpp:[m[K In lambda function:
[1.639s] [01m[K/home/ender/Desktop/dev_ws/src/environment_detection/src/main.cpp:51:39:[m[K [01;31m[Kerror: [m[Kexpected ‘[01m[K{[m[K’ before ‘[01m[K;[m[K’ token
[1.639s]    51 |                            })[01;31m[K;[m[K
[1.639s]       |                              [01;31m[K^[m[K
[1.639s] 
[1.639s] [01m[K/home/ender/Desktop/dev_ws/src/environment_detection/src/main.cpp:[m[K In constructor ‘[01m[KOdometry_subscriber::Odometry_subscriber()[m[K’:
[1.639s] [01m[K/home/ender/Desktop/dev_ws/src/environment_detection/src/main.cpp:51:39:[m[K [01;31m[Kerror: [m[Kexpected ‘[01m[K)[m[K’ before ‘[01m[K;[m[K’ token
[1.639s] [01m[K/home/ender/Desktop/dev_ws/src/environment_detection/src/main.cpp:45:74:[m[K [01;36m[Knote: [m[Kto match this ‘[01m[K([m[K’
[1.639s]    45 | tion<nav_msgs::msg::Odometry>[01;36m[K([m[K
[1.639s]       |                              [01;36m[K^[m[K
[1.639s] 
[2.806s] gmake[2]: *** [CMakeFiles/environment_detection_node.dir/build.make:76: CMakeFiles/environment_detection_node.dir/src/main.cpp.o] Error 1
[2.806s] gmake[1]: *** [CMakeFiles/Makefile2:137: CMakeFiles/environment_detection_node.dir/all] Error 2
[2.807s] gmake: *** [Makefile:146: all] Error 2
[2.808s] Invoked command in '/home/ender/Desktop/dev_ws/build/environment_detection' returned '2': CMAKE_PREFIX_PATH=${CMAKE_PREFIX_PATH}:/home/ender/Desktop/dev_ws/install/nav_controller:/opt/ros/humble /usr/bin/cmake --build /home/ender/Desktop/dev_ws/build/environment_detection -- -j16 -l16
