[0.011s] Invoking command in '/home/ender/Desktop/dev_ws/build/environment_detection': CMAKE_PREFIX_PATH=${CMAKE_PREFIX_PATH}:/home/ender/Desktop/dev_ws/install/nav_controller:/opt/ros/humble /usr/bin/cmake --build /home/ender/Desktop/dev_ws/build/environment_detection -- -j16 -l16
[0.026s] [33mCMake Warning (dev) in CMakeLists.txt:
[0.026s]   No project() command is present.  The top-level CMakeLists.txt file must
[0.026s]   contain a literal, direct call to the project() command.  Add a line of
[0.026s]   code such as
[0.026s] 
[0.026s]     project(ProjectName)
[0.026s] 
[0.026s]   near the top of the file, but after cmake_minimum_required().
[0.027s] 
[0.027s]   CMake is pretending there is a "project(Project)" command on the first
[0.027s]   line.
[0.027s] This warning is for project developers.  Use -Wno-dev to suppress it.
[0.027s] [0m
[0.030s] [31mCMake Error at CMakeLists.txt:7 (include):
[0.030s]   include could not find requested file:
[0.030s] 
[0.030s]     /tools/cmake/project.cmake
[0.030s] 
[0.030s] [0m
[0.030s] -- Configuring incomplete, errors occurred!
[0.030s] See also "/home/ender/Desktop/dev_ws/build/environment_detection/CMakeFiles/CMakeOutput.log".
[0.030s] gmake: *** [Makefile:267: cmake_check_build_system] Error 1
[0.180s] Invoked command in '/home/ender/Desktop/dev_ws/build/environment_detection' returned '2': CMAKE_PREFIX_PATH=${CMAKE_PREFIX_PATH}:/home/ender/Desktop/dev_ws/install/nav_controller:/opt/ros/humble /usr/bin/cmake --build /home/ender/Desktop/dev_ws/build/environment_detection -- -j16 -l16
